Nothing to build in platform 'EX12'

20:17:48 **** Incremental Build of configuration Debug for project EX12_app ****
make all 
make --no-print-directory pre-build
a9-linaro-pre-build-step
' '
make --no-print-directory main-build
make[1]: Nothing to be done for 'main-build'.
20:17:49 **** Incremental Build of configuration Debug for project EX12_app_system ****
make all 
Generating bif file for the system project
generate_system_bif.bat 59318 C:/Users/KasperPC/Desktop/EOS_Examen/EX12/EX12/export/EX12/EX12.xpfm freertos10_xilinx_domain C:/Users/KasperPC/Desktop/EOS_Examen/EOS_OEFENING/EX12/EX12_app_system/Debug/system.bif
xpfm path is not valid
    invoked from within
"::tcf::eval -progress {apply {{msg} {puts $msg}}} {tcf_send_command tcfchan#0 xsdb eval s es {{::scw::generate_bif -xpfm C:/Users/KasperPC/Desktop/EOS_Examen/EX12/EX12/export/EX12/EX12.xpfm -domains freertos10_xilinx_domain -bifpath C:/Users/KasperPC/Desktop/EOS_Examen/EOS_OEFENING/EX12/EX12_app_system/Debug/system.bif}}}"
    (procedure "::tcf::send_command" line 4)
    invoked from within
"tcf send_command $::xsdb::curchan xsdb eval s es [list "::scw::generate_bif $GENERATE_BIF_ARGS"]"
    (file "C:/Xilinx/Vitis/2020.1\scripts\vitis\util\generate_system_bif.tcl" line 25)
make: *** [makefile:38: package] Error 1
