10:49:07 INFO  : Registering command handlers for Vitis TCF services
10:49:07 INFO  : Launching XSCT server: xsct.bat -n  -interactive C:\Users\KasperPC\Desktop\EOS_Examen\EX10\temp_xsdb_launch_script.tcl
10:49:08 INFO  : Platform repository initialization has completed.
10:49:08 INFO  : XSCT server has started successfully.
10:49:08 INFO  : Successfully done setting XSCT server connection channel  
10:49:10 INFO  : Successfully done setting workspace for the tool. 
10:49:10 INFO  : plnx-install-location is set to ''
10:49:10 INFO  : Successfully done query RDI_DATADIR 
10:49:56 INFO  : Result from executing command 'getProjects': EX10
10:49:56 INFO  : Result from executing command 'getPlatforms': 
10:50:03 INFO  : Successfully done sdx_reload_mss "C:/Users/KasperPC/Desktop/EOS_Examen/EX10/EX10/zynq_fsbl/zynq_fsbl_bsp/system.mss"
10:50:07 INFO  : (SwPlaform) Successfully done setParamInSpec 
10:50:08 INFO  : (SwPlaform) Successfully done setParamInSpec 
10:50:09 INFO  : (SwPlatform) Successfully done update_mss 
10:50:10 INFO  : Successfully done sdx_reload_mss "C:/Users/KasperPC/Desktop/EOS_Examen/EX10/EX10/zynq_fsbl/zynq_fsbl_bsp/system.mss"
10:50:16 ERROR : (XSDB Server)rm: kan lstat `*.o' niet uitvoeren: Invalid argument

10:50:16 ERROR : (XSDB Server)make: *** [Makefile:42: clean] Error 1

10:50:21 INFO  : Successfully done sdx_reload_mss "C:/Users/KasperPC/Desktop/EOS_Examen/EX10/EX10/ps7_cortexa9_0/freertos10_xilinx_domain/bsp/system.mss"
10:50:24 INFO  : (SwPlaform) Successfully done setParamInSpec 
10:50:25 INFO  : (SwPlaform) Successfully done setParamInSpec 
10:50:26 INFO  : (SwPlatform) Successfully done update_mss 
10:50:27 INFO  : Successfully done sdx_reload_mss "C:/Users/KasperPC/Desktop/EOS_Examen/EX10/EX10/ps7_cortexa9_0/freertos10_xilinx_domain/bsp/system.mss"
10:51:00 INFO  : Result from executing command 'getProjects': EX10
10:51:00 INFO  : Result from executing command 'getPlatforms': EX10|C:/Users/KasperPC/Desktop/EOS_Examen/EX10/EX10/export/EX10/EX10.xpfm
10:52:48 INFO  : Checking for BSP changes to sync application flags for project 'EX10_app'...
10:53:04 INFO  : Checking for BSP changes to sync application flags for project 'EX10_app'...
10:53:11 INFO  : Checking for BSP changes to sync application flags for project 'EX10_app'...
10:53:18 INFO  : Connected to target on host '127.0.0.1' and port '3121'.
10:53:19 INFO  : Jtag cable 'Avnet MiniZed V1 1234-oj1A' is selected.
10:53:19 INFO  : 'jtag frequency' command is executed.
10:53:19 INFO  : Context for 'APU' is selected.
10:53:20 INFO  : System reset is completed.
10:53:23 INFO  : 'after 3000' command is executed.
10:53:23 INFO  : 'targets -set -filter {jtag_cable_name =~ "Avnet MiniZed V1 1234-oj1A" && level==0 && jtag_device_ctx=="jsn-MiniZed V1-1234-oj1A-13723093-0"}' command is executed.
10:53:24 INFO  : FPGA configured successfully with bitstream "C:/Users/KasperPC/Desktop/EOS_Examen/EX10/EX10_app/_ide/bitstream/design_1_wrapper.bit"
10:53:25 INFO  : Context for 'APU' is selected.
10:53:25 INFO  : Hardware design and registers information is loaded from 'C:/Users/KasperPC/Desktop/EOS_Examen/EX10/EX10/export/EX10/hw/design_1_wrapper.xsa'.
10:53:25 INFO  : 'configparams force-mem-access 1' command is executed.
10:53:25 INFO  : Context for 'APU' is selected.
10:53:25 INFO  : Sourcing of 'C:/Users/KasperPC/Desktop/EOS_Examen/EX10/EX10_app/_ide/psinit/ps7_init.tcl' is done.
10:53:25 INFO  : 'ps7_init' command is executed.
10:53:25 INFO  : 'ps7_post_config' command is executed.
10:53:25 INFO  : Context for processor 'ps7_cortexa9_0' is selected.
10:53:26 INFO  : The application 'C:/Users/KasperPC/Desktop/EOS_Examen/EX10/EX10_app/Debug/EX10_app.elf' is downloaded to processor 'ps7_cortexa9_0'.
10:53:26 INFO  : 'configparams force-mem-access 0' command is executed.
10:53:26 INFO  : ----------------XSDB Script----------------
connect -url tcp:127.0.0.1:3121
targets -set -nocase -filter {name =~"APU*"}
rst -system
after 3000
targets -set -filter {jtag_cable_name =~ "Avnet MiniZed V1 1234-oj1A" && level==0 && jtag_device_ctx=="jsn-MiniZed V1-1234-oj1A-13723093-0"}
fpga -file C:/Users/KasperPC/Desktop/EOS_Examen/EX10/EX10_app/_ide/bitstream/design_1_wrapper.bit
targets -set -nocase -filter {name =~"APU*"}
loadhw -hw C:/Users/KasperPC/Desktop/EOS_Examen/EX10/EX10/export/EX10/hw/design_1_wrapper.xsa -mem-ranges [list {0x40000000 0xbfffffff}] -regs
configparams force-mem-access 1
targets -set -nocase -filter {name =~"APU*"}
source C:/Users/KasperPC/Desktop/EOS_Examen/EX10/EX10_app/_ide/psinit/ps7_init.tcl
ps7_init
ps7_post_config
targets -set -nocase -filter {name =~ "*A9*#0"}
dow C:/Users/KasperPC/Desktop/EOS_Examen/EX10/EX10_app/Debug/EX10_app.elf
configparams force-mem-access 0
----------------End of Script----------------

10:53:26 INFO  : Context for processor 'ps7_cortexa9_0' is selected.
10:53:26 INFO  : 'con' command is executed.
10:53:26 INFO  : ----------------XSDB Script (After Launch)----------------
targets -set -nocase -filter {name =~ "*A9*#0"}
con
----------------End of Script----------------

10:53:26 INFO  : Launch script is exported to file 'C:\Users\KasperPC\Desktop\EOS_Examen\EX10\.sdk\launch_scripts\single_application_debug\debugger_ex10_app-default.tcl'
10:53:54 INFO  : Disconnected from the channel tcfchan#5.
10:53:55 INFO  : Connected to target on host '127.0.0.1' and port '3121'.
10:53:56 INFO  : Jtag cable 'Avnet MiniZed V1 1234-oj1A' is selected.
10:53:56 INFO  : 'jtag frequency' command is executed.
10:53:56 INFO  : Context for 'APU' is selected.
10:53:56 INFO  : System reset is completed.
10:53:59 INFO  : 'after 3000' command is executed.
10:53:59 INFO  : 'targets -set -filter {jtag_cable_name =~ "Avnet MiniZed V1 1234-oj1A" && level==0 && jtag_device_ctx=="jsn-MiniZed V1-1234-oj1A-13723093-0"}' command is executed.
10:54:00 INFO  : FPGA configured successfully with bitstream "C:/Users/KasperPC/Desktop/EOS_Examen/EX10/EX10_app/_ide/bitstream/design_1_wrapper.bit"
10:54:00 INFO  : Context for 'APU' is selected.
10:54:00 INFO  : Hardware design and registers information is loaded from 'C:/Users/KasperPC/Desktop/EOS_Examen/EX10/EX10/export/EX10/hw/design_1_wrapper.xsa'.
10:54:00 INFO  : 'configparams force-mem-access 1' command is executed.
10:54:00 INFO  : Context for 'APU' is selected.
10:54:00 INFO  : Sourcing of 'C:/Users/KasperPC/Desktop/EOS_Examen/EX10/EX10_app/_ide/psinit/ps7_init.tcl' is done.
10:54:00 INFO  : 'ps7_init' command is executed.
10:54:00 INFO  : 'ps7_post_config' command is executed.
10:54:00 INFO  : Context for processor 'ps7_cortexa9_0' is selected.
10:54:01 INFO  : The application 'C:/Users/KasperPC/Desktop/EOS_Examen/EX10/EX10_app/Debug/EX10_app.elf' is downloaded to processor 'ps7_cortexa9_0'.
10:54:01 INFO  : 'configparams force-mem-access 0' command is executed.
10:54:01 INFO  : ----------------XSDB Script----------------
connect -url tcp:127.0.0.1:3121
targets -set -nocase -filter {name =~"APU*"}
rst -system
after 3000
targets -set -filter {jtag_cable_name =~ "Avnet MiniZed V1 1234-oj1A" && level==0 && jtag_device_ctx=="jsn-MiniZed V1-1234-oj1A-13723093-0"}
fpga -file C:/Users/KasperPC/Desktop/EOS_Examen/EX10/EX10_app/_ide/bitstream/design_1_wrapper.bit
targets -set -nocase -filter {name =~"APU*"}
loadhw -hw C:/Users/KasperPC/Desktop/EOS_Examen/EX10/EX10/export/EX10/hw/design_1_wrapper.xsa -mem-ranges [list {0x40000000 0xbfffffff}] -regs
configparams force-mem-access 1
targets -set -nocase -filter {name =~"APU*"}
source C:/Users/KasperPC/Desktop/EOS_Examen/EX10/EX10_app/_ide/psinit/ps7_init.tcl
ps7_init
ps7_post_config
targets -set -nocase -filter {name =~ "*A9*#0"}
dow C:/Users/KasperPC/Desktop/EOS_Examen/EX10/EX10_app/Debug/EX10_app.elf
configparams force-mem-access 0
----------------End of Script----------------

10:54:01 INFO  : Context for processor 'ps7_cortexa9_0' is selected.
10:54:01 INFO  : 'con' command is executed.
10:54:01 INFO  : ----------------XSDB Script (After Launch)----------------
targets -set -nocase -filter {name =~ "*A9*#0"}
con
----------------End of Script----------------

10:54:01 INFO  : Launch script is exported to file 'C:\Users\KasperPC\Desktop\EOS_Examen\EX10\.sdk\launch_scripts\single_application_debug\debugger_ex10_app-default.tcl'
10:54:40 INFO  : Disconnected from the channel tcfchan#6.
