#-----------------------------------------------------------
# Vivado v2019.2 (64-bit)
# SW Build 2708876 on Wed Nov  6 21:40:23 MST 2019
# IP Build 2700528 on Thu Nov  7 00:09:20 MST 2019
# Start of session at: Tue Jun  2 14:12:09 2020
# Process ID: 15180
# Current directory: C:/eFPGA/16_AXI_IP/ip_repo
# Command line: vivado.exe -gui_launcher_event rodinguilauncherevent2836 C:\eFPGA\16_AXI_IP\ip_repo\edit_AXI_CALCULATOR_v1_0.xpr
# Log file: C:/eFPGA/16_AXI_IP/ip_repo/vivado.log
# Journal file: C:/eFPGA/16_AXI_IP/ip_repo\vivado.jou
#-----------------------------------------------------------
start_gui
open_project C:/eFPGA/16_AXI_IP/ip_repo/edit_AXI_CALCULATOR_v1_0.xpr
INFO: [Project 1-313] Project file moved from 'c:/efpga/ip_repo' since last save.
CRITICAL WARNING: [Project 1-311] Could not find the file 'C:/eFPGA/eFPGA/ip_repo/AXI_CALCULATOR_1.0/hdl/AXI_CALCULATOR_v1_0_S00_AXI.vhd', nor could it be found using path 'c:/eFPGA/ip_repo/AXI_CALCULATOR_1.0/hdl/AXI_CALCULATOR_v1_0_S00_AXI.vhd'.
WARNING: [Project 1-312] File not found as 'C:/eFPGA/eFPGA/16_AXI_IP/VHDL.vhd'; using path 'c:/eFPGA/16_AXI_IP/VHDL.vhd' instead.
CRITICAL WARNING: [Project 1-311] Could not find the file 'C:/eFPGA/eFPGA/ip_repo/AXI_CALCULATOR_1.0/hdl/AXI_CALCULATOR_v1_0.vhd', nor could it be found using path 'c:/eFPGA/ip_repo/AXI_CALCULATOR_1.0/hdl/AXI_CALCULATOR_v1_0.vhd'.
CRITICAL WARNING: [Project 1-311] Could not find the file 'C:/eFPGA/eFPGA/ip_repo/AXI_CALCULATOR_1.0/component.xml', nor could it be found using path 'c:/eFPGA/ip_repo/AXI_CALCULATOR_1.0/component.xml'.
Scanning sources...
Finished scanning sources
WARNING: [filemgmt 56-2] IP Repository Path: Could not find the directory 'C:/eFPGA/eFPGA/ip_repo/AXI_CALCULATOR_1.0', nor could it be found using path 'c:/eFPGA/ip_repo/AXI_CALCULATOR_1.0'.
INFO: [IP_Flow 19-234] Refreshing IP repositories
WARNING: [IP_Flow 19-2248] Failed to load user IP repository 'c:/eFPGA/eFPGA/ip_repo/AXI_CALCULATOR_1.0'; Can't find the specified path.
If this directory should no longer be in your list of user repositories, go to the IP Settings dialog and remove it.
INFO: [IP_Flow 19-2313] Loaded Vivado IP repository 'C:/Xilinx/Vivado/2019.2/data/ip'.
update_compile_order -fileset sources_1
exit
INFO: [Common 17-206] Exiting Vivado at Tue Jun  2 14:13:29 2020...
