15:47:27 INFO  : Launching XSCT server: xsct.bat -n  -interactive C:\Users\KasperPC\Desktop\EOS_Examen\EX6\temp_xsdb_launch_script.tcl
15:47:27 INFO  : Registering command handlers for Vitis TCF services
15:47:27 INFO  : Platform repository initialization has completed.
15:47:29 INFO  : XSCT server has started successfully.
15:47:29 INFO  : Successfully done setting XSCT server connection channel  
15:47:29 INFO  : plnx-install-location is set to ''
15:47:29 INFO  : Successfully done setting workspace for the tool. 
15:47:29 INFO  : Successfully done query RDI_DATADIR 
15:47:54 INFO  : Result from executing command 'getProjects': EX6
15:47:54 INFO  : Result from executing command 'getPlatforms': 
15:48:01 INFO  : Successfully done sdx_reload_mss "C:/Users/KasperPC/Desktop/EOS_Examen/EX6/EX6/zynq_fsbl/zynq_fsbl_bsp/system.mss"
15:48:06 INFO  : (SwPlaform) Successfully done setParamInSpec 
15:48:06 INFO  : (SwPlaform) Successfully done setParamInSpec 
15:48:07 INFO  : (SwPlatform) Successfully done update_mss 
15:48:08 INFO  : Successfully done sdx_reload_mss "C:/Users/KasperPC/Desktop/EOS_Examen/EX6/EX6/zynq_fsbl/zynq_fsbl_bsp/system.mss"
15:48:15 ERROR : (XSDB Server)rm: kan lstat `*.o' niet uitvoeren: Invalid argument

15:48:15 ERROR : (XSDB Server)make: *** [Makefile:42: clean] Error 1

15:48:17 INFO  : Successfully done sdx_reload_mss "C:/Users/KasperPC/Desktop/EOS_Examen/EX6/EX6/ps7_cortexa9_0/freertos10_xilinx_domain/bsp/system.mss"
15:48:23 INFO  : (SwPlaform) Successfully done setParamInSpec 
15:48:24 INFO  : (SwPlaform) Successfully done setParamInSpec 
15:48:25 INFO  : (SwPlatform) Successfully done update_mss 
15:48:26 INFO  : Successfully done sdx_reload_mss "C:/Users/KasperPC/Desktop/EOS_Examen/EX6/EX6/ps7_cortexa9_0/freertos10_xilinx_domain/bsp/system.mss"
15:48:59 INFO  : Result from executing command 'getProjects': EX6
15:48:59 INFO  : Result from executing command 'getPlatforms': EX6|C:/Users/KasperPC/Desktop/EOS_Examen/EX6/EX6/export/EX6/EX6.xpfm
15:51:21 INFO  : Checking for BSP changes to sync application flags for project 'EX6_app'...
15:51:28 INFO  : Connected to target on host '127.0.0.1' and port '3121'.
15:51:30 INFO  : Jtag cable 'Avnet MiniZed V1 1234-oj1A' is selected.
15:51:30 INFO  : 'jtag frequency' command is executed.
15:51:30 INFO  : Context for 'APU' is selected.
15:51:30 INFO  : System reset is completed.
15:51:33 INFO  : 'after 3000' command is executed.
15:51:33 INFO  : 'targets -set -filter {jtag_cable_name =~ "Avnet MiniZed V1 1234-oj1A" && level==0 && jtag_device_ctx=="jsn-MiniZed V1-1234-oj1A-13723093-0"}' command is executed.
15:51:35 INFO  : FPGA configured successfully with bitstream "C:/Users/KasperPC/Desktop/EOS_Examen/EX6/EX6_app/_ide/bitstream/design_1_wrapper.bit"
15:51:35 INFO  : Context for 'APU' is selected.
15:51:35 INFO  : Hardware design and registers information is loaded from 'C:/Users/KasperPC/Desktop/EOS_Examen/EX6/EX6/export/EX6/hw/design_1_wrapper.xsa'.
15:51:35 INFO  : 'configparams force-mem-access 1' command is executed.
15:51:35 INFO  : Context for 'APU' is selected.
15:51:35 INFO  : Sourcing of 'C:/Users/KasperPC/Desktop/EOS_Examen/EX6/EX6_app/_ide/psinit/ps7_init.tcl' is done.
15:51:35 INFO  : 'ps7_init' command is executed.
15:51:35 INFO  : 'ps7_post_config' command is executed.
15:51:35 INFO  : Context for processor 'ps7_cortexa9_0' is selected.
15:51:35 INFO  : The application 'C:/Users/KasperPC/Desktop/EOS_Examen/EX6/EX6_app/Debug/EX6_app.elf' is downloaded to processor 'ps7_cortexa9_0'.
15:51:35 INFO  : 'configparams force-mem-access 0' command is executed.
15:51:35 INFO  : ----------------XSDB Script----------------
connect -url tcp:127.0.0.1:3121
targets -set -nocase -filter {name =~"APU*"}
rst -system
after 3000
targets -set -filter {jtag_cable_name =~ "Avnet MiniZed V1 1234-oj1A" && level==0 && jtag_device_ctx=="jsn-MiniZed V1-1234-oj1A-13723093-0"}
fpga -file C:/Users/KasperPC/Desktop/EOS_Examen/EX6/EX6_app/_ide/bitstream/design_1_wrapper.bit
targets -set -nocase -filter {name =~"APU*"}
loadhw -hw C:/Users/KasperPC/Desktop/EOS_Examen/EX6/EX6/export/EX6/hw/design_1_wrapper.xsa -mem-ranges [list {0x40000000 0xbfffffff}] -regs
configparams force-mem-access 1
targets -set -nocase -filter {name =~"APU*"}
source C:/Users/KasperPC/Desktop/EOS_Examen/EX6/EX6_app/_ide/psinit/ps7_init.tcl
ps7_init
ps7_post_config
targets -set -nocase -filter {name =~ "*A9*#0"}
dow C:/Users/KasperPC/Desktop/EOS_Examen/EX6/EX6_app/Debug/EX6_app.elf
configparams force-mem-access 0
----------------End of Script----------------

15:51:35 INFO  : Context for processor 'ps7_cortexa9_0' is selected.
15:51:35 INFO  : 'con' command is executed.
15:51:35 INFO  : ----------------XSDB Script (After Launch)----------------
targets -set -nocase -filter {name =~ "*A9*#0"}
con
----------------End of Script----------------

15:51:35 INFO  : Launch script is exported to file 'C:\Users\KasperPC\Desktop\EOS_Examen\EX6\.sdk\launch_scripts\single_application_debug\debugger_ex6_app-default.tcl'
15:52:27 INFO  : Disconnected from the channel tcfchan#3.
15:52:28 INFO  : Connected to target on host '127.0.0.1' and port '3121'.
15:52:28 INFO  : Jtag cable 'Avnet MiniZed V1 1234-oj1A' is selected.
15:52:28 INFO  : 'jtag frequency' command is executed.
15:52:28 INFO  : Context for 'APU' is selected.
15:52:28 INFO  : System reset is completed.
15:52:31 INFO  : 'after 3000' command is executed.
15:52:31 INFO  : 'targets -set -filter {jtag_cable_name =~ "Avnet MiniZed V1 1234-oj1A" && level==0 && jtag_device_ctx=="jsn-MiniZed V1-1234-oj1A-13723093-0"}' command is executed.
15:52:32 INFO  : FPGA configured successfully with bitstream "C:/Users/KasperPC/Desktop/EOS_Examen/EX6/EX6_app/_ide/bitstream/design_1_wrapper.bit"
15:52:32 INFO  : Context for 'APU' is selected.
15:52:32 INFO  : Hardware design and registers information is loaded from 'C:/Users/KasperPC/Desktop/EOS_Examen/EX6/EX6/export/EX6/hw/design_1_wrapper.xsa'.
15:52:32 INFO  : 'configparams force-mem-access 1' command is executed.
15:52:32 INFO  : Context for 'APU' is selected.
15:52:32 INFO  : Sourcing of 'C:/Users/KasperPC/Desktop/EOS_Examen/EX6/EX6_app/_ide/psinit/ps7_init.tcl' is done.
15:52:33 INFO  : 'ps7_init' command is executed.
15:52:33 INFO  : 'ps7_post_config' command is executed.
15:52:33 INFO  : Context for processor 'ps7_cortexa9_0' is selected.
15:52:33 INFO  : The application 'C:/Users/KasperPC/Desktop/EOS_Examen/EX6/EX6_app/Debug/EX6_app.elf' is downloaded to processor 'ps7_cortexa9_0'.
15:52:33 INFO  : 'configparams force-mem-access 0' command is executed.
15:52:33 INFO  : ----------------XSDB Script----------------
connect -url tcp:127.0.0.1:3121
targets -set -nocase -filter {name =~"APU*"}
rst -system
after 3000
targets -set -filter {jtag_cable_name =~ "Avnet MiniZed V1 1234-oj1A" && level==0 && jtag_device_ctx=="jsn-MiniZed V1-1234-oj1A-13723093-0"}
fpga -file C:/Users/KasperPC/Desktop/EOS_Examen/EX6/EX6_app/_ide/bitstream/design_1_wrapper.bit
targets -set -nocase -filter {name =~"APU*"}
loadhw -hw C:/Users/KasperPC/Desktop/EOS_Examen/EX6/EX6/export/EX6/hw/design_1_wrapper.xsa -mem-ranges [list {0x40000000 0xbfffffff}] -regs
configparams force-mem-access 1
targets -set -nocase -filter {name =~"APU*"}
source C:/Users/KasperPC/Desktop/EOS_Examen/EX6/EX6_app/_ide/psinit/ps7_init.tcl
ps7_init
ps7_post_config
targets -set -nocase -filter {name =~ "*A9*#0"}
dow C:/Users/KasperPC/Desktop/EOS_Examen/EX6/EX6_app/Debug/EX6_app.elf
configparams force-mem-access 0
----------------End of Script----------------

15:52:33 INFO  : Context for processor 'ps7_cortexa9_0' is selected.
15:52:33 INFO  : 'con' command is executed.
15:52:33 INFO  : ----------------XSDB Script (After Launch)----------------
targets -set -nocase -filter {name =~ "*A9*#0"}
con
----------------End of Script----------------

15:52:33 INFO  : Launch script is exported to file 'C:\Users\KasperPC\Desktop\EOS_Examen\EX6\.sdk\launch_scripts\single_application_debug\debugger_ex6_app-default.tcl'
15:52:41 INFO  : Checking for BSP changes to sync application flags for project 'EX6_app'...
15:52:46 INFO  : Disconnected from the channel tcfchan#4.
15:52:47 INFO  : Connected to target on host '127.0.0.1' and port '3121'.
15:52:47 INFO  : Jtag cable 'Avnet MiniZed V1 1234-oj1A' is selected.
15:52:47 INFO  : 'jtag frequency' command is executed.
15:52:47 INFO  : Context for 'APU' is selected.
15:52:47 INFO  : System reset is completed.
15:52:50 INFO  : 'after 3000' command is executed.
15:52:50 INFO  : 'targets -set -filter {jtag_cable_name =~ "Avnet MiniZed V1 1234-oj1A" && level==0 && jtag_device_ctx=="jsn-MiniZed V1-1234-oj1A-13723093-0"}' command is executed.
15:52:52 INFO  : FPGA configured successfully with bitstream "C:/Users/KasperPC/Desktop/EOS_Examen/EX6/EX6_app/_ide/bitstream/design_1_wrapper.bit"
15:52:52 INFO  : Context for 'APU' is selected.
15:52:52 INFO  : Hardware design and registers information is loaded from 'C:/Users/KasperPC/Desktop/EOS_Examen/EX6/EX6/export/EX6/hw/design_1_wrapper.xsa'.
15:52:52 INFO  : 'configparams force-mem-access 1' command is executed.
15:52:52 INFO  : Context for 'APU' is selected.
15:52:52 INFO  : Sourcing of 'C:/Users/KasperPC/Desktop/EOS_Examen/EX6/EX6_app/_ide/psinit/ps7_init.tcl' is done.
15:52:52 INFO  : 'ps7_init' command is executed.
15:52:52 INFO  : 'ps7_post_config' command is executed.
15:52:52 INFO  : Context for processor 'ps7_cortexa9_0' is selected.
15:52:52 INFO  : The application 'C:/Users/KasperPC/Desktop/EOS_Examen/EX6/EX6_app/Debug/EX6_app.elf' is downloaded to processor 'ps7_cortexa9_0'.
15:52:52 INFO  : 'configparams force-mem-access 0' command is executed.
15:52:52 INFO  : ----------------XSDB Script----------------
connect -url tcp:127.0.0.1:3121
targets -set -nocase -filter {name =~"APU*"}
rst -system
after 3000
targets -set -filter {jtag_cable_name =~ "Avnet MiniZed V1 1234-oj1A" && level==0 && jtag_device_ctx=="jsn-MiniZed V1-1234-oj1A-13723093-0"}
fpga -file C:/Users/KasperPC/Desktop/EOS_Examen/EX6/EX6_app/_ide/bitstream/design_1_wrapper.bit
targets -set -nocase -filter {name =~"APU*"}
loadhw -hw C:/Users/KasperPC/Desktop/EOS_Examen/EX6/EX6/export/EX6/hw/design_1_wrapper.xsa -mem-ranges [list {0x40000000 0xbfffffff}] -regs
configparams force-mem-access 1
targets -set -nocase -filter {name =~"APU*"}
source C:/Users/KasperPC/Desktop/EOS_Examen/EX6/EX6_app/_ide/psinit/ps7_init.tcl
ps7_init
ps7_post_config
targets -set -nocase -filter {name =~ "*A9*#0"}
dow C:/Users/KasperPC/Desktop/EOS_Examen/EX6/EX6_app/Debug/EX6_app.elf
configparams force-mem-access 0
----------------End of Script----------------

15:52:52 INFO  : Context for processor 'ps7_cortexa9_0' is selected.
15:52:52 INFO  : 'con' command is executed.
15:52:52 INFO  : ----------------XSDB Script (After Launch)----------------
targets -set -nocase -filter {name =~ "*A9*#0"}
con
----------------End of Script----------------

15:52:52 INFO  : Launch script is exported to file 'C:\Users\KasperPC\Desktop\EOS_Examen\EX6\.sdk\launch_scripts\single_application_debug\debugger_ex6_app-default.tcl'
15:53:30 INFO  : Checking for BSP changes to sync application flags for project 'EX6_app'...
15:53:33 INFO  : Disconnected from the channel tcfchan#6.
15:53:34 INFO  : Connected to target on host '127.0.0.1' and port '3121'.
15:53:35 INFO  : Jtag cable 'Avnet MiniZed V1 1234-oj1A' is selected.
15:53:35 INFO  : 'jtag frequency' command is executed.
15:53:35 INFO  : Context for 'APU' is selected.
15:53:35 INFO  : System reset is completed.
15:53:38 INFO  : 'after 3000' command is executed.
15:53:38 INFO  : 'targets -set -filter {jtag_cable_name =~ "Avnet MiniZed V1 1234-oj1A" && level==0 && jtag_device_ctx=="jsn-MiniZed V1-1234-oj1A-13723093-0"}' command is executed.
15:53:39 INFO  : FPGA configured successfully with bitstream "C:/Users/KasperPC/Desktop/EOS_Examen/EX6/EX6_app/_ide/bitstream/design_1_wrapper.bit"
15:53:39 INFO  : Context for 'APU' is selected.
15:53:39 INFO  : Hardware design and registers information is loaded from 'C:/Users/KasperPC/Desktop/EOS_Examen/EX6/EX6/export/EX6/hw/design_1_wrapper.xsa'.
15:53:39 INFO  : 'configparams force-mem-access 1' command is executed.
15:53:39 INFO  : Context for 'APU' is selected.
15:53:39 INFO  : Sourcing of 'C:/Users/KasperPC/Desktop/EOS_Examen/EX6/EX6_app/_ide/psinit/ps7_init.tcl' is done.
15:53:39 INFO  : 'ps7_init' command is executed.
15:53:39 INFO  : 'ps7_post_config' command is executed.
15:53:39 INFO  : Context for processor 'ps7_cortexa9_0' is selected.
15:53:40 INFO  : The application 'C:/Users/KasperPC/Desktop/EOS_Examen/EX6/EX6_app/Debug/EX6_app.elf' is downloaded to processor 'ps7_cortexa9_0'.
15:53:40 INFO  : 'configparams force-mem-access 0' command is executed.
15:53:40 INFO  : ----------------XSDB Script----------------
connect -url tcp:127.0.0.1:3121
targets -set -nocase -filter {name =~"APU*"}
rst -system
after 3000
targets -set -filter {jtag_cable_name =~ "Avnet MiniZed V1 1234-oj1A" && level==0 && jtag_device_ctx=="jsn-MiniZed V1-1234-oj1A-13723093-0"}
fpga -file C:/Users/KasperPC/Desktop/EOS_Examen/EX6/EX6_app/_ide/bitstream/design_1_wrapper.bit
targets -set -nocase -filter {name =~"APU*"}
loadhw -hw C:/Users/KasperPC/Desktop/EOS_Examen/EX6/EX6/export/EX6/hw/design_1_wrapper.xsa -mem-ranges [list {0x40000000 0xbfffffff}] -regs
configparams force-mem-access 1
targets -set -nocase -filter {name =~"APU*"}
source C:/Users/KasperPC/Desktop/EOS_Examen/EX6/EX6_app/_ide/psinit/ps7_init.tcl
ps7_init
ps7_post_config
targets -set -nocase -filter {name =~ "*A9*#0"}
dow C:/Users/KasperPC/Desktop/EOS_Examen/EX6/EX6_app/Debug/EX6_app.elf
configparams force-mem-access 0
----------------End of Script----------------

15:53:40 INFO  : Context for processor 'ps7_cortexa9_0' is selected.
15:53:40 INFO  : 'con' command is executed.
15:53:40 INFO  : ----------------XSDB Script (After Launch)----------------
targets -set -nocase -filter {name =~ "*A9*#0"}
con
----------------End of Script----------------

15:53:40 INFO  : Launch script is exported to file 'C:\Users\KasperPC\Desktop\EOS_Examen\EX6\.sdk\launch_scripts\single_application_debug\debugger_ex6_app-default.tcl'
15:53:50 INFO  : Checking for BSP changes to sync application flags for project 'EX6_app'...
15:53:53 INFO  : Disconnected from the channel tcfchan#7.
15:53:54 INFO  : Connected to target on host '127.0.0.1' and port '3121'.
15:53:55 INFO  : Jtag cable 'Avnet MiniZed V1 1234-oj1A' is selected.
15:53:55 INFO  : 'jtag frequency' command is executed.
15:53:55 INFO  : Context for 'APU' is selected.
15:53:55 INFO  : System reset is completed.
15:53:58 INFO  : 'after 3000' command is executed.
15:53:58 INFO  : 'targets -set -filter {jtag_cable_name =~ "Avnet MiniZed V1 1234-oj1A" && level==0 && jtag_device_ctx=="jsn-MiniZed V1-1234-oj1A-13723093-0"}' command is executed.
15:53:59 INFO  : FPGA configured successfully with bitstream "C:/Users/KasperPC/Desktop/EOS_Examen/EX6/EX6_app/_ide/bitstream/design_1_wrapper.bit"
15:53:59 INFO  : Context for 'APU' is selected.
15:53:59 INFO  : Hardware design and registers information is loaded from 'C:/Users/KasperPC/Desktop/EOS_Examen/EX6/EX6/export/EX6/hw/design_1_wrapper.xsa'.
15:53:59 INFO  : 'configparams force-mem-access 1' command is executed.
15:53:59 INFO  : Context for 'APU' is selected.
15:53:59 INFO  : Sourcing of 'C:/Users/KasperPC/Desktop/EOS_Examen/EX6/EX6_app/_ide/psinit/ps7_init.tcl' is done.
15:53:59 INFO  : 'ps7_init' command is executed.
15:53:59 INFO  : 'ps7_post_config' command is executed.
15:53:59 INFO  : Context for processor 'ps7_cortexa9_0' is selected.
15:54:00 INFO  : The application 'C:/Users/KasperPC/Desktop/EOS_Examen/EX6/EX6_app/Debug/EX6_app.elf' is downloaded to processor 'ps7_cortexa9_0'.
15:54:00 INFO  : 'configparams force-mem-access 0' command is executed.
15:54:00 INFO  : ----------------XSDB Script----------------
connect -url tcp:127.0.0.1:3121
targets -set -nocase -filter {name =~"APU*"}
rst -system
after 3000
targets -set -filter {jtag_cable_name =~ "Avnet MiniZed V1 1234-oj1A" && level==0 && jtag_device_ctx=="jsn-MiniZed V1-1234-oj1A-13723093-0"}
fpga -file C:/Users/KasperPC/Desktop/EOS_Examen/EX6/EX6_app/_ide/bitstream/design_1_wrapper.bit
targets -set -nocase -filter {name =~"APU*"}
loadhw -hw C:/Users/KasperPC/Desktop/EOS_Examen/EX6/EX6/export/EX6/hw/design_1_wrapper.xsa -mem-ranges [list {0x40000000 0xbfffffff}] -regs
configparams force-mem-access 1
targets -set -nocase -filter {name =~"APU*"}
source C:/Users/KasperPC/Desktop/EOS_Examen/EX6/EX6_app/_ide/psinit/ps7_init.tcl
ps7_init
ps7_post_config
targets -set -nocase -filter {name =~ "*A9*#0"}
dow C:/Users/KasperPC/Desktop/EOS_Examen/EX6/EX6_app/Debug/EX6_app.elf
configparams force-mem-access 0
----------------End of Script----------------

15:54:00 INFO  : Context for processor 'ps7_cortexa9_0' is selected.
15:54:00 INFO  : 'con' command is executed.
15:54:00 INFO  : ----------------XSDB Script (After Launch)----------------
targets -set -nocase -filter {name =~ "*A9*#0"}
con
----------------End of Script----------------

15:54:00 INFO  : Launch script is exported to file 'C:\Users\KasperPC\Desktop\EOS_Examen\EX6\.sdk\launch_scripts\single_application_debug\debugger_ex6_app-default.tcl'
15:54:24 INFO  : Disconnected from the channel tcfchan#8.
16:28:34 INFO  : Launching XSCT server: xsct.bat -n  -interactive C:\Users\KasperPC\Desktop\EOS_Examen\EX6\temp_xsdb_launch_script.tcl
16:28:35 INFO  : XSCT server has started successfully.
16:28:35 INFO  : Successfully done setting XSCT server connection channel  
16:28:35 INFO  : plnx-install-location is set to ''
16:28:35 INFO  : Successfully done setting workspace for the tool. 
16:28:36 INFO  : Platform repository initialization has completed.
16:28:36 INFO  : Successfully done query RDI_DATADIR 
16:28:37 INFO  : Registering command handlers for Vitis TCF services
16:28:44 INFO  : Connected to target on host '127.0.0.1' and port '3121'.
16:28:45 INFO  : Jtag cable 'Avnet MiniZed V1 1234-oj1A' is selected.
16:28:45 INFO  : 'jtag frequency' command is executed.
16:28:45 INFO  : Context for 'APU' is selected.
16:28:45 INFO  : System reset is completed.
16:28:48 INFO  : 'after 3000' command is executed.
16:28:48 INFO  : 'targets -set -filter {jtag_cable_name =~ "Avnet MiniZed V1 1234-oj1A" && level==0 && jtag_device_ctx=="jsn-MiniZed V1-1234-oj1A-13723093-0"}' command is executed.
16:28:49 INFO  : FPGA configured successfully with bitstream "C:/Users/KasperPC/Desktop/EOS_Examen/EX6/EX6_app/_ide/bitstream/design_1_wrapper.bit"
16:28:49 INFO  : Context for 'APU' is selected.
16:28:49 INFO  : Hardware design and registers information is loaded from 'C:/Users/KasperPC/Desktop/EOS_Examen/EX6/EX6/export/EX6/hw/design_1_wrapper.xsa'.
16:28:49 INFO  : 'configparams force-mem-access 1' command is executed.
16:28:49 INFO  : Context for 'APU' is selected.
16:28:49 INFO  : Sourcing of 'C:/Users/KasperPC/Desktop/EOS_Examen/EX6/EX6_app/_ide/psinit/ps7_init.tcl' is done.
16:28:50 INFO  : 'ps7_init' command is executed.
16:28:50 INFO  : 'ps7_post_config' command is executed.
16:28:50 INFO  : Context for processor 'ps7_cortexa9_0' is selected.
16:28:50 INFO  : The application 'C:/Users/KasperPC/Desktop/EOS_Examen/EX6/EX6_app/Debug/EX6_app.elf' is downloaded to processor 'ps7_cortexa9_0'.
16:28:50 INFO  : 'configparams force-mem-access 0' command is executed.
16:28:50 INFO  : ----------------XSDB Script----------------
connect -url tcp:127.0.0.1:3121
targets -set -nocase -filter {name =~"APU*"}
rst -system
after 3000
targets -set -filter {jtag_cable_name =~ "Avnet MiniZed V1 1234-oj1A" && level==0 && jtag_device_ctx=="jsn-MiniZed V1-1234-oj1A-13723093-0"}
fpga -file C:/Users/KasperPC/Desktop/EOS_Examen/EX6/EX6_app/_ide/bitstream/design_1_wrapper.bit
targets -set -nocase -filter {name =~"APU*"}
loadhw -hw C:/Users/KasperPC/Desktop/EOS_Examen/EX6/EX6/export/EX6/hw/design_1_wrapper.xsa -mem-ranges [list {0x40000000 0xbfffffff}] -regs
configparams force-mem-access 1
targets -set -nocase -filter {name =~"APU*"}
source C:/Users/KasperPC/Desktop/EOS_Examen/EX6/EX6_app/_ide/psinit/ps7_init.tcl
ps7_init
ps7_post_config
targets -set -nocase -filter {name =~ "*A9*#0"}
dow C:/Users/KasperPC/Desktop/EOS_Examen/EX6/EX6_app/Debug/EX6_app.elf
configparams force-mem-access 0
----------------End of Script----------------

16:28:50 INFO  : Context for processor 'ps7_cortexa9_0' is selected.
16:28:50 INFO  : 'con' command is executed.
16:28:50 INFO  : ----------------XSDB Script (After Launch)----------------
targets -set -nocase -filter {name =~ "*A9*#0"}
con
----------------End of Script----------------

16:28:50 INFO  : Launch script is exported to file 'C:\Users\KasperPC\Desktop\EOS_Examen\EX6\.sdk\launch_scripts\single_application_debug\debugger_ex6_app-default.tcl'
16:29:03 INFO  : Disconnected from the channel tcfchan#1.
16:29:04 INFO  : Connected to target on host '127.0.0.1' and port '3121'.
16:29:04 INFO  : Jtag cable 'Avnet MiniZed V1 1234-oj1A' is selected.
16:29:04 INFO  : 'jtag frequency' command is executed.
16:29:04 INFO  : Context for 'APU' is selected.
16:29:04 INFO  : System reset is completed.
16:29:07 INFO  : 'after 3000' command is executed.
16:29:07 INFO  : 'targets -set -filter {jtag_cable_name =~ "Avnet MiniZed V1 1234-oj1A" && level==0 && jtag_device_ctx=="jsn-MiniZed V1-1234-oj1A-13723093-0"}' command is executed.
16:29:08 INFO  : FPGA configured successfully with bitstream "C:/Users/KasperPC/Desktop/EOS_Examen/EX6/EX6_app/_ide/bitstream/design_1_wrapper.bit"
16:29:08 INFO  : Context for 'APU' is selected.
16:29:10 INFO  : Hardware design and registers information is loaded from 'C:/Users/KasperPC/Desktop/EOS_Examen/EX6/EX6/export/EX6/hw/design_1_wrapper.xsa'.
16:29:10 INFO  : 'configparams force-mem-access 1' command is executed.
16:29:10 INFO  : Context for 'APU' is selected.
16:29:10 INFO  : Sourcing of 'C:/Users/KasperPC/Desktop/EOS_Examen/EX6/EX6_app/_ide/psinit/ps7_init.tcl' is done.
16:29:11 ERROR : Memory read error at 0xE0001034. AP transaction timeout
16:29:11 INFO  : ----------------XSDB Script----------------
connect -url tcp:127.0.0.1:3121
targets -set -nocase -filter {name =~"APU*"}
rst -system
after 3000
targets -set -filter {jtag_cable_name =~ "Avnet MiniZed V1 1234-oj1A" && level==0 && jtag_device_ctx=="jsn-MiniZed V1-1234-oj1A-13723093-0"}
fpga -file C:/Users/KasperPC/Desktop/EOS_Examen/EX6/EX6_app/_ide/bitstream/design_1_wrapper.bit
targets -set -nocase -filter {name =~"APU*"}
loadhw -hw C:/Users/KasperPC/Desktop/EOS_Examen/EX6/EX6/export/EX6/hw/design_1_wrapper.xsa -mem-ranges [list {0x40000000 0xbfffffff}] -regs
configparams force-mem-access 1
targets -set -nocase -filter {name =~"APU*"}
source C:/Users/KasperPC/Desktop/EOS_Examen/EX6/EX6_app/_ide/psinit/ps7_init.tcl
ps7_init
----------------End of Script----------------

16:29:11 ERROR : Memory read error at 0xE0001034. AP transaction timeout
16:29:27 INFO  : Connected to target on host '127.0.0.1' and port '3121'.
16:29:45 INFO  : ----------------XSDB Script----------------
connect -url tcp:127.0.0.1:3121
----------------End of Script----------------

16:29:45 ERROR : Could not find ARM device on the board for connection 'Local'.
Check if the target is in:
1. Split JTAG - No operations are possible with ARM DAP.
2. Non JTAG bootmode - Bootrom may need time to enable DAP.
Please try again.


Troubleshooting hints:
1. Check whether board is connected to system properly.
2. In case of zynq board, check whether Digilent/Xilinx cable switch settings are correct.
3. If you are using Xilinx Platform Cable USB, ensure that status LED is green.
16:29:54 INFO  : Connected to target on host '127.0.0.1' and port '3121'.
16:29:55 INFO  : Jtag cable 'Avnet MiniZed V1 1234-oj1A' is selected.
16:29:55 INFO  : 'jtag frequency' command is executed.
16:29:55 INFO  : Context for 'APU' is selected.
16:29:55 INFO  : System reset is completed.
16:29:58 INFO  : 'after 3000' command is executed.
16:29:59 INFO  : 'targets -set -filter {jtag_cable_name =~ "Avnet MiniZed V1 1234-oj1A" && level==0 && jtag_device_ctx=="jsn-MiniZed V1-1234-oj1A-13723093-0"}' command is executed.
16:30:00 INFO  : FPGA configured successfully with bitstream "C:/Users/KasperPC/Desktop/EOS_Examen/EX6/EX6_app/_ide/bitstream/design_1_wrapper.bit"
16:30:00 INFO  : Context for 'APU' is selected.
16:30:00 INFO  : Hardware design and registers information is loaded from 'C:/Users/KasperPC/Desktop/EOS_Examen/EX6/EX6/export/EX6/hw/design_1_wrapper.xsa'.
16:30:00 INFO  : 'configparams force-mem-access 1' command is executed.
16:30:00 INFO  : Context for 'APU' is selected.
16:30:00 INFO  : Sourcing of 'C:/Users/KasperPC/Desktop/EOS_Examen/EX6/EX6_app/_ide/psinit/ps7_init.tcl' is done.
16:30:01 INFO  : 'ps7_init' command is executed.
16:30:01 INFO  : 'ps7_post_config' command is executed.
16:30:01 INFO  : Context for processor 'ps7_cortexa9_0' is selected.
16:30:01 ERROR : Memory write error at 0x100000. MMU section translation fault
16:30:01 INFO  : ----------------XSDB Script----------------
connect -url tcp:127.0.0.1:3121
targets -set -nocase -filter {name =~"APU*"}
rst -system
after 3000
targets -set -filter {jtag_cable_name =~ "Avnet MiniZed V1 1234-oj1A" && level==0 && jtag_device_ctx=="jsn-MiniZed V1-1234-oj1A-13723093-0"}
fpga -file C:/Users/KasperPC/Desktop/EOS_Examen/EX6/EX6_app/_ide/bitstream/design_1_wrapper.bit
targets -set -nocase -filter {name =~"APU*"}
loadhw -hw C:/Users/KasperPC/Desktop/EOS_Examen/EX6/EX6/export/EX6/hw/design_1_wrapper.xsa -mem-ranges [list {0x40000000 0xbfffffff}] -regs
configparams force-mem-access 1
targets -set -nocase -filter {name =~"APU*"}
source C:/Users/KasperPC/Desktop/EOS_Examen/EX6/EX6_app/_ide/psinit/ps7_init.tcl
ps7_init
ps7_post_config
targets -set -nocase -filter {name =~ "*A9*#0"}
dow C:/Users/KasperPC/Desktop/EOS_Examen/EX6/EX6_app/Debug/EX6_app.elf
----------------End of Script----------------

16:30:01 ERROR : Memory write error at 0x100000. MMU section translation fault
16:30:36 INFO  : Connected to target on host '127.0.0.1' and port '3121'.
16:30:37 INFO  : Jtag cable 'Avnet MiniZed V1 1234-oj1A' is selected.
16:30:37 INFO  : 'jtag frequency' command is executed.
16:30:37 INFO  : Context for 'APU' is selected.
16:30:37 INFO  : System reset is completed.
16:30:40 INFO  : 'after 3000' command is executed.
16:30:40 INFO  : 'targets -set -filter {jtag_cable_name =~ "Avnet MiniZed V1 1234-oj1A" && level==0 && jtag_device_ctx=="jsn-MiniZed V1-1234-oj1A-13723093-0"}' command is executed.
16:30:41 INFO  : FPGA configured successfully with bitstream "C:/Users/KasperPC/Desktop/EOS_Examen/EX6/EX6_app/_ide/bitstream/design_1_wrapper.bit"
16:30:41 INFO  : Context for 'APU' is selected.
16:30:41 INFO  : Hardware design and registers information is loaded from 'C:/Users/KasperPC/Desktop/EOS_Examen/EX6/EX6/export/EX6/hw/design_1_wrapper.xsa'.
16:30:41 INFO  : 'configparams force-mem-access 1' command is executed.
16:30:41 INFO  : Context for 'APU' is selected.
16:30:41 INFO  : Sourcing of 'C:/Users/KasperPC/Desktop/EOS_Examen/EX6/EX6_app/_ide/psinit/ps7_init.tcl' is done.
16:30:41 INFO  : 'ps7_init' command is executed.
16:30:41 INFO  : 'ps7_post_config' command is executed.
16:30:42 INFO  : Context for processor 'ps7_cortexa9_0' is selected.
16:30:42 ERROR : Memory write error at 0x100000. MMU section translation fault
16:30:42 INFO  : ----------------XSDB Script----------------
connect -url tcp:127.0.0.1:3121
targets -set -nocase -filter {name =~"APU*"}
rst -system
after 3000
targets -set -filter {jtag_cable_name =~ "Avnet MiniZed V1 1234-oj1A" && level==0 && jtag_device_ctx=="jsn-MiniZed V1-1234-oj1A-13723093-0"}
fpga -file C:/Users/KasperPC/Desktop/EOS_Examen/EX6/EX6_app/_ide/bitstream/design_1_wrapper.bit
targets -set -nocase -filter {name =~"APU*"}
loadhw -hw C:/Users/KasperPC/Desktop/EOS_Examen/EX6/EX6/export/EX6/hw/design_1_wrapper.xsa -mem-ranges [list {0x40000000 0xbfffffff}] -regs
configparams force-mem-access 1
targets -set -nocase -filter {name =~"APU*"}
source C:/Users/KasperPC/Desktop/EOS_Examen/EX6/EX6_app/_ide/psinit/ps7_init.tcl
ps7_init
ps7_post_config
targets -set -nocase -filter {name =~ "*A9*#0"}
dow C:/Users/KasperPC/Desktop/EOS_Examen/EX6/EX6_app/Debug/EX6_app.elf
----------------End of Script----------------

16:30:42 ERROR : Memory write error at 0x100000. MMU section translation fault
16:31:12 INFO  : Checking for BSP changes to sync application flags for project 'EX6_app'...
16:31:14 ERROR : (XSDB Server)ERROR: [Hsi 55-1571] The design file C:/Users/KasperPC/Desktop/EOS_Examen/EX6/EX6/export/EX6/hw/design_1_wrapper.xsa is already opened

16:31:21 INFO  : Checking for BSP changes to sync application flags for project 'EX6_app'...
16:31:22 ERROR : (XSDB Server)ERROR: [Hsi 55-1571] The design file C:/Users/Kasp
16:31:22 ERROR : (XSDB Server)erPC/Desktop/EOS_Examen/EX6/EX6/export/EX6/hw/design_1_wrapper.xsa is already opened

16:31:26 INFO  : Connected to target on host '127.0.0.1' and port '3121'.
16:31:26 INFO  : Jtag cable 'Avnet MiniZed V1 1234-oj1A' is selected.
16:31:26 INFO  : 'jtag frequency' command is executed.
16:31:26 INFO  : Context for 'APU' is selected.
16:31:26 INFO  : System reset is completed.
16:31:29 INFO  : 'after 3000' command is executed.
16:31:29 INFO  : 'targets -set -filter {jtag_cable_name =~ "Avnet MiniZed V1 1234-oj1A" && level==0 && jtag_device_ctx=="jsn-MiniZed V1-1234-oj1A-13723093-0"}' command is executed.
16:31:30 INFO  : FPGA configured successfully with bitstream "C:/Users/KasperPC/Desktop/EOS_Examen/EX6/EX6_app/_ide/bitstream/design_1_wrapper.bit"
16:31:30 INFO  : Context for 'APU' is selected.
16:31:30 INFO  : Hardware design and registers information is loaded from 'C:/Users/KasperPC/Desktop/EOS_Examen/EX6/EX6/export/EX6/hw/design_1_wrapper.xsa'.
16:31:30 INFO  : 'configparams force-mem-access 1' command is executed.
16:31:30 INFO  : Context for 'APU' is selected.
16:31:30 INFO  : Sourcing of 'C:/Users/KasperPC/Desktop/EOS_Examen/EX6/EX6_app/_ide/psinit/ps7_init.tcl' is done.
16:31:31 INFO  : 'ps7_init' command is executed.
16:31:31 INFO  : 'ps7_post_config' command is executed.
16:31:31 INFO  : Context for processor 'ps7_cortexa9_0' is selected.
16:31:31 INFO  : The application 'C:/Users/KasperPC/Desktop/EOS_Examen/EX6/EX6_app/Debug/EX6_app.elf' is downloaded to processor 'ps7_cortexa9_0'.
16:31:31 INFO  : 'configparams force-mem-access 0' command is executed.
16:31:31 INFO  : ----------------XSDB Script----------------
connect -url tcp:127.0.0.1:3121
targets -set -nocase -filter {name =~"APU*"}
rst -system
after 3000
targets -set -filter {jtag_cable_name =~ "Avnet MiniZed V1 1234-oj1A" && level==0 && jtag_device_ctx=="jsn-MiniZed V1-1234-oj1A-13723093-0"}
fpga -file C:/Users/KasperPC/Desktop/EOS_Examen/EX6/EX6_app/_ide/bitstream/design_1_wrapper.bit
targets -set -nocase -filter {name =~"APU*"}
loadhw -hw C:/Users/KasperPC/Desktop/EOS_Examen/EX6/EX6/export/EX6/hw/design_1_wrapper.xsa -mem-ranges [list {0x40000000 0xbfffffff}] -regs
configparams force-mem-access 1
targets -set -nocase -filter {name =~"APU*"}
source C:/Users/KasperPC/Desktop/EOS_Examen/EX6/EX6_app/_ide/psinit/ps7_init.tcl
ps7_init
ps7_post_config
targets -set -nocase -filter {name =~ "*A9*#0"}
dow C:/Users/KasperPC/Desktop/EOS_Examen/EX6/EX6_app/Debug/EX6_app.elf
configparams force-mem-access 0
----------------End of Script----------------

16:31:31 INFO  : Context for processor 'ps7_cortexa9_0' is selected.
16:31:31 INFO  : 'con' command is executed.
16:31:31 INFO  : ----------------XSDB Script (After Launch)----------------
targets -set -nocase -filter {name =~ "*A9*#0"}
con
----------------End of Script----------------

16:31:31 INFO  : Launch script is exported to file 'C:\Users\KasperPC\Desktop\EOS_Examen\EX6\.sdk\launch_scripts\single_application_debug\debugger_ex6_app-default.tcl'
16:31:40 INFO  : Disconnected from the channel tcfchan#2.
