11:21:08 INFO  : Launching XSCT server: xsct.bat -n  -interactive C:\Users\KasperPC\Desktop\EOS_Examen\EX8\EX8_1_1\temp_xsdb_launch_script.tcl
11:21:08 INFO  : Registering command handlers for Vitis TCF services
11:21:08 INFO  : Platform repository initialization has completed.
11:21:09 INFO  : XSCT server has started successfully.
11:21:09 INFO  : Successfully done setting XSCT server connection channel  
11:21:09 INFO  : Successfully done query RDI_DATADIR 
11:21:09 INFO  : Successfully done setting workspace for the tool. 
11:21:10 INFO  : plnx-install-location is set to ''
11:29:48 INFO  : Result from executing command 'getProjects': EX8_1_1
11:29:48 INFO  : Result from executing command 'getPlatforms': 
11:33:25 INFO  : Successfully done sdx_reload_mss "C:/Users/KasperPC/Desktop/EOS_Examen/EX8/EX8_1_1/EX8_1_1/zynq_fsbl/zynq_fsbl_bsp/system.mss"
11:33:31 INFO  : (SwPlaform) Successfully done setParamInSpec 
11:33:31 INFO  : (SwPlaform) Successfully done setParamInSpec 
11:33:32 INFO  : (SwPlatform) Successfully done update_mss 
11:33:33 INFO  : Successfully done sdx_reload_mss "C:/Users/KasperPC/Desktop/EOS_Examen/EX8/EX8_1_1/EX8_1_1/zynq_fsbl/zynq_fsbl_bsp/system.mss"
11:33:39 ERROR : (XSDB Server)rm: kan lstat `*.o' niet uitvoeren: Invalid argument

11:33:39 ERROR : (XSDB Server)make: *** [Makefile:42: clean] Error 1

11:33:42 INFO  : Successfully done sdx_reload_mss "C:/Users/KasperPC/Desktop/EOS_Examen/EX8/EX8_1_1/EX8_1_1/ps7_cortexa9_0/standalone_domain/bsp/system.mss"
11:33:46 INFO  : (SwPlaform) Successfully done setParamInSpec 
11:33:47 INFO  : (SwPlaform) Successfully done setParamInSpec 
11:33:48 INFO  : (SwPlatform) Successfully done update_mss 
11:33:49 INFO  : Successfully done sdx_reload_mss "C:/Users/KasperPC/Desktop/EOS_Examen/EX8/EX8_1_1/EX8_1_1/ps7_cortexa9_0/standalone_domain/bsp/system.mss"
11:34:24 INFO  : Result from executing command 'getProjects': EX8_1_1
11:34:24 INFO  : Result from executing command 'getPlatforms': EX8_1_1|C:/Users/KasperPC/Desktop/EOS_Examen/EX8/EX8_1_1/EX8_1_1/export/EX8_1_1/EX8_1_1.xpfm
11:39:49 INFO  : Checking for BSP changes to sync application flags for project 'EX8_1_1_app'...
11:40:51 INFO  : Launching XSCT server: xsct.bat -n  -interactive C:\Users\KasperPC\Desktop\EOS_Examen\EX8\EX8_1_1\temp_xsdb_launch_script.tcl
11:40:52 INFO  : Registering command handlers for Vitis TCF services
11:40:52 INFO  : Platform repository initialization has completed.
11:40:53 INFO  : XSCT server has started successfully.
11:40:53 INFO  : Successfully done setting XSCT server connection channel  
11:40:53 INFO  : plnx-install-location is set to ''
11:40:53 INFO  : Successfully done setting workspace for the tool. 
11:40:53 INFO  : Successfully done query RDI_DATADIR 
11:40:58 INFO  : Successfully done sdx_reload_mss "C:/Users/KasperPC/Desktop/EOS_Examen/EX8/EX8_1_1/EX8_1_1/zynq_fsbl/zynq_fsbl_bsp/system.mss"
11:41:03 INFO  : Successfully done sdx_reload_mss "C:/Users/KasperPC/Desktop/EOS_Examen/EX8/EX8_1_1/EX8_1_1/zynq_fsbl/zynq_fsbl_bsp/system.mss"
11:41:03 INFO  : No changes in MSS file content so sources will not be generated.
11:42:48 INFO  : Result from executing command 'getProjects': EX8_1_1_2
11:42:48 INFO  : Result from executing command 'getPlatforms': 
11:42:59 INFO  : Successfully done sdx_reload_mss "C:/Users/KasperPC/Desktop/EOS_Examen/EX8/EX8_1_1/EX8_1_1_2/zynq_fsbl/zynq_fsbl_bsp/system.mss"
11:43:03 INFO  : (SwPlaform) Successfully done setParamInSpec 
11:43:04 INFO  : (SwPlaform) Successfully done setParamInSpec 
11:43:06 INFO  : (SwPlatform) Successfully done update_mss 
11:43:07 INFO  : Successfully done sdx_reload_mss "C:/Users/KasperPC/Desktop/EOS_Examen/EX8/EX8_1_1/EX8_1_1_2/zynq_fsbl/zynq_fsbl_bsp/system.mss"
11:43:13 ERROR : (XSDB Server)rm: kan lstat `*.o' niet uitvoeren: Invalid argument

11:43:13 ERROR : (XSDB Server)make: *** [Makefile:42: clean] Error 1

11:43:14 INFO  : Successfully done sdx_reload_mss "C:/Users/KasperPC/Desktop/EOS_Examen/EX8/EX8_1_1/EX8_1_1_2/ps7_cortexa9_0/freertos10_xilinx_domain/bsp/system.mss"
11:43:17 INFO  : (SwPlaform) Successfully done setParamInSpec 
11:43:18 INFO  : (SwPlaform) Successfully done setParamInSpec 
11:43:19 INFO  : (SwPlatform) Successfully done update_mss 
11:43:20 INFO  : Successfully done sdx_reload_mss "C:/Users/KasperPC/Desktop/EOS_Examen/EX8/EX8_1_1/EX8_1_1_2/ps7_cortexa9_0/freertos10_xilinx_domain/bsp/system.mss"
11:43:52 INFO  : Result from executing command 'getProjects': EX8_1_1_2
11:43:52 INFO  : Result from executing command 'getPlatforms': EX8_1_1_2|C:/Users/KasperPC/Desktop/EOS_Examen/EX8/EX8_1_1/EX8_1_1_2/export/EX8_1_1_2/EX8_1_1_2.xpfm
11:47:36 INFO  : Checking for BSP changes to sync application flags for project 'EX8_1_1_app'...
11:47:42 INFO  : Connected to target on host '127.0.0.1' and port '3121'.
11:47:43 INFO  : Jtag cable 'Avnet MiniZed V1 1234-oj1A' is selected.
11:47:43 INFO  : 'jtag frequency' command is executed.
11:47:44 INFO  : Context for 'APU' is selected.
11:47:44 INFO  : System reset is completed.
11:47:47 INFO  : 'after 3000' command is executed.
11:47:47 INFO  : 'targets -set -filter {jtag_cable_name =~ "Avnet MiniZed V1 1234-oj1A" && level==0 && jtag_device_ctx=="jsn-MiniZed V1-1234-oj1A-13723093-0"}' command is executed.
11:47:49 INFO  : FPGA configured successfully with bitstream "C:/Users/KasperPC/Desktop/EOS_Examen/EX8/EX8_1_1/EX8_1_1_app/_ide/bitstream/design_1_wrapper.bit"
11:47:49 INFO  : Context for 'APU' is selected.
11:47:49 INFO  : Hardware design and registers information is loaded from 'C:/Users/KasperPC/Desktop/EOS_Examen/EX8/EX8_1_1/EX8_1_1_2/export/EX8_1_1_2/hw/design_1_wrapper.xsa'.
11:47:49 INFO  : 'configparams force-mem-access 1' command is executed.
11:47:49 INFO  : Context for 'APU' is selected.
11:47:49 INFO  : Sourcing of 'C:/Users/KasperPC/Desktop/EOS_Examen/EX8/EX8_1_1/EX8_1_1_app/_ide/psinit/ps7_init.tcl' is done.
11:47:49 INFO  : 'ps7_init' command is executed.
11:47:49 INFO  : 'ps7_post_config' command is executed.
11:47:49 INFO  : Context for processor 'ps7_cortexa9_0' is selected.
11:47:50 INFO  : The application 'C:/Users/KasperPC/Desktop/EOS_Examen/EX8/EX8_1_1/EX8_1_1_app/Debug/EX8_1_1_app.elf' is downloaded to processor 'ps7_cortexa9_0'.
11:47:50 INFO  : 'configparams force-mem-access 0' command is executed.
11:47:50 INFO  : ----------------XSDB Script----------------
connect -url tcp:127.0.0.1:3121
targets -set -nocase -filter {name =~"APU*"}
rst -system
after 3000
targets -set -filter {jtag_cable_name =~ "Avnet MiniZed V1 1234-oj1A" && level==0 && jtag_device_ctx=="jsn-MiniZed V1-1234-oj1A-13723093-0"}
fpga -file C:/Users/KasperPC/Desktop/EOS_Examen/EX8/EX8_1_1/EX8_1_1_app/_ide/bitstream/design_1_wrapper.bit
targets -set -nocase -filter {name =~"APU*"}
loadhw -hw C:/Users/KasperPC/Desktop/EOS_Examen/EX8/EX8_1_1/EX8_1_1_2/export/EX8_1_1_2/hw/design_1_wrapper.xsa -mem-ranges [list {0x40000000 0xbfffffff}] -regs
configparams force-mem-access 1
targets -set -nocase -filter {name =~"APU*"}
source C:/Users/KasperPC/Desktop/EOS_Examen/EX8/EX8_1_1/EX8_1_1_app/_ide/psinit/ps7_init.tcl
ps7_init
ps7_post_config
targets -set -nocase -filter {name =~ "*A9*#0"}
dow C:/Users/KasperPC/Desktop/EOS_Examen/EX8/EX8_1_1/EX8_1_1_app/Debug/EX8_1_1_app.elf
configparams force-mem-access 0
----------------End of Script----------------

11:47:50 INFO  : Context for processor 'ps7_cortexa9_0' is selected.
11:47:50 INFO  : 'con' command is executed.
11:47:50 INFO  : ----------------XSDB Script (After Launch)----------------
targets -set -nocase -filter {name =~ "*A9*#0"}
con
----------------End of Script----------------

11:47:50 INFO  : Launch script is exported to file 'C:\Users\KasperPC\Desktop\EOS_Examen\EX8\EX8_1_1\.sdk\launch_scripts\single_application_debug\debugger_ex8_1_1_app-default.tcl'
11:49:00 INFO  : Disconnected from the channel tcfchan#3.
12:04:04 INFO  : Launching XSCT server: xsct.bat -n  -interactive C:\Users\KasperPC\Desktop\EOS_Examen\EX8\EX8_1_1\temp_xsdb_launch_script.tcl
12:04:06 INFO  : XSCT server has started successfully.
12:04:06 INFO  : plnx-install-location is set to ''
12:04:06 INFO  : Successfully done setting XSCT server connection channel  
12:04:06 INFO  : Platform repository initialization has completed.
12:04:06 INFO  : Successfully done setting workspace for the tool. 
12:04:06 INFO  : Successfully done query RDI_DATADIR 
12:04:06 INFO  : Registering command handlers for Vitis TCF services
