16:33:28 INFO  : Launching XSCT server: xsct.bat -n  -interactive C:\Users\KasperPC\Desktop\EOS_Examen\EX7\temp_xsdb_launch_script.tcl
16:33:29 INFO  : Registering command handlers for Vitis TCF services
16:33:29 INFO  : Platform repository initialization has completed.
16:33:29 INFO  : XSCT server has started successfully.
16:33:29 INFO  : Successfully done setting XSCT server connection channel  
16:33:30 INFO  : Successfully done setting workspace for the tool. 
16:33:30 INFO  : Successfully done query RDI_DATADIR 
16:33:30 INFO  : plnx-install-location is set to ''
16:33:56 INFO  : Result from executing command 'getProjects': EX7
16:33:56 INFO  : Result from executing command 'getPlatforms': 
16:34:01 INFO  : Successfully done sdx_reload_mss "C:/Users/KasperPC/Desktop/EOS_Examen/EX7/EX7/zynq_fsbl/zynq_fsbl_bsp/system.mss"
16:34:10 INFO  : (SwPlaform) Successfully done setParamInSpec 
16:34:12 INFO  : (SwPlaform) Successfully done setParamInSpec 
16:34:13 INFO  : (SwPlaform) Successfully done setParamInSpec 
16:34:16 INFO  : (SwPlatform) Successfully done update_mss 
16:34:17 INFO  : Successfully done sdx_reload_mss "C:/Users/KasperPC/Desktop/EOS_Examen/EX7/EX7/zynq_fsbl/zynq_fsbl_bsp/system.mss"
16:34:24 ERROR : (XSDB Server)rm: kan lstat `*.o' niet uitvoeren: Invalid argument

16:34:24 ERROR : (XSDB Server)make: *** [Makefile:42: clean] Error 1

16:34:30 INFO  : Successfully done sdx_reload_mss "C:/Users/KasperPC/Desktop/EOS_Examen/EX7/EX7/ps7_cortexa9_0/freertos10_xilinx_domain/bsp/system.mss"
16:34:34 INFO  : (SwPlaform) Successfully done setParamInSpec 
16:34:35 INFO  : (SwPlaform) Successfully done setParamInSpec 
16:34:36 INFO  : (SwPlatform) Successfully done update_mss 
16:34:37 INFO  : Successfully done sdx_reload_mss "C:/Users/KasperPC/Desktop/EOS_Examen/EX7/EX7/ps7_cortexa9_0/freertos10_xilinx_domain/bsp/system.mss"
16:35:14 INFO  : Result from executing command 'getProjects': EX7
16:35:14 INFO  : Result from executing command 'getPlatforms': EX7|C:/Users/KasperPC/Desktop/EOS_Examen/EX7/EX7/export/EX7/EX7.xpfm
16:36:00 INFO  : Checking for BSP changes to sync application flags for project 'EX7_app'...
16:36:12 INFO  : Checking for BSP changes to sync application flags for project 'EX7_app'...
16:36:18 INFO  : Connected to target on host '127.0.0.1' and port '3121'.
16:36:20 INFO  : Jtag cable 'Avnet MiniZed V1 1234-oj1A' is selected.
16:36:20 INFO  : 'jtag frequency' command is executed.
16:36:20 INFO  : Context for 'APU' is selected.
16:36:20 INFO  : System reset is completed.
16:36:23 INFO  : 'after 3000' command is executed.
16:36:24 INFO  : 'targets -set -filter {jtag_cable_name =~ "Avnet MiniZed V1 1234-oj1A" && level==0 && jtag_device_ctx=="jsn-MiniZed V1-1234-oj1A-13723093-0"}' command is executed.
16:36:25 INFO  : FPGA configured successfully with bitstream "C:/Users/KasperPC/Desktop/EOS_Examen/EX7/EX7_app/_ide/bitstream/design_1_wrapper.bit"
16:36:26 INFO  : Context for 'APU' is selected.
16:36:26 INFO  : Hardware design and registers information is loaded from 'C:/Users/KasperPC/Desktop/EOS_Examen/EX7/EX7/export/EX7/hw/design_1_wrapper.xsa'.
16:36:26 INFO  : 'configparams force-mem-access 1' command is executed.
16:36:26 INFO  : Context for 'APU' is selected.
16:36:26 INFO  : Sourcing of 'C:/Users/KasperPC/Desktop/EOS_Examen/EX7/EX7_app/_ide/psinit/ps7_init.tcl' is done.
16:36:26 INFO  : 'ps7_init' command is executed.
16:36:27 INFO  : 'ps7_post_config' command is executed.
16:36:27 INFO  : Context for processor 'ps7_cortexa9_0' is selected.
16:36:27 INFO  : The application 'C:/Users/KasperPC/Desktop/EOS_Examen/EX7/EX7_app/Debug/EX7_app.elf' is downloaded to processor 'ps7_cortexa9_0'.
16:36:27 INFO  : 'configparams force-mem-access 0' command is executed.
16:36:27 INFO  : ----------------XSDB Script----------------
connect -url tcp:127.0.0.1:3121
targets -set -nocase -filter {name =~"APU*"}
rst -system
after 3000
targets -set -filter {jtag_cable_name =~ "Avnet MiniZed V1 1234-oj1A" && level==0 && jtag_device_ctx=="jsn-MiniZed V1-1234-oj1A-13723093-0"}
fpga -file C:/Users/KasperPC/Desktop/EOS_Examen/EX7/EX7_app/_ide/bitstream/design_1_wrapper.bit
targets -set -nocase -filter {name =~"APU*"}
loadhw -hw C:/Users/KasperPC/Desktop/EOS_Examen/EX7/EX7/export/EX7/hw/design_1_wrapper.xsa -mem-ranges [list {0x40000000 0xbfffffff}] -regs
configparams force-mem-access 1
targets -set -nocase -filter {name =~"APU*"}
source C:/Users/KasperPC/Desktop/EOS_Examen/EX7/EX7_app/_ide/psinit/ps7_init.tcl
ps7_init
ps7_post_config
targets -set -nocase -filter {name =~ "*A9*#0"}
dow C:/Users/KasperPC/Desktop/EOS_Examen/EX7/EX7_app/Debug/EX7_app.elf
configparams force-mem-access 0
----------------End of Script----------------

16:36:27 INFO  : Context for processor 'ps7_cortexa9_0' is selected.
16:36:27 INFO  : 'con' command is executed.
16:36:27 INFO  : ----------------XSDB Script (After Launch)----------------
targets -set -nocase -filter {name =~ "*A9*#0"}
con
----------------End of Script----------------

16:36:27 INFO  : Launch script is exported to file 'C:\Users\KasperPC\Desktop\EOS_Examen\EX7\.sdk\launch_scripts\single_application_debug\debugger_ex7_app-default.tcl'
16:36:43 INFO  : Checking for BSP changes to sync application flags for project 'EX7_app'...
16:36:47 INFO  : Disconnected from the channel tcfchan#4.
16:36:48 INFO  : Connected to target on host '127.0.0.1' and port '3121'.
16:36:49 INFO  : Jtag cable 'Avnet MiniZed V1 1234-oj1A' is selected.
16:36:49 INFO  : 'jtag frequency' command is executed.
16:36:49 INFO  : Context for 'APU' is selected.
16:36:49 INFO  : System reset is completed.
16:36:52 INFO  : 'after 3000' command is executed.
16:36:52 INFO  : 'targets -set -filter {jtag_cable_name =~ "Avnet MiniZed V1 1234-oj1A" && level==0 && jtag_device_ctx=="jsn-MiniZed V1-1234-oj1A-13723093-0"}' command is executed.
16:36:53 INFO  : FPGA configured successfully with bitstream "C:/Users/KasperPC/Desktop/EOS_Examen/EX7/EX7_app/_ide/bitstream/design_1_wrapper.bit"
16:36:53 INFO  : Context for 'APU' is selected.
16:36:53 INFO  : Hardware design and registers information is loaded from 'C:/Users/KasperPC/Desktop/EOS_Examen/EX7/EX7/export/EX7/hw/design_1_wrapper.xsa'.
16:36:53 INFO  : 'configparams force-mem-access 1' command is executed.
16:36:53 INFO  : Context for 'APU' is selected.
16:36:53 INFO  : Sourcing of 'C:/Users/KasperPC/Desktop/EOS_Examen/EX7/EX7_app/_ide/psinit/ps7_init.tcl' is done.
16:36:53 ERROR : Memory write error at 0xF8006004. AHB Memory access port is disabled
16:36:53 INFO  : ----------------XSDB Script----------------
connect -url tcp:127.0.0.1:3121
targets -set -nocase -filter {name =~"APU*"}
rst -system
after 3000
targets -set -filter {jtag_cable_name =~ "Avnet MiniZed V1 1234-oj1A" && level==0 && jtag_device_ctx=="jsn-MiniZed V1-1234-oj1A-13723093-0"}
fpga -file C:/Users/KasperPC/Desktop/EOS_Examen/EX7/EX7_app/_ide/bitstream/design_1_wrapper.bit
targets -set -nocase -filter {name =~"APU*"}
loadhw -hw C:/Users/KasperPC/Desktop/EOS_Examen/EX7/EX7/export/EX7/hw/design_1_wrapper.xsa -mem-ranges [list {0x40000000 0xbfffffff}] -regs
configparams force-mem-access 1
targets -set -nocase -filter {name =~"APU*"}
source C:/Users/KasperPC/Desktop/EOS_Examen/EX7/EX7_app/_ide/psinit/ps7_init.tcl
ps7_init
----------------End of Script----------------

16:36:53 ERROR : Memory write error at 0xF8006004. AHB Memory access port is disabled
16:37:36 INFO  : Checking for BSP changes to sync application flags for project 'EX7_app'...
16:37:40 INFO  : Connected to target on host '127.0.0.1' and port '3121'.
16:37:52 INFO  : ----------------XSDB Script----------------
connect -url tcp:127.0.0.1:3121
----------------End of Script----------------

16:37:52 ERROR : Could not find ARM device on the board for connection 'Local'.
Check if the target is in:
1. Split JTAG - No operations are possible with ARM DAP.
2. Non JTAG bootmode - Bootrom may need time to enable DAP.
Please try again.


Troubleshooting hints:
1. Check whether board is connected to system properly.
2. In case of zynq board, check whether Digilent/Xilinx cable switch settings are correct.
3. If you are using Xilinx Platform Cable USB, ensure that status LED is green.
16:38:21 INFO  : Connected to target on host '127.0.0.1' and port '3121'.
16:38:33 INFO  : ----------------XSDB Script----------------
connect -url tcp:127.0.0.1:3121
----------------End of Script----------------

16:38:33 ERROR : Could not find ARM device on the board for connection 'Local'.
Check if the target is in:
1. Split JTAG - No operations are possible with ARM DAP.
2. Non JTAG bootmode - Bootrom may need time to enable DAP.
Please try again.


Troubleshooting hints:
1. Check whether board is connected to system properly.
2. In case of zynq board, check whether Digilent/Xilinx cable switch settings are correct.
3. If you are using Xilinx Platform Cable USB, ensure that status LED is green.
16:38:54 INFO  : Connected to target on host '127.0.0.1' and port '3121'.
16:38:54 INFO  : Jtag cable 'Avnet MiniZed V1 1234-oj1A' is selected.
16:38:54 INFO  : 'jtag frequency' command is executed.
16:38:54 INFO  : Context for 'APU' is selected.
16:38:55 INFO  : System reset is completed.
16:38:58 INFO  : 'after 3000' command is executed.
16:38:58 INFO  : 'targets -set -filter {jtag_cable_name =~ "Avnet MiniZed V1 1234-oj1A" && level==0 && jtag_device_ctx=="jsn-MiniZed V1-1234-oj1A-13723093-0"}' command is executed.
16:38:59 INFO  : FPGA configured successfully with bitstream "C:/Users/KasperPC/Desktop/EOS_Examen/EX7/EX7_app/_ide/bitstream/design_1_wrapper.bit"
16:38:59 INFO  : Context for 'APU' is selected.
16:38:59 INFO  : Hardware design and registers information is loaded from 'C:/Users/KasperPC/Desktop/EOS_Examen/EX7/EX7/export/EX7/hw/design_1_wrapper.xsa'.
16:38:59 INFO  : 'configparams force-mem-access 1' command is executed.
16:38:59 INFO  : Context for 'APU' is selected.
16:38:59 INFO  : Sourcing of 'C:/Users/KasperPC/Desktop/EOS_Examen/EX7/EX7_app/_ide/psinit/ps7_init.tcl' is done.
16:39:00 INFO  : 'ps7_init' command is executed.
16:39:00 INFO  : 'ps7_post_config' command is executed.
16:39:00 INFO  : Context for processor 'ps7_cortexa9_0' is selected.
16:39:00 INFO  : The application 'C:/Users/KasperPC/Desktop/EOS_Examen/EX7/EX7_app/Debug/EX7_app.elf' is downloaded to processor 'ps7_cortexa9_0'.
16:39:00 INFO  : 'configparams force-mem-access 0' command is executed.
16:39:00 INFO  : ----------------XSDB Script----------------
connect -url tcp:127.0.0.1:3121
targets -set -nocase -filter {name =~"APU*"}
rst -system
after 3000
targets -set -filter {jtag_cable_name =~ "Avnet MiniZed V1 1234-oj1A" && level==0 && jtag_device_ctx=="jsn-MiniZed V1-1234-oj1A-13723093-0"}
fpga -file C:/Users/KasperPC/Desktop/EOS_Examen/EX7/EX7_app/_ide/bitstream/design_1_wrapper.bit
targets -set -nocase -filter {name =~"APU*"}
loadhw -hw C:/Users/KasperPC/Desktop/EOS_Examen/EX7/EX7/export/EX7/hw/design_1_wrapper.xsa -mem-ranges [list {0x40000000 0xbfffffff}] -regs
configparams force-mem-access 1
targets -set -nocase -filter {name =~"APU*"}
source C:/Users/KasperPC/Desktop/EOS_Examen/EX7/EX7_app/_ide/psinit/ps7_init.tcl
ps7_init
ps7_post_config
targets -set -nocase -filter {name =~ "*A9*#0"}
dow C:/Users/KasperPC/Desktop/EOS_Examen/EX7/EX7_app/Debug/EX7_app.elf
configparams force-mem-access 0
----------------End of Script----------------

16:39:00 INFO  : Context for processor 'ps7_cortexa9_0' is selected.
16:39:00 INFO  : 'con' command is executed.
16:39:00 INFO  : ----------------XSDB Script (After Launch)----------------
targets -set -nocase -filter {name =~ "*A9*#0"}
con
----------------End of Script----------------

16:39:00 INFO  : Launch script is exported to file 'C:\Users\KasperPC\Desktop\EOS_Examen\EX7\.sdk\launch_scripts\single_application_debug\debugger_ex7_app-default.tcl'
16:39:20 INFO  : Disconnected from the channel tcfchan#5.
16:39:21 INFO  : Connected to target on host '127.0.0.1' and port '3121'.
16:39:21 INFO  : Jtag cable 'Avnet MiniZed V1 1234-oj1A' is selected.
16:39:21 INFO  : 'jtag frequency' command is executed.
16:39:21 INFO  : Context for 'APU' is selected.
16:39:21 INFO  : System reset is completed.
16:39:24 INFO  : 'after 3000' command is executed.
16:39:24 INFO  : 'targets -set -filter {jtag_cable_name =~ "Avnet MiniZed V1 1234-oj1A" && level==0 && jtag_device_ctx=="jsn-MiniZed V1-1234-oj1A-13723093-0"}' command is executed.
16:39:25 INFO  : FPGA configured successfully with bitstream "C:/Users/KasperPC/Desktop/EOS_Examen/EX7/EX7_app/_ide/bitstream/design_1_wrapper.bit"
16:39:25 INFO  : Context for 'APU' is selected.
16:39:25 INFO  : Hardware design and registers information is loaded from 'C:/Users/KasperPC/Desktop/EOS_Examen/EX7/EX7/export/EX7/hw/design_1_wrapper.xsa'.
16:39:26 INFO  : 'configparams force-mem-access 1' command is executed.
16:39:26 INFO  : Context for 'APU' is selected.
16:39:26 INFO  : Sourcing of 'C:/Users/KasperPC/Desktop/EOS_Examen/EX7/EX7_app/_ide/psinit/ps7_init.tcl' is done.
16:39:26 INFO  : 'ps7_init' command is executed.
16:39:26 INFO  : 'ps7_post_config' command is executed.
16:39:26 INFO  : Context for processor 'ps7_cortexa9_0' is selected.
16:39:26 INFO  : The application 'C:/Users/KasperPC/Desktop/EOS_Examen/EX7/EX7_app/Debug/EX7_app.elf' is downloaded to processor 'ps7_cortexa9_0'.
16:39:26 INFO  : 'configparams force-mem-access 0' command is executed.
16:39:26 INFO  : ----------------XSDB Script----------------
connect -url tcp:127.0.0.1:3121
targets -set -nocase -filter {name =~"APU*"}
rst -system
after 3000
targets -set -filter {jtag_cable_name =~ "Avnet MiniZed V1 1234-oj1A" && level==0 && jtag_device_ctx=="jsn-MiniZed V1-1234-oj1A-13723093-0"}
fpga -file C:/Users/KasperPC/Desktop/EOS_Examen/EX7/EX7_app/_ide/bitstream/design_1_wrapper.bit
targets -set -nocase -filter {name =~"APU*"}
loadhw -hw C:/Users/KasperPC/Desktop/EOS_Examen/EX7/EX7/export/EX7/hw/design_1_wrapper.xsa -mem-ranges [list {0x40000000 0xbfffffff}] -regs
configparams force-mem-access 1
targets -set -nocase -filter {name =~"APU*"}
source C:/Users/KasperPC/Desktop/EOS_Examen/EX7/EX7_app/_ide/psinit/ps7_init.tcl
ps7_init
ps7_post_config
targets -set -nocase -filter {name =~ "*A9*#0"}
dow C:/Users/KasperPC/Desktop/EOS_Examen/EX7/EX7_app/Debug/EX7_app.elf
configparams force-mem-access 0
----------------End of Script----------------

16:39:26 INFO  : Context for processor 'ps7_cortexa9_0' is selected.
16:39:26 INFO  : 'con' command is executed.
16:39:26 INFO  : ----------------XSDB Script (After Launch)----------------
targets -set -nocase -filter {name =~ "*A9*#0"}
con
----------------End of Script----------------

16:39:26 INFO  : Launch script is exported to file 'C:\Users\KasperPC\Desktop\EOS_Examen\EX7\.sdk\launch_scripts\single_application_debug\debugger_ex7_app-default.tcl'
16:40:04 INFO  : Disconnected from the channel tcfchan#7.
16:40:05 INFO  : Connected to target on host '127.0.0.1' and port '3121'.
16:40:05 INFO  : Jtag cable 'Avnet MiniZed V1 1234-oj1A' is selected.
16:40:05 INFO  : 'jtag frequency' command is executed.
16:40:05 INFO  : Context for 'APU' is selected.
16:40:05 INFO  : System reset is completed.
16:40:08 INFO  : 'after 3000' command is executed.
16:40:08 INFO  : 'targets -set -filter {jtag_cable_name =~ "Avnet MiniZed V1 1234-oj1A" && level==0 && jtag_device_ctx=="jsn-MiniZed V1-1234-oj1A-13723093-0"}' command is executed.
16:40:09 INFO  : FPGA configured successfully with bitstream "C:/Users/KasperPC/Desktop/EOS_Examen/EX7/EX7_app/_ide/bitstream/design_1_wrapper.bit"
16:40:09 INFO  : Context for 'APU' is selected.
16:40:09 INFO  : Hardware design and registers information is loaded from 'C:/Users/KasperPC/Desktop/EOS_Examen/EX7/EX7/export/EX7/hw/design_1_wrapper.xsa'.
16:40:09 INFO  : 'configparams force-mem-access 1' command is executed.
16:40:09 INFO  : Context for 'APU' is selected.
16:40:09 INFO  : Sourcing of 'C:/Users/KasperPC/Desktop/EOS_Examen/EX7/EX7_app/_ide/psinit/ps7_init.tcl' is done.
16:40:10 INFO  : 'ps7_init' command is executed.
16:40:10 INFO  : 'ps7_post_config' command is executed.
16:40:10 INFO  : Context for processor 'ps7_cortexa9_0' is selected.
16:40:10 INFO  : The application 'C:/Users/KasperPC/Desktop/EOS_Examen/EX7/EX7_app/Debug/EX7_app.elf' is downloaded to processor 'ps7_cortexa9_0'.
16:40:10 INFO  : 'configparams force-mem-access 0' command is executed.
16:40:10 INFO  : ----------------XSDB Script----------------
connect -url tcp:127.0.0.1:3121
targets -set -nocase -filter {name =~"APU*"}
rst -system
after 3000
targets -set -filter {jtag_cable_name =~ "Avnet MiniZed V1 1234-oj1A" && level==0 && jtag_device_ctx=="jsn-MiniZed V1-1234-oj1A-13723093-0"}
fpga -file C:/Users/KasperPC/Desktop/EOS_Examen/EX7/EX7_app/_ide/bitstream/design_1_wrapper.bit
targets -set -nocase -filter {name =~"APU*"}
loadhw -hw C:/Users/KasperPC/Desktop/EOS_Examen/EX7/EX7/export/EX7/hw/design_1_wrapper.xsa -mem-ranges [list {0x40000000 0xbfffffff}] -regs
configparams force-mem-access 1
targets -set -nocase -filter {name =~"APU*"}
source C:/Users/KasperPC/Desktop/EOS_Examen/EX7/EX7_app/_ide/psinit/ps7_init.tcl
ps7_init
ps7_post_config
targets -set -nocase -filter {name =~ "*A9*#0"}
dow C:/Users/KasperPC/Desktop/EOS_Examen/EX7/EX7_app/Debug/EX7_app.elf
configparams force-mem-access 0
----------------End of Script----------------

16:40:10 INFO  : Context for processor 'ps7_cortexa9_0' is selected.
16:40:10 INFO  : 'con' command is executed.
16:40:10 INFO  : ----------------XSDB Script (After Launch)----------------
targets -set -nocase -filter {name =~ "*A9*#0"}
con
----------------End of Script----------------

16:40:10 INFO  : Launch script is exported to file 'C:\Users\KasperPC\Desktop\EOS_Examen\EX7\.sdk\launch_scripts\single_application_debug\debugger_ex7_app-default.tcl'
16:41:13 INFO  : Checking for BSP changes to sync application flags for project 'EX7_app'...
16:41:24 INFO  : Checking for BSP changes to sync application flags for project 'EX7_app'...
16:41:33 INFO  : Checking for BSP changes to sync application flags for project 'EX7_app'...
16:41:37 INFO  : Disconnected from the channel tcfchan#8.
16:41:38 INFO  : Connected to target on host '127.0.0.1' and port '3121'.
16:41:39 INFO  : Jtag cable 'Avnet MiniZed V1 1234-oj1A' is selected.
16:41:39 INFO  : 'jtag frequency' command is executed.
16:41:39 INFO  : Context for 'APU' is selected.
16:41:39 INFO  : System reset is completed.
16:41:42 INFO  : 'after 3000' command is executed.
16:41:42 INFO  : 'targets -set -filter {jtag_cable_name =~ "Avnet MiniZed V1 1234-oj1A" && level==0 && jtag_device_ctx=="jsn-MiniZed V1-1234-oj1A-13723093-0"}' command is executed.
16:41:43 INFO  : FPGA configured successfully with bitstream "C:/Users/KasperPC/Desktop/EOS_Examen/EX7/EX7_app/_ide/bitstream/design_1_wrapper.bit"
16:41:43 INFO  : Context for 'APU' is selected.
16:41:43 INFO  : Hardware design and registers information is loaded from 'C:/Users/KasperPC/Desktop/EOS_Examen/EX7/EX7/export/EX7/hw/design_1_wrapper.xsa'.
16:41:43 INFO  : 'configparams force-mem-access 1' command is executed.
16:41:43 INFO  : Context for 'APU' is selected.
16:41:43 INFO  : Sourcing of 'C:/Users/KasperPC/Desktop/EOS_Examen/EX7/EX7_app/_ide/psinit/ps7_init.tcl' is done.
16:41:43 INFO  : 'ps7_init' command is executed.
16:41:43 INFO  : 'ps7_post_config' command is executed.
16:41:43 INFO  : Context for processor 'ps7_cortexa9_0' is selected.
16:41:44 INFO  : The application 'C:/Users/KasperPC/Desktop/EOS_Examen/EX7/EX7_app/Debug/EX7_app.elf' is downloaded to processor 'ps7_cortexa9_0'.
16:41:44 INFO  : 'configparams force-mem-access 0' command is executed.
16:41:44 INFO  : ----------------XSDB Script----------------
connect -url tcp:127.0.0.1:3121
targets -set -nocase -filter {name =~"APU*"}
rst -system
after 3000
targets -set -filter {jtag_cable_name =~ "Avnet MiniZed V1 1234-oj1A" && level==0 && jtag_device_ctx=="jsn-MiniZed V1-1234-oj1A-13723093-0"}
fpga -file C:/Users/KasperPC/Desktop/EOS_Examen/EX7/EX7_app/_ide/bitstream/design_1_wrapper.bit
targets -set -nocase -filter {name =~"APU*"}
loadhw -hw C:/Users/KasperPC/Desktop/EOS_Examen/EX7/EX7/export/EX7/hw/design_1_wrapper.xsa -mem-ranges [list {0x40000000 0xbfffffff}] -regs
configparams force-mem-access 1
targets -set -nocase -filter {name =~"APU*"}
source C:/Users/KasperPC/Desktop/EOS_Examen/EX7/EX7_app/_ide/psinit/ps7_init.tcl
ps7_init
ps7_post_config
targets -set -nocase -filter {name =~ "*A9*#0"}
dow C:/Users/KasperPC/Desktop/EOS_Examen/EX7/EX7_app/Debug/EX7_app.elf
configparams force-mem-access 0
----------------End of Script----------------

16:41:44 INFO  : Context for processor 'ps7_cortexa9_0' is selected.
16:41:44 INFO  : 'con' command is executed.
16:41:44 INFO  : ----------------XSDB Script (After Launch)----------------
targets -set -nocase -filter {name =~ "*A9*#0"}
con
----------------End of Script----------------

16:41:44 INFO  : Launch script is exported to file 'C:\Users\KasperPC\Desktop\EOS_Examen\EX7\.sdk\launch_scripts\single_application_debug\debugger_ex7_app-default.tcl'
16:42:23 INFO  : Checking for BSP changes to sync application flags for project 'EX7_app'...
16:43:34 INFO  : Checking for BSP changes to sync application flags for project 'EX7_app'...
16:43:43 INFO  : Disconnected from the channel tcfchan#9.
16:43:44 INFO  : Connected to target on host '127.0.0.1' and port '3121'.
16:43:44 INFO  : Jtag cable 'Avnet MiniZed V1 1234-oj1A' is selected.
16:43:44 INFO  : 'jtag frequency' command is executed.
16:43:44 INFO  : Context for 'APU' is selected.
16:43:44 INFO  : System reset is completed.
16:43:47 INFO  : 'after 3000' command is executed.
16:43:47 INFO  : 'targets -set -filter {jtag_cable_name =~ "Avnet MiniZed V1 1234-oj1A" && level==0 && jtag_device_ctx=="jsn-MiniZed V1-1234-oj1A-13723093-0"}' command is executed.
16:43:48 INFO  : FPGA configured successfully with bitstream "C:/Users/KasperPC/Desktop/EOS_Examen/EX7/EX7_app/_ide/bitstream/design_1_wrapper.bit"
16:43:48 INFO  : Context for 'APU' is selected.
16:43:48 INFO  : Hardware design and registers information is loaded from 'C:/Users/KasperPC/Desktop/EOS_Examen/EX7/EX7/export/EX7/hw/design_1_wrapper.xsa'.
16:43:48 INFO  : 'configparams force-mem-access 1' command is executed.
16:43:48 INFO  : Context for 'APU' is selected.
16:43:48 INFO  : Sourcing of 'C:/Users/KasperPC/Desktop/EOS_Examen/EX7/EX7_app/_ide/psinit/ps7_init.tcl' is done.
16:43:49 INFO  : 'ps7_init' command is executed.
16:43:49 INFO  : 'ps7_post_config' command is executed.
16:43:49 INFO  : Context for processor 'ps7_cortexa9_0' is selected.
16:43:49 INFO  : The application 'C:/Users/KasperPC/Desktop/EOS_Examen/EX7/EX7_app/Debug/EX7_app.elf' is downloaded to processor 'ps7_cortexa9_0'.
16:43:49 INFO  : 'configparams force-mem-access 0' command is executed.
16:43:49 INFO  : ----------------XSDB Script----------------
connect -url tcp:127.0.0.1:3121
targets -set -nocase -filter {name =~"APU*"}
rst -system
after 3000
targets -set -filter {jtag_cable_name =~ "Avnet MiniZed V1 1234-oj1A" && level==0 && jtag_device_ctx=="jsn-MiniZed V1-1234-oj1A-13723093-0"}
fpga -file C:/Users/KasperPC/Desktop/EOS_Examen/EX7/EX7_app/_ide/bitstream/design_1_wrapper.bit
targets -set -nocase -filter {name =~"APU*"}
loadhw -hw C:/Users/KasperPC/Desktop/EOS_Examen/EX7/EX7/export/EX7/hw/design_1_wrapper.xsa -mem-ranges [list {0x40000000 0xbfffffff}] -regs
configparams force-mem-access 1
targets -set -nocase -filter {name =~"APU*"}
source C:/Users/KasperPC/Desktop/EOS_Examen/EX7/EX7_app/_ide/psinit/ps7_init.tcl
ps7_init
ps7_post_config
targets -set -nocase -filter {name =~ "*A9*#0"}
dow C:/Users/KasperPC/Desktop/EOS_Examen/EX7/EX7_app/Debug/EX7_app.elf
configparams force-mem-access 0
----------------End of Script----------------

16:43:49 INFO  : Context for processor 'ps7_cortexa9_0' is selected.
16:43:49 INFO  : 'con' command is executed.
16:43:49 INFO  : ----------------XSDB Script (After Launch)----------------
targets -set -nocase -filter {name =~ "*A9*#0"}
con
----------------End of Script----------------

16:43:49 INFO  : Launch script is exported to file 'C:\Users\KasperPC\Desktop\EOS_Examen\EX7\.sdk\launch_scripts\single_application_debug\debugger_ex7_app-default.tcl'
16:44:01 INFO  : Checking for BSP changes to sync application flags for project 'EX7_app'...
16:44:10 INFO  : Disconnected from the channel tcfchan#12.
16:44:11 INFO  : Connected to target on host '127.0.0.1' and port '3121'.
16:44:12 INFO  : Jtag cable 'Avnet MiniZed V1 1234-oj1A' is selected.
16:44:12 INFO  : 'jtag frequency' command is executed.
16:44:12 INFO  : Context for 'APU' is selected.
16:44:12 INFO  : System reset is completed.
16:44:15 INFO  : 'after 3000' command is executed.
16:44:15 INFO  : 'targets -set -filter {jtag_cable_name =~ "Avnet MiniZed V1 1234-oj1A" && level==0 && jtag_device_ctx=="jsn-MiniZed V1-1234-oj1A-13723093-0"}' command is executed.
16:44:16 INFO  : FPGA configured successfully with bitstream "C:/Users/KasperPC/Desktop/EOS_Examen/EX7/EX7_app/_ide/bitstream/design_1_wrapper.bit"
16:44:16 INFO  : Context for 'APU' is selected.
16:44:16 INFO  : Hardware design and registers information is loaded from 'C:/Users/KasperPC/Desktop/EOS_Examen/EX7/EX7/export/EX7/hw/design_1_wrapper.xsa'.
16:44:16 INFO  : 'configparams force-mem-access 1' command is executed.
16:44:16 INFO  : Context for 'APU' is selected.
16:44:16 INFO  : Sourcing of 'C:/Users/KasperPC/Desktop/EOS_Examen/EX7/EX7_app/_ide/psinit/ps7_init.tcl' is done.
16:44:17 INFO  : 'ps7_init' command is executed.
16:44:17 INFO  : 'ps7_post_config' command is executed.
16:44:17 INFO  : Context for processor 'ps7_cortexa9_0' is selected.
16:44:17 INFO  : The application 'C:/Users/KasperPC/Desktop/EOS_Examen/EX7/EX7_app/Debug/EX7_app.elf' is downloaded to processor 'ps7_cortexa9_0'.
16:44:17 INFO  : 'configparams force-mem-access 0' command is executed.
16:44:17 INFO  : ----------------XSDB Script----------------
connect -url tcp:127.0.0.1:3121
targets -set -nocase -filter {name =~"APU*"}
rst -system
after 3000
targets -set -filter {jtag_cable_name =~ "Avnet MiniZed V1 1234-oj1A" && level==0 && jtag_device_ctx=="jsn-MiniZed V1-1234-oj1A-13723093-0"}
fpga -file C:/Users/KasperPC/Desktop/EOS_Examen/EX7/EX7_app/_ide/bitstream/design_1_wrapper.bit
targets -set -nocase -filter {name =~"APU*"}
loadhw -hw C:/Users/KasperPC/Desktop/EOS_Examen/EX7/EX7/export/EX7/hw/design_1_wrapper.xsa -mem-ranges [list {0x40000000 0xbfffffff}] -regs
configparams force-mem-access 1
targets -set -nocase -filter {name =~"APU*"}
source C:/Users/KasperPC/Desktop/EOS_Examen/EX7/EX7_app/_ide/psinit/ps7_init.tcl
ps7_init
ps7_post_config
targets -set -nocase -filter {name =~ "*A9*#0"}
dow C:/Users/KasperPC/Desktop/EOS_Examen/EX7/EX7_app/Debug/EX7_app.elf
configparams force-mem-access 0
----------------End of Script----------------

16:44:17 INFO  : Context for processor 'ps7_cortexa9_0' is selected.
16:44:17 INFO  : 'con' command is executed.
16:44:17 INFO  : ----------------XSDB Script (After Launch)----------------
targets -set -nocase -filter {name =~ "*A9*#0"}
con
----------------End of Script----------------

16:44:17 INFO  : Launch script is exported to file 'C:\Users\KasperPC\Desktop\EOS_Examen\EX7\.sdk\launch_scripts\single_application_debug\debugger_ex7_app-default.tcl'
16:45:12 INFO  : Checking for BSP changes to sync application flags for project 'EX7_app'...
16:45:19 INFO  : Checking for BSP changes to sync application flags for project 'EX7_app'...
16:45:31 INFO  : Disconnected from the channel tcfchan#14.
16:45:32 INFO  : Connected to target on host '127.0.0.1' and port '3121'.
16:45:32 INFO  : Jtag cable 'Avnet MiniZed V1 1234-oj1A' is selected.
16:45:32 INFO  : 'jtag frequency' command is executed.
16:45:32 INFO  : Context for 'APU' is selected.
16:45:32 INFO  : System reset is completed.
16:45:35 INFO  : 'after 3000' command is executed.
16:45:35 INFO  : 'targets -set -filter {jtag_cable_name =~ "Avnet MiniZed V1 1234-oj1A" && level==0 && jtag_device_ctx=="jsn-MiniZed V1-1234-oj1A-13723093-0"}' command is executed.
16:45:37 INFO  : FPGA configured successfully with bitstream "C:/Users/KasperPC/Desktop/EOS_Examen/EX7/EX7_app/_ide/bitstream/design_1_wrapper.bit"
16:45:37 INFO  : Context for 'APU' is selected.
16:45:37 INFO  : Hardware design and registers information is loaded from 'C:/Users/KasperPC/Desktop/EOS_Examen/EX7/EX7/export/EX7/hw/design_1_wrapper.xsa'.
16:45:37 INFO  : 'configparams force-mem-access 1' command is executed.
16:45:37 INFO  : Context for 'APU' is selected.
16:45:37 INFO  : Sourcing of 'C:/Users/KasperPC/Desktop/EOS_Examen/EX7/EX7_app/_ide/psinit/ps7_init.tcl' is done.
16:45:37 INFO  : 'ps7_init' command is executed.
16:45:37 INFO  : 'ps7_post_config' command is executed.
16:45:37 INFO  : Context for processor 'ps7_cortexa9_0' is selected.
16:45:37 INFO  : The application 'C:/Users/KasperPC/Desktop/EOS_Examen/EX7/EX7_app/Debug/EX7_app.elf' is downloaded to processor 'ps7_cortexa9_0'.
16:45:37 INFO  : 'configparams force-mem-access 0' command is executed.
16:45:37 INFO  : ----------------XSDB Script----------------
connect -url tcp:127.0.0.1:3121
targets -set -nocase -filter {name =~"APU*"}
rst -system
after 3000
targets -set -filter {jtag_cable_name =~ "Avnet MiniZed V1 1234-oj1A" && level==0 && jtag_device_ctx=="jsn-MiniZed V1-1234-oj1A-13723093-0"}
fpga -file C:/Users/KasperPC/Desktop/EOS_Examen/EX7/EX7_app/_ide/bitstream/design_1_wrapper.bit
targets -set -nocase -filter {name =~"APU*"}
loadhw -hw C:/Users/KasperPC/Desktop/EOS_Examen/EX7/EX7/export/EX7/hw/design_1_wrapper.xsa -mem-ranges [list {0x40000000 0xbfffffff}] -regs
configparams force-mem-access 1
targets -set -nocase -filter {name =~"APU*"}
source C:/Users/KasperPC/Desktop/EOS_Examen/EX7/EX7_app/_ide/psinit/ps7_init.tcl
ps7_init
ps7_post_config
targets -set -nocase -filter {name =~ "*A9*#0"}
dow C:/Users/KasperPC/Desktop/EOS_Examen/EX7/EX7_app/Debug/EX7_app.elf
configparams force-mem-access 0
----------------End of Script----------------

16:45:37 INFO  : Context for processor 'ps7_cortexa9_0' is selected.
16:45:37 INFO  : 'con' command is executed.
16:45:37 INFO  : ----------------XSDB Script (After Launch)----------------
targets -set -nocase -filter {name =~ "*A9*#0"}
con
----------------End of Script----------------

16:45:37 INFO  : Launch script is exported to file 'C:\Users\KasperPC\Desktop\EOS_Examen\EX7\.sdk\launch_scripts\single_application_debug\debugger_ex7_app-default.tcl'
16:45:57 INFO  : Checking for BSP changes to sync application flags for project 'EX7_app'...
16:46:06 INFO  : Disconnected from the channel tcfchan#17.
16:46:07 INFO  : Connected to target on host '127.0.0.1' and port '3121'.
16:46:07 INFO  : Jtag cable 'Avnet MiniZed V1 1234-oj1A' is selected.
16:46:07 INFO  : 'jtag frequency' command is executed.
16:46:07 INFO  : Context for 'APU' is selected.
16:46:07 INFO  : System reset is completed.
16:46:10 INFO  : 'after 3000' command is executed.
16:46:10 INFO  : 'targets -set -filter {jtag_cable_name =~ "Avnet MiniZed V1 1234-oj1A" && level==0 && jtag_device_ctx=="jsn-MiniZed V1-1234-oj1A-13723093-0"}' command is executed.
16:46:11 INFO  : FPGA configured successfully with bitstream "C:/Users/KasperPC/Desktop/EOS_Examen/EX7/EX7_app/_ide/bitstream/design_1_wrapper.bit"
16:46:12 INFO  : Context for 'APU' is selected.
16:46:12 INFO  : Hardware design and registers information is loaded from 'C:/Users/KasperPC/Desktop/EOS_Examen/EX7/EX7/export/EX7/hw/design_1_wrapper.xsa'.
16:46:12 INFO  : 'configparams force-mem-access 1' command is executed.
16:46:12 INFO  : Context for 'APU' is selected.
16:46:12 INFO  : Sourcing of 'C:/Users/KasperPC/Desktop/EOS_Examen/EX7/EX7_app/_ide/psinit/ps7_init.tcl' is done.
16:46:12 INFO  : 'ps7_init' command is executed.
16:46:12 INFO  : 'ps7_post_config' command is executed.
16:46:12 INFO  : Context for processor 'ps7_cortexa9_0' is selected.
16:46:12 INFO  : The application 'C:/Users/KasperPC/Desktop/EOS_Examen/EX7/EX7_app/Debug/EX7_app.elf' is downloaded to processor 'ps7_cortexa9_0'.
16:46:12 INFO  : 'configparams force-mem-access 0' command is executed.
16:46:12 INFO  : ----------------XSDB Script----------------
connect -url tcp:127.0.0.1:3121
targets -set -nocase -filter {name =~"APU*"}
rst -system
after 3000
targets -set -filter {jtag_cable_name =~ "Avnet MiniZed V1 1234-oj1A" && level==0 && jtag_device_ctx=="jsn-MiniZed V1-1234-oj1A-13723093-0"}
fpga -file C:/Users/KasperPC/Desktop/EOS_Examen/EX7/EX7_app/_ide/bitstream/design_1_wrapper.bit
targets -set -nocase -filter {name =~"APU*"}
loadhw -hw C:/Users/KasperPC/Desktop/EOS_Examen/EX7/EX7/export/EX7/hw/design_1_wrapper.xsa -mem-ranges [list {0x40000000 0xbfffffff}] -regs
configparams force-mem-access 1
targets -set -nocase -filter {name =~"APU*"}
source C:/Users/KasperPC/Desktop/EOS_Examen/EX7/EX7_app/_ide/psinit/ps7_init.tcl
ps7_init
ps7_post_config
targets -set -nocase -filter {name =~ "*A9*#0"}
dow C:/Users/KasperPC/Desktop/EOS_Examen/EX7/EX7_app/Debug/EX7_app.elf
configparams force-mem-access 0
----------------End of Script----------------

16:46:12 INFO  : Context for processor 'ps7_cortexa9_0' is selected.
16:46:12 INFO  : 'con' command is executed.
16:46:12 INFO  : ----------------XSDB Script (After Launch)----------------
targets -set -nocase -filter {name =~ "*A9*#0"}
con
----------------End of Script----------------

16:46:12 INFO  : Launch script is exported to file 'C:\Users\KasperPC\Desktop\EOS_Examen\EX7\.sdk\launch_scripts\single_application_debug\debugger_ex7_app-default.tcl'
16:46:28 INFO  : Checking for BSP changes to sync application flags for project 'EX7_app'...
16:46:34 INFO  : Disconnected from the channel tcfchan#19.
16:46:36 INFO  : Connected to target on host '127.0.0.1' and port '3121'.
16:46:36 INFO  : Jtag cable 'Avnet MiniZed V1 1234-oj1A' is selected.
16:46:36 INFO  : 'jtag frequency' command is executed.
16:46:36 INFO  : Context for 'APU' is selected.
16:46:36 INFO  : System reset is completed.
16:46:39 INFO  : 'after 3000' command is executed.
16:46:39 INFO  : 'targets -set -filter {jtag_cable_name =~ "Avnet MiniZed V1 1234-oj1A" && level==0 && jtag_device_ctx=="jsn-MiniZed V1-1234-oj1A-13723093-0"}' command is executed.
16:46:40 INFO  : FPGA configured successfully with bitstream "C:/Users/KasperPC/Desktop/EOS_Examen/EX7/EX7_app/_ide/bitstream/design_1_wrapper.bit"
16:46:40 INFO  : Context for 'APU' is selected.
16:46:40 INFO  : Hardware design and registers information is loaded from 'C:/Users/KasperPC/Desktop/EOS_Examen/EX7/EX7/export/EX7/hw/design_1_wrapper.xsa'.
16:46:40 INFO  : 'configparams force-mem-access 1' command is executed.
16:46:40 INFO  : Context for 'APU' is selected.
16:46:40 INFO  : Sourcing of 'C:/Users/KasperPC/Desktop/EOS_Examen/EX7/EX7_app/_ide/psinit/ps7_init.tcl' is done.
16:46:41 INFO  : 'ps7_init' command is executed.
16:46:41 INFO  : 'ps7_post_config' command is executed.
16:46:41 INFO  : Context for processor 'ps7_cortexa9_0' is selected.
16:46:41 INFO  : The application 'C:/Users/KasperPC/Desktop/EOS_Examen/EX7/EX7_app/Debug/EX7_app.elf' is downloaded to processor 'ps7_cortexa9_0'.
16:46:41 INFO  : 'configparams force-mem-access 0' command is executed.
16:46:41 INFO  : ----------------XSDB Script----------------
connect -url tcp:127.0.0.1:3121
targets -set -nocase -filter {name =~"APU*"}
rst -system
after 3000
targets -set -filter {jtag_cable_name =~ "Avnet MiniZed V1 1234-oj1A" && level==0 && jtag_device_ctx=="jsn-MiniZed V1-1234-oj1A-13723093-0"}
fpga -file C:/Users/KasperPC/Desktop/EOS_Examen/EX7/EX7_app/_ide/bitstream/design_1_wrapper.bit
targets -set -nocase -filter {name =~"APU*"}
loadhw -hw C:/Users/KasperPC/Desktop/EOS_Examen/EX7/EX7/export/EX7/hw/design_1_wrapper.xsa -mem-ranges [list {0x40000000 0xbfffffff}] -regs
configparams force-mem-access 1
targets -set -nocase -filter {name =~"APU*"}
source C:/Users/KasperPC/Desktop/EOS_Examen/EX7/EX7_app/_ide/psinit/ps7_init.tcl
ps7_init
ps7_post_config
targets -set -nocase -filter {name =~ "*A9*#0"}
dow C:/Users/KasperPC/Desktop/EOS_Examen/EX7/EX7_app/Debug/EX7_app.elf
configparams force-mem-access 0
----------------End of Script----------------

16:46:41 INFO  : Context for processor 'ps7_cortexa9_0' is selected.
16:46:41 INFO  : 'con' command is executed.
16:46:41 INFO  : ----------------XSDB Script (After Launch)----------------
targets -set -nocase -filter {name =~ "*A9*#0"}
con
----------------End of Script----------------

16:46:41 INFO  : Launch script is exported to file 'C:\Users\KasperPC\Desktop\EOS_Examen\EX7\.sdk\launch_scripts\single_application_debug\debugger_ex7_app-default.tcl'
16:47:24 INFO  : Checking for BSP changes to sync application flags for project 'EX7_app'...
16:47:33 INFO  : Disconnected from the channel tcfchan#21.
16:47:34 INFO  : Connected to target on host '127.0.0.1' and port '3121'.
16:47:34 INFO  : Jtag cable 'Avnet MiniZed V1 1234-oj1A' is selected.
16:47:34 INFO  : 'jtag frequency' command is executed.
16:47:34 INFO  : Context for 'APU' is selected.
16:47:34 INFO  : System reset is completed.
16:47:37 INFO  : 'after 3000' command is executed.
16:47:37 INFO  : 'targets -set -filter {jtag_cable_name =~ "Avnet MiniZed V1 1234-oj1A" && level==0 && jtag_device_ctx=="jsn-MiniZed V1-1234-oj1A-13723093-0"}' command is executed.
16:47:38 INFO  : FPGA configured successfully with bitstream "C:/Users/KasperPC/Desktop/EOS_Examen/EX7/EX7_app/_ide/bitstream/design_1_wrapper.bit"
16:47:38 INFO  : Context for 'APU' is selected.
16:47:38 INFO  : Hardware design and registers information is loaded from 'C:/Users/KasperPC/Desktop/EOS_Examen/EX7/EX7/export/EX7/hw/design_1_wrapper.xsa'.
16:47:38 INFO  : 'configparams force-mem-access 1' command is executed.
16:47:38 INFO  : Context for 'APU' is selected.
16:47:38 INFO  : Sourcing of 'C:/Users/KasperPC/Desktop/EOS_Examen/EX7/EX7_app/_ide/psinit/ps7_init.tcl' is done.
16:47:39 INFO  : 'ps7_init' command is executed.
16:47:39 INFO  : 'ps7_post_config' command is executed.
16:47:39 INFO  : Context for processor 'ps7_cortexa9_0' is selected.
16:47:39 INFO  : The application 'C:/Users/KasperPC/Desktop/EOS_Examen/EX7/EX7_app/Debug/EX7_app.elf' is downloaded to processor 'ps7_cortexa9_0'.
16:47:39 INFO  : 'configparams force-mem-access 0' command is executed.
16:47:39 INFO  : ----------------XSDB Script----------------
connect -url tcp:127.0.0.1:3121
targets -set -nocase -filter {name =~"APU*"}
rst -system
after 3000
targets -set -filter {jtag_cable_name =~ "Avnet MiniZed V1 1234-oj1A" && level==0 && jtag_device_ctx=="jsn-MiniZed V1-1234-oj1A-13723093-0"}
fpga -file C:/Users/KasperPC/Desktop/EOS_Examen/EX7/EX7_app/_ide/bitstream/design_1_wrapper.bit
targets -set -nocase -filter {name =~"APU*"}
loadhw -hw C:/Users/KasperPC/Desktop/EOS_Examen/EX7/EX7/export/EX7/hw/design_1_wrapper.xsa -mem-ranges [list {0x40000000 0xbfffffff}] -regs
configparams force-mem-access 1
targets -set -nocase -filter {name =~"APU*"}
source C:/Users/KasperPC/Desktop/EOS_Examen/EX7/EX7_app/_ide/psinit/ps7_init.tcl
ps7_init
ps7_post_config
targets -set -nocase -filter {name =~ "*A9*#0"}
dow C:/Users/KasperPC/Desktop/EOS_Examen/EX7/EX7_app/Debug/EX7_app.elf
configparams force-mem-access 0
----------------End of Script----------------

16:47:39 INFO  : Context for processor 'ps7_cortexa9_0' is selected.
16:47:39 INFO  : 'con' command is executed.
16:47:39 INFO  : ----------------XSDB Script (After Launch)----------------
targets -set -nocase -filter {name =~ "*A9*#0"}
con
----------------End of Script----------------

16:47:39 INFO  : Launch script is exported to file 'C:\Users\KasperPC\Desktop\EOS_Examen\EX7\.sdk\launch_scripts\single_application_debug\debugger_ex7_app-default.tcl'
16:48:24 INFO  : Checking for BSP changes to sync application flags for project 'EX7_app'...
16:48:43 INFO  : Checking for BSP changes to sync application flags for project 'EX7_app'...
16:48:49 INFO  : Disconnected from the channel tcfchan#23.
16:48:50 INFO  : Connected to target on host '127.0.0.1' and port '3121'.
16:48:51 INFO  : Jtag cable 'Avnet MiniZed V1 1234-oj1A' is selected.
16:48:51 INFO  : 'jtag frequency' command is executed.
16:48:51 INFO  : Context for 'APU' is selected.
16:48:51 INFO  : System reset is completed.
16:48:54 INFO  : 'after 3000' command is executed.
16:48:54 INFO  : 'targets -set -filter {jtag_cable_name =~ "Avnet MiniZed V1 1234-oj1A" && level==0 && jtag_device_ctx=="jsn-MiniZed V1-1234-oj1A-13723093-0"}' command is executed.
16:48:55 INFO  : FPGA configured successfully with bitstream "C:/Users/KasperPC/Desktop/EOS_Examen/EX7/EX7_app/_ide/bitstream/design_1_wrapper.bit"
16:48:55 INFO  : Context for 'APU' is selected.
16:48:55 INFO  : Hardware design and registers information is loaded from 'C:/Users/KasperPC/Desktop/EOS_Examen/EX7/EX7/export/EX7/hw/design_1_wrapper.xsa'.
16:48:55 INFO  : 'configparams force-mem-access 1' command is executed.
16:48:55 INFO  : Context for 'APU' is selected.
16:48:55 INFO  : Sourcing of 'C:/Users/KasperPC/Desktop/EOS_Examen/EX7/EX7_app/_ide/psinit/ps7_init.tcl' is done.
16:48:55 INFO  : 'ps7_init' command is executed.
16:48:55 INFO  : 'ps7_post_config' command is executed.
16:48:55 INFO  : Context for processor 'ps7_cortexa9_0' is selected.
16:48:56 INFO  : The application 'C:/Users/KasperPC/Desktop/EOS_Examen/EX7/EX7_app/Debug/EX7_app.elf' is downloaded to processor 'ps7_cortexa9_0'.
16:48:56 INFO  : 'configparams force-mem-access 0' command is executed.
16:48:56 INFO  : ----------------XSDB Script----------------
connect -url tcp:127.0.0.1:3121
targets -set -nocase -filter {name =~"APU*"}
rst -system
after 3000
targets -set -filter {jtag_cable_name =~ "Avnet MiniZed V1 1234-oj1A" && level==0 && jtag_device_ctx=="jsn-MiniZed V1-1234-oj1A-13723093-0"}
fpga -file C:/Users/KasperPC/Desktop/EOS_Examen/EX7/EX7_app/_ide/bitstream/design_1_wrapper.bit
targets -set -nocase -filter {name =~"APU*"}
loadhw -hw C:/Users/KasperPC/Desktop/EOS_Examen/EX7/EX7/export/EX7/hw/design_1_wrapper.xsa -mem-ranges [list {0x40000000 0xbfffffff}] -regs
configparams force-mem-access 1
targets -set -nocase -filter {name =~"APU*"}
source C:/Users/KasperPC/Desktop/EOS_Examen/EX7/EX7_app/_ide/psinit/ps7_init.tcl
ps7_init
ps7_post_config
targets -set -nocase -filter {name =~ "*A9*#0"}
dow C:/Users/KasperPC/Desktop/EOS_Examen/EX7/EX7_app/Debug/EX7_app.elf
configparams force-mem-access 0
----------------End of Script----------------

16:48:56 INFO  : Context for processor 'ps7_cortexa9_0' is selected.
16:48:56 INFO  : 'con' command is executed.
16:48:56 INFO  : ----------------XSDB Script (After Launch)----------------
targets -set -nocase -filter {name =~ "*A9*#0"}
con
----------------End of Script----------------

16:48:56 INFO  : Launch script is exported to file 'C:\Users\KasperPC\Desktop\EOS_Examen\EX7\.sdk\launch_scripts\single_application_debug\debugger_ex7_app-default.tcl'
16:50:05 INFO  : Checking for BSP changes to sync application flags for project 'EX7_app'...
16:50:11 INFO  : Disconnected from the channel tcfchan#26.
16:50:12 INFO  : Connected to target on host '127.0.0.1' and port '3121'.
16:50:12 INFO  : Jtag cable 'Avnet MiniZed V1 1234-oj1A' is selected.
16:50:12 INFO  : 'jtag frequency' command is executed.
16:50:13 INFO  : Context for 'APU' is selected.
16:50:13 INFO  : System reset is completed.
16:50:16 INFO  : 'after 3000' command is executed.
16:50:16 INFO  : 'targets -set -filter {jtag_cable_name =~ "Avnet MiniZed V1 1234-oj1A" && level==0 && jtag_device_ctx=="jsn-MiniZed V1-1234-oj1A-13723093-0"}' command is executed.
16:50:17 INFO  : FPGA configured successfully with bitstream "C:/Users/KasperPC/Desktop/EOS_Examen/EX7/EX7_app/_ide/bitstream/design_1_wrapper.bit"
16:50:17 INFO  : Context for 'APU' is selected.
16:50:17 INFO  : Hardware design and registers information is loaded from 'C:/Users/KasperPC/Desktop/EOS_Examen/EX7/EX7/export/EX7/hw/design_1_wrapper.xsa'.
16:50:17 INFO  : 'configparams force-mem-access 1' command is executed.
16:50:17 INFO  : Context for 'APU' is selected.
16:50:17 INFO  : Sourcing of 'C:/Users/KasperPC/Desktop/EOS_Examen/EX7/EX7_app/_ide/psinit/ps7_init.tcl' is done.
16:50:17 INFO  : 'ps7_init' command is executed.
16:50:17 INFO  : 'ps7_post_config' command is executed.
16:50:17 INFO  : Context for processor 'ps7_cortexa9_0' is selected.
16:50:18 INFO  : The application 'C:/Users/KasperPC/Desktop/EOS_Examen/EX7/EX7_app/Debug/EX7_app.elf' is downloaded to processor 'ps7_cortexa9_0'.
16:50:18 INFO  : 'configparams force-mem-access 0' command is executed.
16:50:18 INFO  : ----------------XSDB Script----------------
connect -url tcp:127.0.0.1:3121
targets -set -nocase -filter {name =~"APU*"}
rst -system
after 3000
targets -set -filter {jtag_cable_name =~ "Avnet MiniZed V1 1234-oj1A" && level==0 && jtag_device_ctx=="jsn-MiniZed V1-1234-oj1A-13723093-0"}
fpga -file C:/Users/KasperPC/Desktop/EOS_Examen/EX7/EX7_app/_ide/bitstream/design_1_wrapper.bit
targets -set -nocase -filter {name =~"APU*"}
loadhw -hw C:/Users/KasperPC/Desktop/EOS_Examen/EX7/EX7/export/EX7/hw/design_1_wrapper.xsa -mem-ranges [list {0x40000000 0xbfffffff}] -regs
configparams force-mem-access 1
targets -set -nocase -filter {name =~"APU*"}
source C:/Users/KasperPC/Desktop/EOS_Examen/EX7/EX7_app/_ide/psinit/ps7_init.tcl
ps7_init
ps7_post_config
targets -set -nocase -filter {name =~ "*A9*#0"}
dow C:/Users/KasperPC/Desktop/EOS_Examen/EX7/EX7_app/Debug/EX7_app.elf
configparams force-mem-access 0
----------------End of Script----------------

16:50:18 INFO  : Context for processor 'ps7_cortexa9_0' is selected.
16:50:18 INFO  : 'con' command is executed.
16:50:18 INFO  : ----------------XSDB Script (After Launch)----------------
targets -set -nocase -filter {name =~ "*A9*#0"}
con
----------------End of Script----------------

16:50:18 INFO  : Launch script is exported to file 'C:\Users\KasperPC\Desktop\EOS_Examen\EX7\.sdk\launch_scripts\single_application_debug\debugger_ex7_app-default.tcl'
16:51:01 INFO  : Checking for BSP changes to sync application flags for project 'EX7_app'...
16:51:07 INFO  : Disconnected from the channel tcfchan#28.
16:51:08 INFO  : Connected to target on host '127.0.0.1' and port '3121'.
16:51:08 INFO  : Jtag cable 'Avnet MiniZed V1 1234-oj1A' is selected.
16:51:08 INFO  : 'jtag frequency' command is executed.
16:51:08 INFO  : Context for 'APU' is selected.
16:51:08 INFO  : System reset is completed.
16:51:11 INFO  : 'after 3000' command is executed.
16:51:11 INFO  : 'targets -set -filter {jtag_cable_name =~ "Avnet MiniZed V1 1234-oj1A" && level==0 && jtag_device_ctx=="jsn-MiniZed V1-1234-oj1A-13723093-0"}' command is executed.
16:51:12 INFO  : FPGA configured successfully with bitstream "C:/Users/KasperPC/Desktop/EOS_Examen/EX7/EX7_app/_ide/bitstream/design_1_wrapper.bit"
16:51:12 INFO  : Context for 'APU' is selected.
16:51:12 INFO  : Hardware design and registers information is loaded from 'C:/Users/KasperPC/Desktop/EOS_Examen/EX7/EX7/export/EX7/hw/design_1_wrapper.xsa'.
16:51:12 INFO  : 'configparams force-mem-access 1' command is executed.
16:51:12 INFO  : Context for 'APU' is selected.
16:51:12 INFO  : Sourcing of 'C:/Users/KasperPC/Desktop/EOS_Examen/EX7/EX7_app/_ide/psinit/ps7_init.tcl' is done.
16:51:13 INFO  : 'ps7_init' command is executed.
16:51:13 INFO  : 'ps7_post_config' command is executed.
16:51:13 INFO  : Context for processor 'ps7_cortexa9_0' is selected.
16:51:13 INFO  : The application 'C:/Users/KasperPC/Desktop/EOS_Examen/EX7/EX7_app/Debug/EX7_app.elf' is downloaded to processor 'ps7_cortexa9_0'.
16:51:13 INFO  : 'configparams force-mem-access 0' command is executed.
16:51:13 INFO  : ----------------XSDB Script----------------
connect -url tcp:127.0.0.1:3121
targets -set -nocase -filter {name =~"APU*"}
rst -system
after 3000
targets -set -filter {jtag_cable_name =~ "Avnet MiniZed V1 1234-oj1A" && level==0 && jtag_device_ctx=="jsn-MiniZed V1-1234-oj1A-13723093-0"}
fpga -file C:/Users/KasperPC/Desktop/EOS_Examen/EX7/EX7_app/_ide/bitstream/design_1_wrapper.bit
targets -set -nocase -filter {name =~"APU*"}
loadhw -hw C:/Users/KasperPC/Desktop/EOS_Examen/EX7/EX7/export/EX7/hw/design_1_wrapper.xsa -mem-ranges [list {0x40000000 0xbfffffff}] -regs
configparams force-mem-access 1
targets -set -nocase -filter {name =~"APU*"}
source C:/Users/KasperPC/Desktop/EOS_Examen/EX7/EX7_app/_ide/psinit/ps7_init.tcl
ps7_init
ps7_post_config
targets -set -nocase -filter {name =~ "*A9*#0"}
dow C:/Users/KasperPC/Desktop/EOS_Examen/EX7/EX7_app/Debug/EX7_app.elf
configparams force-mem-access 0
----------------End of Script----------------

16:51:13 INFO  : Context for processor 'ps7_cortexa9_0' is selected.
16:51:13 INFO  : 'con' command is executed.
16:51:13 INFO  : ----------------XSDB Script (After Launch)----------------
targets -set -nocase -filter {name =~ "*A9*#0"}
con
----------------End of Script----------------

16:51:13 INFO  : Launch script is exported to file 'C:\Users\KasperPC\Desktop\EOS_Examen\EX7\.sdk\launch_scripts\single_application_debug\debugger_ex7_app-default.tcl'
16:51:23 INFO  : Checking for BSP changes to sync application flags for project 'EX7_app'...
16:51:28 INFO  : Checking for BSP changes to sync application flags for project 'EX7_app'...
16:51:36 INFO  : Disconnected from the channel tcfchan#30.
16:51:37 INFO  : Connected to target on host '127.0.0.1' and port '3121'.
16:51:37 INFO  : Jtag cable 'Avnet MiniZed V1 1234-oj1A' is selected.
16:51:37 INFO  : 'jtag frequency' command is executed.
16:51:37 INFO  : Context for 'APU' is selected.
16:51:37 INFO  : System reset is completed.
16:51:40 INFO  : 'after 3000' command is executed.
16:51:41 INFO  : 'targets -set -filter {jtag_cable_name =~ "Avnet MiniZed V1 1234-oj1A" && level==0 && jtag_device_ctx=="jsn-MiniZed V1-1234-oj1A-13723093-0"}' command is executed.
16:51:42 INFO  : FPGA configured successfully with bitstream "C:/Users/KasperPC/Desktop/EOS_Examen/EX7/EX7_app/_ide/bitstream/design_1_wrapper.bit"
16:51:42 INFO  : Context for 'APU' is selected.
16:51:42 INFO  : Hardware design and registers information is loaded from 'C:/Users/KasperPC/Desktop/EOS_Examen/EX7/EX7/export/EX7/hw/design_1_wrapper.xsa'.
16:51:42 INFO  : 'configparams force-mem-access 1' command is executed.
16:51:42 INFO  : Context for 'APU' is selected.
16:51:42 INFO  : Sourcing of 'C:/Users/KasperPC/Desktop/EOS_Examen/EX7/EX7_app/_ide/psinit/ps7_init.tcl' is done.
16:51:42 INFO  : 'ps7_init' command is executed.
16:51:42 INFO  : 'ps7_post_config' command is executed.
16:51:42 INFO  : Context for processor 'ps7_cortexa9_0' is selected.
16:51:42 INFO  : The application 'C:/Users/KasperPC/Desktop/EOS_Examen/EX7/EX7_app/Debug/EX7_app.elf' is downloaded to processor 'ps7_cortexa9_0'.
16:51:42 INFO  : 'configparams force-mem-access 0' command is executed.
16:51:42 INFO  : ----------------XSDB Script----------------
connect -url tcp:127.0.0.1:3121
targets -set -nocase -filter {name =~"APU*"}
rst -system
after 3000
targets -set -filter {jtag_cable_name =~ "Avnet MiniZed V1 1234-oj1A" && level==0 && jtag_device_ctx=="jsn-MiniZed V1-1234-oj1A-13723093-0"}
fpga -file C:/Users/KasperPC/Desktop/EOS_Examen/EX7/EX7_app/_ide/bitstream/design_1_wrapper.bit
targets -set -nocase -filter {name =~"APU*"}
loadhw -hw C:/Users/KasperPC/Desktop/EOS_Examen/EX7/EX7/export/EX7/hw/design_1_wrapper.xsa -mem-ranges [list {0x40000000 0xbfffffff}] -regs
configparams force-mem-access 1
targets -set -nocase -filter {name =~"APU*"}
source C:/Users/KasperPC/Desktop/EOS_Examen/EX7/EX7_app/_ide/psinit/ps7_init.tcl
ps7_init
ps7_post_config
targets -set -nocase -filter {name =~ "*A9*#0"}
dow C:/Users/KasperPC/Desktop/EOS_Examen/EX7/EX7_app/Debug/EX7_app.elf
configparams force-mem-access 0
----------------End of Script----------------

16:51:42 INFO  : Context for processor 'ps7_cortexa9_0' is selected.
16:51:43 INFO  : 'con' command is executed.
16:51:43 INFO  : ----------------XSDB Script (After Launch)----------------
targets -set -nocase -filter {name =~ "*A9*#0"}
con
----------------End of Script----------------

16:51:43 INFO  : Launch script is exported to file 'C:\Users\KasperPC\Desktop\EOS_Examen\EX7\.sdk\launch_scripts\single_application_debug\debugger_ex7_app-default.tcl'
16:52:03 INFO  : Disconnected from the channel tcfchan#33.
16:52:04 INFO  : Connected to target on host '127.0.0.1' and port '3121'.
16:52:04 INFO  : Jtag cable 'Avnet MiniZed V1 1234-oj1A' is selected.
16:52:04 INFO  : 'jtag frequency' command is executed.
16:52:04 INFO  : Context for 'APU' is selected.
16:52:05 INFO  : System reset is completed.
16:52:08 INFO  : 'after 3000' command is executed.
16:52:08 INFO  : 'targets -set -filter {jtag_cable_name =~ "Avnet MiniZed V1 1234-oj1A" && level==0 && jtag_device_ctx=="jsn-MiniZed V1-1234-oj1A-13723093-0"}' command is executed.
16:52:09 INFO  : FPGA configured successfully with bitstream "C:/Users/KasperPC/Desktop/EOS_Examen/EX7/EX7_app/_ide/bitstream/design_1_wrapper.bit"
16:52:09 INFO  : Context for 'APU' is selected.
16:52:09 INFO  : Hardware design and registers information is loaded from 'C:/Users/KasperPC/Desktop/EOS_Examen/EX7/EX7/export/EX7/hw/design_1_wrapper.xsa'.
16:52:09 INFO  : 'configparams force-mem-access 1' command is executed.
16:52:09 INFO  : Context for 'APU' is selected.
16:52:09 INFO  : Sourcing of 'C:/Users/KasperPC/Desktop/EOS_Examen/EX7/EX7_app/_ide/psinit/ps7_init.tcl' is done.
16:52:09 INFO  : 'ps7_init' command is executed.
16:52:09 INFO  : 'ps7_post_config' command is executed.
16:52:09 INFO  : Context for processor 'ps7_cortexa9_0' is selected.
16:52:09 INFO  : The application 'C:/Users/KasperPC/Desktop/EOS_Examen/EX7/EX7_app/Debug/EX7_app.elf' is downloaded to processor 'ps7_cortexa9_0'.
16:52:09 INFO  : 'configparams force-mem-access 0' command is executed.
16:52:09 INFO  : ----------------XSDB Script----------------
connect -url tcp:127.0.0.1:3121
targets -set -nocase -filter {name =~"APU*"}
rst -system
after 3000
targets -set -filter {jtag_cable_name =~ "Avnet MiniZed V1 1234-oj1A" && level==0 && jtag_device_ctx=="jsn-MiniZed V1-1234-oj1A-13723093-0"}
fpga -file C:/Users/KasperPC/Desktop/EOS_Examen/EX7/EX7_app/_ide/bitstream/design_1_wrapper.bit
targets -set -nocase -filter {name =~"APU*"}
loadhw -hw C:/Users/KasperPC/Desktop/EOS_Examen/EX7/EX7/export/EX7/hw/design_1_wrapper.xsa -mem-ranges [list {0x40000000 0xbfffffff}] -regs
configparams force-mem-access 1
targets -set -nocase -filter {name =~"APU*"}
source C:/Users/KasperPC/Desktop/EOS_Examen/EX7/EX7_app/_ide/psinit/ps7_init.tcl
ps7_init
ps7_post_config
targets -set -nocase -filter {name =~ "*A9*#0"}
dow C:/Users/KasperPC/Desktop/EOS_Examen/EX7/EX7_app/Debug/EX7_app.elf
configparams force-mem-access 0
----------------End of Script----------------

16:52:09 INFO  : Context for processor 'ps7_cortexa9_0' is selected.
16:52:09 INFO  : 'con' command is executed.
16:52:09 INFO  : ----------------XSDB Script (After Launch)----------------
targets -set -nocase -filter {name =~ "*A9*#0"}
con
----------------End of Script----------------

16:52:09 INFO  : Launch script is exported to file 'C:\Users\KasperPC\Desktop\EOS_Examen\EX7\.sdk\launch_scripts\single_application_debug\debugger_ex7_app-default.tcl'
16:54:20 INFO  : Checking for BSP changes to sync application flags for project 'EX7_app'...
16:54:26 INFO  : Disconnected from the channel tcfchan#34.
16:54:27 INFO  : Connected to target on host '127.0.0.1' and port '3121'.
16:54:28 INFO  : Jtag cable 'Avnet MiniZed V1 1234-oj1A' is selected.
16:54:28 INFO  : 'jtag frequency' command is executed.
16:54:28 INFO  : Context for 'APU' is selected.
16:54:28 INFO  : System reset is completed.
16:54:31 INFO  : 'after 3000' command is executed.
16:54:31 INFO  : 'targets -set -filter {jtag_cable_name =~ "Avnet MiniZed V1 1234-oj1A" && level==0 && jtag_device_ctx=="jsn-MiniZed V1-1234-oj1A-13723093-0"}' command is executed.
16:54:32 INFO  : FPGA configured successfully with bitstream "C:/Users/KasperPC/Desktop/EOS_Examen/EX7/EX7_app/_ide/bitstream/design_1_wrapper.bit"
16:54:32 INFO  : Context for 'APU' is selected.
16:54:32 INFO  : Hardware design and registers information is loaded from 'C:/Users/KasperPC/Desktop/EOS_Examen/EX7/EX7/export/EX7/hw/design_1_wrapper.xsa'.
16:54:32 INFO  : 'configparams force-mem-access 1' command is executed.
16:54:32 INFO  : Context for 'APU' is selected.
16:54:32 INFO  : Sourcing of 'C:/Users/KasperPC/Desktop/EOS_Examen/EX7/EX7_app/_ide/psinit/ps7_init.tcl' is done.
16:54:32 INFO  : 'ps7_init' command is executed.
16:54:32 INFO  : 'ps7_post_config' command is executed.
16:54:32 INFO  : Context for processor 'ps7_cortexa9_0' is selected.
16:54:33 INFO  : The application 'C:/Users/KasperPC/Desktop/EOS_Examen/EX7/EX7_app/Debug/EX7_app.elf' is downloaded to processor 'ps7_cortexa9_0'.
16:54:33 INFO  : 'configparams force-mem-access 0' command is executed.
16:54:33 INFO  : ----------------XSDB Script----------------
connect -url tcp:127.0.0.1:3121
targets -set -nocase -filter {name =~"APU*"}
rst -system
after 3000
targets -set -filter {jtag_cable_name =~ "Avnet MiniZed V1 1234-oj1A" && level==0 && jtag_device_ctx=="jsn-MiniZed V1-1234-oj1A-13723093-0"}
fpga -file C:/Users/KasperPC/Desktop/EOS_Examen/EX7/EX7_app/_ide/bitstream/design_1_wrapper.bit
targets -set -nocase -filter {name =~"APU*"}
loadhw -hw C:/Users/KasperPC/Desktop/EOS_Examen/EX7/EX7/export/EX7/hw/design_1_wrapper.xsa -mem-ranges [list {0x40000000 0xbfffffff}] -regs
configparams force-mem-access 1
targets -set -nocase -filter {name =~"APU*"}
source C:/Users/KasperPC/Desktop/EOS_Examen/EX7/EX7_app/_ide/psinit/ps7_init.tcl
ps7_init
ps7_post_config
targets -set -nocase -filter {name =~ "*A9*#0"}
dow C:/Users/KasperPC/Desktop/EOS_Examen/EX7/EX7_app/Debug/EX7_app.elf
configparams force-mem-access 0
----------------End of Script----------------

16:54:33 INFO  : Context for processor 'ps7_cortexa9_0' is selected.
16:54:33 INFO  : 'con' command is executed.
16:54:33 INFO  : ----------------XSDB Script (After Launch)----------------
targets -set -nocase -filter {name =~ "*A9*#0"}
con
----------------End of Script----------------

16:54:33 INFO  : Launch script is exported to file 'C:\Users\KasperPC\Desktop\EOS_Examen\EX7\.sdk\launch_scripts\single_application_debug\debugger_ex7_app-default.tcl'
16:55:28 INFO  : Checking for BSP changes to sync application flags for project 'EX7_app'...
16:55:35 INFO  : Disconnected from the channel tcfchan#36.
16:55:36 INFO  : Connected to target on host '127.0.0.1' and port '3121'.
16:55:37 INFO  : Jtag cable 'Avnet MiniZed V1 1234-oj1A' is selected.
16:55:37 INFO  : 'jtag frequency' command is executed.
16:55:37 INFO  : Context for 'APU' is selected.
16:55:37 INFO  : System reset is completed.
16:55:40 INFO  : 'after 3000' command is executed.
16:55:40 INFO  : 'targets -set -filter {jtag_cable_name =~ "Avnet MiniZed V1 1234-oj1A" && level==0 && jtag_device_ctx=="jsn-MiniZed V1-1234-oj1A-13723093-0"}' command is executed.
16:55:41 INFO  : FPGA configured successfully with bitstream "C:/Users/KasperPC/Desktop/EOS_Examen/EX7/EX7_app/_ide/bitstream/design_1_wrapper.bit"
16:55:41 INFO  : Context for 'APU' is selected.
16:55:41 INFO  : Hardware design and registers information is loaded from 'C:/Users/KasperPC/Desktop/EOS_Examen/EX7/EX7/export/EX7/hw/design_1_wrapper.xsa'.
16:55:41 INFO  : 'configparams force-mem-access 1' command is executed.
16:55:41 INFO  : Context for 'APU' is selected.
16:55:41 INFO  : Sourcing of 'C:/Users/KasperPC/Desktop/EOS_Examen/EX7/EX7_app/_ide/psinit/ps7_init.tcl' is done.
16:55:41 INFO  : 'ps7_init' command is executed.
16:55:41 INFO  : 'ps7_post_config' command is executed.
16:55:41 INFO  : Context for processor 'ps7_cortexa9_0' is selected.
16:55:42 INFO  : The application 'C:/Users/KasperPC/Desktop/EOS_Examen/EX7/EX7_app/Debug/EX7_app.elf' is downloaded to processor 'ps7_cortexa9_0'.
16:55:42 INFO  : 'configparams force-mem-access 0' command is executed.
16:55:42 INFO  : ----------------XSDB Script----------------
connect -url tcp:127.0.0.1:3121
targets -set -nocase -filter {name =~"APU*"}
rst -system
after 3000
targets -set -filter {jtag_cable_name =~ "Avnet MiniZed V1 1234-oj1A" && level==0 && jtag_device_ctx=="jsn-MiniZed V1-1234-oj1A-13723093-0"}
fpga -file C:/Users/KasperPC/Desktop/EOS_Examen/EX7/EX7_app/_ide/bitstream/design_1_wrapper.bit
targets -set -nocase -filter {name =~"APU*"}
loadhw -hw C:/Users/KasperPC/Desktop/EOS_Examen/EX7/EX7/export/EX7/hw/design_1_wrapper.xsa -mem-ranges [list {0x40000000 0xbfffffff}] -regs
configparams force-mem-access 1
targets -set -nocase -filter {name =~"APU*"}
source C:/Users/KasperPC/Desktop/EOS_Examen/EX7/EX7_app/_ide/psinit/ps7_init.tcl
ps7_init
ps7_post_config
targets -set -nocase -filter {name =~ "*A9*#0"}
dow C:/Users/KasperPC/Desktop/EOS_Examen/EX7/EX7_app/Debug/EX7_app.elf
configparams force-mem-access 0
----------------End of Script----------------

16:55:42 INFO  : Context for processor 'ps7_cortexa9_0' is selected.
16:55:42 INFO  : 'con' command is executed.
16:55:42 INFO  : ----------------XSDB Script (After Launch)----------------
targets -set -nocase -filter {name =~ "*A9*#0"}
con
----------------End of Script----------------

16:55:42 INFO  : Launch script is exported to file 'C:\Users\KasperPC\Desktop\EOS_Examen\EX7\.sdk\launch_scripts\single_application_debug\debugger_ex7_app-default.tcl'
16:56:44 INFO  : Checking for BSP changes to sync application flags for project 'EX7_app'...
16:56:50 INFO  : Disconnected from the channel tcfchan#38.
16:56:51 INFO  : Connected to target on host '127.0.0.1' and port '3121'.
16:56:51 INFO  : Jtag cable 'Avnet MiniZed V1 1234-oj1A' is selected.
16:56:51 INFO  : 'jtag frequency' command is executed.
16:56:51 INFO  : Context for 'APU' is selected.
16:56:51 INFO  : System reset is completed.
16:56:54 INFO  : 'after 3000' command is executed.
16:56:54 INFO  : 'targets -set -filter {jtag_cable_name =~ "Avnet MiniZed V1 1234-oj1A" && level==0 && jtag_device_ctx=="jsn-MiniZed V1-1234-oj1A-13723093-0"}' command is executed.
16:56:55 INFO  : FPGA configured successfully with bitstream "C:/Users/KasperPC/Desktop/EOS_Examen/EX7/EX7_app/_ide/bitstream/design_1_wrapper.bit"
16:56:55 INFO  : Context for 'APU' is selected.
16:56:55 INFO  : Hardware design and registers information is loaded from 'C:/Users/KasperPC/Desktop/EOS_Examen/EX7/EX7/export/EX7/hw/design_1_wrapper.xsa'.
16:56:55 INFO  : 'configparams force-mem-access 1' command is executed.
16:56:55 INFO  : Context for 'APU' is selected.
16:56:55 INFO  : Sourcing of 'C:/Users/KasperPC/Desktop/EOS_Examen/EX7/EX7_app/_ide/psinit/ps7_init.tcl' is done.
16:56:56 INFO  : 'ps7_init' command is executed.
16:56:56 INFO  : 'ps7_post_config' command is executed.
16:56:56 INFO  : Context for processor 'ps7_cortexa9_0' is selected.
16:56:56 INFO  : The application 'C:/Users/KasperPC/Desktop/EOS_Examen/EX7/EX7_app/Debug/EX7_app.elf' is downloaded to processor 'ps7_cortexa9_0'.
16:56:56 INFO  : 'configparams force-mem-access 0' command is executed.
16:56:56 INFO  : ----------------XSDB Script----------------
connect -url tcp:127.0.0.1:3121
targets -set -nocase -filter {name =~"APU*"}
rst -system
after 3000
targets -set -filter {jtag_cable_name =~ "Avnet MiniZed V1 1234-oj1A" && level==0 && jtag_device_ctx=="jsn-MiniZed V1-1234-oj1A-13723093-0"}
fpga -file C:/Users/KasperPC/Desktop/EOS_Examen/EX7/EX7_app/_ide/bitstream/design_1_wrapper.bit
targets -set -nocase -filter {name =~"APU*"}
loadhw -hw C:/Users/KasperPC/Desktop/EOS_Examen/EX7/EX7/export/EX7/hw/design_1_wrapper.xsa -mem-ranges [list {0x40000000 0xbfffffff}] -regs
configparams force-mem-access 1
targets -set -nocase -filter {name =~"APU*"}
source C:/Users/KasperPC/Desktop/EOS_Examen/EX7/EX7_app/_ide/psinit/ps7_init.tcl
ps7_init
ps7_post_config
targets -set -nocase -filter {name =~ "*A9*#0"}
dow C:/Users/KasperPC/Desktop/EOS_Examen/EX7/EX7_app/Debug/EX7_app.elf
configparams force-mem-access 0
----------------End of Script----------------

16:56:56 INFO  : Context for processor 'ps7_cortexa9_0' is selected.
16:56:56 INFO  : 'con' command is executed.
16:56:56 INFO  : ----------------XSDB Script (After Launch)----------------
targets -set -nocase -filter {name =~ "*A9*#0"}
con
----------------End of Script----------------

16:56:56 INFO  : Launch script is exported to file 'C:\Users\KasperPC\Desktop\EOS_Examen\EX7\.sdk\launch_scripts\single_application_debug\debugger_ex7_app-default.tcl'
16:57:17 INFO  : Checking for BSP changes to sync application flags for project 'EX7_app'...
16:57:23 INFO  : Disconnected from the channel tcfchan#40.
16:57:24 INFO  : Connected to target on host '127.0.0.1' and port '3121'.
16:57:25 INFO  : Jtag cable 'Avnet MiniZed V1 1234-oj1A' is selected.
16:57:25 INFO  : 'jtag frequency' command is executed.
16:57:25 INFO  : Context for 'APU' is selected.
16:57:25 INFO  : System reset is completed.
16:57:28 INFO  : 'after 3000' command is executed.
16:57:28 INFO  : 'targets -set -filter {jtag_cable_name =~ "Avnet MiniZed V1 1234-oj1A" && level==0 && jtag_device_ctx=="jsn-MiniZed V1-1234-oj1A-13723093-0"}' command is executed.
16:57:29 INFO  : FPGA configured successfully with bitstream "C:/Users/KasperPC/Desktop/EOS_Examen/EX7/EX7_app/_ide/bitstream/design_1_wrapper.bit"
16:57:29 INFO  : Context for 'APU' is selected.
16:57:29 INFO  : Hardware design and registers information is loaded from 'C:/Users/KasperPC/Desktop/EOS_Examen/EX7/EX7/export/EX7/hw/design_1_wrapper.xsa'.
16:57:29 INFO  : 'configparams force-mem-access 1' command is executed.
16:57:29 INFO  : Context for 'APU' is selected.
16:57:29 INFO  : Sourcing of 'C:/Users/KasperPC/Desktop/EOS_Examen/EX7/EX7_app/_ide/psinit/ps7_init.tcl' is done.
16:57:29 INFO  : 'ps7_init' command is executed.
16:57:29 INFO  : 'ps7_post_config' command is executed.
16:57:29 INFO  : Context for processor 'ps7_cortexa9_0' is selected.
16:57:30 INFO  : The application 'C:/Users/KasperPC/Desktop/EOS_Examen/EX7/EX7_app/Debug/EX7_app.elf' is downloaded to processor 'ps7_cortexa9_0'.
16:57:30 INFO  : 'configparams force-mem-access 0' command is executed.
16:57:30 INFO  : ----------------XSDB Script----------------
connect -url tcp:127.0.0.1:3121
targets -set -nocase -filter {name =~"APU*"}
rst -system
after 3000
targets -set -filter {jtag_cable_name =~ "Avnet MiniZed V1 1234-oj1A" && level==0 && jtag_device_ctx=="jsn-MiniZed V1-1234-oj1A-13723093-0"}
fpga -file C:/Users/KasperPC/Desktop/EOS_Examen/EX7/EX7_app/_ide/bitstream/design_1_wrapper.bit
targets -set -nocase -filter {name =~"APU*"}
loadhw -hw C:/Users/KasperPC/Desktop/EOS_Examen/EX7/EX7/export/EX7/hw/design_1_wrapper.xsa -mem-ranges [list {0x40000000 0xbfffffff}] -regs
configparams force-mem-access 1
targets -set -nocase -filter {name =~"APU*"}
source C:/Users/KasperPC/Desktop/EOS_Examen/EX7/EX7_app/_ide/psinit/ps7_init.tcl
ps7_init
ps7_post_config
targets -set -nocase -filter {name =~ "*A9*#0"}
dow C:/Users/KasperPC/Desktop/EOS_Examen/EX7/EX7_app/Debug/EX7_app.elf
configparams force-mem-access 0
----------------End of Script----------------

16:57:30 INFO  : Context for processor 'ps7_cortexa9_0' is selected.
16:57:30 INFO  : 'con' command is executed.
16:57:30 INFO  : ----------------XSDB Script (After Launch)----------------
targets -set -nocase -filter {name =~ "*A9*#0"}
con
----------------End of Script----------------

16:57:30 INFO  : Launch script is exported to file 'C:\Users\KasperPC\Desktop\EOS_Examen\EX7\.sdk\launch_scripts\single_application_debug\debugger_ex7_app-default.tcl'
16:59:40 INFO  : Checking for BSP changes to sync application flags for project 'EX7_app'...
16:59:46 INFO  : Disconnected from the channel tcfchan#42.
16:59:47 INFO  : Connected to target on host '127.0.0.1' and port '3121'.
16:59:47 INFO  : Jtag cable 'Avnet MiniZed V1 1234-oj1A' is selected.
16:59:47 INFO  : 'jtag frequency' command is executed.
16:59:47 INFO  : Context for 'APU' is selected.
16:59:48 INFO  : System reset is completed.
16:59:51 INFO  : 'after 3000' command is executed.
16:59:51 INFO  : 'targets -set -filter {jtag_cable_name =~ "Avnet MiniZed V1 1234-oj1A" && level==0 && jtag_device_ctx=="jsn-MiniZed V1-1234-oj1A-13723093-0"}' command is executed.
16:59:52 INFO  : FPGA configured successfully with bitstream "C:/Users/KasperPC/Desktop/EOS_Examen/EX7/EX7_app/_ide/bitstream/design_1_wrapper.bit"
16:59:52 INFO  : Context for 'APU' is selected.
16:59:52 INFO  : Hardware design and registers information is loaded from 'C:/Users/KasperPC/Desktop/EOS_Examen/EX7/EX7/export/EX7/hw/design_1_wrapper.xsa'.
16:59:52 INFO  : 'configparams force-mem-access 1' command is executed.
16:59:52 INFO  : Context for 'APU' is selected.
16:59:52 INFO  : Sourcing of 'C:/Users/KasperPC/Desktop/EOS_Examen/EX7/EX7_app/_ide/psinit/ps7_init.tcl' is done.
16:59:52 INFO  : 'ps7_init' command is executed.
16:59:52 INFO  : 'ps7_post_config' command is executed.
16:59:52 INFO  : Context for processor 'ps7_cortexa9_0' is selected.
16:59:53 INFO  : The application 'C:/Users/KasperPC/Desktop/EOS_Examen/EX7/EX7_app/Debug/EX7_app.elf' is downloaded to processor 'ps7_cortexa9_0'.
16:59:53 INFO  : 'configparams force-mem-access 0' command is executed.
16:59:53 INFO  : ----------------XSDB Script----------------
connect -url tcp:127.0.0.1:3121
targets -set -nocase -filter {name =~"APU*"}
rst -system
after 3000
targets -set -filter {jtag_cable_name =~ "Avnet MiniZed V1 1234-oj1A" && level==0 && jtag_device_ctx=="jsn-MiniZed V1-1234-oj1A-13723093-0"}
fpga -file C:/Users/KasperPC/Desktop/EOS_Examen/EX7/EX7_app/_ide/bitstream/design_1_wrapper.bit
targets -set -nocase -filter {name =~"APU*"}
loadhw -hw C:/Users/KasperPC/Desktop/EOS_Examen/EX7/EX7/export/EX7/hw/design_1_wrapper.xsa -mem-ranges [list {0x40000000 0xbfffffff}] -regs
configparams force-mem-access 1
targets -set -nocase -filter {name =~"APU*"}
source C:/Users/KasperPC/Desktop/EOS_Examen/EX7/EX7_app/_ide/psinit/ps7_init.tcl
ps7_init
ps7_post_config
targets -set -nocase -filter {name =~ "*A9*#0"}
dow C:/Users/KasperPC/Desktop/EOS_Examen/EX7/EX7_app/Debug/EX7_app.elf
configparams force-mem-access 0
----------------End of Script----------------

16:59:53 INFO  : Context for processor 'ps7_cortexa9_0' is selected.
16:59:53 INFO  : 'con' command is executed.
16:59:53 INFO  : ----------------XSDB Script (After Launch)----------------
targets -set -nocase -filter {name =~ "*A9*#0"}
con
----------------End of Script----------------

16:59:53 INFO  : Launch script is exported to file 'C:\Users\KasperPC\Desktop\EOS_Examen\EX7\.sdk\launch_scripts\single_application_debug\debugger_ex7_app-default.tcl'
17:00:09 INFO  : Checking for BSP changes to sync application flags for project 'EX7_app'...
17:00:15 INFO  : Disconnected from the channel tcfchan#44.
17:00:16 INFO  : Connected to target on host '127.0.0.1' and port '3121'.
17:00:16 INFO  : Jtag cable 'Avnet MiniZed V1 1234-oj1A' is selected.
17:00:16 INFO  : 'jtag frequency' command is executed.
17:00:16 INFO  : Context for 'APU' is selected.
17:00:16 INFO  : System reset is completed.
17:00:19 INFO  : 'after 3000' command is executed.
17:00:19 INFO  : 'targets -set -filter {jtag_cable_name =~ "Avnet MiniZed V1 1234-oj1A" && level==0 && jtag_device_ctx=="jsn-MiniZed V1-1234-oj1A-13723093-0"}' command is executed.
17:00:21 INFO  : FPGA configured successfully with bitstream "C:/Users/KasperPC/Desktop/EOS_Examen/EX7/EX7_app/_ide/bitstream/design_1_wrapper.bit"
17:00:21 INFO  : Context for 'APU' is selected.
17:00:21 INFO  : Hardware design and registers information is loaded from 'C:/Users/KasperPC/Desktop/EOS_Examen/EX7/EX7/export/EX7/hw/design_1_wrapper.xsa'.
17:00:21 INFO  : 'configparams force-mem-access 1' command is executed.
17:00:21 INFO  : Context for 'APU' is selected.
17:00:21 INFO  : Sourcing of 'C:/Users/KasperPC/Desktop/EOS_Examen/EX7/EX7_app/_ide/psinit/ps7_init.tcl' is done.
17:00:21 INFO  : 'ps7_init' command is executed.
17:00:21 INFO  : 'ps7_post_config' command is executed.
17:00:21 INFO  : Context for processor 'ps7_cortexa9_0' is selected.
17:00:21 INFO  : The application 'C:/Users/KasperPC/Desktop/EOS_Examen/EX7/EX7_app/Debug/EX7_app.elf' is downloaded to processor 'ps7_cortexa9_0'.
17:00:21 INFO  : 'configparams force-mem-access 0' command is executed.
17:00:21 INFO  : ----------------XSDB Script----------------
connect -url tcp:127.0.0.1:3121
targets -set -nocase -filter {name =~"APU*"}
rst -system
after 3000
targets -set -filter {jtag_cable_name =~ "Avnet MiniZed V1 1234-oj1A" && level==0 && jtag_device_ctx=="jsn-MiniZed V1-1234-oj1A-13723093-0"}
fpga -file C:/Users/KasperPC/Desktop/EOS_Examen/EX7/EX7_app/_ide/bitstream/design_1_wrapper.bit
targets -set -nocase -filter {name =~"APU*"}
loadhw -hw C:/Users/KasperPC/Desktop/EOS_Examen/EX7/EX7/export/EX7/hw/design_1_wrapper.xsa -mem-ranges [list {0x40000000 0xbfffffff}] -regs
configparams force-mem-access 1
targets -set -nocase -filter {name =~"APU*"}
source C:/Users/KasperPC/Desktop/EOS_Examen/EX7/EX7_app/_ide/psinit/ps7_init.tcl
ps7_init
ps7_post_config
targets -set -nocase -filter {name =~ "*A9*#0"}
dow C:/Users/KasperPC/Desktop/EOS_Examen/EX7/EX7_app/Debug/EX7_app.elf
configparams force-mem-access 0
----------------End of Script----------------

17:00:21 INFO  : Context for processor 'ps7_cortexa9_0' is selected.
17:00:21 INFO  : 'con' command is executed.
17:00:21 INFO  : ----------------XSDB Script (After Launch)----------------
targets -set -nocase -filter {name =~ "*A9*#0"}
con
----------------End of Script----------------

17:00:21 INFO  : Launch script is exported to file 'C:\Users\KasperPC\Desktop\EOS_Examen\EX7\.sdk\launch_scripts\single_application_debug\debugger_ex7_app-default.tcl'
17:03:08 INFO  : Checking for BSP changes to sync application flags for project 'EX7_app'...
17:03:15 INFO  : Disconnected from the channel tcfchan#46.
17:03:16 INFO  : Connected to target on host '127.0.0.1' and port '3121'.
17:03:16 INFO  : Jtag cable 'Avnet MiniZed V1 1234-oj1A' is selected.
17:03:16 INFO  : 'jtag frequency' command is executed.
17:03:16 INFO  : Context for 'APU' is selected.
17:03:16 INFO  : System reset is completed.
17:03:19 INFO  : 'after 3000' command is executed.
17:03:19 INFO  : 'targets -set -filter {jtag_cable_name =~ "Avnet MiniZed V1 1234-oj1A" && level==0 && jtag_device_ctx=="jsn-MiniZed V1-1234-oj1A-13723093-0"}' command is executed.
17:03:20 INFO  : FPGA configured successfully with bitstream "C:/Users/KasperPC/Desktop/EOS_Examen/EX7/EX7_app/_ide/bitstream/design_1_wrapper.bit"
17:03:20 INFO  : Context for 'APU' is selected.
17:03:20 INFO  : Hardware design and registers information is loaded from 'C:/Users/KasperPC/Desktop/EOS_Examen/EX7/EX7/export/EX7/hw/design_1_wrapper.xsa'.
17:03:20 INFO  : 'configparams force-mem-access 1' command is executed.
17:03:21 INFO  : Context for 'APU' is selected.
17:03:21 INFO  : Sourcing of 'C:/Users/KasperPC/Desktop/EOS_Examen/EX7/EX7_app/_ide/psinit/ps7_init.tcl' is done.
17:03:21 INFO  : 'ps7_init' command is executed.
17:03:21 INFO  : 'ps7_post_config' command is executed.
17:03:21 INFO  : Context for processor 'ps7_cortexa9_0' is selected.
17:03:21 INFO  : The application 'C:/Users/KasperPC/Desktop/EOS_Examen/EX7/EX7_app/Debug/EX7_app.elf' is downloaded to processor 'ps7_cortexa9_0'.
17:03:21 INFO  : 'configparams force-mem-access 0' command is executed.
17:03:21 INFO  : ----------------XSDB Script----------------
connect -url tcp:127.0.0.1:3121
targets -set -nocase -filter {name =~"APU*"}
rst -system
after 3000
targets -set -filter {jtag_cable_name =~ "Avnet MiniZed V1 1234-oj1A" && level==0 && jtag_device_ctx=="jsn-MiniZed V1-1234-oj1A-13723093-0"}
fpga -file C:/Users/KasperPC/Desktop/EOS_Examen/EX7/EX7_app/_ide/bitstream/design_1_wrapper.bit
targets -set -nocase -filter {name =~"APU*"}
loadhw -hw C:/Users/KasperPC/Desktop/EOS_Examen/EX7/EX7/export/EX7/hw/design_1_wrapper.xsa -mem-ranges [list {0x40000000 0xbfffffff}] -regs
configparams force-mem-access 1
targets -set -nocase -filter {name =~"APU*"}
source C:/Users/KasperPC/Desktop/EOS_Examen/EX7/EX7_app/_ide/psinit/ps7_init.tcl
ps7_init
ps7_post_config
targets -set -nocase -filter {name =~ "*A9*#0"}
dow C:/Users/KasperPC/Desktop/EOS_Examen/EX7/EX7_app/Debug/EX7_app.elf
configparams force-mem-access 0
----------------End of Script----------------

17:03:21 INFO  : Context for processor 'ps7_cortexa9_0' is selected.
17:03:21 INFO  : 'con' command is executed.
17:03:21 INFO  : ----------------XSDB Script (After Launch)----------------
targets -set -nocase -filter {name =~ "*A9*#0"}
con
----------------End of Script----------------

17:03:21 INFO  : Launch script is exported to file 'C:\Users\KasperPC\Desktop\EOS_Examen\EX7\.sdk\launch_scripts\single_application_debug\debugger_ex7_app-default.tcl'
17:06:05 INFO  : Checking for BSP changes to sync application flags for project 'EX7_app'...
17:07:07 INFO  : Checking for BSP changes to sync application flags for project 'EX7_app'...
17:07:12 INFO  : Disconnected from the channel tcfchan#48.
17:07:13 INFO  : Connected to target on host '127.0.0.1' and port '3121'.
17:07:14 INFO  : Jtag cable 'Avnet MiniZed V1 1234-oj1A' is selected.
17:07:14 INFO  : 'jtag frequency' command is executed.
17:07:14 INFO  : Context for 'APU' is selected.
17:07:14 INFO  : System reset is completed.
17:07:17 INFO  : 'after 3000' command is executed.
17:07:17 INFO  : 'targets -set -filter {jtag_cable_name =~ "Avnet MiniZed V1 1234-oj1A" && level==0 && jtag_device_ctx=="jsn-MiniZed V1-1234-oj1A-13723093-0"}' command is executed.
17:07:18 INFO  : FPGA configured successfully with bitstream "C:/Users/KasperPC/Desktop/EOS_Examen/EX7/EX7_app/_ide/bitstream/design_1_wrapper.bit"
17:07:18 INFO  : Context for 'APU' is selected.
17:07:18 INFO  : Hardware design and registers information is loaded from 'C:/Users/KasperPC/Desktop/EOS_Examen/EX7/EX7/export/EX7/hw/design_1_wrapper.xsa'.
17:07:18 INFO  : 'configparams force-mem-access 1' command is executed.
17:07:18 INFO  : Context for 'APU' is selected.
17:07:18 INFO  : Sourcing of 'C:/Users/KasperPC/Desktop/EOS_Examen/EX7/EX7_app/_ide/psinit/ps7_init.tcl' is done.
17:07:19 INFO  : 'ps7_init' command is executed.
17:07:19 INFO  : 'ps7_post_config' command is executed.
17:07:19 INFO  : Context for processor 'ps7_cortexa9_0' is selected.
17:07:19 INFO  : The application 'C:/Users/KasperPC/Desktop/EOS_Examen/EX7/EX7_app/Debug/EX7_app.elf' is downloaded to processor 'ps7_cortexa9_0'.
17:07:19 INFO  : 'configparams force-mem-access 0' command is executed.
17:07:19 INFO  : ----------------XSDB Script----------------
connect -url tcp:127.0.0.1:3121
targets -set -nocase -filter {name =~"APU*"}
rst -system
after 3000
targets -set -filter {jtag_cable_name =~ "Avnet MiniZed V1 1234-oj1A" && level==0 && jtag_device_ctx=="jsn-MiniZed V1-1234-oj1A-13723093-0"}
fpga -file C:/Users/KasperPC/Desktop/EOS_Examen/EX7/EX7_app/_ide/bitstream/design_1_wrapper.bit
targets -set -nocase -filter {name =~"APU*"}
loadhw -hw C:/Users/KasperPC/Desktop/EOS_Examen/EX7/EX7/export/EX7/hw/design_1_wrapper.xsa -mem-ranges [list {0x40000000 0xbfffffff}] -regs
configparams force-mem-access 1
targets -set -nocase -filter {name =~"APU*"}
source C:/Users/KasperPC/Desktop/EOS_Examen/EX7/EX7_app/_ide/psinit/ps7_init.tcl
ps7_init
ps7_post_config
targets -set -nocase -filter {name =~ "*A9*#0"}
dow C:/Users/KasperPC/Desktop/EOS_Examen/EX7/EX7_app/Debug/EX7_app.elf
configparams force-mem-access 0
----------------End of Script----------------

17:07:19 INFO  : Context for processor 'ps7_cortexa9_0' is selected.
17:07:19 INFO  : 'con' command is executed.
17:07:19 INFO  : ----------------XSDB Script (After Launch)----------------
targets -set -nocase -filter {name =~ "*A9*#0"}
con
----------------End of Script----------------

17:07:19 INFO  : Launch script is exported to file 'C:\Users\KasperPC\Desktop\EOS_Examen\EX7\.sdk\launch_scripts\single_application_debug\debugger_ex7_app-default.tcl'
17:07:38 INFO  : Disconnected from the channel tcfchan#51.
