20:09:11 **** Incremental Build of configuration Debug for project EX12_STOLEN_app ****
make all 
make --no-print-directory pre-build
a9-linaro-pre-build-step
' '
make --no-print-directory main-build
'Building file: ../src/SevenSegmentDriver.c'
'Invoking: ARM v7 gcc compiler'
arm-none-eabi-gcc -Wall -O0 -g3 -c -fmessage-length=0 -MT"src/SevenSegmentDriver.o" -mcpu=cortex-a9 -mfpu=vfpv3 -mfloat-abi=hard -IC:/Users/KasperPC/Desktop/EOS_Examen/EOS_OEFENING/EX12_STOLEN/EX12_STOLEN/export/EX12_STOLEN/sw/EX12_STOLEN/freertos10_xilinx_domain/bspinclude/include -MMD -MP -MF"src/SevenSegmentDriver.d" -MT"src/SevenSegmentDriver.o" -o "src/SevenSegmentDriver.o" "../src/SevenSegmentDriver.c"
'Finished building: ../src/SevenSegmentDriver.c'
' '
'Building file: ../src/SevenSegmentDriver_selftest.c'
'Invoking: ARM v7 gcc compiler'
arm-none-eabi-gcc -Wall -O0 -g3 -c -fmessage-length=0 -MT"src/SevenSegmentDriver_selftest.o" -mcpu=cortex-a9 -mfpu=vfpv3 -mfloat-abi=hard -IC:/Users/KasperPC/Desktop/EOS_Examen/EOS_OEFENING/EX12_STOLEN/EX12_STOLEN/export/EX12_STOLEN/sw/EX12_STOLEN/freertos10_xilinx_domain/bspinclude/include -MMD -MP -MF"src/SevenSegmentDriver_selftest.d" -MT"src/SevenSegmentDriver_selftest.o" -o "src/SevenSegmentDriver_selftest.o" "../src/SevenSegmentDriver_selftest.c"
../src/SevenSegmentDriver_selftest.c: In function 'SEVENSEGMENTDRIVER_Reg_SelfTest':
../src/SevenSegmentDriver_selftest.c:36:6: warning: unused variable 'Index' [-Wunused-variable]
   36 |  int Index;
      |      ^~~~~
'Finished building: ../src/SevenSegmentDriver_selftest.c'
' '
'Building file: ../src/freertos_hello_world.c'
'Invoking: ARM v7 gcc compiler'
arm-none-eabi-gcc -Wall -O0 -g3 -c -fmessage-length=0 -MT"src/freertos_hello_world.o" -mcpu=cortex-a9 -mfpu=vfpv3 -mfloat-abi=hard -IC:/Users/KasperPC/Desktop/EOS_Examen/EOS_OEFENING/EX12_STOLEN/EX12_STOLEN/export/EX12_STOLEN/sw/EX12_STOLEN/freertos10_xilinx_domain/bspinclude/include -MMD -MP -MF"src/freertos_hello_world.d" -MT"src/freertos_hello_world.o" -o "src/freertos_hello_world.o" "../src/freertos_hello_world.c"
'Finished building: ../src/freertos_hello_world.c'
' '
'Building target: EX12_STOLEN_app.elf'
'Invoking: ARM v7 gcc linker'
arm-none-eabi-gcc -mcpu=cortex-a9 -mfpu=vfpv3 -mfloat-abi=hard -Wl,-build-id=none -specs=Xilinx.spec -Wl,-T -Wl,../src/lscript.ld -LC:/Users/KasperPC/Desktop/EOS_Examen/EOS_OEFENING/EX12_STOLEN/EX12_STOLEN/export/EX12_STOLEN/sw/EX12_STOLEN/freertos10_xilinx_domain/bsplib/lib -o "EX12_STOLEN_app.elf"  ./src/SevenSegmentDriver.o ./src/SevenSegmentDriver_selftest.o ./src/freertos_hello_world.o   -Wl,--start-group,-lxil,-lfreertos,-lgcc,-lc,--end-group
c:/xilinx/vitis/2020.1/gnu/aarch32/nt/gcc-arm-none-eabi/x86_64-oesdk-mingw32/usr/bin/arm-xilinx-eabi/../../libexec/arm-xilinx-eabi/gcc/arm-xilinx-eabi/9.2.0/real-ld.exe: C:/Users/KasperPC/Desktop/EOS_Examen/EOS_OEFENING/EX12_STOLEN/EX12_STOLEN/export/EX12_STOLEN/sw/EX12_STOLEN/freertos10_xilinx_domain/bsplib/lib\libfreertos.a(queue.o): in function `prvNotifyQueueSetContainer':
C:\Users\KasperPC\Desktop\EOS_Examen\EOS_OEFENING\EX12_STOLEN\EX12_STOLEN\ps7_cortexa9_0\freertos10_xilinx_domain\bsp\ps7_cortexa9_0\libsrc\freertos10_xilinx_v1_6\src/queue.c:2896: undefined reference to `traceQUEUE_SET_SEND'
collect2.exe: error: ld returned 1 exit status
'Finished building target: EX12_STOLEN_app.elf'
' '
'Invoking: ARM v7 Print Size'
arm-none-eabi-size EX12_STOLEN_app.elf  |tee "EX12_STOLEN_app.elf.size"
arm-none-eabi-size: 'EX12_STOLEN_app.elf': No such file
'Finished building: EX12_STOLEN_app.elf.size'
' '

20:09:11 Build Finished (took 800ms)

