
*** Running vivado
    with args -log design_1_wrapper.vds -m64 -product Vivado -mode batch -messageDb vivado.pb -notrace -source design_1_wrapper.tcl


****** Vivado v2019.2 (64-bit)
  **** SW Build 2708876 on Wed Nov  6 21:40:23 MST 2019
  **** IP Build 2700528 on Thu Nov  7 00:09:20 MST 2019
    ** Copyright 1986-2019 Xilinx, Inc. All Rights Reserved.

source design_1_wrapper.tcl -notrace
INFO: [IP_Flow 19-234] Refreshing IP repositories
INFO: [IP_Flow 19-1704] No user IP repositories specified
INFO: [IP_Flow 19-2313] Loaded Vivado IP repository 'C:/Xilinx/Vivado/2019.2/data/ip'.
Command: synth_design -top design_1_wrapper -part xc7z007sclg225-1
Starting synth_design
Attempting to get a license for feature 'Synthesis' and/or device 'xc7z007s'
INFO: [Common 17-349] Got license for feature 'Synthesis' and/or device 'xc7z007s'
INFO: [Device 21-403] Loading part xc7z007sclg225-1
INFO: Launching helper process for spawning children vivado processes
INFO: Helper process launched with PID 9892 
---------------------------------------------------------------------------------
Starting RTL Elaboration : Time (s): cpu = 00:00:03 ; elapsed = 00:00:03 . Memory (MB): peak = 923.281 ; gain = 234.445
---------------------------------------------------------------------------------
INFO: [Synth 8-638] synthesizing module 'design_1_wrapper' [C:/eFPGA/3_State_Machine/3_State_Machine.srcs/sources_1/bd/design_1/hdl/design_1_wrapper.vhd:22]
INFO: [Synth 8-3491] module 'design_1' declared at 'C:/eFPGA/3_State_Machine/3_State_Machine.srcs/sources_1/bd/design_1/synth/design_1.vhd:14' bound to instance 'design_1_i' of component 'design_1' [C:/eFPGA/3_State_Machine/3_State_Machine.srcs/sources_1/bd/design_1/hdl/design_1_wrapper.vhd:31]
INFO: [Synth 8-638] synthesizing module 'design_1' [C:/eFPGA/3_State_Machine/3_State_Machine.srcs/sources_1/bd/design_1/synth/design_1.vhd:26]
INFO: [Synth 8-3491] module 'design_1_main_0_0' declared at 'C:/eFPGA/3_State_Machine/3_State_Machine.runs/synth_1/.Xil/Vivado-16612-DESKTOP-AIIUJ62/realtime/design_1_main_0_0_stub.vhdl:5' bound to instance 'main_0' of component 'design_1_main_0_0' [C:/eFPGA/3_State_Machine/3_State_Machine.srcs/sources_1/bd/design_1/synth/design_1.vhd:52]
INFO: [Synth 8-638] synthesizing module 'design_1_main_0_0' [C:/eFPGA/3_State_Machine/3_State_Machine.runs/synth_1/.Xil/Vivado-16612-DESKTOP-AIIUJ62/realtime/design_1_main_0_0_stub.vhdl:15]
INFO: [Synth 8-3491] module 'design_1_vhdlnoclk_0_1' declared at 'C:/eFPGA/3_State_Machine/3_State_Machine.runs/synth_1/.Xil/Vivado-16612-DESKTOP-AIIUJ62/realtime/design_1_vhdlnoclk_0_1_stub.vhdl:5' bound to instance 'vhdlnoclk_0' of component 'design_1_vhdlnoclk_0_1' [C:/eFPGA/3_State_Machine/3_State_Machine.srcs/sources_1/bd/design_1/synth/design_1.vhd:59]
INFO: [Synth 8-638] synthesizing module 'design_1_vhdlnoclk_0_1' [C:/eFPGA/3_State_Machine/3_State_Machine.runs/synth_1/.Xil/Vivado-16612-DESKTOP-AIIUJ62/realtime/design_1_vhdlnoclk_0_1_stub.vhdl:12]
INFO: [Synth 8-256] done synthesizing module 'design_1' (1#1) [C:/eFPGA/3_State_Machine/3_State_Machine.srcs/sources_1/bd/design_1/synth/design_1.vhd:26]
INFO: [Synth 8-256] done synthesizing module 'design_1_wrapper' (2#1) [C:/eFPGA/3_State_Machine/3_State_Machine.srcs/sources_1/bd/design_1/hdl/design_1_wrapper.vhd:22]
---------------------------------------------------------------------------------
Finished RTL Elaboration : Time (s): cpu = 00:00:04 ; elapsed = 00:00:04 . Memory (MB): peak = 996.566 ; gain = 307.730
---------------------------------------------------------------------------------

Report Check Netlist: 
+------+------------------+-------+---------+-------+------------------+
|      |Item              |Errors |Warnings |Status |Description       |
+------+------------------+-------+---------+-------+------------------+
|1     |multi_driven_nets |      0|        0|Passed |Multi driven nets |
+------+------------------+-------+---------+-------+------------------+
---------------------------------------------------------------------------------
Start Handling Custom Attributes
---------------------------------------------------------------------------------
---------------------------------------------------------------------------------
Finished Handling Custom Attributes : Time (s): cpu = 00:00:05 ; elapsed = 00:00:05 . Memory (MB): peak = 996.566 ; gain = 307.730
---------------------------------------------------------------------------------
---------------------------------------------------------------------------------
Finished RTL Optimization Phase 1 : Time (s): cpu = 00:00:05 ; elapsed = 00:00:05 . Memory (MB): peak = 996.566 ; gain = 307.730
---------------------------------------------------------------------------------
Netlist sorting complete. Time (s): cpu = 00:00:00 ; elapsed = 00:00:00 . Memory (MB): peak = 996.566 ; gain = 0.000
INFO: [Project 1-570] Preparing netlist for logic optimization

Processing XDC Constraints
Initializing timing engine
Parsing XDC File [c:/eFPGA/3_State_Machine/3_State_Machine.srcs/sources_1/bd/design_1/ip/design_1_main_0_0/design_1_main_0_0/design_1_main_0_0_in_context.xdc] for cell 'design_1_i/main_0'
Finished Parsing XDC File [c:/eFPGA/3_State_Machine/3_State_Machine.srcs/sources_1/bd/design_1/ip/design_1_main_0_0/design_1_main_0_0/design_1_main_0_0_in_context.xdc] for cell 'design_1_i/main_0'
Parsing XDC File [c:/eFPGA/3_State_Machine/3_State_Machine.srcs/sources_1/bd/design_1/ip/design_1_vhdlnoclk_0_1/design_1_vhdlnoclk_0_1/design_1_vhdlnoclk_0_1_in_context.xdc] for cell 'design_1_i/vhdlnoclk_0'
Finished Parsing XDC File [c:/eFPGA/3_State_Machine/3_State_Machine.srcs/sources_1/bd/design_1/ip/design_1_vhdlnoclk_0_1/design_1_vhdlnoclk_0_1/design_1_vhdlnoclk_0_1_in_context.xdc] for cell 'design_1_i/vhdlnoclk_0'
Parsing XDC File [C:/eFPGA/3_State_Machine/3_State_Machine.srcs/constrs_1/new/XDC.xdc]
WARNING: [Vivado 12-584] No ports matched 'clk_65MHz'. [C:/eFPGA/3_State_Machine/3_State_Machine.srcs/constrs_1/new/XDC.xdc:1]
WARNING: [Vivado 12-584] No ports matched 'light_reset'. [C:/eFPGA/3_State_Machine/3_State_Machine.srcs/constrs_1/new/XDC.xdc:4]
Finished Parsing XDC File [C:/eFPGA/3_State_Machine/3_State_Machine.srcs/constrs_1/new/XDC.xdc]
WARNING: [Project 1-498] One or more constraints failed evaluation while reading constraint file [C:/eFPGA/3_State_Machine/3_State_Machine.srcs/constrs_1/new/XDC.xdc] and the design contains unresolved black boxes. These constraints will be read post-synthesis (as long as their source constraint file is marked as used_in_implementation) and should be applied correctly then. You should review the constraints listed in the file [.Xil/design_1_wrapper_propImpl.xdc] and check the run log file to verify that these constraints were correctly applied.
Parsing XDC File [C:/eFPGA/3_State_Machine/3_State_Machine.runs/synth_1/dont_touch.xdc]
Finished Parsing XDC File [C:/eFPGA/3_State_Machine/3_State_Machine.runs/synth_1/dont_touch.xdc]
Completed Processing XDC Constraints

Netlist sorting complete. Time (s): cpu = 00:00:00 ; elapsed = 00:00:00 . Memory (MB): peak = 1010.008 ; gain = 0.000
INFO: [Project 1-111] Unisim Transformation Summary:
No Unisim elements were transformed.

Constraint Validation Runtime : Time (s): cpu = 00:00:00 ; elapsed = 00:00:00.005 . Memory (MB): peak = 1010.008 ; gain = 0.000
---------------------------------------------------------------------------------
Finished Constraint Validation : Time (s): cpu = 00:00:10 ; elapsed = 00:00:10 . Memory (MB): peak = 1010.008 ; gain = 321.172
---------------------------------------------------------------------------------
---------------------------------------------------------------------------------
Start Loading Part and Timing Information
---------------------------------------------------------------------------------
Loading part: xc7z007sclg225-1
---------------------------------------------------------------------------------
Finished Loading Part and Timing Information : Time (s): cpu = 00:00:10 ; elapsed = 00:00:10 . Memory (MB): peak = 1010.008 ; gain = 321.172
---------------------------------------------------------------------------------
---------------------------------------------------------------------------------
Start Applying 'set_property' XDC Constraints
---------------------------------------------------------------------------------
Applied set_property DONT_TOUCH = true for design_1_i. (constraint file  auto generated constraint, line ).
Applied set_property DONT_TOUCH = true for design_1_i/main_0. (constraint file  auto generated constraint, line ).
Applied set_property DONT_TOUCH = true for design_1_i/vhdlnoclk_0. (constraint file  auto generated constraint, line ).
---------------------------------------------------------------------------------
Finished applying 'set_property' XDC Constraints : Time (s): cpu = 00:00:10 ; elapsed = 00:00:10 . Memory (MB): peak = 1010.008 ; gain = 321.172
---------------------------------------------------------------------------------
---------------------------------------------------------------------------------
Finished RTL Optimization Phase 2 : Time (s): cpu = 00:00:10 ; elapsed = 00:00:10 . Memory (MB): peak = 1010.008 ; gain = 321.172
---------------------------------------------------------------------------------

Report RTL Partitions: 
+-+--------------+------------+----------+
| |RTL Partition |Replication |Instances |
+-+--------------+------------+----------+
+-+--------------+------------+----------+
---------------------------------------------------------------------------------
Start RTL Component Statistics 
---------------------------------------------------------------------------------
Detailed RTL Component Info : 
---------------------------------------------------------------------------------
Finished RTL Component Statistics 
---------------------------------------------------------------------------------
---------------------------------------------------------------------------------
Start RTL Hierarchical Component Statistics 
---------------------------------------------------------------------------------
Hierarchical RTL Component report 
---------------------------------------------------------------------------------
Finished RTL Hierarchical Component Statistics
---------------------------------------------------------------------------------
---------------------------------------------------------------------------------
Start Part Resource Summary
---------------------------------------------------------------------------------
Part Resources:
DSPs: 66 (col length:40)
BRAMs: 100 (col length: RAMB18 40 RAMB36 20)
---------------------------------------------------------------------------------
Finished Part Resource Summary
---------------------------------------------------------------------------------
---------------------------------------------------------------------------------
Start Cross Boundary and Area Optimization
---------------------------------------------------------------------------------
Warning: Parallel synthesis criteria is not met 
---------------------------------------------------------------------------------
Finished Cross Boundary and Area Optimization : Time (s): cpu = 00:00:11 ; elapsed = 00:00:11 . Memory (MB): peak = 1010.008 ; gain = 321.172
---------------------------------------------------------------------------------

Report RTL Partitions: 
+-+--------------+------------+----------+
| |RTL Partition |Replication |Instances |
+-+--------------+------------+----------+
+-+--------------+------------+----------+
---------------------------------------------------------------------------------
Start Applying XDC Timing Constraints
---------------------------------------------------------------------------------
---------------------------------------------------------------------------------
Finished Applying XDC Timing Constraints : Time (s): cpu = 00:00:17 ; elapsed = 00:00:17 . Memory (MB): peak = 1054.430 ; gain = 365.594
---------------------------------------------------------------------------------
---------------------------------------------------------------------------------
Start Timing Optimization
---------------------------------------------------------------------------------
---------------------------------------------------------------------------------
Finished Timing Optimization : Time (s): cpu = 00:00:17 ; elapsed = 00:00:17 . Memory (MB): peak = 1054.430 ; gain = 365.594
---------------------------------------------------------------------------------

Report RTL Partitions: 
+-+--------------+------------+----------+
| |RTL Partition |Replication |Instances |
+-+--------------+------------+----------+
+-+--------------+------------+----------+
---------------------------------------------------------------------------------
Start Technology Mapping
---------------------------------------------------------------------------------
---------------------------------------------------------------------------------
Finished Technology Mapping : Time (s): cpu = 00:00:17 ; elapsed = 00:00:17 . Memory (MB): peak = 1063.969 ; gain = 375.133
---------------------------------------------------------------------------------

Report RTL Partitions: 
+-+--------------+------------+----------+
| |RTL Partition |Replication |Instances |
+-+--------------+------------+----------+
+-+--------------+------------+----------+
---------------------------------------------------------------------------------
Start IO Insertion
---------------------------------------------------------------------------------
---------------------------------------------------------------------------------
Start Flattening Before IO Insertion
---------------------------------------------------------------------------------
---------------------------------------------------------------------------------
Finished Flattening Before IO Insertion
---------------------------------------------------------------------------------
---------------------------------------------------------------------------------
Start Final Netlist Cleanup
---------------------------------------------------------------------------------
---------------------------------------------------------------------------------
Finished Final Netlist Cleanup
---------------------------------------------------------------------------------
---------------------------------------------------------------------------------
Finished IO Insertion : Time (s): cpu = 00:00:20 ; elapsed = 00:00:20 . Memory (MB): peak = 1079.824 ; gain = 390.988
---------------------------------------------------------------------------------
---------------------------------------------------------------------------------
Start Renaming Generated Instances
---------------------------------------------------------------------------------
---------------------------------------------------------------------------------
Finished Renaming Generated Instances : Time (s): cpu = 00:00:20 ; elapsed = 00:00:20 . Memory (MB): peak = 1079.824 ; gain = 390.988
---------------------------------------------------------------------------------

Report RTL Partitions: 
+-+--------------+------------+----------+
| |RTL Partition |Replication |Instances |
+-+--------------+------------+----------+
+-+--------------+------------+----------+

Report Check Netlist: 
+------+------------------+-------+---------+-------+------------------+
|      |Item              |Errors |Warnings |Status |Description       |
+------+------------------+-------+---------+-------+------------------+
|1     |multi_driven_nets |      0|        0|Passed |Multi driven nets |
+------+------------------+-------+---------+-------+------------------+
---------------------------------------------------------------------------------
Start Rebuilding User Hierarchy
---------------------------------------------------------------------------------
---------------------------------------------------------------------------------
Finished Rebuilding User Hierarchy : Time (s): cpu = 00:00:20 ; elapsed = 00:00:20 . Memory (MB): peak = 1079.824 ; gain = 390.988
---------------------------------------------------------------------------------
---------------------------------------------------------------------------------
Start Renaming Generated Ports
---------------------------------------------------------------------------------
---------------------------------------------------------------------------------
Finished Renaming Generated Ports : Time (s): cpu = 00:00:20 ; elapsed = 00:00:20 . Memory (MB): peak = 1079.824 ; gain = 390.988
---------------------------------------------------------------------------------
---------------------------------------------------------------------------------
Start Handling Custom Attributes
---------------------------------------------------------------------------------
---------------------------------------------------------------------------------
Finished Handling Custom Attributes : Time (s): cpu = 00:00:20 ; elapsed = 00:00:20 . Memory (MB): peak = 1079.824 ; gain = 390.988
---------------------------------------------------------------------------------
---------------------------------------------------------------------------------
Start Renaming Generated Nets
---------------------------------------------------------------------------------
---------------------------------------------------------------------------------
Finished Renaming Generated Nets : Time (s): cpu = 00:00:20 ; elapsed = 00:00:20 . Memory (MB): peak = 1079.824 ; gain = 390.988
---------------------------------------------------------------------------------
---------------------------------------------------------------------------------
Start Writing Synthesis Report
---------------------------------------------------------------------------------

Report BlackBoxes: 
+------+-----------------------+----------+
|      |BlackBox name          |Instances |
+------+-----------------------+----------+
|1     |design_1_main_0_0      |         1|
|2     |design_1_vhdlnoclk_0_1 |         1|
+------+-----------------------+----------+

Report Cell Usage: 
+------+------------------------------+------+
|      |Cell                          |Count |
+------+------------------------------+------+
|1     |design_1_main_0_0_bbox_0      |     1|
|2     |design_1_vhdlnoclk_0_1_bbox_1 |     1|
|3     |IBUF                          |     1|
|4     |OBUF                          |     2|
+------+------------------------------+------+

Report Instance Areas: 
+------+-------------+---------+------+
|      |Instance     |Module   |Cells |
+------+-------------+---------+------+
|1     |top          |         |     6|
|2     |  design_1_i |design_1 |     3|
+------+-------------+---------+------+
---------------------------------------------------------------------------------
Finished Writing Synthesis Report : Time (s): cpu = 00:00:20 ; elapsed = 00:00:20 . Memory (MB): peak = 1079.824 ; gain = 390.988
---------------------------------------------------------------------------------
Synthesis finished with 0 errors, 0 critical warnings and 0 warnings.
Synthesis Optimization Runtime : Time (s): cpu = 00:00:14 ; elapsed = 00:00:19 . Memory (MB): peak = 1079.824 ; gain = 377.547
Synthesis Optimization Complete : Time (s): cpu = 00:00:20 ; elapsed = 00:00:21 . Memory (MB): peak = 1079.824 ; gain = 390.988
INFO: [Project 1-571] Translating synthesized netlist
Netlist sorting complete. Time (s): cpu = 00:00:00 ; elapsed = 00:00:00 . Memory (MB): peak = 1091.883 ; gain = 0.000
INFO: [Project 1-570] Preparing netlist for logic optimization
INFO: [Opt 31-138] Pushed 0 inverter(s) to 0 load pin(s).
Netlist sorting complete. Time (s): cpu = 00:00:00 ; elapsed = 00:00:00 . Memory (MB): peak = 1093.836 ; gain = 0.000
INFO: [Project 1-111] Unisim Transformation Summary:
No Unisim elements were transformed.

INFO: [Common 17-83] Releasing license: Synthesis
21 Infos, 3 Warnings, 0 Critical Warnings and 0 Errors encountered.
synth_design completed successfully
synth_design: Time (s): cpu = 00:00:25 ; elapsed = 00:00:26 . Memory (MB): peak = 1093.836 ; gain = 685.906
Netlist sorting complete. Time (s): cpu = 00:00:00 ; elapsed = 00:00:00 . Memory (MB): peak = 1093.836 ; gain = 0.000
WARNING: [Constraints 18-5210] No constraints selected for write.
Resolution: This message can indicate that there are no constraints for the design, or it can indicate that the used_in flags are set such that the constraints are ignored. This later case is used when running synth_design to not write synthesis constraints to the resulting checkpoint. Instead, project constraints are read when the synthesized design is opened.
INFO: [Common 17-1381] The checkpoint 'C:/eFPGA/3_State_Machine/3_State_Machine.runs/synth_1/design_1_wrapper.dcp' has been generated.
INFO: [runtcl-4] Executing : report_utilization -file design_1_wrapper_utilization_synth.rpt -pb design_1_wrapper_utilization_synth.pb
INFO: [Common 17-206] Exiting Vivado at Mon Jun  1 13:33:28 2020...
