TRACE::2021-01-25.14:52:51::SCWBifWriter::Found the complete platform C:/Users/KasperPC/Desktop/EOS_Examen/EX11/EX11_app/export/EX11_app/EX11_app.xpfm
TRACE::2021-01-25.14:52:52::SCWBifWriter::hardware databse : design_1_wrapper_3
TRACE::2021-01-25.14:52:52::SCWBifWriter::bitstream found in the design
TRACE::2021-01-25.14:52:52::SCWBifWriter::Found a baremetal domain, proc: ps7_cortexa9_0
TRACE::2021-01-25.14:52:52::SCWBifWriter::proc type : 
TRACE::2021-01-25.14:52:52::SCWBifWriter::proc[0] : ps7_cortexa9_0
TRACE::2021-01-25.14:52:52::SCWBifWriter::Device type is : zynq
TRACE::2021-01-25.14:52:52::SCWBifWriter::Writing BIF to file : C:/Users/KasperPC/Desktop/EOS_Examen/EX11/EX11_aapp_system/Debug/system.bif
TRACE::2021-01-25.14:52:52::SCWBifWriter::Writing the Zynq Baremetal bif 
TRACE::2021-01-25.15:01:16::SCWBifWriter::Found the complete platform C:/Users/KasperPC/Desktop/EOS_Examen/EX11/EX11_app/export/EX11_app/EX11_app.xpfm
TRACE::2021-01-25.15:01:16::SCWBifWriter::hardware databse : design_1_wrapper_3
TRACE::2021-01-25.15:01:16::SCWBifWriter::bitstream found in the design
TRACE::2021-01-25.15:01:16::SCWBifWriter::Found a baremetal domain, proc: ps7_cortexa9_0
TRACE::2021-01-25.15:01:16::SCWBifWriter::proc type : 
TRACE::2021-01-25.15:01:16::SCWBifWriter::proc[0] : ps7_cortexa9_0
TRACE::2021-01-25.15:01:16::SCWBifWriter::Device type is : zynq
TRACE::2021-01-25.15:01:16::SCWBifWriter::Writing BIF to file : C:/Users/KasperPC/Desktop/EOS_Examen/EX11/EX11_aapp_system/Debug/system.bif
TRACE::2021-01-25.15:01:16::SCWBifWriter::Writing the Zynq Baremetal bif 
TRACE::2021-01-25.15:04:57::SCWBifWriter::Found the complete platform C:/Users/KasperPC/Desktop/EOS_Examen/EX11/EX11_app/export/EX11_app/EX11_app.xpfm
TRACE::2021-01-25.15:04:57::SCWBifWriter::hardware databse : design_1_wrapper_3
TRACE::2021-01-25.15:04:57::SCWBifWriter::bitstream found in the design
TRACE::2021-01-25.15:04:57::SCWBifWriter::Found a baremetal domain, proc: ps7_cortexa9_0
TRACE::2021-01-25.15:04:57::SCWBifWriter::proc type : 
TRACE::2021-01-25.15:04:57::SCWBifWriter::proc[0] : ps7_cortexa9_0
TRACE::2021-01-25.15:04:57::SCWBifWriter::Device type is : zynq
TRACE::2021-01-25.15:04:57::SCWBifWriter::Writing BIF to file : C:/Users/KasperPC/Desktop/EOS_Examen/EX11/EX11_aapp_system/Debug/system.bif
TRACE::2021-01-25.15:04:57::SCWBifWriter::Writing the Zynq Baremetal bif 
TRACE::2021-01-25.15:16:06::SCWBifWriter::Found the complete platform C:/Users/KasperPC/Desktop/EOS_Examen/EX11/EX11_app/export/EX11_app/EX11_app.xpfm
TRACE::2021-01-25.15:16:06::SCWBifWriter::hardware databse : design_1_wrapper_3
TRACE::2021-01-25.15:16:06::SCWBifWriter::bitstream found in the design
TRACE::2021-01-25.15:16:06::SCWBifWriter::Found a baremetal domain, proc: ps7_cortexa9_0
TRACE::2021-01-25.15:16:06::SCWBifWriter::proc type : 
TRACE::2021-01-25.15:16:06::SCWBifWriter::proc[0] : ps7_cortexa9_0
TRACE::2021-01-25.15:16:06::SCWBifWriter::Device type is : zynq
TRACE::2021-01-25.15:16:06::SCWBifWriter::Writing BIF to file : C:/Users/KasperPC/Desktop/EOS_Examen/EX11/EX11_aapp_system/Debug/system.bif
TRACE::2021-01-25.15:16:06::SCWBifWriter::Writing the Zynq Baremetal bif 
