TRACE::2021-01-24.16:36:02::SCWBifWriter::Found the complete platform C:/Users/KasperPC/Desktop/EOS_Examen/EX7/EX7/export/EX7/EX7.xpfm
TRACE::2021-01-24.16:36:02::SCWBifWriter::hardware databse : design_1_wrapper_3
TRACE::2021-01-24.16:36:02::SCWBifWriter::bitstream found in the design
TRACE::2021-01-24.16:36:02::SCWBifWriter::Found a baremetal domain, proc: ps7_cortexa9_0
TRACE::2021-01-24.16:36:02::SCWBifWriter::proc type : 
TRACE::2021-01-24.16:36:02::SCWBifWriter::proc[0] : ps7_cortexa9_0
TRACE::2021-01-24.16:36:02::SCWBifWriter::Device type is : zynq
TRACE::2021-01-24.16:36:02::SCWBifWriter::Writing BIF to file : C:/Users/KasperPC/Desktop/EOS_Examen/EX7/EX7_app_system/Debug/system.bif
TRACE::2021-01-24.16:36:02::SCWBifWriter::Writing the Zynq Baremetal bif 
TRACE::2021-01-24.16:36:13::SCWBifWriter::Found the complete platform C:/Users/KasperPC/Desktop/EOS_Examen/EX7/EX7/export/EX7/EX7.xpfm
TRACE::2021-01-24.16:36:14::SCWBifWriter::hardware databse : design_1_wrapper_3
TRACE::2021-01-24.16:36:14::SCWBifWriter::bitstream found in the design
TRACE::2021-01-24.16:36:14::SCWBifWriter::Found a baremetal domain, proc: ps7_cortexa9_0
TRACE::2021-01-24.16:36:14::SCWBifWriter::proc type : 
TRACE::2021-01-24.16:36:14::SCWBifWriter::proc[0] : ps7_cortexa9_0
TRACE::2021-01-24.16:36:14::SCWBifWriter::Device type is : zynq
TRACE::2021-01-24.16:36:14::SCWBifWriter::Writing BIF to file : C:/Users/KasperPC/Desktop/EOS_Examen/EX7/EX7_app_system/Debug/system.bif
TRACE::2021-01-24.16:36:14::SCWBifWriter::Writing the Zynq Baremetal bif 
TRACE::2021-01-24.16:37:37::SCWBifWriter::Found the complete platform C:/Users/KasperPC/Desktop/EOS_Examen/EX7/EX7/export/EX7/EX7.xpfm
TRACE::2021-01-24.16:37:37::SCWBifWriter::hardware databse : design_1_wrapper_3
TRACE::2021-01-24.16:37:37::SCWBifWriter::bitstream found in the design
TRACE::2021-01-24.16:37:37::SCWBifWriter::Found a baremetal domain, proc: ps7_cortexa9_0
TRACE::2021-01-24.16:37:37::SCWBifWriter::proc type : 
TRACE::2021-01-24.16:37:37::SCWBifWriter::proc[0] : ps7_cortexa9_0
TRACE::2021-01-24.16:37:37::SCWBifWriter::Device type is : zynq
TRACE::2021-01-24.16:37:37::SCWBifWriter::Writing BIF to file : C:/Users/KasperPC/Desktop/EOS_Examen/EX7/EX7_app_system/Debug/system.bif
TRACE::2021-01-24.16:37:37::SCWBifWriter::Writing the Zynq Baremetal bif 
TRACE::2021-01-24.16:42:25::SCWBifWriter::Found the complete platform C:/Users/KasperPC/Desktop/EOS_Examen/EX7/EX7/export/EX7/EX7.xpfm
TRACE::2021-01-24.16:42:25::SCWBifWriter::hardware databse : design_1_wrapper_3
TRACE::2021-01-24.16:42:25::SCWBifWriter::bitstream found in the design
TRACE::2021-01-24.16:42:25::SCWBifWriter::Found a baremetal domain, proc: ps7_cortexa9_0
TRACE::2021-01-24.16:42:25::SCWBifWriter::proc type : 
TRACE::2021-01-24.16:42:25::SCWBifWriter::proc[0] : ps7_cortexa9_0
TRACE::2021-01-24.16:42:25::SCWBifWriter::Device type is : zynq
TRACE::2021-01-24.16:42:25::SCWBifWriter::Writing BIF to file : C:/Users/KasperPC/Desktop/EOS_Examen/EX7/EX7_app_system/Debug/system.bif
TRACE::2021-01-24.16:42:25::SCWBifWriter::Writing the Zynq Baremetal bif 
TRACE::2021-01-24.16:43:36::SCWBifWriter::Found the complete platform C:/Users/KasperPC/Desktop/EOS_Examen/EX7/EX7/export/EX7/EX7.xpfm
TRACE::2021-01-24.16:43:36::SCWBifWriter::hardware databse : design_1_wrapper_3
TRACE::2021-01-24.16:43:36::SCWBifWriter::bitstream found in the design
TRACE::2021-01-24.16:43:36::SCWBifWriter::Found a baremetal domain, proc: ps7_cortexa9_0
TRACE::2021-01-24.16:43:36::SCWBifWriter::proc type : 
TRACE::2021-01-24.16:43:36::SCWBifWriter::proc[0] : ps7_cortexa9_0
TRACE::2021-01-24.16:43:36::SCWBifWriter::Device type is : zynq
TRACE::2021-01-24.16:43:36::SCWBifWriter::Writing BIF to file : C:/Users/KasperPC/Desktop/EOS_Examen/EX7/EX7_app_system/Debug/system.bif
TRACE::2021-01-24.16:43:36::SCWBifWriter::Writing the Zynq Baremetal bif 
TRACE::2021-01-24.16:44:02::SCWBifWriter::Found the complete platform C:/Users/KasperPC/Desktop/EOS_Examen/EX7/EX7/export/EX7/EX7.xpfm
TRACE::2021-01-24.16:44:02::SCWBifWriter::hardware databse : design_1_wrapper_3
TRACE::2021-01-24.16:44:02::SCWBifWriter::bitstream found in the design
TRACE::2021-01-24.16:44:02::SCWBifWriter::Found a baremetal domain, proc: ps7_cortexa9_0
TRACE::2021-01-24.16:44:02::SCWBifWriter::proc type : 
TRACE::2021-01-24.16:44:02::SCWBifWriter::proc[0] : ps7_cortexa9_0
TRACE::2021-01-24.16:44:02::SCWBifWriter::Device type is : zynq
TRACE::2021-01-24.16:44:02::SCWBifWriter::Writing BIF to file : C:/Users/KasperPC/Desktop/EOS_Examen/EX7/EX7_app_system/Debug/system.bif
TRACE::2021-01-24.16:44:02::SCWBifWriter::Writing the Zynq Baremetal bif 
TRACE::2021-01-24.16:45:14::SCWBifWriter::Found the complete platform C:/Users/KasperPC/Desktop/EOS_Examen/EX7/EX7/export/EX7/EX7.xpfm
TRACE::2021-01-24.16:45:14::SCWBifWriter::hardware databse : design_1_wrapper_3
TRACE::2021-01-24.16:45:14::SCWBifWriter::bitstream found in the design
TRACE::2021-01-24.16:45:14::SCWBifWriter::Found a baremetal domain, proc: ps7_cortexa9_0
TRACE::2021-01-24.16:45:14::SCWBifWriter::proc type : 
TRACE::2021-01-24.16:45:14::SCWBifWriter::proc[0] : ps7_cortexa9_0
TRACE::2021-01-24.16:45:14::SCWBifWriter::Device type is : zynq
TRACE::2021-01-24.16:45:14::SCWBifWriter::Writing BIF to file : C:/Users/KasperPC/Desktop/EOS_Examen/EX7/EX7_app_system/Debug/system.bif
TRACE::2021-01-24.16:45:14::SCWBifWriter::Writing the Zynq Baremetal bif 
TRACE::2021-01-24.16:45:21::SCWBifWriter::Found the complete platform C:/Users/KasperPC/Desktop/EOS_Examen/EX7/EX7/export/EX7/EX7.xpfm
TRACE::2021-01-24.16:45:21::SCWBifWriter::hardware databse : design_1_wrapper_3
TRACE::2021-01-24.16:45:21::SCWBifWriter::bitstream found in the design
TRACE::2021-01-24.16:45:21::SCWBifWriter::Found a baremetal domain, proc: ps7_cortexa9_0
TRACE::2021-01-24.16:45:21::SCWBifWriter::proc type : 
TRACE::2021-01-24.16:45:21::SCWBifWriter::proc[0] : ps7_cortexa9_0
TRACE::2021-01-24.16:45:21::SCWBifWriter::Device type is : zynq
TRACE::2021-01-24.16:45:21::SCWBifWriter::Writing BIF to file : C:/Users/KasperPC/Desktop/EOS_Examen/EX7/EX7_app_system/Debug/system.bif
TRACE::2021-01-24.16:45:21::SCWBifWriter::Writing the Zynq Baremetal bif 
TRACE::2021-01-24.16:45:59::SCWBifWriter::Found the complete platform C:/Users/KasperPC/Desktop/EOS_Examen/EX7/EX7/export/EX7/EX7.xpfm
TRACE::2021-01-24.16:45:59::SCWBifWriter::hardware databse : design_1_wrapper_3
TRACE::2021-01-24.16:45:59::SCWBifWriter::bitstream found in the design
TRACE::2021-01-24.16:45:59::SCWBifWriter::Found a baremetal domain, proc: ps7_cortexa9_0
TRACE::2021-01-24.16:45:59::SCWBifWriter::proc type : 
TRACE::2021-01-24.16:45:59::SCWBifWriter::proc[0] : ps7_cortexa9_0
TRACE::2021-01-24.16:45:59::SCWBifWriter::Device type is : zynq
TRACE::2021-01-24.16:45:59::SCWBifWriter::Writing BIF to file : C:/Users/KasperPC/Desktop/EOS_Examen/EX7/EX7_app_system/Debug/system.bif
TRACE::2021-01-24.16:45:59::SCWBifWriter::Writing the Zynq Baremetal bif 
TRACE::2021-01-24.16:46:30::SCWBifWriter::Found the complete platform C:/Users/KasperPC/Desktop/EOS_Examen/EX7/EX7/export/EX7/EX7.xpfm
TRACE::2021-01-24.16:46:30::SCWBifWriter::hardware databse : design_1_wrapper_3
TRACE::2021-01-24.16:46:30::SCWBifWriter::bitstream found in the design
TRACE::2021-01-24.16:46:30::SCWBifWriter::Found a baremetal domain, proc: ps7_cortexa9_0
TRACE::2021-01-24.16:46:30::SCWBifWriter::proc type : 
TRACE::2021-01-24.16:46:30::SCWBifWriter::proc[0] : ps7_cortexa9_0
TRACE::2021-01-24.16:46:30::SCWBifWriter::Device type is : zynq
TRACE::2021-01-24.16:46:30::SCWBifWriter::Writing BIF to file : C:/Users/KasperPC/Desktop/EOS_Examen/EX7/EX7_app_system/Debug/system.bif
TRACE::2021-01-24.16:46:30::SCWBifWriter::Writing the Zynq Baremetal bif 
TRACE::2021-01-24.16:47:26::SCWBifWriter::Found the complete platform C:/Users/KasperPC/Desktop/EOS_Examen/EX7/EX7/export/EX7/EX7.xpfm
TRACE::2021-01-24.16:47:26::SCWBifWriter::hardware databse : design_1_wrapper_3
TRACE::2021-01-24.16:47:26::SCWBifWriter::bitstream found in the design
TRACE::2021-01-24.16:47:26::SCWBifWriter::Found a baremetal domain, proc: ps7_cortexa9_0
TRACE::2021-01-24.16:47:26::SCWBifWriter::proc type : 
TRACE::2021-01-24.16:47:26::SCWBifWriter::proc[0] : ps7_cortexa9_0
TRACE::2021-01-24.16:47:26::SCWBifWriter::Device type is : zynq
TRACE::2021-01-24.16:47:26::SCWBifWriter::Writing BIF to file : C:/Users/KasperPC/Desktop/EOS_Examen/EX7/EX7_app_system/Debug/system.bif
TRACE::2021-01-24.16:47:26::SCWBifWriter::Writing the Zynq Baremetal bif 
TRACE::2021-01-24.16:48:26::SCWBifWriter::Found the complete platform C:/Users/KasperPC/Desktop/EOS_Examen/EX7/EX7/export/EX7/EX7.xpfm
TRACE::2021-01-24.16:48:26::SCWBifWriter::hardware databse : design_1_wrapper_3
TRACE::2021-01-24.16:48:26::SCWBifWriter::bitstream found in the design
TRACE::2021-01-24.16:48:26::SCWBifWriter::Found a baremetal domain, proc: ps7_cortexa9_0
TRACE::2021-01-24.16:48:26::SCWBifWriter::proc type : 
TRACE::2021-01-24.16:48:26::SCWBifWriter::proc[0] : ps7_cortexa9_0
TRACE::2021-01-24.16:48:26::SCWBifWriter::Device type is : zynq
TRACE::2021-01-24.16:48:26::SCWBifWriter::Writing BIF to file : C:/Users/KasperPC/Desktop/EOS_Examen/EX7/EX7_app_system/Debug/system.bif
TRACE::2021-01-24.16:48:26::SCWBifWriter::Writing the Zynq Baremetal bif 
TRACE::2021-01-24.16:48:44::SCWBifWriter::Found the complete platform C:/Users/KasperPC/Desktop/EOS_Examen/EX7/EX7/export/EX7/EX7.xpfm
TRACE::2021-01-24.16:48:45::SCWBifWriter::hardware databse : design_1_wrapper_3
TRACE::2021-01-24.16:48:45::SCWBifWriter::bitstream found in the design
TRACE::2021-01-24.16:48:45::SCWBifWriter::Found a baremetal domain, proc: ps7_cortexa9_0
TRACE::2021-01-24.16:48:45::SCWBifWriter::proc type : 
TRACE::2021-01-24.16:48:45::SCWBifWriter::proc[0] : ps7_cortexa9_0
TRACE::2021-01-24.16:48:45::SCWBifWriter::Device type is : zynq
TRACE::2021-01-24.16:48:45::SCWBifWriter::Writing BIF to file : C:/Users/KasperPC/Desktop/EOS_Examen/EX7/EX7_app_system/Debug/system.bif
TRACE::2021-01-24.16:48:45::SCWBifWriter::Writing the Zynq Baremetal bif 
TRACE::2021-01-24.16:50:07::SCWBifWriter::Found the complete platform C:/Users/KasperPC/Desktop/EOS_Examen/EX7/EX7/export/EX7/EX7.xpfm
TRACE::2021-01-24.16:50:07::SCWBifWriter::hardware databse : design_1_wrapper_3
TRACE::2021-01-24.16:50:07::SCWBifWriter::bitstream found in the design
TRACE::2021-01-24.16:50:07::SCWBifWriter::Found a baremetal domain, proc: ps7_cortexa9_0
TRACE::2021-01-24.16:50:07::SCWBifWriter::proc type : 
TRACE::2021-01-24.16:50:07::SCWBifWriter::proc[0] : ps7_cortexa9_0
TRACE::2021-01-24.16:50:07::SCWBifWriter::Device type is : zynq
TRACE::2021-01-24.16:50:07::SCWBifWriter::Writing BIF to file : C:/Users/KasperPC/Desktop/EOS_Examen/EX7/EX7_app_system/Debug/system.bif
TRACE::2021-01-24.16:50:07::SCWBifWriter::Writing the Zynq Baremetal bif 
TRACE::2021-01-24.16:51:03::SCWBifWriter::Found the complete platform C:/Users/KasperPC/Desktop/EOS_Examen/EX7/EX7/export/EX7/EX7.xpfm
TRACE::2021-01-24.16:51:03::SCWBifWriter::hardware databse : design_1_wrapper_3
TRACE::2021-01-24.16:51:03::SCWBifWriter::bitstream found in the design
TRACE::2021-01-24.16:51:03::SCWBifWriter::Found a baremetal domain, proc: ps7_cortexa9_0
TRACE::2021-01-24.16:51:03::SCWBifWriter::proc type : 
TRACE::2021-01-24.16:51:03::SCWBifWriter::proc[0] : ps7_cortexa9_0
TRACE::2021-01-24.16:51:03::SCWBifWriter::Device type is : zynq
TRACE::2021-01-24.16:51:03::SCWBifWriter::Writing BIF to file : C:/Users/KasperPC/Desktop/EOS_Examen/EX7/EX7_app_system/Debug/system.bif
TRACE::2021-01-24.16:51:03::SCWBifWriter::Writing the Zynq Baremetal bif 
TRACE::2021-01-24.16:51:24::SCWBifWriter::Found the complete platform C:/Users/KasperPC/Desktop/EOS_Examen/EX7/EX7/export/EX7/EX7.xpfm
TRACE::2021-01-24.16:51:24::SCWBifWriter::hardware databse : design_1_wrapper_3
TRACE::2021-01-24.16:51:24::SCWBifWriter::bitstream found in the design
TRACE::2021-01-24.16:51:24::SCWBifWriter::Found a baremetal domain, proc: ps7_cortexa9_0
TRACE::2021-01-24.16:51:24::SCWBifWriter::proc type : 
TRACE::2021-01-24.16:51:24::SCWBifWriter::proc[0] : ps7_cortexa9_0
TRACE::2021-01-24.16:51:24::SCWBifWriter::Device type is : zynq
TRACE::2021-01-24.16:51:24::SCWBifWriter::Writing BIF to file : C:/Users/KasperPC/Desktop/EOS_Examen/EX7/EX7_app_system/Debug/system.bif
TRACE::2021-01-24.16:51:24::SCWBifWriter::Writing the Zynq Baremetal bif 
TRACE::2021-01-24.16:51:30::SCWBifWriter::Found the complete platform C:/Users/KasperPC/Desktop/EOS_Examen/EX7/EX7/export/EX7/EX7.xpfm
TRACE::2021-01-24.16:51:30::SCWBifWriter::hardware databse : design_1_wrapper_3
TRACE::2021-01-24.16:51:30::SCWBifWriter::bitstream found in the design
TRACE::2021-01-24.16:51:30::SCWBifWriter::Found a baremetal domain, proc: ps7_cortexa9_0
TRACE::2021-01-24.16:51:30::SCWBifWriter::proc type : 
TRACE::2021-01-24.16:51:30::SCWBifWriter::proc[0] : ps7_cortexa9_0
TRACE::2021-01-24.16:51:30::SCWBifWriter::Device type is : zynq
TRACE::2021-01-24.16:51:30::SCWBifWriter::Writing BIF to file : C:/Users/KasperPC/Desktop/EOS_Examen/EX7/EX7_app_system/Debug/system.bif
TRACE::2021-01-24.16:51:30::SCWBifWriter::Writing the Zynq Baremetal bif 
TRACE::2021-01-24.16:54:22::SCWBifWriter::Found the complete platform C:/Users/KasperPC/Desktop/EOS_Examen/EX7/EX7/export/EX7/EX7.xpfm
TRACE::2021-01-24.16:54:22::SCWBifWriter::hardware databse : design_1_wrapper_3
TRACE::2021-01-24.16:54:22::SCWBifWriter::bitstream found in the design
TRACE::2021-01-24.16:54:22::SCWBifWriter::Found a baremetal domain, proc: ps7_cortexa9_0
TRACE::2021-01-24.16:54:22::SCWBifWriter::proc type : 
TRACE::2021-01-24.16:54:22::SCWBifWriter::proc[0] : ps7_cortexa9_0
TRACE::2021-01-24.16:54:22::SCWBifWriter::Device type is : zynq
TRACE::2021-01-24.16:54:22::SCWBifWriter::Writing BIF to file : C:/Users/KasperPC/Desktop/EOS_Examen/EX7/EX7_app_system/Debug/system.bif
TRACE::2021-01-24.16:54:22::SCWBifWriter::Writing the Zynq Baremetal bif 
TRACE::2021-01-24.16:55:29::SCWBifWriter::Found the complete platform C:/Users/KasperPC/Desktop/EOS_Examen/EX7/EX7/export/EX7/EX7.xpfm
TRACE::2021-01-24.16:55:29::SCWBifWriter::hardware databse : design_1_wrapper_3
TRACE::2021-01-24.16:55:30::SCWBifWriter::bitstream found in the design
TRACE::2021-01-24.16:55:30::SCWBifWriter::Found a baremetal domain, proc: ps7_cortexa9_0
TRACE::2021-01-24.16:55:30::SCWBifWriter::proc type : 
TRACE::2021-01-24.16:55:30::SCWBifWriter::proc[0] : ps7_cortexa9_0
TRACE::2021-01-24.16:55:30::SCWBifWriter::Device type is : zynq
TRACE::2021-01-24.16:55:30::SCWBifWriter::Writing BIF to file : C:/Users/KasperPC/Desktop/EOS_Examen/EX7/EX7_app_system/Debug/system.bif
TRACE::2021-01-24.16:55:30::SCWBifWriter::Writing the Zynq Baremetal bif 
TRACE::2021-01-24.16:56:46::SCWBifWriter::Found the complete platform C:/Users/KasperPC/Desktop/EOS_Examen/EX7/EX7/export/EX7/EX7.xpfm
TRACE::2021-01-24.16:56:46::SCWBifWriter::hardware databse : design_1_wrapper_3
TRACE::2021-01-24.16:56:46::SCWBifWriter::bitstream found in the design
TRACE::2021-01-24.16:56:46::SCWBifWriter::Found a baremetal domain, proc: ps7_cortexa9_0
TRACE::2021-01-24.16:56:46::SCWBifWriter::proc type : 
TRACE::2021-01-24.16:56:46::SCWBifWriter::proc[0] : ps7_cortexa9_0
TRACE::2021-01-24.16:56:46::SCWBifWriter::Device type is : zynq
TRACE::2021-01-24.16:56:46::SCWBifWriter::Writing BIF to file : C:/Users/KasperPC/Desktop/EOS_Examen/EX7/EX7_app_system/Debug/system.bif
TRACE::2021-01-24.16:56:46::SCWBifWriter::Writing the Zynq Baremetal bif 
TRACE::2021-01-24.16:57:19::SCWBifWriter::Found the complete platform C:/Users/KasperPC/Desktop/EOS_Examen/EX7/EX7/export/EX7/EX7.xpfm
TRACE::2021-01-24.16:57:19::SCWBifWriter::hardware databse : design_1_wrapper_3
TRACE::2021-01-24.16:57:19::SCWBifWriter::bitstream found in the design
TRACE::2021-01-24.16:57:19::SCWBifWriter::Found a baremetal domain, proc: ps7_cortexa9_0
TRACE::2021-01-24.16:57:19::SCWBifWriter::proc type : 
TRACE::2021-01-24.16:57:19::SCWBifWriter::proc[0] : ps7_cortexa9_0
TRACE::2021-01-24.16:57:19::SCWBifWriter::Device type is : zynq
TRACE::2021-01-24.16:57:19::SCWBifWriter::Writing BIF to file : C:/Users/KasperPC/Desktop/EOS_Examen/EX7/EX7_app_system/Debug/system.bif
TRACE::2021-01-24.16:57:19::SCWBifWriter::Writing the Zynq Baremetal bif 
TRACE::2021-01-24.16:59:42::SCWBifWriter::Found the complete platform C:/Users/KasperPC/Desktop/EOS_Examen/EX7/EX7/export/EX7/EX7.xpfm
TRACE::2021-01-24.16:59:42::SCWBifWriter::hardware databse : design_1_wrapper_3
TRACE::2021-01-24.16:59:42::SCWBifWriter::bitstream found in the design
TRACE::2021-01-24.16:59:42::SCWBifWriter::Found a baremetal domain, proc: ps7_cortexa9_0
TRACE::2021-01-24.16:59:42::SCWBifWriter::proc type : 
TRACE::2021-01-24.16:59:42::SCWBifWriter::proc[0] : ps7_cortexa9_0
TRACE::2021-01-24.16:59:42::SCWBifWriter::Device type is : zynq
TRACE::2021-01-24.16:59:42::SCWBifWriter::Writing BIF to file : C:/Users/KasperPC/Desktop/EOS_Examen/EX7/EX7_app_system/Debug/system.bif
TRACE::2021-01-24.16:59:42::SCWBifWriter::Writing the Zynq Baremetal bif 
TRACE::2021-01-24.17:00:11::SCWBifWriter::Found the complete platform C:/Users/KasperPC/Desktop/EOS_Examen/EX7/EX7/export/EX7/EX7.xpfm
TRACE::2021-01-24.17:00:11::SCWBifWriter::hardware databse : design_1_wrapper_3
TRACE::2021-01-24.17:00:11::SCWBifWriter::bitstream found in the design
TRACE::2021-01-24.17:00:11::SCWBifWriter::Found a baremetal domain, proc: ps7_cortexa9_0
TRACE::2021-01-24.17:00:11::SCWBifWriter::proc type : 
TRACE::2021-01-24.17:00:11::SCWBifWriter::proc[0] : ps7_cortexa9_0
TRACE::2021-01-24.17:00:11::SCWBifWriter::Device type is : zynq
TRACE::2021-01-24.17:00:11::SCWBifWriter::Writing BIF to file : C:/Users/KasperPC/Desktop/EOS_Examen/EX7/EX7_app_system/Debug/system.bif
TRACE::2021-01-24.17:00:11::SCWBifWriter::Writing the Zynq Baremetal bif 
TRACE::2021-01-24.17:03:09::SCWBifWriter::Found the complete platform C:/Users/KasperPC/Desktop/EOS_Examen/EX7/EX7/export/EX7/EX7.xpfm
TRACE::2021-01-24.17:03:09::SCWBifWriter::hardware databse : design_1_wrapper_3
TRACE::2021-01-24.17:03:09::SCWBifWriter::bitstream found in the design
TRACE::2021-01-24.17:03:09::SCWBifWriter::Found a baremetal domain, proc: ps7_cortexa9_0
TRACE::2021-01-24.17:03:09::SCWBifWriter::proc type : 
TRACE::2021-01-24.17:03:09::SCWBifWriter::proc[0] : ps7_cortexa9_0
TRACE::2021-01-24.17:03:09::SCWBifWriter::Device type is : zynq
TRACE::2021-01-24.17:03:09::SCWBifWriter::Writing BIF to file : C:/Users/KasperPC/Desktop/EOS_Examen/EX7/EX7_app_system/Debug/system.bif
TRACE::2021-01-24.17:03:09::SCWBifWriter::Writing the Zynq Baremetal bif 
TRACE::2021-01-24.17:06:07::SCWBifWriter::Found the complete platform C:/Users/KasperPC/Desktop/EOS_Examen/EX7/EX7/export/EX7/EX7.xpfm
TRACE::2021-01-24.17:06:07::SCWBifWriter::hardware databse : design_1_wrapper_3
TRACE::2021-01-24.17:06:07::SCWBifWriter::bitstream found in the design
TRACE::2021-01-24.17:06:07::SCWBifWriter::Found a baremetal domain, proc: ps7_cortexa9_0
TRACE::2021-01-24.17:06:07::SCWBifWriter::proc type : 
TRACE::2021-01-24.17:06:07::SCWBifWriter::proc[0] : ps7_cortexa9_0
TRACE::2021-01-24.17:06:07::SCWBifWriter::Device type is : zynq
TRACE::2021-01-24.17:06:07::SCWBifWriter::Writing BIF to file : C:/Users/KasperPC/Desktop/EOS_Examen/EX7/EX7_app_system/Debug/system.bif
TRACE::2021-01-24.17:06:07::SCWBifWriter::Writing the Zynq Baremetal bif 
TRACE::2021-01-24.17:07:09::SCWBifWriter::Found the complete platform C:/Users/KasperPC/Desktop/EOS_Examen/EX7/EX7/export/EX7/EX7.xpfm
TRACE::2021-01-24.17:07:09::SCWBifWriter::hardware databse : design_1_wrapper_3
TRACE::2021-01-24.17:07:09::SCWBifWriter::bitstream found in the design
TRACE::2021-01-24.17:07:09::SCWBifWriter::Found a baremetal domain, proc: ps7_cortexa9_0
TRACE::2021-01-24.17:07:09::SCWBifWriter::proc type : 
TRACE::2021-01-24.17:07:09::SCWBifWriter::proc[0] : ps7_cortexa9_0
TRACE::2021-01-24.17:07:09::SCWBifWriter::Device type is : zynq
TRACE::2021-01-24.17:07:09::SCWBifWriter::Writing BIF to file : C:/Users/KasperPC/Desktop/EOS_Examen/EX7/EX7_app_system/Debug/system.bif
TRACE::2021-01-24.17:07:09::SCWBifWriter::Writing the Zynq Baremetal bif 
