14:43:03 **** Auto Build of configuration Debug for project Oefening12 ****
make pre-build main-build 
a9-linaro-pre-build-step
' '
'Building file: ../src/freertos_hello_world.c'
'Invoking: ARM v7 gcc compiler'
arm-none-eabi-gcc -Wall -O0 -g3 -c -fmessage-length=0 -MT"src/freertos_hello_world.o" -mcpu=cortex-a9 -mfpu=vfpv3 -mfloat-abi=hard -I../../Oefening12_bsp/ps7_cortexa9_0/include -MMD -MP -MF"src/freertos_hello_world.d" -MT"src/freertos_hello_world.o" -o "src/freertos_hello_world.o" "../src/freertos_hello_world.c"
'Finished building: ../src/freertos_hello_world.c'
' '
'Building target: Oefening12.elf'
'Invoking: ARM v7 gcc linker'
arm-none-eabi-gcc -mcpu=cortex-a9 -mfpu=vfpv3 -mfloat-abi=hard -Wl,-build-id=none -specs=Xilinx.spec -Wl,-T -Wl,../src/lscript.ld -L../../Oefening12_bsp/ps7_cortexa9_0/lib -o "Oefening12.elf"  ./src/freertos_hello_world.o   -Wl,--start-group,-lxil,-lfreertos,-lgcc,-lc,--end-group
'Finished building target: Oefening12.elf'
' '
'Invoking: ARM v7 Print Size'
arm-none-eabi-size Oefening12.elf  |tee "Oefening12.elf.size"
   text	   data	    bss	    dec	    hex	filename
  87668	   3380	  89456	 180504	  2c118	Oefening12.elf
'Finished building: Oefening12.elf.size'
' '

14:43:07 Build Finished (took 4s.402ms)

