TRACE::2021-01-24.15:22:25::SCWBifWriter::Found the complete platform C:/Users/KasperPC/Desktop/EOS_Examen/EX4/EX4/export/EX4/EX4.xpfm
TRACE::2021-01-24.15:22:25::SCWBifWriter::hardware databse : design_1_wrapper_3
TRACE::2021-01-24.15:22:25::SCWBifWriter::bitstream found in the design
TRACE::2021-01-24.15:22:25::SCWBifWriter::Found a baremetal domain, proc: ps7_cortexa9_0
TRACE::2021-01-24.15:22:25::SCWBifWriter::proc type : 
TRACE::2021-01-24.15:22:25::SCWBifWriter::proc[0] : ps7_cortexa9_0
TRACE::2021-01-24.15:22:25::SCWBifWriter::Device type is : zynq
TRACE::2021-01-24.15:22:25::SCWBifWriter::Writing BIF to file : C:/Users/KasperPC/Desktop/EOS_Examen/EX4/EX4_app_system/Debug/system.bif
TRACE::2021-01-24.15:22:25::SCWBifWriter::Writing the Zynq Baremetal bif 
TRACE::2021-01-24.15:29:19::SCWBifWriter::Found the complete platform C:/Users/KasperPC/Desktop/EOS_Examen/EX4/EX4/export/EX4/EX4.xpfm
TRACE::2021-01-24.15:29:19::SCWBifWriter::hardware databse : design_1_wrapper_3
TRACE::2021-01-24.15:29:19::SCWBifWriter::bitstream found in the design
TRACE::2021-01-24.15:29:19::SCWBifWriter::Found a baremetal domain, proc: ps7_cortexa9_0
TRACE::2021-01-24.15:29:19::SCWBifWriter::proc type : 
TRACE::2021-01-24.15:29:19::SCWBifWriter::proc[0] : ps7_cortexa9_0
TRACE::2021-01-24.15:29:19::SCWBifWriter::Device type is : zynq
TRACE::2021-01-24.15:29:19::SCWBifWriter::Writing BIF to file : C:/Users/KasperPC/Desktop/EOS_Examen/EX4/EX4_app_system/Debug/system.bif
TRACE::2021-01-24.15:29:19::SCWBifWriter::Writing the Zynq Baremetal bif 
TRACE::2021-01-24.15:36:13::SCWBifWriter::Found the complete platform C:/Users/KasperPC/Desktop/EOS_Examen/EX4/EX4/export/EX4/EX4.xpfm
TRACE::2021-01-24.15:36:13::SCWBifWriter::hardware databse : design_1_wrapper_3
TRACE::2021-01-24.15:36:13::SCWBifWriter::bitstream found in the design
TRACE::2021-01-24.15:36:13::SCWBifWriter::Found a baremetal domain, proc: ps7_cortexa9_0
TRACE::2021-01-24.15:36:13::SCWBifWriter::proc type : 
TRACE::2021-01-24.15:36:13::SCWBifWriter::proc[0] : ps7_cortexa9_0
TRACE::2021-01-24.15:36:13::SCWBifWriter::Device type is : zynq
TRACE::2021-01-24.15:36:13::SCWBifWriter::Writing BIF to file : C:/Users/KasperPC/Desktop/EOS_Examen/EX4/EX4_app_system/Debug/system.bif
TRACE::2021-01-24.15:36:13::SCWBifWriter::Writing the Zynq Baremetal bif 
