Copyright 1986-2019 Xilinx, Inc. All Rights Reserved.
--------------------------------------------------------------------------------------------------------------------------------------------------------------------------------------
| Tool Version : Vivado v.2019.2 (win64) Build 2708876 Wed Nov  6 21:40:23 MST 2019
| Date         : Tue Jun  2 16:09:06 2020
| Host         : DESKTOP-AIIUJ62 running 64-bit major release  (build 9200)
| Command      : report_methodology -file design_1_wrapper_methodology_drc_routed.rpt -pb design_1_wrapper_methodology_drc_routed.pb -rpx design_1_wrapper_methodology_drc_routed.rpx
| Design       : design_1_wrapper
| Device       : xc7z007sclg225-1
| Speed File   : -1
| Design State : Fully Routed
--------------------------------------------------------------------------------------------------------------------------------------------------------------------------------------

Report Methodology

Table of Contents
-----------------
1. REPORT SUMMARY
2. REPORT DETAILS

1. REPORT SUMMARY
-----------------
            Netlist: netlist
          Floorplan: design_1
      Design limits: <entire design considered>
             Max violations: <unlimited>
             Violations found: 32
+-----------+----------+-----------------------+------------+
| Rule      | Severity | Description           | Violations |
+-----------+----------+-----------------------+------------+
| TIMING-16 | Warning  | Large setup violation | 32         |
+-----------+----------+-----------------------+------------+

2. REPORT DETAILS
-----------------
TIMING-16#1 Warning
Large setup violation  
There is a large setup violation of -71.521 ns between design_1_i/AXI_CALCULATOR_0/U0/AXI_CALCULATOR_v1_0_S00_AXI_inst/slv_reg1_reg[3]/C (clocked by clk_fpga_0) and design_1_i/AXI_CALCULATOR_0/U0/AXI_CALCULATOR_v1_0_S00_AXI_inst/axi_rdata_reg[3]/D (clocked by clk_fpga_0). Large setup violations at the end of those stages might be difficult to fix during the post-placement implementation flow and could be the result of non-optimal XDC constraints or non-optimal design architecture
Related violations: <none>

TIMING-16#2 Warning
Large setup violation  
There is a large setup violation of -71.561 ns between design_1_i/AXI_CALCULATOR_0/U0/AXI_CALCULATOR_v1_0_S00_AXI_inst/slv_reg1_reg[3]/C (clocked by clk_fpga_0) and design_1_i/AXI_CALCULATOR_0/U0/AXI_CALCULATOR_v1_0_S00_AXI_inst/axi_rdata_reg[2]/D (clocked by clk_fpga_0). Large setup violations at the end of those stages might be difficult to fix during the post-placement implementation flow and could be the result of non-optimal XDC constraints or non-optimal design architecture
Related violations: <none>

TIMING-16#3 Warning
Large setup violation  
There is a large setup violation of -71.837 ns between design_1_i/AXI_CALCULATOR_0/U0/AXI_CALCULATOR_v1_0_S00_AXI_inst/slv_reg1_reg[3]/C (clocked by clk_fpga_0) and design_1_i/AXI_CALCULATOR_0/U0/AXI_CALCULATOR_v1_0_S00_AXI_inst/axi_rdata_reg[1]/D (clocked by clk_fpga_0). Large setup violations at the end of those stages might be difficult to fix during the post-placement implementation flow and could be the result of non-optimal XDC constraints or non-optimal design architecture
Related violations: <none>

TIMING-16#4 Warning
Large setup violation  
There is a large setup violation of -72.097 ns between design_1_i/AXI_CALCULATOR_0/U0/AXI_CALCULATOR_v1_0_S00_AXI_inst/slv_reg1_reg[3]/C (clocked by clk_fpga_0) and design_1_i/AXI_CALCULATOR_0/U0/AXI_CALCULATOR_v1_0_S00_AXI_inst/axi_rdata_reg[4]/D (clocked by clk_fpga_0). Large setup violations at the end of those stages might be difficult to fix during the post-placement implementation flow and could be the result of non-optimal XDC constraints or non-optimal design architecture
Related violations: <none>

TIMING-16#5 Warning
Large setup violation  
There is a large setup violation of -72.111 ns between design_1_i/AXI_CALCULATOR_0/U0/AXI_CALCULATOR_v1_0_S00_AXI_inst/slv_reg1_reg[3]/C (clocked by clk_fpga_0) and design_1_i/AXI_CALCULATOR_0/U0/AXI_CALCULATOR_v1_0_S00_AXI_inst/axi_rdata_reg[7]/D (clocked by clk_fpga_0). Large setup violations at the end of those stages might be difficult to fix during the post-placement implementation flow and could be the result of non-optimal XDC constraints or non-optimal design architecture
Related violations: <none>

TIMING-16#6 Warning
Large setup violation  
There is a large setup violation of -72.339 ns between design_1_i/AXI_CALCULATOR_0/U0/AXI_CALCULATOR_v1_0_S00_AXI_inst/slv_reg1_reg[3]/C (clocked by clk_fpga_0) and design_1_i/AXI_CALCULATOR_0/U0/AXI_CALCULATOR_v1_0_S00_AXI_inst/axi_rdata_reg[11]/D (clocked by clk_fpga_0). Large setup violations at the end of those stages might be difficult to fix during the post-placement implementation flow and could be the result of non-optimal XDC constraints or non-optimal design architecture
Related violations: <none>

TIMING-16#7 Warning
Large setup violation  
There is a large setup violation of -72.349 ns between design_1_i/AXI_CALCULATOR_0/U0/AXI_CALCULATOR_v1_0_S00_AXI_inst/slv_reg1_reg[3]/C (clocked by clk_fpga_0) and design_1_i/AXI_CALCULATOR_0/U0/AXI_CALCULATOR_v1_0_S00_AXI_inst/axi_rdata_reg[8]/D (clocked by clk_fpga_0). Large setup violations at the end of those stages might be difficult to fix during the post-placement implementation flow and could be the result of non-optimal XDC constraints or non-optimal design architecture
Related violations: <none>

TIMING-16#8 Warning
Large setup violation  
There is a large setup violation of -72.455 ns between design_1_i/AXI_CALCULATOR_0/U0/AXI_CALCULATOR_v1_0_S00_AXI_inst/slv_reg1_reg[3]/C (clocked by clk_fpga_0) and design_1_i/AXI_CALCULATOR_0/U0/AXI_CALCULATOR_v1_0_S00_AXI_inst/axi_rdata_reg[5]/D (clocked by clk_fpga_0). Large setup violations at the end of those stages might be difficult to fix during the post-placement implementation flow and could be the result of non-optimal XDC constraints or non-optimal design architecture
Related violations: <none>

TIMING-16#9 Warning
Large setup violation  
There is a large setup violation of -72.456 ns between design_1_i/AXI_CALCULATOR_0/U0/AXI_CALCULATOR_v1_0_S00_AXI_inst/slv_reg0_reg[1]_replica/C (clocked by clk_fpga_0) and design_1_i/AXI_CALCULATOR_0/U0/AXI_CALCULATOR_v1_0_S00_AXI_inst/axi_rdata_reg[15]/D (clocked by clk_fpga_0). Large setup violations at the end of those stages might be difficult to fix during the post-placement implementation flow and could be the result of non-optimal XDC constraints or non-optimal design architecture
Related violations: <none>

TIMING-16#10 Warning
Large setup violation  
There is a large setup violation of -72.522 ns between design_1_i/AXI_CALCULATOR_0/U0/AXI_CALCULATOR_v1_0_S00_AXI_inst/slv_reg0_reg[1]_replica/C (clocked by clk_fpga_0) and design_1_i/AXI_CALCULATOR_0/U0/AXI_CALCULATOR_v1_0_S00_AXI_inst/axi_rdata_reg[14]/D (clocked by clk_fpga_0). Large setup violations at the end of those stages might be difficult to fix during the post-placement implementation flow and could be the result of non-optimal XDC constraints or non-optimal design architecture
Related violations: <none>

TIMING-16#11 Warning
Large setup violation  
There is a large setup violation of -72.534 ns between design_1_i/AXI_CALCULATOR_0/U0/AXI_CALCULATOR_v1_0_S00_AXI_inst/slv_reg1_reg[3]/C (clocked by clk_fpga_0) and design_1_i/AXI_CALCULATOR_0/U0/AXI_CALCULATOR_v1_0_S00_AXI_inst/axi_rdata_reg[12]/D (clocked by clk_fpga_0). Large setup violations at the end of those stages might be difficult to fix during the post-placement implementation flow and could be the result of non-optimal XDC constraints or non-optimal design architecture
Related violations: <none>

TIMING-16#12 Warning
Large setup violation  
There is a large setup violation of -72.626 ns between design_1_i/AXI_CALCULATOR_0/U0/AXI_CALCULATOR_v1_0_S00_AXI_inst/slv_reg0_reg[1]_replica/C (clocked by clk_fpga_0) and design_1_i/AXI_CALCULATOR_0/U0/AXI_CALCULATOR_v1_0_S00_AXI_inst/axi_rdata_reg[13]/D (clocked by clk_fpga_0). Large setup violations at the end of those stages might be difficult to fix during the post-placement implementation flow and could be the result of non-optimal XDC constraints or non-optimal design architecture
Related violations: <none>

TIMING-16#13 Warning
Large setup violation  
There is a large setup violation of -72.630 ns between design_1_i/AXI_CALCULATOR_0/U0/AXI_CALCULATOR_v1_0_S00_AXI_inst/slv_reg1_reg[3]/C (clocked by clk_fpga_0) and design_1_i/AXI_CALCULATOR_0/U0/AXI_CALCULATOR_v1_0_S00_AXI_inst/axi_rdata_reg[6]/D (clocked by clk_fpga_0). Large setup violations at the end of those stages might be difficult to fix during the post-placement implementation flow and could be the result of non-optimal XDC constraints or non-optimal design architecture
Related violations: <none>

TIMING-16#14 Warning
Large setup violation  
There is a large setup violation of -72.663 ns between design_1_i/AXI_CALCULATOR_0/U0/AXI_CALCULATOR_v1_0_S00_AXI_inst/slv_reg1_reg[3]/C (clocked by clk_fpga_0) and design_1_i/AXI_CALCULATOR_0/U0/AXI_CALCULATOR_v1_0_S00_AXI_inst/axi_rdata_reg[10]/D (clocked by clk_fpga_0). Large setup violations at the end of those stages might be difficult to fix during the post-placement implementation flow and could be the result of non-optimal XDC constraints or non-optimal design architecture
Related violations: <none>

TIMING-16#15 Warning
Large setup violation  
There is a large setup violation of -72.675 ns between design_1_i/AXI_CALCULATOR_0/U0/AXI_CALCULATOR_v1_0_S00_AXI_inst/slv_reg1_reg[3]/C (clocked by clk_fpga_0) and design_1_i/AXI_CALCULATOR_0/U0/AXI_CALCULATOR_v1_0_S00_AXI_inst/axi_rdata_reg[9]/D (clocked by clk_fpga_0). Large setup violations at the end of those stages might be difficult to fix during the post-placement implementation flow and could be the result of non-optimal XDC constraints or non-optimal design architecture
Related violations: <none>

TIMING-16#16 Warning
Large setup violation  
There is a large setup violation of -72.700 ns between design_1_i/AXI_CALCULATOR_0/U0/AXI_CALCULATOR_v1_0_S00_AXI_inst/slv_reg1_reg[3]/C (clocked by clk_fpga_0) and design_1_i/AXI_CALCULATOR_0/U0/AXI_CALCULATOR_v1_0_S00_AXI_inst/axi_rdata_reg[16]/D (clocked by clk_fpga_0). Large setup violations at the end of those stages might be difficult to fix during the post-placement implementation flow and could be the result of non-optimal XDC constraints or non-optimal design architecture
Related violations: <none>

TIMING-16#17 Warning
Large setup violation  
There is a large setup violation of -72.759 ns between design_1_i/AXI_CALCULATOR_0/U0/AXI_CALCULATOR_v1_0_S00_AXI_inst/slv_reg0_reg[1]_replica/C (clocked by clk_fpga_0) and design_1_i/AXI_CALCULATOR_0/U0/AXI_CALCULATOR_v1_0_S00_AXI_inst/axi_rdata_reg[18]/D (clocked by clk_fpga_0). Large setup violations at the end of those stages might be difficult to fix during the post-placement implementation flow and could be the result of non-optimal XDC constraints or non-optimal design architecture
Related violations: <none>

TIMING-16#18 Warning
Large setup violation  
There is a large setup violation of -72.868 ns between design_1_i/AXI_CALCULATOR_0/U0/AXI_CALCULATOR_v1_0_S00_AXI_inst/slv_reg0_reg[1]_replica/C (clocked by clk_fpga_0) and design_1_i/AXI_CALCULATOR_0/U0/AXI_CALCULATOR_v1_0_S00_AXI_inst/axi_rdata_reg[27]/D (clocked by clk_fpga_0). Large setup violations at the end of those stages might be difficult to fix during the post-placement implementation flow and could be the result of non-optimal XDC constraints or non-optimal design architecture
Related violations: <none>

TIMING-16#19 Warning
Large setup violation  
There is a large setup violation of -72.896 ns between design_1_i/AXI_CALCULATOR_0/U0/AXI_CALCULATOR_v1_0_S00_AXI_inst/slv_reg0_reg[1]_replica/C (clocked by clk_fpga_0) and design_1_i/AXI_CALCULATOR_0/U0/AXI_CALCULATOR_v1_0_S00_AXI_inst/axi_rdata_reg[22]/D (clocked by clk_fpga_0). Large setup violations at the end of those stages might be difficult to fix during the post-placement implementation flow and could be the result of non-optimal XDC constraints or non-optimal design architecture
Related violations: <none>

TIMING-16#20 Warning
Large setup violation  
There is a large setup violation of -72.911 ns between design_1_i/AXI_CALCULATOR_0/U0/AXI_CALCULATOR_v1_0_S00_AXI_inst/slv_reg0_reg[1]_replica/C (clocked by clk_fpga_0) and design_1_i/AXI_CALCULATOR_0/U0/AXI_CALCULATOR_v1_0_S00_AXI_inst/axi_rdata_reg[29]/D (clocked by clk_fpga_0). Large setup violations at the end of those stages might be difficult to fix during the post-placement implementation flow and could be the result of non-optimal XDC constraints or non-optimal design architecture
Related violations: <none>

TIMING-16#21 Warning
Large setup violation  
There is a large setup violation of -72.923 ns between design_1_i/AXI_CALCULATOR_0/U0/AXI_CALCULATOR_v1_0_S00_AXI_inst/slv_reg1_reg[3]/C (clocked by clk_fpga_0) and design_1_i/AXI_CALCULATOR_0/U0/AXI_CALCULATOR_v1_0_S00_AXI_inst/axi_rdata_reg[20]/D (clocked by clk_fpga_0). Large setup violations at the end of those stages might be difficult to fix during the post-placement implementation flow and could be the result of non-optimal XDC constraints or non-optimal design architecture
Related violations: <none>

TIMING-16#22 Warning
Large setup violation  
There is a large setup violation of -72.940 ns between design_1_i/AXI_CALCULATOR_0/U0/AXI_CALCULATOR_v1_0_S00_AXI_inst/slv_reg1_reg[3]/C (clocked by clk_fpga_0) and design_1_i/AXI_CALCULATOR_0/U0/AXI_CALCULATOR_v1_0_S00_AXI_inst/axi_rdata_reg[25]/D (clocked by clk_fpga_0). Large setup violations at the end of those stages might be difficult to fix during the post-placement implementation flow and could be the result of non-optimal XDC constraints or non-optimal design architecture
Related violations: <none>

TIMING-16#23 Warning
Large setup violation  
There is a large setup violation of -72.968 ns between design_1_i/AXI_CALCULATOR_0/U0/AXI_CALCULATOR_v1_0_S00_AXI_inst/slv_reg1_reg[3]/C (clocked by clk_fpga_0) and design_1_i/AXI_CALCULATOR_0/U0/AXI_CALCULATOR_v1_0_S00_AXI_inst/axi_rdata_reg[28]/D (clocked by clk_fpga_0). Large setup violations at the end of those stages might be difficult to fix during the post-placement implementation flow and could be the result of non-optimal XDC constraints or non-optimal design architecture
Related violations: <none>

TIMING-16#24 Warning
Large setup violation  
There is a large setup violation of -72.977 ns between design_1_i/AXI_CALCULATOR_0/U0/AXI_CALCULATOR_v1_0_S00_AXI_inst/slv_reg1_reg[3]/C (clocked by clk_fpga_0) and design_1_i/AXI_CALCULATOR_0/U0/AXI_CALCULATOR_v1_0_S00_AXI_inst/axi_rdata_reg[17]/D (clocked by clk_fpga_0). Large setup violations at the end of those stages might be difficult to fix during the post-placement implementation flow and could be the result of non-optimal XDC constraints or non-optimal design architecture
Related violations: <none>

TIMING-16#25 Warning
Large setup violation  
There is a large setup violation of -73.018 ns between design_1_i/AXI_CALCULATOR_0/U0/AXI_CALCULATOR_v1_0_S00_AXI_inst/slv_reg1_reg[3]/C (clocked by clk_fpga_0) and design_1_i/AXI_CALCULATOR_0/U0/AXI_CALCULATOR_v1_0_S00_AXI_inst/axi_rdata_reg[30]/D (clocked by clk_fpga_0). Large setup violations at the end of those stages might be difficult to fix during the post-placement implementation flow and could be the result of non-optimal XDC constraints or non-optimal design architecture
Related violations: <none>

TIMING-16#26 Warning
Large setup violation  
There is a large setup violation of -73.020 ns between design_1_i/AXI_CALCULATOR_0/U0/AXI_CALCULATOR_v1_0_S00_AXI_inst/slv_reg0_reg[1]_replica/C (clocked by clk_fpga_0) and design_1_i/AXI_CALCULATOR_0/U0/AXI_CALCULATOR_v1_0_S00_AXI_inst/axi_rdata_reg[19]/D (clocked by clk_fpga_0). Large setup violations at the end of those stages might be difficult to fix during the post-placement implementation flow and could be the result of non-optimal XDC constraints or non-optimal design architecture
Related violations: <none>

TIMING-16#27 Warning
Large setup violation  
There is a large setup violation of -73.034 ns between design_1_i/AXI_CALCULATOR_0/U0/AXI_CALCULATOR_v1_0_S00_AXI_inst/slv_reg1_reg[3]/C (clocked by clk_fpga_0) and design_1_i/AXI_CALCULATOR_0/U0/AXI_CALCULATOR_v1_0_S00_AXI_inst/axi_rdata_reg[23]/D (clocked by clk_fpga_0). Large setup violations at the end of those stages might be difficult to fix during the post-placement implementation flow and could be the result of non-optimal XDC constraints or non-optimal design architecture
Related violations: <none>

TIMING-16#28 Warning
Large setup violation  
There is a large setup violation of -73.060 ns between design_1_i/AXI_CALCULATOR_0/U0/AXI_CALCULATOR_v1_0_S00_AXI_inst/slv_reg0_reg[16]/C (clocked by clk_fpga_0) and design_1_i/AXI_CALCULATOR_0/U0/AXI_CALCULATOR_v1_0_S00_AXI_inst/axi_rdata_reg[0]/D (clocked by clk_fpga_0). Large setup violations at the end of those stages might be difficult to fix during the post-placement implementation flow and could be the result of non-optimal XDC constraints or non-optimal design architecture
Related violations: <none>

TIMING-16#29 Warning
Large setup violation  
There is a large setup violation of -73.061 ns between design_1_i/AXI_CALCULATOR_0/U0/AXI_CALCULATOR_v1_0_S00_AXI_inst/slv_reg1_reg[3]/C (clocked by clk_fpga_0) and design_1_i/AXI_CALCULATOR_0/U0/AXI_CALCULATOR_v1_0_S00_AXI_inst/axi_rdata_reg[31]/D (clocked by clk_fpga_0). Large setup violations at the end of those stages might be difficult to fix during the post-placement implementation flow and could be the result of non-optimal XDC constraints or non-optimal design architecture
Related violations: <none>

TIMING-16#30 Warning
Large setup violation  
There is a large setup violation of -73.125 ns between design_1_i/AXI_CALCULATOR_0/U0/AXI_CALCULATOR_v1_0_S00_AXI_inst/slv_reg0_reg[1]_replica/C (clocked by clk_fpga_0) and design_1_i/AXI_CALCULATOR_0/U0/AXI_CALCULATOR_v1_0_S00_AXI_inst/axi_rdata_reg[21]/D (clocked by clk_fpga_0). Large setup violations at the end of those stages might be difficult to fix during the post-placement implementation flow and could be the result of non-optimal XDC constraints or non-optimal design architecture
Related violations: <none>

TIMING-16#31 Warning
Large setup violation  
There is a large setup violation of -73.198 ns between design_1_i/AXI_CALCULATOR_0/U0/AXI_CALCULATOR_v1_0_S00_AXI_inst/slv_reg0_reg[1]_replica/C (clocked by clk_fpga_0) and design_1_i/AXI_CALCULATOR_0/U0/AXI_CALCULATOR_v1_0_S00_AXI_inst/axi_rdata_reg[24]/D (clocked by clk_fpga_0). Large setup violations at the end of those stages might be difficult to fix during the post-placement implementation flow and could be the result of non-optimal XDC constraints or non-optimal design architecture
Related violations: <none>

TIMING-16#32 Warning
Large setup violation  
There is a large setup violation of -73.228 ns between design_1_i/AXI_CALCULATOR_0/U0/AXI_CALCULATOR_v1_0_S00_AXI_inst/slv_reg0_reg[1]_replica/C (clocked by clk_fpga_0) and design_1_i/AXI_CALCULATOR_0/U0/AXI_CALCULATOR_v1_0_S00_AXI_inst/axi_rdata_reg[26]/D (clocked by clk_fpga_0). Large setup violations at the end of those stages might be difficult to fix during the post-placement implementation flow and could be the result of non-optimal XDC constraints or non-optimal design architecture
Related violations: <none>


