#-----------------------------------------------------------
# Vivado v2019.2 (64-bit)
# SW Build 2708876 on Wed Nov  6 21:40:23 MST 2019
# IP Build 2700528 on Thu Nov  7 00:09:20 MST 2019
# Start of session at: Mon Jun  1 18:47:47 2020
# Process ID: 11748
# Current directory: C:/eFPGA/6_PS_LED_AND_BUTTON
# Command line: vivado.exe -gui_launcher_event rodinguilauncherevent15400 C:\eFPGA\6_PS_LED_AND_BUTTON\6_PS_LED_AND_BUTTON.xpr
# Log file: C:/eFPGA/6_PS_LED_AND_BUTTON/vivado.log
# Journal file: C:/eFPGA/6_PS_LED_AND_BUTTON\vivado.jou
#-----------------------------------------------------------
start_gui
open_project C:/eFPGA/6_PS_LED_AND_BUTTON/6_PS_LED_AND_BUTTON.xpr
Scanning sources...
Finished scanning sources
INFO: [IP_Flow 19-234] Refreshing IP repositories
INFO: [IP_Flow 19-1704] No user IP repositories specified
INFO: [IP_Flow 19-2313] Loaded Vivado IP repository 'C:/Xilinx/Vivado/2019.2/data/ip'.
exit
INFO: [Common 17-206] Exiting Vivado at Mon Jun  1 18:48:04 2020...
