#-----------------------------------------------------------
# Vivado v2019.2 (64-bit)
# SW Build 2708876 on Wed Nov  6 21:40:23 MST 2019
# IP Build 2700528 on Thu Nov  7 00:09:20 MST 2019
# Start of session at: Wed Jun  3 20:44:04 2020
# Process ID: 15696
# Current directory: C:/eFPGA/6_PS_LED_AND_BUTTON
# Command line: vivado.exe -gui_launcher_event rodinguilauncherevent9080 C:\eFPGA\6_PS_LED_AND_BUTTON\6_PS_LED_AND_BUTTON.xpr
# Log file: C:/eFPGA/6_PS_LED_AND_BUTTON/vivado.log
# Journal file: C:/eFPGA/6_PS_LED_AND_BUTTON\vivado.jou
#-----------------------------------------------------------
start_gui
open_project C:/eFPGA/6_PS_LED_AND_BUTTON/6_PS_LED_AND_BUTTON.xpr
Scanning sources...
Finished scanning sources
INFO: [IP_Flow 19-234] Refreshing IP repositories
INFO: [IP_Flow 19-1704] No user IP repositories specified
INFO: [IP_Flow 19-2313] Loaded Vivado IP repository 'C:/Xilinx/Vivado/2019.2/data/ip'.
open_bd_design {C:/eFPGA/6_PS_LED_AND_BUexit
INFO: [Common 17-206] Exiting Vivado at Wed Jun  3 20:48:34 2020...
omponent instance block -- xilinx.com:ip:processing_system7:5.5 - processing_system7_0
WARNING: [BD 41-176] The physical port 'S_AXI_GP2_rd_socket' specified in the portmap, is not found on the block! 
WARNING: [BD 41-176] The physical port 'S_AXI_GP2_wr_socket' specified in the portmap, is not found on the block! 
WARNING: [BD 41-176] The physical port 'S_AXI_GP3_rd_socket' specified in the portmap, is not found on the block! 
WARNING: [BD 41-176] The physical port 'S_AXI_GP3_wr_socket' specified in the portmap, is not found on the block! 
Successfully read diagram <design_1> from BD file <C:/eFPGA/6_PS_LED_AND_BUTTON/6_PS_LED_AND_BUTTON.srcs/sources_1/bd/design_1/design_1.bd>
open_bd_design: Time (s): cpu = 00:00:07 ; elapsed = 00:00:06 . Memory (MB): peak = 1057.316 ; gain = 76.957
update_compile_order -fileset sources_1
WARNING: [IP_Flow 19-474] Invalid Parameter 'Component_Name'
WARNING: [IP_Flow 19-474] Invalid Parameter 'Component_Name'
exit
INFO: [Common 17-206] Exiting Vivado at Wed Jun  3 20:48:29 2020...
