#-----------------------------------------------------------
# Vivado v2019.1 (64-bit)
# SW Build 2552052 on Fri May 24 14:49:42 MDT 2019
# IP Build 2548770 on Fri May 24 18:01:18 MDT 2019
# Start of session at: Mon Jan 20 15:21:02 2020
# Process ID: 90372
# Current directory: C:/EmbeddedOperatingSystems/Oefeningen/Herhaling/Oefening12
# Command line: vivado.exe -gui_launcher_event rodinguilauncherevent87524 C:\EmbeddedOperatingSystems\Oefeningen\Herhaling\Oefening12\Oefening12.xpr
# Log file: C:/EmbeddedOperatingSystems/Oefeningen/Herhaling/Oefening12/vivado.log
# Journal file: C:/EmbeddedOperatingSystems/Oefeningen/Herhaling/Oefening12\vivado.jou
#-----------------------------------------------------------
start_gui
open_project C:/EmbeddedOperatingSystems/Oefeningen/Herhaling/Oefening12/Oefening12.xpr
Scanning sources...
Finished scanning sources
INFO: [IP_Flow 19-234] Refreshing IP repositories
INFO: [IP_Flow 19-1700] Loaded user IP repository 'c:/EmbeddedOperatingSystems/Oefeningen/IP_REPO'.
INFO: [IP_Flow 19-2313] Loaded Vivado IP repository 'C:/Xilinx/Vivado/2019.1/data/ip'.
open_project: Time (s): cpu = 00:00:32 ; elapsed = 00:00:23 . Memory (MB): peak = 867.555 ; gain = 269.461
launch_sdk -workspace C:/EmbeddedOperatingSystems/Oefeningen/Herhaling/Oefening12/Oefening12.sdk -hwspec C:/EmbeddedOperatingSystems/Oefeningen/Herhaling/Oefening12/Oefening12.sdk/design_1_wrapper.hdf
INFO: [Vivado 12-393] Launching SDK...
INFO: [Vivado 12-417] Running xsdk -workspace C:/EmbeddedOperatingSystems/Oefeningen/Herhaling/Oefening12/Oefening12.sdk -hwspec C:/EmbeddedOperatingSystems/Oefeningen/Herhaling/Oefening12/Oefening12.sdk/design_1_wrapper.hdf
INFO: [Vivado 12-3157] SDK launch initiated. Please check console for any further messages.
update_compile_order -fileset sources_1
exit
INFO: [Common 17-206] Exiting Vivado at Mon Jan 20 18:45:28 2020...
