#-----------------------------------------------------------
# Vivado v2019.1 (64-bit)
# SW Build 2552052 on Fri May 24 14:49:42 MDT 2019
# IP Build 2548770 on Fri May 24 18:01:18 MDT 2019
# Start of session at: Wed Jan 22 12:18:15 2020
# Process ID: 15136
# Current directory: C:/0_EOS/testIne/Oefening12
# Command line: vivado.exe -gui_launcher_event rodinguilauncherevent10808 C:\0_EOS\testIne\Oefening12\Oefening12.xpr
# Log file: C:/0_EOS/testIne/Oefening12/vivado.log
# Journal file: C:/0_EOS/testIne/Oefening12\vivado.jou
#-----------------------------------------------------------
start_gui
open_project C:/0_EOS/testIne/Oefening12/Oefening12.xpr
INFO: [Project 1-313] Project file moved from 'C:/EmbeddedOperatingSystems/Oefeningen/Herhaling/Oefening12' since last save.
Scanning sources...
Finished scanning sources
WARNING: [filemgmt 56-2] Board Part Repository Path: Could not find the directory 'C:/../Users/11600782/AppData/Roaming/Xilinx/Vivado/2019.1/xhub/board_store', nor could it be found using path 'C:/Users/11600782/AppData/Roaming/Xilinx/Vivado/2019.1/xhub/board_store'.
WARNING: [filemgmt 56-2] IP Repository Path: Could not find the directory 'C:/0_EOS/IP_REPO', nor could it be found using path 'C:/EmbeddedOperatingSystems/Oefeningen/IP_REPO'.
INFO: [IP_Flow 19-234] Refreshing IP repositories
WARNING: [IP_Flow 19-2248] Failed to load user IP repository 'c:/0_EOS/IP_REPO'; Can't find the specified path.
If this directory should no longer be in your list of user repositories, go to the IP Settings dialog and remove it.
INFO: [IP_Flow 19-2313] Loaded Vivado IP repository 'C:/Xilinx/Vivado/2019.1/data/ip'.
WARNING: [BD 41-1661] One or more IPs have been locked in the design 'design_1.bd'. Please run report_ip_status for more details and recommendations on how to fix this issue.
List of locked IPs:
design_1_SevenSegmentDriver_0_0

open_project: Time (s): cpu = 00:00:25 ; elapsed = 00:00:13 . Memory (MB): peak = 795.152 ; gain = 149.688
update_compile_order -fileset sources_1
INFO: [Vivado 12-4158] Exported Hardware file is out of date. Exported hardware information may be inconsistent with respect to the current state of the design. It is recommended that you re-export the design and launch SDK otherwise SDK is launched with out of date hardware system file.
launch_sdk -workspace C:/0_EOS/testIne/Oefening12/Oefening12.sdk -hwspec C:/0_EOS/testIne/Oefening12/Oefening12.sdk/design_1_wrapper.hdf
INFO: [Vivado 12-393] Launching SDK...
INFO: [Vivado 12-417] Running xsdk -workspace C:/0_EOS/testIne/Oefening12/Oefening12.sdk -hwspec C:/0_EOS/testIne/Oefening12/Oefening12.sdk/design_1_wrapper.hdf
INFO: [Vivado 12-3157] SDK launch initiated. Please check console for any further messages.
exit
INFO: [Common 17-206] Exiting Vivado at Wed Jan 22 13:24:24 2020...
