#-----------------------------------------------------------
# Vivado v2020.1 (64-bit)
# SW Build 2902540 on Wed May 27 19:54:49 MDT 2020
# IP Build 2902112 on Wed May 27 22:43:36 MDT 2020
# Start of session at: Sun Jan 24 13:19:28 2021
# Process ID: 8400
# Current directory: C:/Users/KasperPC/Desktop/EOS_Examen/EX2/ip_repo
# Command line: vivado.exe -gui_launcher_event rodinguilauncherevent11776 C:\Users\KasperPC\Desktop\EOS_Examen\EX2\ip_repo\edit_sevenseg_ip_v1_0.xpr
# Log file: C:/Users/KasperPC/Desktop/EOS_Examen/EX2/ip_repo/vivado.log
# Journal file: C:/Users/KasperPC/Desktop/EOS_Examen/EX2/ip_repo\vivado.jou
#-----------------------------------------------------------
start_gui
open_project C:/Users/KasperPC/Desktop/EOS_Examen/EX2/ip_repo/edit_sevenseg_ip_v1_0.xpr
Scanning sources...
Finished scanning sources
WARNING: [filemgmt 56-3] IP Repository Path: Could not find the directory 'C:/Users/KasperPC/Desktop/EOS_Examen/EX2/ip_repo/myip_1.0'.
WARNING: [filemgmt 56-3] IP Repository Path: Could not find the directory 'C:/Users/KasperPC/Desktop/EOS_Examen/ip_repo/sevenseg_ip_1.0'.
WARNING: [filemgmt 56-3] IP Repository Path: Could not find the directory 'C:/Users/KasperPC/Desktop/EOS_Examen/EX2/ip_repo/7segapi_1.0'.
WARNING: [filemgmt 56-3] Default IP Output Path : Could not find the directory 'C:/Users/KasperPC/Desktop/EOS_Examen/EX2/ip_repo/edit_sevenseg_ip_v1_0.srcs/sources_1'.
INFO: [IP_Flow 19-234] Refreshing IP repositories
INFO: [IP_Flow 19-1700] Loaded user IP repository 'c:/Users/KasperPC/Desktop/EOS_Examen/EX2/ip_repo/sevenseg_ip_1.0'.
WARNING: [IP_Flow 19-2248] Failed to load user IP repository 'c:/Users/KasperPC/Desktop/EOS_Examen/EX2/ip_repo/myip_1.0'; Can't find the specified path.
If this directory should no longer be in your list of user repositories, go to the IP Settings dialog and remove it.
WARNING: [IP_Flow 19-2248] Failed to load user IP repository 'c:/Users/KasperPC/Desktop/EOS_Examen/ip_repo/sevenseg_ip_1.0'; Can't find the specified path.
If this directory should no longer be in your list of user repositories, go to the IP Settings dialog and remove it.
WARNING: [IP_Flow 19-2248] Failed to load user IP repository 'c:/Users/KasperPC/Desktop/EOS_Examen/EX2/ip_repo/7segapi_1.0'; Can't find the specified path.
If this directory should no longer be in your list of user repositories, go to the IP Settings dialog and remove it.
INFO: [IP_Flow 19-2313] Loaded Vivado IP repository 'C:/Xilinx/Vivado/2020.1/data/ip'.
update_compile_order -fileset sources_1
ipx::open_ipxact_file C:/Users/KasperPC/Desktop/EOS_Examen/EX2/ip_repo/sevenseg_ip_1.0/component.xml
WARNING: [IP_Flow 19-5226] Project source file 'c:/Users/KasperPC/Desktop/EOS_Examen/EX2/ip_repo/sevenseg_ip_1.0/component.xml' ignored by IP packager.
WARNING: [IP_Flow 19-3898] File Group 'xilinx_vhdlsynthesis (VHDL Synthesis)': File 'c:/Users/KasperPC/Desktop/EOS_Examen/EX2/ip_repo/sevenseg_ip_1.0/src/EX1.vhd' is not found in the project sources. It will be removed from the packaged IP when the sources are merged. If still required, please add this file to the project and re-package.
WARNING: [IP_Flow 19-3898] File Group 'xilinx_vhdlsynthesis (VHDL Synthesis)': File 'c:/Users/KasperPC/Desktop/EOS_Examen/EX2/ip_repo/sevenseg_ip_1.0/hdl/sevenseg_ip_v1_0_S00_AXI.vhd' is not found in the project sources. It will be removed from the packaged IP when the sources are merged. If still required, please add this file to the project and re-package.
WARNING: [IP_Flow 19-3898] File Group 'xilinx_vhdlsynthesis (VHDL Synthesis)': File 'c:/Users/KasperPC/Desktop/EOS_Examen/EX2/ip_repo/sevenseg_ip_1.0/hdl/sevenseg_ip_v1_0.vhd' is not found in the project sources. It will be removed from the packaged IP when the sources are merged. If still required, please add this file to the project and re-package.
WARNING: [IP_Flow 19-3898] File Group 'xilinx_vhdlbehavioralsimulation (VHDL Simulation)': File 'c:/Users/KasperPC/Desktop/EOS_Examen/EX2/ip_repo/sevenseg_ip_1.0/src/EX1.vhd' is not found in the project sources. It will be removed from the packaged IP when the sources are merged. If still required, please add this file to the project and re-package.
WARNING: [IP_Flow 19-3898] File Group 'xilinx_vhdlbehavioralsimulation (VHDL Simulation)': File 'c:/Users/KasperPC/Desktop/EOS_Examen/EX2/ip_repo/sevenseg_ip_1.0/hdl/sevenseg_ip_v1_0_S00_AXI.vhd' is not found in the project sources. It will be removed from the packaged IP when the sources are merged. If still required, please add this file to the project and re-package.
WARNING: [IP_Flow 19-3898] File Group 'xilinx_vhdlbehavioralsimulation (VHDL Simulation)': File 'c:/Users/KasperPC/Desktop/EOS_Examen/EX2/ip_repo/sevenseg_ip_1.0/hdl/sevenseg_ip_v1_0.vhd' is not found in the project sources. It will be removed from the packaged IP when the sources are merged. If still required, please add this file to the project and re-package.
ipx::merge_project_changes ports [ipx::current_core]
WARNING: [IP_Flow 19-5226] Project source file 'c:/Users/KasperPC/Desktop/EOS_Examen/EX2/ip_repo/sevenseg_ip_1.0/component.xml' ignored by IP packager.
INFO: [IP_Flow 19-3166] Bus Interface 'S00_AXI': References existing memory map 'S00_AXI'.
ipx::merge_project_changes ports [ipx::current_core]
WARNING: [IP_Flow 19-5226] Project source file 'c:/Users/KasperPC/Desktop/EOS_Examen/EX2/ip_repo/sevenseg_ip_1.0/component.xml' ignored by IP packager.
INFO: [IP_Flow 19-3166] Bus Interface 'S00_AXI': References existing memory map 'S00_AXI'.
set_property core_revision 5 [ipx::current_core]
ipx::create_xgui_files [ipx::current_core]
ipx::update_checksums [ipx::current_core]
ipx::save_core [ipx::current_core]
update_ip_catalog -rebuild -repo_path c:/Users/KasperPC/Desktop/EOS_Examen/EX2/ip_repo/sevenseg_ip_1.0
INFO: [IP_Flow 19-725] Reloaded user IP repository 'c:/Users/KasperPC/Desktop/EOS_Examen/EX2/ip_repo/sevenseg_ip_1.0'
ipx::check_integrity -quiet [ipx::current_core]
ipx::archive_core {c:\Users\KasperPC\Desktop\EOS_Examen\EX2\ip_repo\sevenseg_ip_1.0\xilinx.com_user_sevenseg_ip_1.0.zip} [ipx::current_core]
exit
INFO: [Common 17-206] Exiting Vivado at Sun Jan 24 13:23:48 2021...
