#-----------------------------------------------------------
# Vivado v2019.2 (64-bit)
# SW Build 2708876 on Wed Nov  6 21:40:23 MST 2019
# IP Build 2700528 on Thu Nov  7 00:09:20 MST 2019
# Start of session at: Wed Jun  3 11:56:10 2020
# Process ID: 18088
# Current directory: C:/eFPGA/ip_repo
# Command line: vivado.exe -gui_launcher_event rodinguilauncherevent12212 C:\eFPGA\ip_repo\edit_ROTARY_ENCODER_v1_0.xpr
# Log file: C:/eFPGA/ip_repo/vivado.log
# Journal file: C:/eFPGA/ip_repo\vivado.jou
#-----------------------------------------------------------
start_gui
open_project C:/eFPGA/ip_repo/edit_ROTARY_ENCODER_v1_0.xpr
INFO: [Project 1-313] Project file moved from 'C:/eFPGA/21_ROT_CUSTOM_IP/ip_repo' since last save.
Scanning sources...
Finished scanning sources
INFO: [IP_Flow 19-234] Refreshing IP repositories
INFO: [IP_Flow 19-1700] Loaded user IP repository 'c:/eFPGA/ip_repo/ROTARY_ENCODER_1.0'.
INFO: [IP_Flow 19-2313] Loaded Vivado IP repository 'C:/Xilinx/Vivado/2019.2/data/ip'.
update_compile_order -fileset sources_1
update_compile_order -fileset sources_1
exit
INFO: [Common 17-206] Exiting Vivado at Wed Jun  3 11:57:07 2020...
