#-----------------------------------------------------------
# Vivado v2019.2 (64-bit)
# SW Build 2708876 on Wed Nov  6 21:40:23 MST 2019
# IP Build 2700528 on Thu Nov  7 00:09:20 MST 2019
# Start of session at: Mon Jun  1 09:57:40 2020
# Process ID: 676
# Current directory: C:/eFPGA/2_Simple_VHDL
# Command line: vivado.exe -gui_launcher_event rodinguilauncherevent6184 C:\eFPGA\2_Simple_VHDL\2_Simple_VHDL.xpr
# Log file: C:/eFPGA/2_Simple_VHDL/vivado.log
# Journal file: C:/eFPGA/2_Simple_VHDL\vivado.jou
#-----------------------------------------------------------
start_gui
open_project C:/eFPGA/2_Simple_VHDL/2_Simple_VHDL.xpr
Scanning sources...
Finished scanning sources
INFO: [IP_Flow 19-234] Refreshing IP repositories
INFO: [IP_Flow 19-1704] No user IP repositories specified
INFO: [IP_Flow 19-2313] Loaded Vivado IP repository 'C:/Xilinx/Vivado/2019.2/data/ip'.
file mkdir C:/eFPGA/2_Simple_VHDL/2_Simple_VHDL.srcs/sources_1/new
close [ open C:/eFPGA/2_Simple_VHDL/2_Simple_VHDL.srcs/sources_1/new/VHDL.vhd w ]
add_files C:/eFPGA/2_Simple_VHDL/2_Simple_VHDL.srcs/sources_1/new/VHDL.vhd
update_compile_order -fileset sources_1
update_compile_order -fileset sources_1
update_compile_order -fileset sources_1
launch_runs synth_1 -jobs 24
[Mon Jun  1 10:05:15 2020] Launched synth_1...
Run output will be captured here: C:/eFPGA/2_Simple_VHDL/2_Simple_VHDL.runs/synth_1/runme.log
launch_runs impl_1 -jobs 24
[Mon Jun  1 10:05:39 2020] Launched impl_1...
Run output will be captured here: C:/eFPGA/2_Simple_VHDL/2_Simple_VHDL.runs/impl_1/runme.log
open_run impl_1
INFO: [Device 21-403] Loading part xc7z007sclg225-1
Netlist sorting complete. Time (s): cpu = 00:00:00 ; elapsed = 00:00:00 . Memory (MB): peak = 1207.211 ; gain = 0.000
INFO: [Project 1-479] Netlist was created with Vivado 2019.2
INFO: [Project 1-570] Preparing netlist for logic optimization
Reading XDEF placement.
Reading placer database...
Reading XDEF routing.
Read XDEF File: Time (s): cpu = 00:00:00 ; elapsed = 00:00:00.047 . Memory (MB): peak = 1288.281 ; gain = 0.000
Restored from archive | CPU: 0.000000 secs | Memory: 0.000000 MB |
Finished XDEF File Restore: Time (s): cpu = 00:00:00 ; elapsed = 00:00:00.047 . Memory (MB): peak = 1288.281 ; gain = 0.000
Netlist sorting complete. Time (s): cpu = 00:00:00 ; elapsed = 00:00:00 . Memory (MB): peak = 1288.355 ; gain = 0.000
INFO: [Project 1-111] Unisim Transformation Summary:
No Unisim elements were transformed.

open_run: Time (s): cpu = 00:00:11 ; elapsed = 00:00:08 . Memory (MB): peak = 1479.395 ; gain = 525.668
WARNING: [Timing 38-313] There are no user specified timing constraints. Timing constraints are needed for proper timing analysis.
place_ports LED_1 E12
set_property IOSTANDARD LVCMOS33 [get_ports [list LED_1]]
file mkdir C:/eFPGA/2_Simple_VHDL/2_Simple_VHDL.srcs/constrs_1/new
close [ open C:/eFPGA/2_Simple_VHDL/2_Simple_VHDL.srcs/constrs_1/new/XDC.xdc w ]
add_files -fileset constrs_1 C:/eFPGA/2_Simple_VHDL/2_Simple_VHDL.srcs/constrs_1/new/XDC.xdc
set_property target_constrs_file C:/eFPGA/2_Simple_VHDL/2_Simple_VHDL.srcs/constrs_1/new/XDC.xdc [current_fileset -constrset]
save_constraints -force
reset_run synth_1
launch_runs impl_1 -to_step write_bitstream -jobs 24
[Mon Jun  1 10:06:58 2020] Launched synth_1...
Run output will be captured here: C:/eFPGA/2_Simple_VHDL/2_Simple_VHDL.runs/synth_1/runme.log
[Mon Jun  1 10:06:58 2020] Launched impl_1...
Run output will be captured here: C:/eFPGA/2_Simple_VHDL/2_Simple_VHDL.runs/impl_1/runme.log
open_hw_manager
connect_hw_server -allow_non_jtag
INFO: [Labtools 27-2285] Connecting to hw_server url TCP:localhost:3121
INFO: [Labtools 27-2222] Launching hw_server...
INFO: [Labtools 27-2221] Launch Output:

****** Xilinx hw_server v2019.2
  **** Build date : Nov  6 2019 at 22:12:23
    ** Copyright 1986-2019 Xilinx, Inc. All Rights Reserved.


INFO: [Labtools 27-3415] Connecting to cs_server url TCP:localhost:3042
INFO: [Labtools 27-3417] Launching cs_server...
INFO: [Labtools 27-2221] Launch Output:


****** Xilinx cs_server v2019.2.0
  **** Build date : Nov 07 2019-06:28:22
    ** Copyright 2017-2019 Xilinx, Inc. All Rights Reserved.



connect_hw_server: Time (s): cpu = 00:00:01 ; elapsed = 00:00:09 . Memory (MB): peak = 1908.637 ; gain = 0.000
open_hw_target
INFO: [Labtoolstcl 44-466] Opening hw_target localhost:3121/xilinx_tcf/Xilinx/1234-oj1A
open_hw_target: Time (s): cpu = 00:00:04 ; elapsed = 00:00:06 . Memory (MB): peak = 3135.633 ; gain = 1226.996
set_property PROGRAM.FILE {C:/eFPGA/2_Simple_VHDL/2_Simple_VHDL.runs/impl_1/VHDL.bit} [get_hw_devices xc7z007s_1]
current_hw_device [get_hw_devices xc7z007s_1]
refresh_hw_device -update_hw_probes false [lindex [get_hw_devices xc7z007s_1] 0]
INFO: [Labtools 27-1434] Device xc7z007s (JTAG device index = 1) is programmed with a design that has no supported debug core(s) in it.
set_property PROBES.FILE {} [get_hw_devices xc7z007s_1]
set_property FULL_PROBES.FILE {} [get_hw_devices xc7z007s_1]
set_property PROGRAM.FILE {C:/eFPGA/2_Simple_VHDL/2_Simple_VHDL.runs/impl_1/VHDL.bit} [get_hw_devices xc7z007s_1]
program_hw_devices [get_hw_devices xc7z007s_1]
INFO: [Labtools 27-3164] End of startup status: HIGH
refresh_hw_device [lindex [get_hw_devices xc7z007s_1] 0]
INFO: [Labtools 27-1434] Device xc7z007s (JTAG device index = 1) is programmed with a design that has no supported debug core(s) in it.
set_property PROBES.FILE {} [get_hw_devices xc7z007s_1]
set_property FULL_PROBES.FILE {} [get_hw_devices xc7z007s_1]
set_property PROGRAM.FILE {C:/eFPGA/2_Simple_VHDL/2_Simple_VHDL.runs/impl_1/VHDL.bit} [get_hw_devices xc7z007s_1]
program_hw_devices [get_hw_devices xc7z007s_1]
INFO: [Labtools 27-3164] End of startup status: HIGH
refresh_hw_device [lindex [get_hw_devices xc7z007s_1] 0]
INFO: [Labtools 27-1434] Device xc7z007s (JTAG device index = 1) is programmed with a design that has no supported debug core(s) in it.
reset_run synth_1
WARNING: [Vivado 12-1017] Problems encountered:
1. Failed to delete one or more files in run directory C:/eFPGA/2_Simple_VHDL/2_Simple_VHDL.runs/synth_1

launch_runs impl_1 -to_step write_bitstream -jobs 24
[Mon Jun  1 10:10:53 2020] Launched synth_1...
Run output will be captured here: C:/eFPGA/2_Simple_VHDL/2_Simple_VHDL.runs/synth_1/runme.log
[Mon Jun  1 10:10:53 2020] Launched impl_1...
Run output will be captured here: C:/eFPGA/2_Simple_VHDL/2_Simple_VHDL.runs/impl_1/runme.log
set_property PROBES.FILE {} [get_hw_devices xc7z007s_1]
set_property FULL_PROBES.FILE {} [get_hw_devices xc7z007s_1]
set_property PROGRAM.FILE {C:/eFPGA/2_Simple_VHDL/2_Simple_VHDL.runs/impl_1/VHDL.bit} [get_hw_devices xc7z007s_1]
program_hw_devices [get_hw_devices xc7z007s_1]
INFO: [Labtools 27-3164] End of startup status: HIGH
refresh_hw_device [lindex [get_hw_devices xc7z007s_1] 0]
INFO: [Labtools 27-1434] Device xc7z007s (JTAG device index = 1) is programmed with a design that has no supported debug core(s) in it.
exit
INFO: [Common 17-206] Exiting Vivado at Mon Jun  1 10:12:47 2020...
