17:52:59 INFO  : Launching XSCT server: xsct.bat -n  -interactive C:\eFPGA\8_PS_PL_LED_AXI\temp_xsdb_launch_script.tcl
17:53:01 INFO  : XSCT server has started successfully.
17:53:01 INFO  : plnx-install-location is set to ''
17:53:01 INFO  : Successfully done setting XSCT server connection channel  
17:53:03 INFO  : Successfully done setting workspace for the tool. 
17:53:03 INFO  : Successfully done query RDI_DATADIR 
17:53:03 INFO  : Registering command handlers for Vitis TCF services
17:53:48 INFO  : Successfully done sdx_reload_mss "C:/eFPGA/8_PS_PL_LED_AXI/8_PS_PL_LED_AXI/zynq_fsbl/zynq_fsbl_bsp/system.mss"
17:53:48 INFO  : Successfully done sdx_reload_mss "C:/eFPGA/8_PS_PL_LED_AXI/8_PS_PL_LED_AXI/ps7_cortexa9_0/standalone_domain/bsp/system.mss"
17:53:58 INFO  : (SwPlaform) Successfully done setParamInSpec 
17:54:02 INFO  : (SwPlaform) Successfully done setParamInSpec 
17:54:03 INFO  : (SwPlatform) Successfully done update_mss 
17:54:03 INFO  : Successfully done sdx_reload_mss "C:/eFPGA/8_PS_PL_LED_AXI/8_PS_PL_LED_AXI/ps7_cortexa9_0/standalone_domain/bsp/system.mss"
17:59:19 INFO  : Checking for BSP changes to sync application flags for project '8_PS_PL_LED_AXI_APP'...
17:59:28 INFO  : Connected to target on host '127.0.0.1' and port '3121'.
17:59:30 INFO  : Jtag cable 'Avnet MiniZed V1 1234-oj1A' is selected.
17:59:30 INFO  : 'jtag frequency' command is executed.
17:59:31 INFO  : Context for 'APU' is selected.
17:59:31 INFO  : System reset is completed.
17:59:34 INFO  : 'after 3000' command is executed.
17:59:35 INFO  : 'targets -set -filter {jtag_cable_name =~ "Avnet MiniZed V1 1234-oj1A" && level==0} -index 1' command is executed.
17:59:36 INFO  : FPGA configured successfully with bitstream "C:/eFPGA/8_PS_PL_LED_AXI/8_PS_PL_LED_AXI_APP/_ide/bitstream/design_1_wrapper.bit"
17:59:37 INFO  : Context for 'APU' is selected.
17:59:37 INFO  : Hardware design information is loaded from 'C:/eFPGA/8_PS_PL_LED_AXI/8_PS_PL_LED_AXI/export/8_PS_PL_LED_AXI/hw/design_1_wrapper.xsa'.
17:59:37 INFO  : 'configparams force-mem-access 1' command is executed.
17:59:37 INFO  : Context for 'APU' is selected.
17:59:37 INFO  : Sourcing of 'C:/eFPGA/8_PS_PL_LED_AXI/8_PS_PL_LED_AXI_APP/_ide/psinit/ps7_init.tcl' is done.
17:59:38 INFO  : 'ps7_init' command is executed.
17:59:38 INFO  : 'ps7_post_config' command is executed.
17:59:38 INFO  : Context for processor 'ps7_cortexa9_0' is selected.
17:59:38 INFO  : The application 'C:/eFPGA/8_PS_PL_LED_AXI/8_PS_PL_LED_AXI_APP/Debug/8_PS_PL_LED_AXI_APP.elf' is downloaded to processor 'ps7_cortexa9_0'.
17:59:39 INFO  : 'configparams force-mem-access 0' command is executed.
17:59:39 INFO  : ----------------XSDB Script----------------
connect -url tcp:127.0.0.1:3121
targets -set -nocase -filter {name =~"APU*"}
rst -system
after 3000
targets -set -filter {jtag_cable_name =~ "Avnet MiniZed V1 1234-oj1A" && level==0} -index 1
fpga -file C:/eFPGA/8_PS_PL_LED_AXI/8_PS_PL_LED_AXI_APP/_ide/bitstream/design_1_wrapper.bit
targets -set -nocase -filter {name =~"APU*"}
loadhw -hw C:/eFPGA/8_PS_PL_LED_AXI/8_PS_PL_LED_AXI/export/8_PS_PL_LED_AXI/hw/design_1_wrapper.xsa -mem-ranges [list {0x40000000 0xbfffffff}]
configparams force-mem-access 1
targets -set -nocase -filter {name =~"APU*"}
source C:/eFPGA/8_PS_PL_LED_AXI/8_PS_PL_LED_AXI_APP/_ide/psinit/ps7_init.tcl
ps7_init
ps7_post_config
targets -set -nocase -filter {name =~ "*A9*#0"}
dow C:/eFPGA/8_PS_PL_LED_AXI/8_PS_PL_LED_AXI_APP/Debug/8_PS_PL_LED_AXI_APP.elf
configparams force-mem-access 0
----------------End of Script----------------

17:59:39 INFO  : Memory regions updated for context APU
17:59:39 INFO  : Context for processor 'ps7_cortexa9_0' is selected.
17:59:39 INFO  : 'con' command is executed.
17:59:39 INFO  : ----------------XSDB Script (After Launch)----------------
targets -set -nocase -filter {name =~ "*A9*#0"}
con
----------------End of Script----------------

17:59:39 INFO  : Launch script is exported to file 'C:\eFPGA\8_PS_PL_LED_AXI\.sdk\launch_scripts\single_application_debug\debugger_8_ps_pl_led_axi_app-default.tcl'
18:03:45 INFO  : Checking for BSP changes to sync application flags for project '8_PS_PL_LED_AXI_APP'...
18:03:50 INFO  : Disconnected from the channel tcfchan#2.
18:03:51 INFO  : Connected to target on host '127.0.0.1' and port '3121'.
18:03:51 INFO  : Jtag cable 'Avnet MiniZed V1 1234-oj1A' is selected.
18:03:51 INFO  : 'jtag frequency' command is executed.
18:03:51 INFO  : Context for 'APU' is selected.
18:03:51 INFO  : System reset is completed.
18:03:54 INFO  : 'after 3000' command is executed.
18:03:55 INFO  : 'targets -set -filter {jtag_cable_name =~ "Avnet MiniZed V1 1234-oj1A" && level==0} -index 1' command is executed.
18:03:56 INFO  : FPGA configured successfully with bitstream "C:/eFPGA/8_PS_PL_LED_AXI/8_PS_PL_LED_AXI_APP/_ide/bitstream/design_1_wrapper.bit"
18:03:56 INFO  : Context for 'APU' is selected.
18:03:56 INFO  : Hardware design information is loaded from 'C:/eFPGA/8_PS_PL_LED_AXI/8_PS_PL_LED_AXI/export/8_PS_PL_LED_AXI/hw/design_1_wrapper.xsa'.
18:03:56 INFO  : 'configparams force-mem-access 1' command is executed.
18:03:56 INFO  : Context for 'APU' is selected.
18:03:56 INFO  : Sourcing of 'C:/eFPGA/8_PS_PL_LED_AXI/8_PS_PL_LED_AXI_APP/_ide/psinit/ps7_init.tcl' is done.
18:03:56 INFO  : 'ps7_init' command is executed.
18:03:56 INFO  : 'ps7_post_config' command is executed.
18:03:56 INFO  : Context for processor 'ps7_cortexa9_0' is selected.
18:03:56 INFO  : The application 'C:/eFPGA/8_PS_PL_LED_AXI/8_PS_PL_LED_AXI_APP/Debug/8_PS_PL_LED_AXI_APP.elf' is downloaded to processor 'ps7_cortexa9_0'.
18:03:56 INFO  : 'configparams force-mem-access 0' command is executed.
18:03:56 INFO  : ----------------XSDB Script----------------
connect -url tcp:127.0.0.1:3121
targets -set -nocase -filter {name =~"APU*"}
rst -system
after 3000
targets -set -filter {jtag_cable_name =~ "Avnet MiniZed V1 1234-oj1A" && level==0} -index 1
fpga -file C:/eFPGA/8_PS_PL_LED_AXI/8_PS_PL_LED_AXI_APP/_ide/bitstream/design_1_wrapper.bit
targets -set -nocase -filter {name =~"APU*"}
loadhw -hw C:/eFPGA/8_PS_PL_LED_AXI/8_PS_PL_LED_AXI/export/8_PS_PL_LED_AXI/hw/design_1_wrapper.xsa -mem-ranges [list {0x40000000 0xbfffffff}]
configparams force-mem-access 1
targets -set -nocase -filter {name =~"APU*"}
source C:/eFPGA/8_PS_PL_LED_AXI/8_PS_PL_LED_AXI_APP/_ide/psinit/ps7_init.tcl
ps7_init
ps7_post_config
targets -set -nocase -filter {name =~ "*A9*#0"}
dow C:/eFPGA/8_PS_PL_LED_AXI/8_PS_PL_LED_AXI_APP/Debug/8_PS_PL_LED_AXI_APP.elf
configparams force-mem-access 0
----------------End of Script----------------

18:03:56 INFO  : Memory regions updated for context APU
18:03:56 INFO  : Context for processor 'ps7_cortexa9_0' is selected.
18:03:56 INFO  : 'con' command is executed.
18:03:56 INFO  : ----------------XSDB Script (After Launch)----------------
targets -set -nocase -filter {name =~ "*A9*#0"}
con
----------------End of Script----------------

18:03:56 INFO  : Launch script is exported to file 'C:\eFPGA\8_PS_PL_LED_AXI\.sdk\launch_scripts\single_application_debug\debugger_8_ps_pl_led_axi_app-default.tcl'
18:06:18 INFO  : Checking for BSP changes to sync application flags for project '8_PS_PL_LED_AXI_APP'...
18:06:24 INFO  : Disconnected from the channel tcfchan#3.
18:06:25 INFO  : Connected to target on host '127.0.0.1' and port '3121'.
18:06:26 INFO  : Jtag cable 'Avnet MiniZed V1 1234-oj1A' is selected.
18:06:26 INFO  : 'jtag frequency' command is executed.
18:06:26 INFO  : Context for 'APU' is selected.
18:06:26 INFO  : System reset is completed.
18:06:29 INFO  : 'after 3000' command is executed.
18:06:29 INFO  : 'targets -set -filter {jtag_cable_name =~ "Avnet MiniZed V1 1234-oj1A" && level==0} -index 1' command is executed.
18:06:30 INFO  : FPGA configured successfully with bitstream "C:/eFPGA/8_PS_PL_LED_AXI/8_PS_PL_LED_AXI_APP/_ide/bitstream/design_1_wrapper.bit"
18:06:30 INFO  : Context for 'APU' is selected.
18:06:30 INFO  : Hardware design information is loaded from 'C:/eFPGA/8_PS_PL_LED_AXI/8_PS_PL_LED_AXI/export/8_PS_PL_LED_AXI/hw/design_1_wrapper.xsa'.
18:06:30 INFO  : 'configparams force-mem-access 1' command is executed.
18:06:30 INFO  : Context for 'APU' is selected.
18:06:30 INFO  : Sourcing of 'C:/eFPGA/8_PS_PL_LED_AXI/8_PS_PL_LED_AXI_APP/_ide/psinit/ps7_init.tcl' is done.
18:06:30 INFO  : 'ps7_init' command is executed.
18:06:30 INFO  : 'ps7_post_config' command is executed.
18:06:30 INFO  : Context for processor 'ps7_cortexa9_0' is selected.
18:06:31 INFO  : The application 'C:/eFPGA/8_PS_PL_LED_AXI/8_PS_PL_LED_AXI_APP/Debug/8_PS_PL_LED_AXI_APP.elf' is downloaded to processor 'ps7_cortexa9_0'.
18:06:31 INFO  : 'configparams force-mem-access 0' command is executed.
18:06:31 INFO  : ----------------XSDB Script----------------
connect -url tcp:127.0.0.1:3121
targets -set -nocase -filter {name =~"APU*"}
rst -system
after 3000
targets -set -filter {jtag_cable_name =~ "Avnet MiniZed V1 1234-oj1A" && level==0} -index 1
fpga -file C:/eFPGA/8_PS_PL_LED_AXI/8_PS_PL_LED_AXI_APP/_ide/bitstream/design_1_wrapper.bit
targets -set -nocase -filter {name =~"APU*"}
loadhw -hw C:/eFPGA/8_PS_PL_LED_AXI/8_PS_PL_LED_AXI/export/8_PS_PL_LED_AXI/hw/design_1_wrapper.xsa -mem-ranges [list {0x40000000 0xbfffffff}]
configparams force-mem-access 1
targets -set -nocase -filter {name =~"APU*"}
source C:/eFPGA/8_PS_PL_LED_AXI/8_PS_PL_LED_AXI_APP/_ide/psinit/ps7_init.tcl
ps7_init
ps7_post_config
targets -set -nocase -filter {name =~ "*A9*#0"}
dow C:/eFPGA/8_PS_PL_LED_AXI/8_PS_PL_LED_AXI_APP/Debug/8_PS_PL_LED_AXI_APP.elf
configparams force-mem-access 0
----------------End of Script----------------

18:06:31 INFO  : Memory regions updated for context APU
18:06:31 INFO  : Context for processor 'ps7_cortexa9_0' is selected.
18:06:31 INFO  : 'con' command is executed.
18:06:31 INFO  : ----------------XSDB Script (After Launch)----------------
targets -set -nocase -filter {name =~ "*A9*#0"}
con
----------------End of Script----------------

18:06:31 INFO  : Launch script is exported to file 'C:\eFPGA\8_PS_PL_LED_AXI\.sdk\launch_scripts\single_application_debug\debugger_8_ps_pl_led_axi_app-default.tcl'
18:07:08 INFO  : Checking for BSP changes to sync application flags for project '8_PS_PL_LED_AXI_APP'...
18:07:13 INFO  : Disconnected from the channel tcfchan#4.
18:07:14 INFO  : Connected to target on host '127.0.0.1' and port '3121'.
18:07:14 INFO  : Jtag cable 'Avnet MiniZed V1 1234-oj1A' is selected.
18:07:14 INFO  : 'jtag frequency' command is executed.
18:07:14 INFO  : Context for 'APU' is selected.
18:07:14 INFO  : System reset is completed.
18:07:17 INFO  : 'after 3000' command is executed.
18:07:17 INFO  : 'targets -set -filter {jtag_cable_name =~ "Avnet MiniZed V1 1234-oj1A" && level==0} -index 1' command is executed.
18:07:18 INFO  : FPGA configured successfully with bitstream "C:/eFPGA/8_PS_PL_LED_AXI/8_PS_PL_LED_AXI_APP/_ide/bitstream/design_1_wrapper.bit"
18:07:18 INFO  : Context for 'APU' is selected.
18:07:18 INFO  : Hardware design information is loaded from 'C:/eFPGA/8_PS_PL_LED_AXI/8_PS_PL_LED_AXI/export/8_PS_PL_LED_AXI/hw/design_1_wrapper.xsa'.
18:07:18 INFO  : 'configparams force-mem-access 1' command is executed.
18:07:18 INFO  : Context for 'APU' is selected.
18:07:18 INFO  : Sourcing of 'C:/eFPGA/8_PS_PL_LED_AXI/8_PS_PL_LED_AXI_APP/_ide/psinit/ps7_init.tcl' is done.
18:07:19 INFO  : 'ps7_init' command is executed.
18:07:19 INFO  : 'ps7_post_config' command is executed.
18:07:19 INFO  : Context for processor 'ps7_cortexa9_0' is selected.
18:07:19 INFO  : The application 'C:/eFPGA/8_PS_PL_LED_AXI/8_PS_PL_LED_AXI_APP/Debug/8_PS_PL_LED_AXI_APP.elf' is downloaded to processor 'ps7_cortexa9_0'.
18:07:19 INFO  : 'configparams force-mem-access 0' command is executed.
18:07:19 INFO  : ----------------XSDB Script----------------
connect -url tcp:127.0.0.1:3121
targets -set -nocase -filter {name =~"APU*"}
rst -system
after 3000
targets -set -filter {jtag_cable_name =~ "Avnet MiniZed V1 1234-oj1A" && level==0} -index 1
fpga -file C:/eFPGA/8_PS_PL_LED_AXI/8_PS_PL_LED_AXI_APP/_ide/bitstream/design_1_wrapper.bit
targets -set -nocase -filter {name =~"APU*"}
loadhw -hw C:/eFPGA/8_PS_PL_LED_AXI/8_PS_PL_LED_AXI/export/8_PS_PL_LED_AXI/hw/design_1_wrapper.xsa -mem-ranges [list {0x40000000 0xbfffffff}]
configparams force-mem-access 1
targets -set -nocase -filter {name =~"APU*"}
source C:/eFPGA/8_PS_PL_LED_AXI/8_PS_PL_LED_AXI_APP/_ide/psinit/ps7_init.tcl
ps7_init
ps7_post_config
targets -set -nocase -filter {name =~ "*A9*#0"}
dow C:/eFPGA/8_PS_PL_LED_AXI/8_PS_PL_LED_AXI_APP/Debug/8_PS_PL_LED_AXI_APP.elf
configparams force-mem-access 0
----------------End of Script----------------

18:07:19 INFO  : Memory regions updated for context APU
18:07:19 INFO  : Context for processor 'ps7_cortexa9_0' is selected.
18:07:19 INFO  : 'con' command is executed.
18:07:19 INFO  : ----------------XSDB Script (After Launch)----------------
targets -set -nocase -filter {name =~ "*A9*#0"}
con
----------------End of Script----------------

18:07:19 INFO  : Launch script is exported to file 'C:\eFPGA\8_PS_PL_LED_AXI\.sdk\launch_scripts\single_application_debug\debugger_8_ps_pl_led_axi_app-default.tcl'
18:07:35 INFO  : Checking for BSP changes to sync application flags for project '8_PS_PL_LED_AXI_APP'...
18:07:50 INFO  : Disconnected from the channel tcfchan#5.
18:07:51 INFO  : Connected to target on host '127.0.0.1' and port '3121'.
18:07:51 INFO  : Jtag cable 'Avnet MiniZed V1 1234-oj1A' is selected.
18:07:51 INFO  : 'jtag frequency' command is executed.
18:07:51 INFO  : Context for 'APU' is selected.
18:07:51 INFO  : System reset is completed.
18:07:54 INFO  : 'after 3000' command is executed.
18:07:54 INFO  : 'targets -set -filter {jtag_cable_name =~ "Avnet MiniZed V1 1234-oj1A" && level==0} -index 1' command is executed.
18:07:55 INFO  : FPGA configured successfully with bitstream "C:/eFPGA/8_PS_PL_LED_AXI/8_PS_PL_LED_AXI_APP/_ide/bitstream/design_1_wrapper.bit"
18:07:55 INFO  : Context for 'APU' is selected.
18:07:55 INFO  : Hardware design information is loaded from 'C:/eFPGA/8_PS_PL_LED_AXI/8_PS_PL_LED_AXI/export/8_PS_PL_LED_AXI/hw/design_1_wrapper.xsa'.
18:07:55 INFO  : 'configparams force-mem-access 1' command is executed.
18:07:55 INFO  : Context for 'APU' is selected.
18:07:55 INFO  : Sourcing of 'C:/eFPGA/8_PS_PL_LED_AXI/8_PS_PL_LED_AXI_APP/_ide/psinit/ps7_init.tcl' is done.
18:07:56 INFO  : 'ps7_init' command is executed.
18:07:56 INFO  : 'ps7_post_config' command is executed.
18:07:56 INFO  : Context for processor 'ps7_cortexa9_0' is selected.
18:07:56 INFO  : The application 'C:/eFPGA/8_PS_PL_LED_AXI/8_PS_PL_LED_AXI_APP/Debug/8_PS_PL_LED_AXI_APP.elf' is downloaded to processor 'ps7_cortexa9_0'.
18:07:56 INFO  : 'configparams force-mem-access 0' command is executed.
18:07:56 INFO  : ----------------XSDB Script----------------
connect -url tcp:127.0.0.1:3121
targets -set -nocase -filter {name =~"APU*"}
rst -system
after 3000
targets -set -filter {jtag_cable_name =~ "Avnet MiniZed V1 1234-oj1A" && level==0} -index 1
fpga -file C:/eFPGA/8_PS_PL_LED_AXI/8_PS_PL_LED_AXI_APP/_ide/bitstream/design_1_wrapper.bit
targets -set -nocase -filter {name =~"APU*"}
loadhw -hw C:/eFPGA/8_PS_PL_LED_AXI/8_PS_PL_LED_AXI/export/8_PS_PL_LED_AXI/hw/design_1_wrapper.xsa -mem-ranges [list {0x40000000 0xbfffffff}]
configparams force-mem-access 1
targets -set -nocase -filter {name =~"APU*"}
source C:/eFPGA/8_PS_PL_LED_AXI/8_PS_PL_LED_AXI_APP/_ide/psinit/ps7_init.tcl
ps7_init
ps7_post_config
targets -set -nocase -filter {name =~ "*A9*#0"}
dow C:/eFPGA/8_PS_PL_LED_AXI/8_PS_PL_LED_AXI_APP/Debug/8_PS_PL_LED_AXI_APP.elf
configparams force-mem-access 0
----------------End of Script----------------

18:07:56 INFO  : Memory regions updated for context APU
18:07:56 INFO  : Context for processor 'ps7_cortexa9_0' is selected.
18:07:56 INFO  : 'con' command is executed.
18:07:56 INFO  : ----------------XSDB Script (After Launch)----------------
targets -set -nocase -filter {name =~ "*A9*#0"}
con
----------------End of Script----------------

18:07:56 INFO  : Launch script is exported to file 'C:\eFPGA\8_PS_PL_LED_AXI\.sdk\launch_scripts\single_application_debug\debugger_8_ps_pl_led_axi_app-default.tcl'
18:09:04 INFO  : Checking for BSP changes to sync application flags for project '8_PS_PL_LED_AXI_APP'...
18:09:08 INFO  : Disconnected from the channel tcfchan#6.
18:09:09 INFO  : Connected to target on host '127.0.0.1' and port '3121'.
18:09:09 INFO  : Jtag cable 'Avnet MiniZed V1 1234-oj1A' is selected.
18:09:09 INFO  : 'jtag frequency' command is executed.
18:09:09 INFO  : Context for 'APU' is selected.
18:09:09 INFO  : System reset is completed.
18:09:12 INFO  : 'after 3000' command is executed.
18:09:12 INFO  : 'targets -set -filter {jtag_cable_name =~ "Avnet MiniZed V1 1234-oj1A" && level==0} -index 1' command is executed.
18:09:13 INFO  : FPGA configured successfully with bitstream "C:/eFPGA/8_PS_PL_LED_AXI/8_PS_PL_LED_AXI_APP/_ide/bitstream/design_1_wrapper.bit"
18:09:13 INFO  : Context for 'APU' is selected.
18:09:13 INFO  : Hardware design information is loaded from 'C:/eFPGA/8_PS_PL_LED_AXI/8_PS_PL_LED_AXI/export/8_PS_PL_LED_AXI/hw/design_1_wrapper.xsa'.
18:09:13 INFO  : 'configparams force-mem-access 1' command is executed.
18:09:13 INFO  : Context for 'APU' is selected.
18:09:14 INFO  : Sourcing of 'C:/eFPGA/8_PS_PL_LED_AXI/8_PS_PL_LED_AXI_APP/_ide/psinit/ps7_init.tcl' is done.
18:09:14 INFO  : 'ps7_init' command is executed.
18:09:14 INFO  : 'ps7_post_config' command is executed.
18:09:14 INFO  : Context for processor 'ps7_cortexa9_0' is selected.
18:09:14 INFO  : The application 'C:/eFPGA/8_PS_PL_LED_AXI/8_PS_PL_LED_AXI_APP/Debug/8_PS_PL_LED_AXI_APP.elf' is downloaded to processor 'ps7_cortexa9_0'.
18:09:14 INFO  : 'configparams force-mem-access 0' command is executed.
18:09:14 INFO  : ----------------XSDB Script----------------
connect -url tcp:127.0.0.1:3121
targets -set -nocase -filter {name =~"APU*"}
rst -system
after 3000
targets -set -filter {jtag_cable_name =~ "Avnet MiniZed V1 1234-oj1A" && level==0} -index 1
fpga -file C:/eFPGA/8_PS_PL_LED_AXI/8_PS_PL_LED_AXI_APP/_ide/bitstream/design_1_wrapper.bit
targets -set -nocase -filter {name =~"APU*"}
loadhw -hw C:/eFPGA/8_PS_PL_LED_AXI/8_PS_PL_LED_AXI/export/8_PS_PL_LED_AXI/hw/design_1_wrapper.xsa -mem-ranges [list {0x40000000 0xbfffffff}]
configparams force-mem-access 1
targets -set -nocase -filter {name =~"APU*"}
source C:/eFPGA/8_PS_PL_LED_AXI/8_PS_PL_LED_AXI_APP/_ide/psinit/ps7_init.tcl
ps7_init
ps7_post_config
targets -set -nocase -filter {name =~ "*A9*#0"}
dow C:/eFPGA/8_PS_PL_LED_AXI/8_PS_PL_LED_AXI_APP/Debug/8_PS_PL_LED_AXI_APP.elf
configparams force-mem-access 0
----------------End of Script----------------

18:09:14 INFO  : Memory regions updated for context APU
18:09:14 INFO  : Context for processor 'ps7_cortexa9_0' is selected.
18:09:14 INFO  : 'con' command is executed.
18:09:14 INFO  : ----------------XSDB Script (After Launch)----------------
targets -set -nocase -filter {name =~ "*A9*#0"}
con
----------------End of Script----------------

18:09:14 INFO  : Launch script is exported to file 'C:\eFPGA\8_PS_PL_LED_AXI\.sdk\launch_scripts\single_application_debug\debugger_8_ps_pl_led_axi_app-default.tcl'
18:09:47 INFO  : Checking for BSP changes to sync application flags for project '8_PS_PL_LED_AXI_APP'...
18:10:14 INFO  : Disconnected from the channel tcfchan#7.
18:10:15 INFO  : Connected to target on host '127.0.0.1' and port '3121'.
18:10:15 INFO  : Jtag cable 'Avnet MiniZed V1 1234-oj1A' is selected.
18:10:15 INFO  : 'jtag frequency' command is executed.
18:10:15 INFO  : Context for 'APU' is selected.
18:10:16 INFO  : System reset is completed.
18:10:19 INFO  : 'after 3000' command is executed.
18:10:19 INFO  : 'targets -set -filter {jtag_cable_name =~ "Avnet MiniZed V1 1234-oj1A" && level==0} -index 1' command is executed.
18:10:20 INFO  : FPGA configured successfully with bitstream "C:/eFPGA/8_PS_PL_LED_AXI/8_PS_PL_LED_AXI_APP/_ide/bitstream/design_1_wrapper.bit"
18:10:20 INFO  : Context for 'APU' is selected.
18:10:20 INFO  : Hardware design information is loaded from 'C:/eFPGA/8_PS_PL_LED_AXI/8_PS_PL_LED_AXI/export/8_PS_PL_LED_AXI/hw/design_1_wrapper.xsa'.
18:10:20 INFO  : 'configparams force-mem-access 1' command is executed.
18:10:20 INFO  : Context for 'APU' is selected.
18:10:20 INFO  : Sourcing of 'C:/eFPGA/8_PS_PL_LED_AXI/8_PS_PL_LED_AXI_APP/_ide/psinit/ps7_init.tcl' is done.
18:10:20 INFO  : 'ps7_init' command is executed.
18:10:20 INFO  : 'ps7_post_config' command is executed.
18:10:20 INFO  : Context for processor 'ps7_cortexa9_0' is selected.
18:10:20 INFO  : The application 'C:/eFPGA/8_PS_PL_LED_AXI/8_PS_PL_LED_AXI_APP/Debug/8_PS_PL_LED_AXI_APP.elf' is downloaded to processor 'ps7_cortexa9_0'.
18:10:20 INFO  : 'configparams force-mem-access 0' command is executed.
18:10:20 INFO  : ----------------XSDB Script----------------
connect -url tcp:127.0.0.1:3121
targets -set -nocase -filter {name =~"APU*"}
rst -system
after 3000
targets -set -filter {jtag_cable_name =~ "Avnet MiniZed V1 1234-oj1A" && level==0} -index 1
fpga -file C:/eFPGA/8_PS_PL_LED_AXI/8_PS_PL_LED_AXI_APP/_ide/bitstream/design_1_wrapper.bit
targets -set -nocase -filter {name =~"APU*"}
loadhw -hw C:/eFPGA/8_PS_PL_LED_AXI/8_PS_PL_LED_AXI/export/8_PS_PL_LED_AXI/hw/design_1_wrapper.xsa -mem-ranges [list {0x40000000 0xbfffffff}]
configparams force-mem-access 1
targets -set -nocase -filter {name =~"APU*"}
source C:/eFPGA/8_PS_PL_LED_AXI/8_PS_PL_LED_AXI_APP/_ide/psinit/ps7_init.tcl
ps7_init
ps7_post_config
targets -set -nocase -filter {name =~ "*A9*#0"}
dow C:/eFPGA/8_PS_PL_LED_AXI/8_PS_PL_LED_AXI_APP/Debug/8_PS_PL_LED_AXI_APP.elf
configparams force-mem-access 0
----------------End of Script----------------

18:10:20 INFO  : Memory regions updated for context APU
18:10:20 INFO  : Context for processor 'ps7_cortexa9_0' is selected.
18:10:20 INFO  : 'con' command is executed.
18:10:20 INFO  : ----------------XSDB Script (After Launch)----------------
targets -set -nocase -filter {name =~ "*A9*#0"}
con
----------------End of Script----------------

18:10:20 INFO  : Launch script is exported to file 'C:\eFPGA\8_PS_PL_LED_AXI\.sdk\launch_scripts\single_application_debug\debugger_8_ps_pl_led_axi_app-default.tcl'
18:15:51 INFO  : Checking for BSP changes to sync application flags for project '8_PS_PL_LED_AXI_APP'...
18:15:58 INFO  : Checking for BSP changes to sync application flags for project '8_PS_PL_LED_AXI_APP'...
18:16:02 INFO  : Disconnected from the channel tcfchan#8.
18:16:03 INFO  : Connected to target on host '127.0.0.1' and port '3121'.
18:16:03 INFO  : Jtag cable 'Avnet MiniZed V1 1234-oj1A' is selected.
18:16:03 INFO  : 'jtag frequency' command is executed.
18:16:03 INFO  : Context for 'APU' is selected.
18:16:03 INFO  : System reset is completed.
18:16:06 INFO  : 'after 3000' command is executed.
18:16:06 INFO  : 'targets -set -filter {jtag_cable_name =~ "Avnet MiniZed V1 1234-oj1A" && level==0} -index 1' command is executed.
18:16:07 INFO  : FPGA configured successfully with bitstream "C:/eFPGA/8_PS_PL_LED_AXI/8_PS_PL_LED_AXI_APP/_ide/bitstream/design_1_wrapper.bit"
18:16:07 INFO  : Context for 'APU' is selected.
18:16:07 INFO  : Hardware design information is loaded from 'C:/eFPGA/8_PS_PL_LED_AXI/8_PS_PL_LED_AXI/export/8_PS_PL_LED_AXI/hw/design_1_wrapper.xsa'.
18:16:07 INFO  : 'configparams force-mem-access 1' command is executed.
18:16:08 INFO  : Context for 'APU' is selected.
18:16:08 INFO  : Sourcing of 'C:/eFPGA/8_PS_PL_LED_AXI/8_PS_PL_LED_AXI_APP/_ide/psinit/ps7_init.tcl' is done.
18:16:08 INFO  : 'ps7_init' command is executed.
18:16:08 INFO  : 'ps7_post_config' command is executed.
18:16:08 INFO  : Context for processor 'ps7_cortexa9_0' is selected.
18:16:08 INFO  : The application 'C:/eFPGA/8_PS_PL_LED_AXI/8_PS_PL_LED_AXI_APP/Debug/8_PS_PL_LED_AXI_APP.elf' is downloaded to processor 'ps7_cortexa9_0'.
18:16:08 INFO  : 'configparams force-mem-access 0' command is executed.
18:16:08 INFO  : ----------------XSDB Script----------------
connect -url tcp:127.0.0.1:3121
targets -set -nocase -filter {name =~"APU*"}
rst -system
after 3000
targets -set -filter {jtag_cable_name =~ "Avnet MiniZed V1 1234-oj1A" && level==0} -index 1
fpga -file C:/eFPGA/8_PS_PL_LED_AXI/8_PS_PL_LED_AXI_APP/_ide/bitstream/design_1_wrapper.bit
targets -set -nocase -filter {name =~"APU*"}
loadhw -hw C:/eFPGA/8_PS_PL_LED_AXI/8_PS_PL_LED_AXI/export/8_PS_PL_LED_AXI/hw/design_1_wrapper.xsa -mem-ranges [list {0x40000000 0xbfffffff}]
configparams force-mem-access 1
targets -set -nocase -filter {name =~"APU*"}
source C:/eFPGA/8_PS_PL_LED_AXI/8_PS_PL_LED_AXI_APP/_ide/psinit/ps7_init.tcl
ps7_init
ps7_post_config
targets -set -nocase -filter {name =~ "*A9*#0"}
dow C:/eFPGA/8_PS_PL_LED_AXI/8_PS_PL_LED_AXI_APP/Debug/8_PS_PL_LED_AXI_APP.elf
configparams force-mem-access 0
----------------End of Script----------------

18:16:08 INFO  : Memory regions updated for context APU
18:16:08 INFO  : Context for processor 'ps7_cortexa9_0' is selected.
18:16:08 INFO  : 'con' command is executed.
18:16:08 INFO  : ----------------XSDB Script (After Launch)----------------
targets -set -nocase -filter {name =~ "*A9*#0"}
con
----------------End of Script----------------

18:16:08 INFO  : Launch script is exported to file 'C:\eFPGA\8_PS_PL_LED_AXI\.sdk\launch_scripts\single_application_debug\debugger_8_ps_pl_led_axi_app-default.tcl'
18:18:41 INFO  : Disconnected from the channel tcfchan#9.
18:18:42 INFO  : Connected to target on host '127.0.0.1' and port '3121'.
18:18:42 INFO  : Jtag cable 'Avnet MiniZed V1 1234-oj1A' is selected.
18:18:42 INFO  : 'jtag frequency' command is executed.
18:18:42 INFO  : Context for 'APU' is selected.
18:18:42 INFO  : System reset is completed.
18:18:45 INFO  : 'after 3000' command is executed.
18:18:45 INFO  : 'targets -set -filter {jtag_cable_name =~ "Avnet MiniZed V1 1234-oj1A" && level==0} -index 1' command is executed.
18:18:47 INFO  : FPGA configured successfully with bitstream "C:/eFPGA/8_PS_PL_LED_AXI/8_PS_PL_LED_AXI_APP/_ide/bitstream/design_1_wrapper.bit"
18:18:47 INFO  : Context for 'APU' is selected.
18:18:47 INFO  : Hardware design information is loaded from 'C:/eFPGA/8_PS_PL_LED_AXI/8_PS_PL_LED_AXI/export/8_PS_PL_LED_AXI/hw/design_1_wrapper.xsa'.
18:18:47 INFO  : 'configparams force-mem-access 1' command is executed.
18:18:47 INFO  : Context for 'APU' is selected.
18:18:47 INFO  : Sourcing of 'C:/eFPGA/8_PS_PL_LED_AXI/8_PS_PL_LED_AXI_APP/_ide/psinit/ps7_init.tcl' is done.
18:18:47 INFO  : 'ps7_init' command is executed.
18:18:47 INFO  : 'ps7_post_config' command is executed.
18:18:47 INFO  : Context for processor 'ps7_cortexa9_0' is selected.
18:18:47 INFO  : The application 'C:/eFPGA/8_PS_PL_LED_AXI/8_PS_PL_LED_AXI_APP/Debug/8_PS_PL_LED_AXI_APP.elf' is downloaded to processor 'ps7_cortexa9_0'.
18:18:47 INFO  : 'configparams force-mem-access 0' command is executed.
18:18:47 INFO  : ----------------XSDB Script----------------
connect -url tcp:127.0.0.1:3121
targets -set -nocase -filter {name =~"APU*"}
rst -system
after 3000
targets -set -filter {jtag_cable_name =~ "Avnet MiniZed V1 1234-oj1A" && level==0} -index 1
fpga -file C:/eFPGA/8_PS_PL_LED_AXI/8_PS_PL_LED_AXI_APP/_ide/bitstream/design_1_wrapper.bit
targets -set -nocase -filter {name =~"APU*"}
loadhw -hw C:/eFPGA/8_PS_PL_LED_AXI/8_PS_PL_LED_AXI/export/8_PS_PL_LED_AXI/hw/design_1_wrapper.xsa -mem-ranges [list {0x40000000 0xbfffffff}]
configparams force-mem-access 1
targets -set -nocase -filter {name =~"APU*"}
source C:/eFPGA/8_PS_PL_LED_AXI/8_PS_PL_LED_AXI_APP/_ide/psinit/ps7_init.tcl
ps7_init
ps7_post_config
targets -set -nocase -filter {name =~ "*A9*#0"}
dow C:/eFPGA/8_PS_PL_LED_AXI/8_PS_PL_LED_AXI_APP/Debug/8_PS_PL_LED_AXI_APP.elf
configparams force-mem-access 0
----------------End of Script----------------

18:18:47 INFO  : Memory regions updated for context APU
18:18:47 INFO  : Context for processor 'ps7_cortexa9_0' is selected.
18:18:47 INFO  : 'con' command is executed.
18:18:47 INFO  : ----------------XSDB Script (After Launch)----------------
targets -set -nocase -filter {name =~ "*A9*#0"}
con
----------------End of Script----------------

18:18:47 INFO  : Launch script is exported to file 'C:\eFPGA\8_PS_PL_LED_AXI\.sdk\launch_scripts\single_application_debug\debugger_8_ps_pl_led_axi_app-default.tcl'
18:19:21 INFO  : Checking for BSP changes to sync application flags for project '8_PS_PL_LED_AXI_APP'...
18:19:44 INFO  : Disconnected from the channel tcfchan#10.
18:19:45 INFO  : Connected to target on host '127.0.0.1' and port '3121'.
18:19:45 INFO  : Jtag cable 'Avnet MiniZed V1 1234-oj1A' is selected.
18:19:46 INFO  : 'jtag frequency' command is executed.
18:19:46 INFO  : Context for 'APU' is selected.
18:19:46 INFO  : System reset is completed.
18:19:49 INFO  : 'after 3000' command is executed.
18:19:49 INFO  : 'targets -set -filter {jtag_cable_name =~ "Avnet MiniZed V1 1234-oj1A" && level==0} -index 1' command is executed.
18:19:50 INFO  : FPGA configured successfully with bitstream "C:/eFPGA/8_PS_PL_LED_AXI/8_PS_PL_LED_AXI_APP/_ide/bitstream/design_1_wrapper.bit"
18:19:50 INFO  : Context for 'APU' is selected.
18:19:50 INFO  : Hardware design information is loaded from 'C:/eFPGA/8_PS_PL_LED_AXI/8_PS_PL_LED_AXI/export/8_PS_PL_LED_AXI/hw/design_1_wrapper.xsa'.
18:19:50 INFO  : 'configparams force-mem-access 1' command is executed.
18:19:50 INFO  : Context for 'APU' is selected.
18:19:50 INFO  : Sourcing of 'C:/eFPGA/8_PS_PL_LED_AXI/8_PS_PL_LED_AXI_APP/_ide/psinit/ps7_init.tcl' is done.
18:19:50 INFO  : 'ps7_init' command is executed.
18:19:50 INFO  : 'ps7_post_config' command is executed.
18:19:50 INFO  : Context for processor 'ps7_cortexa9_0' is selected.
18:19:50 INFO  : The application 'C:/eFPGA/8_PS_PL_LED_AXI/8_PS_PL_LED_AXI_APP/Debug/8_PS_PL_LED_AXI_APP.elf' is downloaded to processor 'ps7_cortexa9_0'.
18:19:50 INFO  : 'configparams force-mem-access 0' command is executed.
18:19:50 INFO  : ----------------XSDB Script----------------
connect -url tcp:127.0.0.1:3121
targets -set -nocase -filter {name =~"APU*"}
rst -system
after 3000
targets -set -filter {jtag_cable_name =~ "Avnet MiniZed V1 1234-oj1A" && level==0} -index 1
fpga -file C:/eFPGA/8_PS_PL_LED_AXI/8_PS_PL_LED_AXI_APP/_ide/bitstream/design_1_wrapper.bit
targets -set -nocase -filter {name =~"APU*"}
loadhw -hw C:/eFPGA/8_PS_PL_LED_AXI/8_PS_PL_LED_AXI/export/8_PS_PL_LED_AXI/hw/design_1_wrapper.xsa -mem-ranges [list {0x40000000 0xbfffffff}]
configparams force-mem-access 1
targets -set -nocase -filter {name =~"APU*"}
source C:/eFPGA/8_PS_PL_LED_AXI/8_PS_PL_LED_AXI_APP/_ide/psinit/ps7_init.tcl
ps7_init
ps7_post_config
targets -set -nocase -filter {name =~ "*A9*#0"}
dow C:/eFPGA/8_PS_PL_LED_AXI/8_PS_PL_LED_AXI_APP/Debug/8_PS_PL_LED_AXI_APP.elf
configparams force-mem-access 0
----------------End of Script----------------

18:19:50 INFO  : Memory regions updated for context APU
18:19:50 INFO  : Context for processor 'ps7_cortexa9_0' is selected.
18:19:50 INFO  : 'con' command is executed.
18:19:50 INFO  : ----------------XSDB Script (After Launch)----------------
targets -set -nocase -filter {name =~ "*A9*#0"}
con
----------------End of Script----------------

18:19:50 INFO  : Launch script is exported to file 'C:\eFPGA\8_PS_PL_LED_AXI\.sdk\launch_scripts\single_application_debug\debugger_8_ps_pl_led_axi_app-default.tcl'
18:20:01 INFO  : Disconnected from the channel tcfchan#11.
18:20:02 INFO  : Connected to target on host '127.0.0.1' and port '3121'.
18:20:03 INFO  : Jtag cable 'Avnet MiniZed V1 1234-oj1A' is selected.
18:20:03 INFO  : 'jtag frequency' command is executed.
18:20:03 INFO  : Context for 'APU' is selected.
18:20:03 INFO  : System reset is completed.
18:20:06 INFO  : 'after 3000' command is executed.
18:20:06 INFO  : 'targets -set -filter {jtag_cable_name =~ "Avnet MiniZed V1 1234-oj1A" && level==0} -index 1' command is executed.
18:20:07 INFO  : FPGA configured successfully with bitstream "C:/eFPGA/8_PS_PL_LED_AXI/8_PS_PL_LED_AXI_APP/_ide/bitstream/design_1_wrapper.bit"
18:20:07 INFO  : Context for 'APU' is selected.
18:20:07 INFO  : Hardware design information is loaded from 'C:/eFPGA/8_PS_PL_LED_AXI/8_PS_PL_LED_AXI/export/8_PS_PL_LED_AXI/hw/design_1_wrapper.xsa'.
18:20:07 INFO  : 'configparams force-mem-access 1' command is executed.
18:20:07 INFO  : Context for 'APU' is selected.
18:20:07 INFO  : Sourcing of 'C:/eFPGA/8_PS_PL_LED_AXI/8_PS_PL_LED_AXI_APP/_ide/psinit/ps7_init.tcl' is done.
18:20:07 INFO  : 'ps7_init' command is executed.
18:20:07 INFO  : 'ps7_post_config' command is executed.
18:20:07 INFO  : Context for processor 'ps7_cortexa9_0' is selected.
18:20:07 INFO  : The application 'C:/eFPGA/8_PS_PL_LED_AXI/8_PS_PL_LED_AXI_APP/Debug/8_PS_PL_LED_AXI_APP.elf' is downloaded to processor 'ps7_cortexa9_0'.
18:20:07 INFO  : 'configparams force-mem-access 0' command is executed.
18:20:07 INFO  : ----------------XSDB Script----------------
connect -url tcp:127.0.0.1:3121
targets -set -nocase -filter {name =~"APU*"}
rst -system
after 3000
targets -set -filter {jtag_cable_name =~ "Avnet MiniZed V1 1234-oj1A" && level==0} -index 1
fpga -file C:/eFPGA/8_PS_PL_LED_AXI/8_PS_PL_LED_AXI_APP/_ide/bitstream/design_1_wrapper.bit
targets -set -nocase -filter {name =~"APU*"}
loadhw -hw C:/eFPGA/8_PS_PL_LED_AXI/8_PS_PL_LED_AXI/export/8_PS_PL_LED_AXI/hw/design_1_wrapper.xsa -mem-ranges [list {0x40000000 0xbfffffff}]
configparams force-mem-access 1
targets -set -nocase -filter {name =~"APU*"}
source C:/eFPGA/8_PS_PL_LED_AXI/8_PS_PL_LED_AXI_APP/_ide/psinit/ps7_init.tcl
ps7_init
ps7_post_config
targets -set -nocase -filter {name =~ "*A9*#0"}
dow C:/eFPGA/8_PS_PL_LED_AXI/8_PS_PL_LED_AXI_APP/Debug/8_PS_PL_LED_AXI_APP.elf
configparams force-mem-access 0
----------------End of Script----------------

18:20:08 INFO  : Memory regions updated for context APU
18:20:08 INFO  : Context for processor 'ps7_cortexa9_0' is selected.
18:20:08 INFO  : 'con' command is executed.
18:20:08 INFO  : ----------------XSDB Script (After Launch)----------------
targets -set -nocase -filter {name =~ "*A9*#0"}
con
----------------End of Script----------------

18:20:08 INFO  : Launch script is exported to file 'C:\eFPGA\8_PS_PL_LED_AXI\.sdk\launch_scripts\single_application_debug\debugger_8_ps_pl_led_axi_app-default.tcl'
18:21:08 INFO  : Checking for BSP changes to sync application flags for project '8_PS_PL_LED_AXI_APP'...
18:21:13 INFO  : Disconnected from the channel tcfchan#12.
18:21:14 INFO  : Connected to target on host '127.0.0.1' and port '3121'.
18:21:14 INFO  : Jtag cable 'Avnet MiniZed V1 1234-oj1A' is selected.
18:21:14 INFO  : 'jtag frequency' command is executed.
18:21:14 INFO  : Context for 'APU' is selected.
18:21:14 INFO  : System reset is completed.
18:21:17 INFO  : 'after 3000' command is executed.
18:21:17 INFO  : 'targets -set -filter {jtag_cable_name =~ "Avnet MiniZed V1 1234-oj1A" && level==0} -index 1' command is executed.
18:21:19 INFO  : FPGA configured successfully with bitstream "C:/eFPGA/8_PS_PL_LED_AXI/8_PS_PL_LED_AXI_APP/_ide/bitstream/design_1_wrapper.bit"
18:21:19 INFO  : Context for 'APU' is selected.
18:21:19 INFO  : Hardware design information is loaded from 'C:/eFPGA/8_PS_PL_LED_AXI/8_PS_PL_LED_AXI/export/8_PS_PL_LED_AXI/hw/design_1_wrapper.xsa'.
18:21:19 INFO  : 'configparams force-mem-access 1' command is executed.
18:21:19 INFO  : Context for 'APU' is selected.
18:21:19 INFO  : Sourcing of 'C:/eFPGA/8_PS_PL_LED_AXI/8_PS_PL_LED_AXI_APP/_ide/psinit/ps7_init.tcl' is done.
18:21:19 INFO  : 'ps7_init' command is executed.
18:21:19 INFO  : 'ps7_post_config' command is executed.
18:21:19 INFO  : Context for processor 'ps7_cortexa9_0' is selected.
18:21:19 INFO  : The application 'C:/eFPGA/8_PS_PL_LED_AXI/8_PS_PL_LED_AXI_APP/Debug/8_PS_PL_LED_AXI_APP.elf' is downloaded to processor 'ps7_cortexa9_0'.
18:21:19 INFO  : 'configparams force-mem-access 0' command is executed.
18:21:19 INFO  : ----------------XSDB Script----------------
connect -url tcp:127.0.0.1:3121
targets -set -nocase -filter {name =~"APU*"}
rst -system
after 3000
targets -set -filter {jtag_cable_name =~ "Avnet MiniZed V1 1234-oj1A" && level==0} -index 1
fpga -file C:/eFPGA/8_PS_PL_LED_AXI/8_PS_PL_LED_AXI_APP/_ide/bitstream/design_1_wrapper.bit
targets -set -nocase -filter {name =~"APU*"}
loadhw -hw C:/eFPGA/8_PS_PL_LED_AXI/8_PS_PL_LED_AXI/export/8_PS_PL_LED_AXI/hw/design_1_wrapper.xsa -mem-ranges [list {0x40000000 0xbfffffff}]
configparams force-mem-access 1
targets -set -nocase -filter {name =~"APU*"}
source C:/eFPGA/8_PS_PL_LED_AXI/8_PS_PL_LED_AXI_APP/_ide/psinit/ps7_init.tcl
ps7_init
ps7_post_config
targets -set -nocase -filter {name =~ "*A9*#0"}
dow C:/eFPGA/8_PS_PL_LED_AXI/8_PS_PL_LED_AXI_APP/Debug/8_PS_PL_LED_AXI_APP.elf
configparams force-mem-access 0
----------------End of Script----------------

18:21:19 INFO  : Memory regions updated for context APU
18:21:19 INFO  : Context for processor 'ps7_cortexa9_0' is selected.
18:21:19 INFO  : 'con' command is executed.
18:21:19 INFO  : ----------------XSDB Script (After Launch)----------------
targets -set -nocase -filter {name =~ "*A9*#0"}
con
----------------End of Script----------------

18:21:19 INFO  : Launch script is exported to file 'C:\eFPGA\8_PS_PL_LED_AXI\.sdk\launch_scripts\single_application_debug\debugger_8_ps_pl_led_axi_app-default.tcl'
18:21:50 INFO  : Checking for BSP changes to sync application flags for project '8_PS_PL_LED_AXI_APP'...
18:22:28 INFO  : Checking for BSP changes to sync application flags for project '8_PS_PL_LED_AXI_APP'...
18:22:32 INFO  : Disconnected from the channel tcfchan#13.
18:22:33 INFO  : Connected to target on host '127.0.0.1' and port '3121'.
18:22:33 INFO  : Jtag cable 'Avnet MiniZed V1 1234-oj1A' is selected.
18:22:33 INFO  : 'jtag frequency' command is executed.
18:22:33 INFO  : Context for 'APU' is selected.
18:22:33 INFO  : System reset is completed.
18:22:36 INFO  : 'after 3000' command is executed.
18:22:36 INFO  : 'targets -set -filter {jtag_cable_name =~ "Avnet MiniZed V1 1234-oj1A" && level==0} -index 1' command is executed.
18:22:37 INFO  : FPGA configured successfully with bitstream "C:/eFPGA/8_PS_PL_LED_AXI/8_PS_PL_LED_AXI_APP/_ide/bitstream/design_1_wrapper.bit"
18:22:37 INFO  : Context for 'APU' is selected.
18:22:37 INFO  : Hardware design information is loaded from 'C:/eFPGA/8_PS_PL_LED_AXI/8_PS_PL_LED_AXI/export/8_PS_PL_LED_AXI/hw/design_1_wrapper.xsa'.
18:22:37 INFO  : 'configparams force-mem-access 1' command is executed.
18:22:37 INFO  : Context for 'APU' is selected.
18:22:37 INFO  : Sourcing of 'C:/eFPGA/8_PS_PL_LED_AXI/8_PS_PL_LED_AXI_APP/_ide/psinit/ps7_init.tcl' is done.
18:22:37 INFO  : 'ps7_init' command is executed.
18:22:38 INFO  : 'ps7_post_config' command is executed.
18:22:38 INFO  : Context for processor 'ps7_cortexa9_0' is selected.
18:22:38 INFO  : The application 'C:/eFPGA/8_PS_PL_LED_AXI/8_PS_PL_LED_AXI_APP/Debug/8_PS_PL_LED_AXI_APP.elf' is downloaded to processor 'ps7_cortexa9_0'.
18:22:38 INFO  : 'configparams force-mem-access 0' command is executed.
18:22:38 INFO  : ----------------XSDB Script----------------
connect -url tcp:127.0.0.1:3121
targets -set -nocase -filter {name =~"APU*"}
rst -system
after 3000
targets -set -filter {jtag_cable_name =~ "Avnet MiniZed V1 1234-oj1A" && level==0} -index 1
fpga -file C:/eFPGA/8_PS_PL_LED_AXI/8_PS_PL_LED_AXI_APP/_ide/bitstream/design_1_wrapper.bit
targets -set -nocase -filter {name =~"APU*"}
loadhw -hw C:/eFPGA/8_PS_PL_LED_AXI/8_PS_PL_LED_AXI/export/8_PS_PL_LED_AXI/hw/design_1_wrapper.xsa -mem-ranges [list {0x40000000 0xbfffffff}]
configparams force-mem-access 1
targets -set -nocase -filter {name =~"APU*"}
source C:/eFPGA/8_PS_PL_LED_AXI/8_PS_PL_LED_AXI_APP/_ide/psinit/ps7_init.tcl
ps7_init
ps7_post_config
targets -set -nocase -filter {name =~ "*A9*#0"}
dow C:/eFPGA/8_PS_PL_LED_AXI/8_PS_PL_LED_AXI_APP/Debug/8_PS_PL_LED_AXI_APP.elf
configparams force-mem-access 0
----------------End of Script----------------

18:22:38 INFO  : Memory regions updated for context APU
18:22:38 INFO  : Context for processor 'ps7_cortexa9_0' is selected.
18:22:38 INFO  : 'con' command is executed.
18:22:38 INFO  : ----------------XSDB Script (After Launch)----------------
targets -set -nocase -filter {name =~ "*A9*#0"}
con
----------------End of Script----------------

18:22:38 INFO  : Launch script is exported to file 'C:\eFPGA\8_PS_PL_LED_AXI\.sdk\launch_scripts\single_application_debug\debugger_8_ps_pl_led_axi_app-default.tcl'
18:23:26 INFO  : Checking for BSP changes to sync application flags for project '8_PS_PL_LED_AXI_APP'...
18:23:30 INFO  : Disconnected from the channel tcfchan#14.
18:23:31 INFO  : Connected to target on host '127.0.0.1' and port '3121'.
18:23:31 INFO  : Jtag cable 'Avnet MiniZed V1 1234-oj1A' is selected.
18:23:31 INFO  : 'jtag frequency' command is executed.
18:23:31 INFO  : Context for 'APU' is selected.
18:23:31 INFO  : System reset is completed.
18:23:34 INFO  : 'after 3000' command is executed.
18:23:34 INFO  : 'targets -set -filter {jtag_cable_name =~ "Avnet MiniZed V1 1234-oj1A" && level==0} -index 1' command is executed.
18:23:36 INFO  : FPGA configured successfully with bitstream "C:/eFPGA/8_PS_PL_LED_AXI/8_PS_PL_LED_AXI_APP/_ide/bitstream/design_1_wrapper.bit"
18:23:36 INFO  : Context for 'APU' is selected.
18:23:36 INFO  : Hardware design information is loaded from 'C:/eFPGA/8_PS_PL_LED_AXI/8_PS_PL_LED_AXI/export/8_PS_PL_LED_AXI/hw/design_1_wrapper.xsa'.
18:23:36 INFO  : 'configparams force-mem-access 1' command is executed.
18:23:36 INFO  : Context for 'APU' is selected.
18:23:36 INFO  : Sourcing of 'C:/eFPGA/8_PS_PL_LED_AXI/8_PS_PL_LED_AXI_APP/_ide/psinit/ps7_init.tcl' is done.
18:23:36 INFO  : 'ps7_init' command is executed.
18:23:36 INFO  : 'ps7_post_config' command is executed.
18:23:36 INFO  : Context for processor 'ps7_cortexa9_0' is selected.
18:23:36 INFO  : The application 'C:/eFPGA/8_PS_PL_LED_AXI/8_PS_PL_LED_AXI_APP/Debug/8_PS_PL_LED_AXI_APP.elf' is downloaded to processor 'ps7_cortexa9_0'.
18:23:36 INFO  : 'configparams force-mem-access 0' command is executed.
18:23:36 INFO  : ----------------XSDB Script----------------
connect -url tcp:127.0.0.1:3121
targets -set -nocase -filter {name =~"APU*"}
rst -system
after 3000
targets -set -filter {jtag_cable_name =~ "Avnet MiniZed V1 1234-oj1A" && level==0} -index 1
fpga -file C:/eFPGA/8_PS_PL_LED_AXI/8_PS_PL_LED_AXI_APP/_ide/bitstream/design_1_wrapper.bit
targets -set -nocase -filter {name =~"APU*"}
loadhw -hw C:/eFPGA/8_PS_PL_LED_AXI/8_PS_PL_LED_AXI/export/8_PS_PL_LED_AXI/hw/design_1_wrapper.xsa -mem-ranges [list {0x40000000 0xbfffffff}]
configparams force-mem-access 1
targets -set -nocase -filter {name =~"APU*"}
source C:/eFPGA/8_PS_PL_LED_AXI/8_PS_PL_LED_AXI_APP/_ide/psinit/ps7_init.tcl
ps7_init
ps7_post_config
targets -set -nocase -filter {name =~ "*A9*#0"}
dow C:/eFPGA/8_PS_PL_LED_AXI/8_PS_PL_LED_AXI_APP/Debug/8_PS_PL_LED_AXI_APP.elf
configparams force-mem-access 0
----------------End of Script----------------

18:23:36 INFO  : Memory regions updated for context APU
18:23:36 INFO  : Context for processor 'ps7_cortexa9_0' is selected.
18:23:36 INFO  : 'con' command is executed.
18:23:36 INFO  : ----------------XSDB Script (After Launch)----------------
targets -set -nocase -filter {name =~ "*A9*#0"}
con
----------------End of Script----------------

18:23:36 INFO  : Launch script is exported to file 'C:\eFPGA\8_PS_PL_LED_AXI\.sdk\launch_scripts\single_application_debug\debugger_8_ps_pl_led_axi_app-default.tcl'
18:24:59 INFO  : Checking for BSP changes to sync application flags for project '8_PS_PL_LED_AXI_APP'...
18:25:03 INFO  : Disconnected from the channel tcfchan#15.
18:25:04 INFO  : Connected to target on host '127.0.0.1' and port '3121'.
18:25:04 INFO  : Jtag cable 'Avnet MiniZed V1 1234-oj1A' is selected.
18:25:04 INFO  : 'jtag frequency' command is executed.
18:25:04 INFO  : Context for 'APU' is selected.
18:25:04 INFO  : System reset is completed.
18:25:07 INFO  : 'after 3000' command is executed.
18:25:07 INFO  : 'targets -set -filter {jtag_cable_name =~ "Avnet MiniZed V1 1234-oj1A" && level==0} -index 1' command is executed.
18:25:09 INFO  : FPGA configured successfully with bitstream "C:/eFPGA/8_PS_PL_LED_AXI/8_PS_PL_LED_AXI_APP/_ide/bitstream/design_1_wrapper.bit"
18:25:09 INFO  : Context for 'APU' is selected.
18:25:09 INFO  : Hardware design information is loaded from 'C:/eFPGA/8_PS_PL_LED_AXI/8_PS_PL_LED_AXI/export/8_PS_PL_LED_AXI/hw/design_1_wrapper.xsa'.
18:25:09 INFO  : 'configparams force-mem-access 1' command is executed.
18:25:09 INFO  : Context for 'APU' is selected.
18:25:09 INFO  : Sourcing of 'C:/eFPGA/8_PS_PL_LED_AXI/8_PS_PL_LED_AXI_APP/_ide/psinit/ps7_init.tcl' is done.
18:25:09 INFO  : 'ps7_init' command is executed.
18:25:09 INFO  : 'ps7_post_config' command is executed.
18:25:09 INFO  : Context for processor 'ps7_cortexa9_0' is selected.
18:25:09 INFO  : The application 'C:/eFPGA/8_PS_PL_LED_AXI/8_PS_PL_LED_AXI_APP/Debug/8_PS_PL_LED_AXI_APP.elf' is downloaded to processor 'ps7_cortexa9_0'.
18:25:09 INFO  : 'configparams force-mem-access 0' command is executed.
18:25:09 INFO  : ----------------XSDB Script----------------
connect -url tcp:127.0.0.1:3121
targets -set -nocase -filter {name =~"APU*"}
rst -system
after 3000
targets -set -filter {jtag_cable_name =~ "Avnet MiniZed V1 1234-oj1A" && level==0} -index 1
fpga -file C:/eFPGA/8_PS_PL_LED_AXI/8_PS_PL_LED_AXI_APP/_ide/bitstream/design_1_wrapper.bit
targets -set -nocase -filter {name =~"APU*"}
loadhw -hw C:/eFPGA/8_PS_PL_LED_AXI/8_PS_PL_LED_AXI/export/8_PS_PL_LED_AXI/hw/design_1_wrapper.xsa -mem-ranges [list {0x40000000 0xbfffffff}]
configparams force-mem-access 1
targets -set -nocase -filter {name =~"APU*"}
source C:/eFPGA/8_PS_PL_LED_AXI/8_PS_PL_LED_AXI_APP/_ide/psinit/ps7_init.tcl
ps7_init
ps7_post_config
targets -set -nocase -filter {name =~ "*A9*#0"}
dow C:/eFPGA/8_PS_PL_LED_AXI/8_PS_PL_LED_AXI_APP/Debug/8_PS_PL_LED_AXI_APP.elf
configparams force-mem-access 0
----------------End of Script----------------

18:25:09 INFO  : Memory regions updated for context APU
18:25:09 INFO  : Context for processor 'ps7_cortexa9_0' is selected.
18:25:09 INFO  : 'con' command is executed.
18:25:09 INFO  : ----------------XSDB Script (After Launch)----------------
targets -set -nocase -filter {name =~ "*A9*#0"}
con
----------------End of Script----------------

18:25:09 INFO  : Launch script is exported to file 'C:\eFPGA\8_PS_PL_LED_AXI\.sdk\launch_scripts\single_application_debug\debugger_8_ps_pl_led_axi_app-default.tcl'
18:25:42 INFO  : Checking for BSP changes to sync application flags for project '8_PS_PL_LED_AXI_APP'...
18:27:52 INFO  : Disconnected from the channel tcfchan#16.
