#-----------------------------------------------------------
# Vivado v2019.2 (64-bit)
# SW Build 2708876 on Wed Nov  6 21:40:23 MST 2019
# IP Build 2700528 on Thu Nov  7 00:09:20 MST 2019
# Start of session at: Wed Jun  3 14:28:13 2020
# Process ID: 2040
# Current directory: C:/eFPGA/7_6_VERDER
# Command line: vivado.exe -gui_launcher_event rodinguilauncherevent8844 C:\eFPGA\7_6_VERDER\7_6_VERDER.xpr
# Log file: C:/eFPGA/7_6_VERDER/vivado.log
# Journal file: C:/eFPGA/7_6_VERDER\vivado.jou
#-----------------------------------------------------------
start_gui
open_project C:/eFPGA/7_6_VERDER/7_6_VERDER.xpr
Scanning sources...
Finished scanning sources
INFO: [IP_Flow 19-234] Refreshing IP repositories
INFO: [IP_Flow 19-1704] No user IP repositories specified
INFO: [IP_Flow 19-2313] Loaded Vivado IP repository 'C:/Xilinx/Vivado/2019.2/data/ip'.
open_project: Time (s): cpu = 00:00:10 ; elapsed = 00:00:05 . Memory (MB): peak = 903.637 ; gain = 175.848
update_compile_order -fileset sources_1
open_bd_design {C:/eFPGA/7_6_VERDER/7_6_VERDER.srcs/sources_1/bd/design_1/design_1.bd}
Adding component instance block -- xilinx.com:ip:processing_system7:5.5 - processing_system7_0
WARNING: [BD 41-176] The physical port 'S_AXI_GP2_rd_socket' specified in the portmap, is not found on the block! 
WARNING: [BD 41-176] The physical port 'S_AXI_GP2_wr_socket' specified in the portmap, is not found on the block! 
WARNING: [BD 41-176] The physical port 'S_AXI_GP3_rd_socket' specified in the portmap, is not found on the block! 
WARNING: [BD 41-176] The physical port 'S_AXI_GP3_wr_socket' specified in the portmap, is not found on the block! 
Successfully read diagram <design_1> from BD file <C:/eFPGA/7_6_VERDER/7_6_VERDER.srcs/sources_1/bd/design_1/design_1.bd>
open_bd_design: Time (s): cpu = 00:00:07 ; elapsed = 00:00:07 . Memory (MB): peak = 1001.547 ; gain = 46.016
WARNING: [IP_Flow 19-474] Invalid Parameter 'Component_Name'
startgroup
set_property -dict [list CONFIG.PCW_USE_FABRIC_INTERRUPT {1} CONFIG.PCW_IRQ_F2P_INTR {1}] [get_bd_cells processing_system7_0]
WARNING: [BD 41-176] The physical port 'S_AXI_GP2_rd_socket' specified in the portmap, is not found on the block! 
WARNING: [BD 41-176] The physical port 'S_AXI_GP2_wr_socket' specified in the portmap, is not found on the block! 
WARNING: [BD 41-176] The physical port 'S_AXI_GP3_rd_socket' specified in the portmap, is not found on the block! 
WARNING: [BD 41-176] The physical port 'S_AXI_GP3_wr_socket' specified in the portmap, is not found on the block! 
endgroup
WARNING: [IP_Flow 19-474] Invalid Parameter 'Component_Name'
delete_bd_objs [get_bd_intf_nets processing_system7_0_GPIO_0] [get_bd_intf_ports GPIO]
WARNING: [IP_Flow 19-474] Invalid Parameter 'Component_Name'
startgroup
create_bd_cell -type ip -vlnv xilinx.com:ip:axi_gpio:2.0 axi_gpio_0
apply_board_connection -board_interface "pl_sw_1bit" -ip_intf "axi_gpio_0/GPIO" -diagram "design_1" 
INFO: [board_interface 100-100] current_bd_design design_1
INFO: [board_interface 100-100] set_property CONFIG.USE_BOARD_FLOW true [get_bd_cells -quiet /axi_gpio_0]
INFO: [board_interface 100-100] set_property CONFIG.GPIO_BOARD_INTERFACE pl_sw_1bit [get_bd_cells -quiet /axi_gpio_0]
INFO: [board_interface 100-100] create_bd_intf_port -mode Master -vlnv xilinx.com:interface:gpio_rtl:1.0 pl_sw_1bit
INFO: [board_interface 100-100] connect_bd_intf_net /pl_sw_1bit /axi_gpio_0/GPIO
apply_board_connection -board_interface "pl_led_r" -ip_intf "axi_gpio_0/GPIO2" -diagram "design_1" 
INFO: [board_interface 100-100] current_bd_design design_1
INFO: [board_interface 100-100] set_property CONFIG.GPIO2_BOARD_INTERFACE pl_led_r [get_bd_cells -quiet /axi_gpio_0]
INFO: [board_interface 100-100] create_bd_intf_port -mode Master -vlnv xilinx.com:interface:gpio_rtl:1.0 pl_led_r
INFO: [board_interface 100-100] connect_bd_intf_net /pl_led_r /axi_gpio_0/GPIO2
create_bd_cell -type ip -vlnv xilinx.com:ip:axi_gpio:2.0 axi_gpio_1
apply_board_connection -board_interface "pl_led_g" -ip_intf "axi_gpio_1/GPIO" -diagram "design_1" 
INFO: [board_interface 100-100] current_bd_design design_1
INFO: [board_interface 100-100] set_property CONFIG.USE_BOARD_FLOW true [get_bd_cells -quiet /axi_gpio_1]
INFO: [board_interface 100-100] set_property CONFIG.GPIO_BOARD_INTERFACE pl_led_g [get_bd_cells -quiet /axi_gpio_1]
INFO: [board_interface 100-100] create_bd_intf_port -mode Master -vlnv xilinx.com:interface:gpio_rtl:1.0 pl_led_g
INFO: [board_interface 100-100] connect_bd_intf_net /pl_led_g /axi_gpio_1/GPIO
endgroup
undo
INFO: [Common 17-17] undo 'endgroup'
INFO: [Common 17-17] undo 'apply_board_connection -board_interface "pl_led_g" -ip_intf "axi_gpio_1/GPIO" -diagram "design_1" '
INFO: [Common 17-17] undo 'create_bd_cell -type ip -vlnv xilinx.com:ip:axi_gpio:2.0 axi_gpio_1'
INFO: [Common 17-17] undo 'apply_board_connection -board_interface "pl_led_r" -ip_intf "axi_gpio_0/GPIO2" -diagram "design_1" '
INFO: [Common 17-17] undo 'apply_board_connection -board_interface "pl_sw_1bit" -ip_intf "axi_gpio_0/GPIO" -diagram "design_1" '
INFO: [Common 17-17] undo 'create_bd_cell -type ip -vlnv xilinx.com:ip:axi_gpio:2.0 axi_gpio_0'
INFO: [Common 17-17] undo 'startgroup'
startgroup
create_bd_cell -type ip -vlnv xilinx.com:ip:axi_gpio:2.0 axi_gpio_0
apply_board_connection -board_interface "pl_led_g" -ip_intf "axi_gpio_0/GPIO" -diagram "design_1" 
INFO: [board_interface 100-100] current_bd_design design_1
INFO: [board_interface 100-100] set_property CONFIG.USE_BOARD_FLOW true [get_bd_cells -quiet /axi_gpio_0]
INFO: [board_interface 100-100] set_property CONFIG.GPIO_BOARD_INTERFACE pl_led_g [get_bd_cells -quiet /axi_gpio_0]
INFO: [board_interface 100-100] create_bd_intf_port -mode Master -vlnv xilinx.com:interface:gpio_rtl:1.0 pl_led_g
INFO: [board_interface 100-100] connect_bd_intf_net /pl_led_g /axi_gpio_0/GPIO
apply_board_connection -board_interface "pl_led_r" -ip_intf "axi_gpio_0/GPIO2" -diagram "design_1" 
INFO: [board_interface 100-100] current_bd_design design_1
INFO: [board_interface 100-100] set_property CONFIG.GPIO2_BOARD_INTERFACE pl_led_r [get_bd_cells -quiet /axi_gpio_0]
INFO: [board_interface 100-100] create_bd_intf_port -mode Master -vlnv xilinx.com:interface:gpio_rtl:1.0 pl_led_r
INFO: [board_interface 100-100] connect_bd_intf_net /pl_led_r /axi_gpio_0/GPIO2
create_bd_cell -type ip -vlnv xilinx.com:ip:axi_gpio:2.0 axi_gpio_1
apply_board_connection -board_interface "pl_sw_1bit" -ip_intf "axi_gpio_1/GPIO" -diagram "design_1" 
INFO: [board_interface 100-100] current_bd_design design_1
INFO: [board_interface 100-100] set_property CONFIG.USE_BOARD_FLOW true [get_bd_cells -quiet /axi_gpio_1]
INFO: [board_interface 100-100] set_property CONFIG.GPIO_BOARD_INTERFACE pl_sw_1bit [get_bd_cells -quiet /axi_gpio_1]
INFO: [board_interface 100-100] create_bd_intf_port -mode Master -vlnv xilinx.com:interface:gpio_rtl:1.0 pl_sw_1bit
INFO: [board_interface 100-100] connect_bd_intf_net /pl_sw_1bit /axi_gpio_1/GPIO
endgroup
startgroup
set_property -dict [list CONFIG.C_INTERRUPT_PRESENT {1}] [get_bd_cells axi_gpio_1]
endgroup
connect_bd_net [get_bd_pins axi_gpio_1/ip2intc_irpt] [get_bd_pins processing_system7_0/IRQ_F2P]
set_property location {434 57} [get_bd_intf_ports pl_sw_1bit]
WARNING: [IP_Flow 19-474] Invalid Parameter 'Component_Name'
startgroup
set_property -dict [list CONFIG.PCW_USE_M_AXI_GP0 {1} CONFIG.PCW_QSPI_GRP_SINGLE_SS_ENABLE {1}] [get_bd_cells processing_system7_0]
WARNING: [BD 41-176] The physical port 'S_AXI_GP2_rd_socket' specified in the portmap, is not found on the block! 
WARNING: [BD 41-176] The physical port 'S_AXI_GP2_wr_socket' specified in the portmap, is not found on the block! 
WARNING: [BD 41-176] The physical port 'S_AXI_GP3_rd_socket' specified in the portmap, is not found on the block! 
WARNING: [BD 41-176] The physical port 'S_AXI_GP3_wr_socket' specified in the portmap, is not found on the block! 
endgroup
startgroup
apply_bd_automation -rule xilinx.com:bd_rule:axi4 -config { Clk_master {Auto} Clk_slave {Auto} Clk_xbar {Auto} Master {/processing_system7_0/M_AXI_GP0} Slave {/axi_gpio_0/S_AXI} ddr_seg {Auto} intc_ip {New AXI Interconnect} master_apm {0}}  [get_bd_intf_pins axi_gpio_0/S_AXI]
INFO: [Ipptcl 7-1463] No Compatible Board Interface found. Board Tab not created in customize GUI
Slave segment </axi_gpio_0/S_AXI/Reg> is being mapped into address space </processing_system7_0/Data> at <0x4120_0000 [ 64K ]>
apply_bd_automation -rule xilinx.com:bd_rule:axi4 -config { Clk_master {Auto} Clk_slave {Auto} Clk_xbar {Auto} Master {/processing_system7_0/M_AXI_GP0} Slave {/axi_gpio_1/S_AXI} ddr_seg {Auto} intc_ip {New AXI Interconnect} master_apm {0}}  [get_bd_intf_pins axi_gpio_1/S_AXI]
Slave segment </axi_gpio_1/S_AXI/Reg> is being mapped into address space </processing_system7_0/Data> at <0x4121_0000 [ 64K ]>
endgroup
set_property location {1213 -51} [get_bd_intf_ports pl_led_r]
set_property location {1210 -64} [get_bd_intf_ports pl_led_g]
set_property location {1208 -69} [get_bd_intf_ports pl_led_g]
set_property location {1213 -44} [get_bd_intf_ports pl_led_r]
set_property location {1204 -47} [get_bd_intf_ports pl_led_r]
set_property location {1207 64} [get_bd_intf_ports pl_sw_1bit]
set_property location {1211 78} [get_bd_intf_ports pl_sw_1bit]
set_property location {1206 63} [get_bd_intf_ports pl_sw_1bit]
set_property location {1210 69} [get_bd_intf_ports pl_sw_1bit]
reset_run design_1_processing_system7_0_0_synth_1
reset_run synth_1
save_bd_design
Wrote  : <C:\eFPGA\7_6_VERDER\7_6_VERDER.srcs\sources_1\bd\design_1\design_1.bd> 
Wrote  : <C:/eFPGA/7_6_VERDER/7_6_VERDER.srcs/sources_1/bd/design_1/ui/bd_1f5defd0.ui> 
launch_runs impl_1 -jobs 24
WARNING: [BD 41-176] The physical port 'S_AXI_GP2_rd_socket' specified in the portmap, is not found on the block! 
WARNING: [BD 41-176] The physical port 'S_AXI_GP2_wr_socket' specified in the portmap, is not found on the block! 
WARNING: [BD 41-176] The physical port 'S_AXI_GP3_rd_socket' specified in the portmap, is not found on the block! 
WARNING: [BD 41-176] The physical port 'S_AXI_GP3_wr_socket' specified in the portmap, is not found on the block! 
WARNING: [BD 41-176] The physical port 'S_AXI_GP2_rd_socket' specified in the portmap, is not found on the block! 
WARNING: [BD 41-176] The physical port 'S_AXI_GP2_wr_socket' specified in the portmap, is not found on the block! 
WARNING: [BD 41-176] The physical port 'S_AXI_GP3_rd_socket' specified in the portmap, is not found on the block! 
WARNING: [BD 41-176] The physical port 'S_AXI_GP3_wr_socket' specified in the portmap, is not found on the block! 
Wrote  : <C:\eFPGA\7_6_VERDER\7_6_VERDER.srcs\sources_1\bd\design_1\design_1.bd> 
VHDL Output written to : C:/eFPGA/7_6_VERDER/7_6_VERDER.srcs/sources_1/bd/design_1/synth/design_1.vhd
VHDL Output written to : C:/eFPGA/7_6_VERDER/7_6_VERDER.srcs/sources_1/bd/design_1/sim/design_1.vhd
VHDL Output written to : C:/eFPGA/7_6_VERDER/7_6_VERDER.srcs/sources_1/bd/design_1/hdl/design_1_wrapper.vhd
WARNING: [IP_Flow 19-5611] Unable to find an associated reset port for the interface 'M_AXI_GP0'. A default connection has been created.
INFO: [BD 41-1029] Generation completed for the IP Integrator block processing_system7_0 .
INFO: [BD 41-1029] Generation completed for the IP Integrator block axi_gpio_0 .
INFO: [BD 41-1029] Generation completed for the IP Integrator block axi_gpio_1 .
INFO: [BD 41-1029] Generation completed for the IP Integrator block ps7_0_axi_periph/xbar .
INFO: [BD 41-1029] Generation completed for the IP Integrator block rst_ps7_0_50M .
WARNING: [IP_Flow 19-4994] Overwriting existing constraint file 'c:/eFPGA/7_6_VERDER/7_6_VERDER.srcs/sources_1/bd/design_1/ip/design_1_auto_pc_0/design_1_auto_pc_0_ooc.xdc'
INFO: [BD 41-1029] Generation completed for the IP Integrator block ps7_0_axi_periph/s00_couplers/auto_pc .
Exporting to file C:/eFPGA/7_6_VERDER/7_6_VERDER.srcs/sources_1/bd/design_1/hw_handoff/design_1.hwh
Generated Block Design Tcl file C:/eFPGA/7_6_VERDER/7_6_VERDER.srcs/sources_1/bd/design_1/hw_handoff/design_1_bd.tcl
Generated Hardware Definition File C:/eFPGA/7_6_VERDER/7_6_VERDER.srcs/sources_1/bd/design_1/synth/design_1.hwdef
INFO: [IP_Flow 19-5642] Done with IP cache export for multiple IPs
[Wed Jun  3 14:34:11 2020] Launched design_1_processing_system7_0_0_synth_1, design_1_auto_pc_0_synth_1, design_1_rst_ps7_0_50M_0_synth_1, design_1_xbar_0_synth_1, design_1_axi_gpio_0_1_synth_1, design_1_axi_gpio_1_1_synth_1, synth_1...
Run output will be captured here:
design_1_processing_system7_0_0_synth_1: C:/eFPGA/7_6_VERDER/7_6_VERDER.runs/design_1_processing_system7_0_0_synth_1/runme.log
design_1_auto_pc_0_synth_1: C:/eFPGA/7_6_VERDER/7_6_VERDER.runs/design_1_auto_pc_0_synth_1/runme.log
design_1_rst_ps7_0_50M_0_synth_1: C:/eFPGA/7_6_VERDER/7_6_VERDER.runs/design_1_rst_ps7_0_50M_0_synth_1/runme.log
design_1_xbar_0_synth_1: C:/eFPGA/7_6_VERDER/7_6_VERDER.runs/design_1_xbar_0_synth_1/runme.log
design_1_axi_gpio_0_1_synth_1: C:/eFPGA/7_6_VERDER/7_6_VERDER.runs/design_1_axi_gpio_0_1_synth_1/runme.log
design_1_axi_gpio_1_1_synth_1: C:/eFPGA/7_6_VERDER/7_6_VERDER.runs/design_1_axi_gpio_1_1_synth_1/runme.log
synth_1: C:/eFPGA/7_6_VERDER/7_6_VERDER.runs/synth_1/runme.log
[Wed Jun  3 14:34:12 2020] Launched impl_1...
Run output will be captured here: C:/eFPGA/7_6_VERDER/7_6_VERDER.runs/impl_1/runme.log
launch_runs: Time (s): cpu = 00:00:35 ; elapsed = 00:00:34 . Memory (MB): peak = 1399.508 ; gain = 213.789
regenerate_bd_layout
regenerate_bd_layout
open_run impl_1
INFO: [Device 21-403] Loading part xc7z007sclg225-1
Netlist sorting complete. Time (s): cpu = 00:00:00 ; elapsed = 00:00:00.090 . Memory (MB): peak = 1586.582 ; gain = 0.000
INFO: [Netlist 29-17] Analyzing 18 Unisim elements for replacement
INFO: [Netlist 29-28] Unisim Transformation completed in 0 CPU seconds
INFO: [Project 1-479] Netlist was created with Vivado 2019.2
INFO: [Project 1-570] Preparing netlist for logic optimization
INFO: [Timing 38-478] Restoring timing data from binary archive.
INFO: [Timing 38-479] Binary timing data restore complete.
INFO: [Project 1-856] Restoring constraints from binary archive.
INFO: [Project 1-853] Binary constraint restore complete.
Reading XDEF placement.
Reading placer database...
Reading XDEF routing.
Read XDEF File: Time (s): cpu = 00:00:01 ; elapsed = 00:00:00.344 . Memory (MB): peak = 2253.238 ; gain = 0.000
Restored from archive | CPU: 1.000000 secs | Memory: 0.000000 MB |
Finished XDEF File Restore: Time (s): cpu = 00:00:01 ; elapsed = 00:00:00.344 . Memory (MB): peak = 2253.238 ; gain = 0.000
Netlist sorting complete. Time (s): cpu = 00:00:00 ; elapsed = 00:00:00.001 . Memory (MB): peak = 2253.238 ; gain = 0.000
INFO: [Project 1-111] Unisim Transformation Summary:
No Unisim elements were transformed.

open_run: Time (s): cpu = 00:00:23 ; elapsed = 00:00:17 . Memory (MB): peak = 2419.305 ; gain = 958.250
launch_runs impl_1 -to_step write_bitstream -jobs 24
[Wed Jun  3 14:37:56 2020] Launched impl_1...
Run output will be captured here: C:/eFPGA/7_6_VERDER/7_6_VERDER.runs/impl_1/runme.log
write_hw_platform -fixed -force  -include_bit -file C:/eFPGA/7_6_VERDER/design_1_wrapper.xsa
INFO: [Vivado 12-4895] Creating Hardware Platform: C:/eFPGA/7_6_VERDER/design_1_wrapper.xsa ...
INFO: [Hsi 55-2053] elapsed time for repository (C:/Xilinx/Vivado/2019.2/data\embeddedsw) loading 1 seconds
INFO: [Vivado 12-4896] Successfully created Hardware Platform: C:/eFPGA/7_6_VERDER/design_1_wrapper.xsa
write_hw_platform: Time (s): cpu = 00:00:09 ; elapsed = 00:00:09 . Memory (MB): peak = 2420.141 ; gain = 0.836
exit
INFO: [Common 17-206] Exiting Vivado at Wed Jun  3 14:40:45 2020...
