#-----------------------------------------------------------
# Vivado v2019.1 (64-bit)
# SW Build 2552052 on Fri May 24 14:49:42 MDT 2019
# IP Build 2548770 on Fri May 24 18:01:18 MDT 2019
# Start of session at: Sun Nov 17 08:40:36 2019
# Process ID: 9072
# Current directory: D:/Main/Embedded_Operating_System/Oefeningen/Vivado_Projects/Oef9_10_Mutex_Semaphore
# Command line: vivado.exe -gui_launcher_event rodinguilauncherevent100 D:\Main\Embedded_Operating_System\Oefeningen\Vivado_Projects\Oef9_10_Mutex_Semaphore\Oef9_10_Mutex_Semaphore.xpr
# Log file: D:/Main/Embedded_Operating_System/Oefeningen/Vivado_Projects/Oef9_10_Mutex_Semaphore/vivado.log
# Journal file: D:/Main/Embedded_Operating_System/Oefeningen/Vivado_Projects/Oef9_10_Mutex_Semaphore\vivado.jou
#-----------------------------------------------------------
start_gui
open_project D:/Main/Embedded_Operating_System/Oefeningen/Vivado_Projects/Oef9_10_Mutex_Semaphore/Oef9_10_Mutex_Semaphore.xpr
INFO: [ProjectBase 1-489] The host OS only allows 260 characters in a normal path. The project is stored in a path with more than 80 characters. If you experience issues with IP, Block Designs, or files not being found, please consider moving the project to a location with a shorter path. Alternately consider using the OS subst command to map part of the path to a drive letter.
Current project path is 'D:/Main/Embedded_Operating_System/Oefeningen/Vivado_Projects/Oef9_10_Mutex_Semaphore'
Scanning sources...
Finished scanning sources
INFO: [IP_Flow 19-234] Refreshing IP repositories
INFO: [IP_Flow 19-1704] No user IP repositories specified
INFO: [IP_Flow 19-2313] Loaded Vivado IP repository 'D:/Xilinx/Vivado/2019.1/data/ip'.
open_project: Time (s): cpu = 00:00:25 ; elapsed = 00:00:57 . Memory (MB): peak = 772.082 ; gain = 188.113
file copy -force D:/Main/Embedded_Operating_System/Oefeningen/Vivado_Projects/Oef9_10_Mutex_Semaphore/Oef9_10_Mutex_Semaphore.runs/impl_2/design_1_wrapper.sysdef D:/Main/Embedded_Operating_System/Oefeningen/Vivado_Projects/Oef9_10_Mutex_Semaphore/Oef9_10_Mutex_Semaphore.sdk/design_1_wrapper.hdf

update_compile_order -fileset sources_1
open_bd_design {D:/Main/Embedded_Operating_System/Oefeningen/Vivado_Projects/Oef9_10_Mutex_Semaphore/Oef9_10_Mutex_Semaphore.srcs/sources_1/bd/design_1/design_1.bd}
Adding component instance block -- xilinx.com:ip:processing_system7:5.5 - processing_system7_0
Adding component instance block -- xilinx.com:ip:axi_gpio:2.0 - axi_gpio_0
Adding component instance block -- xilinx.com:ip:axi_interconnect:2.1 - ps7_0_axi_periph
Adding component instance block -- xilinx.com:ip:axi_crossbar:2.1 - xbar
Adding component instance block -- xilinx.com:ip:axi_protocol_converter:2.1 - auto_pc
Adding component instance block -- xilinx.com:ip:proc_sys_reset:5.0 - rst_ps7_0_50M
Successfully read diagram <design_1> from BD file <D:/Main/Embedded_Operating_System/Oefeningen/Vivado_Projects/Oef9_10_Mutex_Semaphore/Oef9_10_Mutex_Semaphore.srcs/sources_1/bd/design_1/design_1.bd>
open_bd_design: Time (s): cpu = 00:00:15 ; elapsed = 00:00:28 . Memory (MB): peak = 927.426 ; gain = 68.930
launch_sdk -workspace D:/Main/Embedded_Operating_System/Oefeningen/Vivado_Projects/Oef9_10_Mutex_Semaphore/Oef9_10_Mutex_Semaphore.sdk -hwspec D:/Main/Embedded_Operating_System/Oefeningen/Vivado_Projects/Oef9_10_Mutex_Semaphore/Oef9_10_Mutex_Semaphore.sdk/design_1_wrapper.hdf
INFO: [Vivado 12-393] Launching SDK...
INFO: [Vivado 12-417] Running xsdk -workspace D:/Main/Embedded_Operating_System/Oefeningen/Vivado_Projects/Oef9_10_Mutex_Semaphore/Oef9_10_Mutex_Semaphore.sdk -hwspec D:/Main/Embedded_Operating_System/Oefeningen/Vivado_Projects/Oef9_10_Mutex_Semaphore/Oef9_10_Mutex_Semaphore.sdk/design_1_wrapper.hdf
INFO: [Vivado 12-3157] SDK launch initiated. Please check console for any further messages.
exit
INFO: [Common 17-206] Exiting Vivado at Sun Nov 17 09:05:55 2019...
