#-----------------------------------------------------------
# Vivado v2020.1 (64-bit)
# SW Build 2902540 on Wed May 27 19:54:49 MDT 2020
# IP Build 2902112 on Wed May 27 22:43:36 MDT 2020
# Start of session at: Sun Jan 24 17:18:10 2021
# Process ID: 10900
# Current directory: C:/Users/KasperPC/Desktop/EOS_PREV/eos1/Oef9_10_Mutex_Semaphore
# Command line: vivado.exe -gui_launcher_event rodinguilauncherevent6124 C:\Users\KasperPC\Desktop\EOS_PREV\eos1\Oef9_10_Mutex_Semaphore\Oef9_10_Mutex_Semaphore.xpr
# Log file: C:/Users/KasperPC/Desktop/EOS_PREV/eos1/Oef9_10_Mutex_Semaphore/vivado.log
# Journal file: C:/Users/KasperPC/Desktop/EOS_PREV/eos1/Oef9_10_Mutex_Semaphore\vivado.jou
#-----------------------------------------------------------
start_gui
open_project C:/Users/KasperPC/Desktop/EOS_PREV/eos1/Oef9_10_Mutex_Semaphore/Oef9_10_Mutex_Semaphore.xpr
INFO: [Project 1-313] Project file moved from 'D:/Main/Embedded_Operating_System/Oefeningen/Vivado_Projects/Oef9_10_Mutex_Semaphore' since last save.
Scanning sources...
Finished scanning sources
INFO: [IP_Flow 19-234] Refreshing IP repositories
INFO: [IP_Flow 19-1704] No user IP repositories specified
INFO: [IP_Flow 19-2313] Loaded Vivado IP repository 'C:/Xilinx/Vivado/2020.1/data/ip'.
WARNING: [BD 41-1661] One or more IPs have been locked in the design 'design_1.bd'. Please run report_ip_status for more details and recommendations on how to fix this issue.
List of locked IPs:
design_1_auto_pc_1
design_1_axi_gpio_0_1
design_1_ps7_0_axi_periph_1
design_1_xbar_1

INFO: [Project 1-230] Project 'Oef9_10_Mutex_Semaphore.xpr' upgraded for this version of Vivado.
open_project: Time (s): cpu = 00:00:11 ; elapsed = 00:00:06 . Memory (MB): peak = 1062.457 ; gain = 0.000
update_compile_order -fileset sources_1
open_bd_design {C:/Users/KasperPC/Desktop/EOS_PREV/eos1/Oef9_10_Mutex_Semaphore/Oef9_10_Mutex_Semaphore.srcs/sources_1/bd/design_1/design_1.bd}
Adding component instance block -- xilinx.com:ip:processing_system7:5.5 - processing_system7_0
Adding component instance block -- xilinx.com:ip:axi_gpio:2.0 - axi_gpio_0
Adding component instance block -- xilinx.com:ip:axi_interconnect:2.1 - ps7_0_axi_periph
Adding component instance block -- xilinx.com:ip:axi_crossbar:2.1 - xbar
Adding component instance block -- xilinx.com:ip:axi_protocol_converter:2.1 - auto_pc
Adding component instance block -- xilinx.com:ip:proc_sys_reset:5.0 - rst_ps7_0_50M
Successfully read diagram <design_1> from BD file <C:/Users/KasperPC/Desktop/EOS_PREV/eos1/Oef9_10_Mutex_Semaphore/Oef9_10_Mutex_Semaphore.srcs/sources_1/bd/design_1/design_1.bd>
open_bd_design: Time (s): cpu = 00:00:07 ; elapsed = 00:00:06 . Memory (MB): peak = 2606.777 ; gain = 57.145
report_ip_status -name ip_status 
upgrade_ip [get_ips  {design_1_axi_gpio_0_1 design_1_ps7_0_axi_periph_1}] -log ip_upgrade.log
Upgrading 'C:/Users/KasperPC/Desktop/EOS_PREV/eos1/Oef9_10_Mutex_Semaphore/Oef9_10_Mutex_Semaphore.srcs/sources_1/bd/design_1/design_1.bd'
INFO: [IP_Flow 19-3422] Upgraded design_1_axi_gpio_0_1 (AXI GPIO 2.0) from revision 21 to revision 23
INFO: [IP_Flow 19-3422] Upgraded design_1_ps7_0_axi_periph_1 (AXI Interconnect 2.1) from revision 20 to revision 22
Wrote  : <C:\Users\KasperPC\Desktop\EOS_PREV\eos1\Oef9_10_Mutex_Semaphore\Oef9_10_Mutex_Semaphore.srcs\sources_1\bd\design_1\design_1.bd> 
Wrote  : <C:/Users/KasperPC/Desktop/EOS_PREV/eos1/Oef9_10_Mutex_Semaphore/Oef9_10_Mutex_Semaphore.srcs/sources_1/bd/design_1/ui/bd_1f5defd0.ui> 
INFO: [Coretcl 2-1525] Wrote upgrade log to 'C:/Users/KasperPC/Desktop/EOS_PREV/eos1/Oef9_10_Mutex_Semaphore/ip_upgrade.log'.
export_ip_user_files -of_objects [get_ips {design_1_axi_gpio_0_1 design_1_ps7_0_axi_periph_1}] -no_script -sync -force -quiet
open_bd_design {C:/Users/KasperPC/Desktop/EOS_PREV/eos1/Oef9_10_Mutex_Semaphore/Oef9_10_Mutex_Semaphore.srcs/sources_1/bd/design_1/design_1.bd}
report_ip_status -name ip_status 
reset_run synth_2
reset_run design_1_rst_ps7_0_50M_0_synth_1
reset_run design_1_processing_system7_0_2_synth_1
launch_runs impl_2 -to_step write_bitstream -jobs 20
Wrote  : <C:\Users\KasperPC\Desktop\EOS_PREV\eos1\Oef9_10_Mutex_Semaphore\Oef9_10_Mutex_Semaphore.srcs\sources_1\bd\design_1\design_1.bd> 
VHDL Output written to : C:/Users/KasperPC/Desktop/EOS_PREV/eos1/Oef9_10_Mutex_Semaphore/Oef9_10_Mutex_Semaphore.srcs/sources_1/bd/design_1/synth/design_1.vhd
VHDL Output written to : C:/Users/KasperPC/Desktop/EOS_PREV/eos1/Oef9_10_Mutex_Semaphore/Oef9_10_Mutex_Semaphore.srcs/sources_1/bd/design_1/sim/design_1.vhd
VHDL Output written to : C:/Users/KasperPC/Desktop/EOS_PREV/eos1/Oef9_10_Mutex_Semaphore/Oef9_10_Mutex_Semaphore.srcs/sources_1/bd/design_1/hdl/design_1_wrapper.vhd
WARNING: [IP_Flow 19-5160] IP 'design_1_processing_system7_0_2' detected simulation language mismatch. Simulation type 'rtl' does not support 'VHDL' outputs (see project's "simulator_language" property), delivering 'Any Language' outputs instead.
WARNING: [IP_Flow 19-5160] IP 'design_1_processing_system7_0_2' detected simulation language mismatch. Simulation type 'tlm' does not support 'VHDL' outputs (see project's "simulator_language" property), delivering 'SystemC' outputs instead.
WARNING: [IP_Flow 19-5160] IP 'design_1_processing_system7_0_2' detected simulation language mismatch. Simulation type 'tlm_dpi' does not support 'VHDL' outputs (see project's "simulator_language" property), delivering 'Any Language' outputs instead.
WARNING: [IP_Flow 19-5611] Unable to find an associated reset port for the interface 'M_AXI_GP0'. A default connection has been created.
INFO: [BD 41-1029] Generation completed for the IP Integrator block processing_system7_0 .
INFO: [BD 41-1029] Generation completed for the IP Integrator block axi_gpio_0 .
INFO: [BD 41-1029] Generation completed for the IP Integrator block rst_ps7_0_50M .
WARNING: [IP_Flow 19-5160] IP 'design_1_xbar_0' detected simulation language mismatch. Simulation type 'rtl' does not support 'VHDL' outputs (see project's "simulator_language" property), delivering 'Verilog' outputs instead.
WARNING: [IP_Flow 19-5160] IP 'design_1_xbar_0' detected simulation language mismatch. Simulation type 'tlm' does not support 'VHDL' outputs (see project's "simulator_language" property), delivering 'SystemC' outputs instead.
INFO: [BD 41-1029] Generation completed for the IP Integrator block ps7_0_axi_periph/xbar .
WARNING: [IP_Flow 19-4994] Overwriting existing constraint file 'c:/Users/KasperPC/Desktop/EOS_PREV/eos1/Oef9_10_Mutex_Semaphore/Oef9_10_Mutex_Semaphore.srcs/sources_1/bd/design_1/ip/design_1_auto_pc_0/design_1_auto_pc_0_ooc.xdc'
WARNING: [IP_Flow 19-5160] IP 'design_1_auto_pc_0' detected simulation language mismatch. Simulation type 'rtl' does not support 'VHDL' outputs (see project's "simulator_language" property), delivering 'Verilog' outputs instead.
WARNING: [IP_Flow 19-5160] IP 'design_1_auto_pc_0' detected simulation language mismatch. Simulation type 'tlm' does not support 'VHDL' outputs (see project's "simulator_language" property), delivering 'SystemC' outputs instead.
INFO: [BD 41-1029] Generation completed for the IP Integrator block ps7_0_axi_periph/s01_couplers/auto_pc .
Exporting to file C:/Users/KasperPC/Desktop/EOS_PREV/eos1/Oef9_10_Mutex_Semaphore/Oef9_10_Mutex_Semaphore.srcs/sources_1/bd/design_1/hw_handoff/design_1.hwh
Generated Block Design Tcl file C:/Users/KasperPC/Desktop/EOS_PREV/eos1/Oef9_10_Mutex_Semaphore/Oef9_10_Mutex_Semaphore.srcs/sources_1/bd/design_1/hw_handoff/design_1_bd.tcl
Generated Hardware Definition File C:/Users/KasperPC/Desktop/EOS_PREV/eos1/Oef9_10_Mutex_Semaphore/Oef9_10_Mutex_Semaphore.srcs/sources_1/bd/design_1/synth/design_1.hwdef
[Sun Jan 24 17:20:15 2021] Launched design_1_rst_ps7_0_50M_0_synth_1, design_1_processing_system7_0_2_synth_1, design_1_axi_gpio_0_1_synth_1, design_1_auto_pc_0_synth_1, design_1_xbar_0_synth_1, synth_2...
Run output will be captured here:
design_1_rst_ps7_0_50M_0_synth_1: C:/Users/KasperPC/Desktop/EOS_PREV/eos1/Oef9_10_Mutex_Semaphore/Oef9_10_Mutex_Semaphore.runs/design_1_rst_ps7_0_50M_0_synth_1/runme.log
design_1_processing_system7_0_2_synth_1: C:/Users/KasperPC/Desktop/EOS_PREV/eos1/Oef9_10_Mutex_Semaphore/Oef9_10_Mutex_Semaphore.runs/design_1_processing_system7_0_2_synth_1/runme.log
design_1_axi_gpio_0_1_synth_1: C:/Users/KasperPC/Desktop/EOS_PREV/eos1/Oef9_10_Mutex_Semaphore/Oef9_10_Mutex_Semaphore.runs/design_1_axi_gpio_0_1_synth_1/runme.log
design_1_auto_pc_0_synth_1: C:/Users/KasperPC/Desktop/EOS_PREV/eos1/Oef9_10_Mutex_Semaphore/Oef9_10_Mutex_Semaphore.runs/design_1_auto_pc_0_synth_1/runme.log
design_1_xbar_0_synth_1: C:/Users/KasperPC/Desktop/EOS_PREV/eos1/Oef9_10_Mutex_Semaphore/Oef9_10_Mutex_Semaphore.runs/design_1_xbar_0_synth_1/runme.log
synth_2: C:/Users/KasperPC/Desktop/EOS_PREV/eos1/Oef9_10_Mutex_Semaphore/Oef9_10_Mutex_Semaphore.runs/synth_2/runme.log
[Sun Jan 24 17:20:15 2021] Launched impl_2...
Run output will be captured here: C:/Users/KasperPC/Desktop/EOS_PREV/eos1/Oef9_10_Mutex_Semaphore/Oef9_10_Mutex_Semaphore.runs/impl_2/runme.log
launch_runs: Time (s): cpu = 00:00:28 ; elapsed = 00:00:32 . Memory (MB): peak = 2610.895 ; gain = 0.000
set_property pfm_name {} [get_files -all {C:/Users/KasperPC/Desktop/EOS_PREV/eos1/Oef9_10_Mutex_Semaphore/Oef9_10_Mutex_Semaphore.srcs/sources_1/bd/design_1/design_1.bd}]
write_hw_platform -fixed -include_bit -force -file C:/Users/KasperPC/Desktop/EOS_PREV/eos1/Oef9_10_Mutex_Semaphore/design_1_wrapper.xsa
INFO: [Vivado 12-4895] Creating Hardware Platform: C:/Users/KasperPC/Desktop/EOS_PREV/eos1/Oef9_10_Mutex_Semaphore/design_1_wrapper.xsa ...
INFO: [Hsi 55-2053] elapsed time for repository (C:/Xilinx/Vivado/2020.1/data\embeddedsw) loading 0 seconds
INFO: [Vivado 12-4896] Successfully created Hardware Platform: C:/Users/KasperPC/Desktop/EOS_PREV/eos1/Oef9_10_Mutex_Semaphore/design_1_wrapper.xsa
write_hw_platform: Time (s): cpu = 00:00:08 ; elapsed = 00:00:08 . Memory (MB): peak = 2610.895 ; gain = 0.000
exit
INFO: [Common 17-206] Exiting Vivado at Sun Jan 24 17:25:28 2021...
