TRACE::2020-06-01.14:22:15::SCWBifWriter::Found the complete platform C:/eFPGA/5_PRINT_STRING_PS/5_PRINT_STRING_PS/export/5_PRINT_STRING_PS/5_PRINT_STRING_PS.xpfm
TRACE::2020-06-01.14:22:15::SCWBifWriter::hardware databse : design_1_wrapper_2
TRACE::2020-06-01.14:22:15::SCWBifWriter::bitstream found in the design
TRACE::2020-06-01.14:22:15::SCWBifWriter::Found a baremetal domain, proc: ps7_cortexa9_0
TRACE::2020-06-01.14:22:15::SCWBifWriter::proc type : 
TRACE::2020-06-01.14:22:15::SCWBifWriter::proc[0] : ps7_cortexa9_0
TRACE::2020-06-01.14:22:15::SCWBifWriter::Device type is : zynq
TRACE::2020-06-01.14:22:15::SCWBifWriter::Writing BIF to file : C:/eFPGA/5_PRINT_STRING_PS/5_PRINT_STRING_PS_APP_system/Debug/system.bif
TRACE::2020-06-01.14:22:15::SCWBifWriter::Writing the Zynq Baremetal bif 
TRACE::2020-06-01.14:22:25::SCWBifWriter::Found the complete platform C:/eFPGA/5_PRINT_STRING_PS/5_PRINT_STRING_PS/export/5_PRINT_STRING_PS/5_PRINT_STRING_PS.xpfm
TRACE::2020-06-01.14:22:26::SCWBifWriter::hardware databse : design_1_wrapper_2
TRACE::2020-06-01.14:22:26::SCWBifWriter::bitstream found in the design
TRACE::2020-06-01.14:22:26::SCWBifWriter::Found a baremetal domain, proc: ps7_cortexa9_0
TRACE::2020-06-01.14:22:26::SCWBifWriter::proc type : 
TRACE::2020-06-01.14:22:26::SCWBifWriter::proc[0] : ps7_cortexa9_0
TRACE::2020-06-01.14:22:26::SCWBifWriter::Device type is : zynq
TRACE::2020-06-01.14:22:26::SCWBifWriter::Writing BIF to file : C:/eFPGA/5_PRINT_STRING_PS/5_PRINT_STRING_PS_APP_system/Debug/system.bif
TRACE::2020-06-01.14:22:26::SCWBifWriter::Writing the Zynq Baremetal bif 
TRACE::2020-06-01.14:25:47::SCWBifWriter::Found the complete platform C:/eFPGA/5_PRINT_STRING_PS/5_PRINT_STRING_PS/export/5_PRINT_STRING_PS/5_PRINT_STRING_PS.xpfm
TRACE::2020-06-01.14:25:47::SCWBifWriter::hardware databse : design_1_wrapper_2
TRACE::2020-06-01.14:25:47::SCWBifWriter::bitstream found in the design
TRACE::2020-06-01.14:25:47::SCWBifWriter::Found a baremetal domain, proc: ps7_cortexa9_0
TRACE::2020-06-01.14:25:47::SCWBifWriter::proc type : 
TRACE::2020-06-01.14:25:47::SCWBifWriter::proc[0] : ps7_cortexa9_0
TRACE::2020-06-01.14:25:47::SCWBifWriter::Device type is : zynq
TRACE::2020-06-01.14:25:47::SCWBifWriter::Writing BIF to file : C:/eFPGA/5_PRINT_STRING_PS/5_PRINT_STRING_PS_APP_system/Debug/system.bif
TRACE::2020-06-01.14:25:47::SCWBifWriter::Writing the Zynq Baremetal bif 
TRACE::2020-06-01.14:32:10::SCWBifWriter::Found the complete platform C:/eFPGA/5_PRINT_STRING_PS/5_PRINT_STRING_PS/export/5_PRINT_STRING_PS/5_PRINT_STRING_PS.xpfm
TRACE::2020-06-01.14:32:10::SCWBifWriter::hardware databse : design_1_wrapper_2
TRACE::2020-06-01.14:32:10::SCWBifWriter::bitstream found in the design
TRACE::2020-06-01.14:32:11::SCWBifWriter::Found a baremetal domain, proc: ps7_cortexa9_0
TRACE::2020-06-01.14:32:11::SCWBifWriter::proc type : 
TRACE::2020-06-01.14:32:11::SCWBifWriter::proc[0] : ps7_cortexa9_0
TRACE::2020-06-01.14:32:11::SCWBifWriter::Device type is : zynq
TRACE::2020-06-01.14:32:11::SCWBifWriter::Writing BIF to file : C:/eFPGA/5_PRINT_STRING_PS/5_PRINT_STRING_PS_APP_system/Debug/system.bif
TRACE::2020-06-01.14:32:11::SCWBifWriter::Writing the Zynq Baremetal bif 
