12:12:39 INFO  : Registering command handlers for SDK TCF services
12:12:41 INFO  : Launching XSCT server: xsct.bat -interactive C:\Users\11600039\Documents\Labo\oefening14_mutex\oefening14_mutex.sdk\temp_xsdb_launch_script.tcl
12:12:47 INFO  : XSCT server has started successfully.
12:12:49 INFO  : Successfully done setting XSCT server connection channel  
12:12:49 INFO  : Processing command line option -hwspec C:/Users/11600039/Documents/Labo/oefening14_mutex/oefening14_mutex.sdk/design_1_wrapper.hdf.
12:12:49 INFO  : Successfully done setting SDK workspace  
12:14:32 INFO  : Registering command handlers for SDK TCF services
12:14:33 INFO  : Launching XSCT server: xsct.bat -interactive C:\Users\11600039\Documents\Labo\oefening14_mutex\oefening14_mutex.sdk\temp_xsdb_launch_script.tcl
12:14:38 INFO  : XSCT server has started successfully.
12:14:40 INFO  : Successfully done setting XSCT server connection channel  
12:14:40 INFO  : Successfully done setting SDK workspace  
12:14:40 INFO  : Processing command line option -hwspec C:/Users/11600039/Documents/Labo/oefening14_mutex/oefening14_mutex.sdk/design_1_wrapper.hdf.
12:14:40 INFO  : Checking for hwspec changes in the project design_1_wrapper_hw_platform_0.
12:24:12 INFO  : Connected to target on host '127.0.0.1' and port '3121'.
12:24:15 INFO  : 'targets -set -filter {jtag_cable_name =~ "Digilent Zybo 210279785412A" && level==0} -index 1' command is executed.
12:24:16 INFO  : FPGA configured successfully with bitstream "C:/Users/11600039/Documents/Labo/oefening14_mutex/oefening14_mutex.sdk/design_1_wrapper_hw_platform_0/design_1_wrapper.bit"
12:26:45 INFO  : 'targets -set -filter {jtag_cable_name =~ "Digilent Zybo 210279785412A" && level==0} -index 1' command is executed.
12:26:45 INFO  : 'fpga -state' command is executed.
12:26:45 INFO  : Connected to target on host '127.0.0.1' and port '3121'.
12:26:45 INFO  : Jtag cable 'Digilent Zybo 210279785412A' is selected.
12:26:45 INFO  : 'jtag frequency' command is executed.
12:26:45 INFO  : Sourcing of 'C:/Users/11600039/Documents/Labo/oefening14_mutex/oefening14_mutex.sdk/design_1_wrapper_hw_platform_0/ps7_init.tcl' is done.
12:26:45 INFO  : Context for 'APU' is selected.
12:26:45 INFO  : Hardware design information is loaded from 'C:/Users/11600039/Documents/Labo/oefening14_mutex/oefening14_mutex.sdk/design_1_wrapper_hw_platform_0/system.hdf'.
12:26:45 INFO  : 'configparams force-mem-access 1' command is executed.
12:26:45 INFO  : Context for 'APU' is selected.
12:26:45 INFO  : 'stop' command is executed.
12:26:46 INFO  : 'ps7_init' command is executed.
12:26:46 INFO  : 'ps7_post_config' command is executed.
12:26:46 INFO  : 'configparams force-mem-access 0' command is executed.
12:26:46 INFO  : ----------------XSDB Script----------------
connect -url tcp:127.0.0.1:3121
source C:/Users/11600039/Documents/Labo/oefening14_mutex/oefening14_mutex.sdk/design_1_wrapper_hw_platform_0/ps7_init.tcl
targets -set -nocase -filter {name =~"APU*" && jtag_cable_name =~ "Digilent Zybo 210279785412A"} -index 0
loadhw -hw C:/Users/11600039/Documents/Labo/oefening14_mutex/oefening14_mutex.sdk/design_1_wrapper_hw_platform_0/system.hdf -mem-ranges [list {0x40000000 0xbfffffff}]
configparams force-mem-access 1
targets -set -nocase -filter {name =~"APU*" && jtag_cable_name =~ "Digilent Zybo 210279785412A"} -index 0
stop
ps7_init
ps7_post_config
configparams force-mem-access 0
----------------End of Script----------------

12:26:46 INFO  : Memory regions updated for context APU
12:26:46 INFO  : Launch script is exported to file 'C:\Users\11600039\Documents\Labo\oefening14_mutex\oefening14_mutex.sdk\.sdk\launch_scripts\xilinx_c-c++_application_(system_debugger)\system_debugger_using_debug_mutex.elf_on_local.tcl'
12:27:36 INFO  : Disconnected from the channel tcfchan#1.
12:27:37 INFO  : 'targets -set -filter {jtag_cable_name =~ "Digilent Zybo 210279785412A" && level==0} -index 1' command is executed.
12:27:37 INFO  : 'fpga -state' command is executed.
12:27:37 INFO  : Connected to target on host '127.0.0.1' and port '3121'.
12:27:38 INFO  : Jtag cable 'Digilent Zybo 210279785412A' is selected.
12:27:38 INFO  : 'jtag frequency' command is executed.
12:27:38 INFO  : Sourcing of 'C:/Users/11600039/Documents/Labo/oefening14_mutex/oefening14_mutex.sdk/design_1_wrapper_hw_platform_0/ps7_init.tcl' is done.
12:27:38 INFO  : Context for 'APU' is selected.
12:27:40 INFO  : Hardware design information is loaded from 'C:/Users/11600039/Documents/Labo/oefening14_mutex/oefening14_mutex.sdk/design_1_wrapper_hw_platform_0/system.hdf'.
12:27:40 INFO  : 'configparams force-mem-access 1' command is executed.
12:27:40 INFO  : Context for 'APU' is selected.
12:27:40 INFO  : 'stop' command is executed.
12:27:41 INFO  : 'ps7_init' command is executed.
12:27:41 INFO  : 'ps7_post_config' command is executed.
12:27:41 INFO  : Context for processor 'ps7_cortexa9_0' is selected.
12:27:41 INFO  : Processor reset is completed for 'ps7_cortexa9_0'.
12:27:41 INFO  : Context for processor 'ps7_cortexa9_0' is selected.
12:27:41 INFO  : The application 'C:/Users/11600039/Documents/Labo/oefening14_mutex/oefening14_mutex.sdk/mutex/Debug/mutex.elf' is downloaded to processor 'ps7_cortexa9_0'.
12:27:41 INFO  : 'configparams force-mem-access 0' command is executed.
12:27:41 INFO  : ----------------XSDB Script----------------
connect -url tcp:127.0.0.1:3121
source C:/Users/11600039/Documents/Labo/oefening14_mutex/oefening14_mutex.sdk/design_1_wrapper_hw_platform_0/ps7_init.tcl
targets -set -nocase -filter {name =~"APU*" && jtag_cable_name =~ "Digilent Zybo 210279785412A"} -index 0
loadhw -hw C:/Users/11600039/Documents/Labo/oefening14_mutex/oefening14_mutex.sdk/design_1_wrapper_hw_platform_0/system.hdf -mem-ranges [list {0x40000000 0xbfffffff}]
configparams force-mem-access 1
targets -set -nocase -filter {name =~"APU*" && jtag_cable_name =~ "Digilent Zybo 210279785412A"} -index 0
stop
ps7_init
ps7_post_config
targets -set -nocase -filter {name =~ "ARM*#0" && jtag_cable_name =~ "Digilent Zybo 210279785412A"} -index 0
rst -processor
targets -set -nocase -filter {name =~ "ARM*#0" && jtag_cable_name =~ "Digilent Zybo 210279785412A"} -index 0
dow C:/Users/11600039/Documents/Labo/oefening14_mutex/oefening14_mutex.sdk/mutex/Debug/mutex.elf
configparams force-mem-access 0
----------------End of Script----------------

12:27:41 INFO  : Memory regions updated for context APU
12:27:41 INFO  : Context for processor 'ps7_cortexa9_0' is selected.
12:27:41 INFO  : 'con' command is executed.
12:27:41 INFO  : ----------------XSDB Script (After Launch)----------------
targets -set -nocase -filter {name =~ "ARM*#0" && jtag_cable_name =~ "Digilent Zybo 210279785412A"} -index 0
con
----------------End of Script----------------

12:27:41 INFO  : Launch script is exported to file 'C:\Users\11600039\Documents\Labo\oefening14_mutex\oefening14_mutex.sdk\.sdk\launch_scripts\xilinx_c-c++_application_(system_debugger)\system_debugger_using_debug_mutex.elf_on_local.tcl'
12:29:21 INFO  : Disconnected from the channel tcfchan#2.
12:29:22 INFO  : 'targets -set -filter {jtag_cable_name =~ "Digilent Zybo 210279785412A" && level==0} -index 1' command is executed.
12:29:22 INFO  : 'fpga -state' command is executed.
12:29:22 INFO  : Connected to target on host '127.0.0.1' and port '3121'.
12:29:22 INFO  : Jtag cable 'Digilent Zybo 210279785412A' is selected.
12:29:22 INFO  : 'jtag frequency' command is executed.
12:29:22 INFO  : Sourcing of 'C:/Users/11600039/Documents/Labo/oefening14_mutex/oefening14_mutex.sdk/design_1_wrapper_hw_platform_0/ps7_init.tcl' is done.
12:29:22 INFO  : Context for 'APU' is selected.
12:29:25 INFO  : Hardware design information is loaded from 'C:/Users/11600039/Documents/Labo/oefening14_mutex/oefening14_mutex.sdk/design_1_wrapper_hw_platform_0/system.hdf'.
12:29:25 INFO  : 'configparams force-mem-access 1' command is executed.
12:29:25 INFO  : Context for 'APU' is selected.
12:29:25 INFO  : 'stop' command is executed.
12:29:25 INFO  : 'ps7_init' command is executed.
12:29:25 INFO  : 'ps7_post_config' command is executed.
12:29:25 INFO  : Context for processor 'ps7_cortexa9_0' is selected.
12:29:25 INFO  : Processor reset is completed for 'ps7_cortexa9_0'.
12:29:26 INFO  : Context for processor 'ps7_cortexa9_0' is selected.
12:29:26 INFO  : The application 'C:/Users/11600039/Documents/Labo/oefening14_mutex/oefening14_mutex.sdk/mutex/Debug/mutex.elf' is downloaded to processor 'ps7_cortexa9_0'.
12:29:26 INFO  : 'configparams force-mem-access 0' command is executed.
12:29:26 INFO  : ----------------XSDB Script----------------
connect -url tcp:127.0.0.1:3121
source C:/Users/11600039/Documents/Labo/oefening14_mutex/oefening14_mutex.sdk/design_1_wrapper_hw_platform_0/ps7_init.tcl
targets -set -nocase -filter {name =~"APU*" && jtag_cable_name =~ "Digilent Zybo 210279785412A"} -index 0
loadhw -hw C:/Users/11600039/Documents/Labo/oefening14_mutex/oefening14_mutex.sdk/design_1_wrapper_hw_platform_0/system.hdf -mem-ranges [list {0x40000000 0xbfffffff}]
configparams force-mem-access 1
targets -set -nocase -filter {name =~"APU*" && jtag_cable_name =~ "Digilent Zybo 210279785412A"} -index 0
stop
ps7_init
ps7_post_config
targets -set -nocase -filter {name =~ "ARM*#0" && jtag_cable_name =~ "Digilent Zybo 210279785412A"} -index 0
rst -processor
targets -set -nocase -filter {name =~ "ARM*#0" && jtag_cable_name =~ "Digilent Zybo 210279785412A"} -index 0
dow C:/Users/11600039/Documents/Labo/oefening14_mutex/oefening14_mutex.sdk/mutex/Debug/mutex.elf
configparams force-mem-access 0
----------------End of Script----------------

12:29:26 INFO  : Memory regions updated for context APU
12:29:26 INFO  : Context for processor 'ps7_cortexa9_0' is selected.
12:29:26 INFO  : 'con' command is executed.
12:29:26 INFO  : ----------------XSDB Script (After Launch)----------------
targets -set -nocase -filter {name =~ "ARM*#0" && jtag_cable_name =~ "Digilent Zybo 210279785412A"} -index 0
con
----------------End of Script----------------

12:29:26 INFO  : Launch script is exported to file 'C:\Users\11600039\Documents\Labo\oefening14_mutex\oefening14_mutex.sdk\.sdk\launch_scripts\xilinx_c-c++_application_(system_debugger)\system_debugger_using_debug_mutex.elf_on_local.tcl'
12:29:57 INFO  : Disconnected from the channel tcfchan#3.
12:29:58 INFO  : 'targets -set -filter {jtag_cable_name =~ "Digilent Zybo 210279785412A" && level==0} -index 1' command is executed.
12:29:58 INFO  : 'fpga -state' command is executed.
12:29:58 INFO  : Connected to target on host '127.0.0.1' and port '3121'.
12:29:58 INFO  : Jtag cable 'Digilent Zybo 210279785412A' is selected.
12:29:58 INFO  : 'jtag frequency' command is executed.
12:29:58 INFO  : Sourcing of 'C:/Users/11600039/Documents/Labo/oefening14_mutex/oefening14_mutex.sdk/design_1_wrapper_hw_platform_0/ps7_init.tcl' is done.
12:29:58 INFO  : Context for 'APU' is selected.
12:30:01 INFO  : Hardware design information is loaded from 'C:/Users/11600039/Documents/Labo/oefening14_mutex/oefening14_mutex.sdk/design_1_wrapper_hw_platform_0/system.hdf'.
12:30:01 INFO  : 'configparams force-mem-access 1' command is executed.
12:30:01 INFO  : Context for 'APU' is selected.
12:30:01 INFO  : 'stop' command is executed.
12:30:02 INFO  : 'ps7_init' command is executed.
12:30:02 INFO  : 'ps7_post_config' command is executed.
12:30:02 INFO  : Context for processor 'ps7_cortexa9_0' is selected.
12:30:02 INFO  : Processor reset is completed for 'ps7_cortexa9_0'.
12:30:02 INFO  : Context for processor 'ps7_cortexa9_0' is selected.
12:30:02 INFO  : The application 'C:/Users/11600039/Documents/Labo/oefening14_mutex/oefening14_mutex.sdk/mutex/Debug/mutex.elf' is downloaded to processor 'ps7_cortexa9_0'.
12:30:02 INFO  : 'configparams force-mem-access 0' command is executed.
12:30:02 INFO  : ----------------XSDB Script----------------
connect -url tcp:127.0.0.1:3121
source C:/Users/11600039/Documents/Labo/oefening14_mutex/oefening14_mutex.sdk/design_1_wrapper_hw_platform_0/ps7_init.tcl
targets -set -nocase -filter {name =~"APU*" && jtag_cable_name =~ "Digilent Zybo 210279785412A"} -index 0
loadhw -hw C:/Users/11600039/Documents/Labo/oefening14_mutex/oefening14_mutex.sdk/design_1_wrapper_hw_platform_0/system.hdf -mem-ranges [list {0x40000000 0xbfffffff}]
configparams force-mem-access 1
targets -set -nocase -filter {name =~"APU*" && jtag_cable_name =~ "Digilent Zybo 210279785412A"} -index 0
stop
ps7_init
ps7_post_config
targets -set -nocase -filter {name =~ "ARM*#0" && jtag_cable_name =~ "Digilent Zybo 210279785412A"} -index 0
rst -processor
targets -set -nocase -filter {name =~ "ARM*#0" && jtag_cable_name =~ "Digilent Zybo 210279785412A"} -index 0
dow C:/Users/11600039/Documents/Labo/oefening14_mutex/oefening14_mutex.sdk/mutex/Debug/mutex.elf
configparams force-mem-access 0
----------------End of Script----------------

12:30:02 INFO  : Memory regions updated for context APU
12:30:03 INFO  : Context for processor 'ps7_cortexa9_0' is selected.
12:30:03 INFO  : 'con' command is executed.
12:30:03 INFO  : ----------------XSDB Script (After Launch)----------------
targets -set -nocase -filter {name =~ "ARM*#0" && jtag_cable_name =~ "Digilent Zybo 210279785412A"} -index 0
con
----------------End of Script----------------

12:30:03 INFO  : Launch script is exported to file 'C:\Users\11600039\Documents\Labo\oefening14_mutex\oefening14_mutex.sdk\.sdk\launch_scripts\xilinx_c-c++_application_(system_debugger)\system_debugger_using_debug_mutex.elf_on_local.tcl'
12:31:23 INFO  : Disconnected from the channel tcfchan#4.
12:31:24 INFO  : 'targets -set -filter {jtag_cable_name =~ "Digilent Zybo 210279785412A" && level==0} -index 1' command is executed.
12:31:25 INFO  : 'fpga -state' command is executed.
12:31:25 INFO  : Connected to target on host '127.0.0.1' and port '3121'.
12:31:25 INFO  : Jtag cable 'Digilent Zybo 210279785412A' is selected.
12:31:25 INFO  : 'jtag frequency' command is executed.
12:31:25 INFO  : Sourcing of 'C:/Users/11600039/Documents/Labo/oefening14_mutex/oefening14_mutex.sdk/design_1_wrapper_hw_platform_0/ps7_init.tcl' is done.
12:31:25 INFO  : Context for 'APU' is selected.
12:31:27 INFO  : Hardware design information is loaded from 'C:/Users/11600039/Documents/Labo/oefening14_mutex/oefening14_mutex.sdk/design_1_wrapper_hw_platform_0/system.hdf'.
12:31:27 INFO  : 'configparams force-mem-access 1' command is executed.
12:31:27 INFO  : Context for 'APU' is selected.
12:31:28 INFO  : 'stop' command is executed.
12:31:28 INFO  : 'ps7_init' command is executed.
12:31:28 INFO  : 'ps7_post_config' command is executed.
12:31:28 INFO  : Context for processor 'ps7_cortexa9_0' is selected.
12:31:28 INFO  : Processor reset is completed for 'ps7_cortexa9_0'.
12:31:28 INFO  : Context for processor 'ps7_cortexa9_0' is selected.
12:31:28 INFO  : The application 'C:/Users/11600039/Documents/Labo/oefening14_mutex/oefening14_mutex.sdk/mutex/Debug/mutex.elf' is downloaded to processor 'ps7_cortexa9_0'.
12:31:28 INFO  : 'configparams force-mem-access 0' command is executed.
12:31:28 INFO  : ----------------XSDB Script----------------
connect -url tcp:127.0.0.1:3121
source C:/Users/11600039/Documents/Labo/oefening14_mutex/oefening14_mutex.sdk/design_1_wrapper_hw_platform_0/ps7_init.tcl
targets -set -nocase -filter {name =~"APU*" && jtag_cable_name =~ "Digilent Zybo 210279785412A"} -index 0
loadhw -hw C:/Users/11600039/Documents/Labo/oefening14_mutex/oefening14_mutex.sdk/design_1_wrapper_hw_platform_0/system.hdf -mem-ranges [list {0x40000000 0xbfffffff}]
configparams force-mem-access 1
targets -set -nocase -filter {name =~"APU*" && jtag_cable_name =~ "Digilent Zybo 210279785412A"} -index 0
stop
ps7_init
ps7_post_config
targets -set -nocase -filter {name =~ "ARM*#0" && jtag_cable_name =~ "Digilent Zybo 210279785412A"} -index 0
rst -processor
targets -set -nocase -filter {name =~ "ARM*#0" && jtag_cable_name =~ "Digilent Zybo 210279785412A"} -index 0
dow C:/Users/11600039/Documents/Labo/oefening14_mutex/oefening14_mutex.sdk/mutex/Debug/mutex.elf
configparams force-mem-access 0
----------------End of Script----------------

12:31:29 INFO  : Memory regions updated for context APU
12:31:29 INFO  : Context for processor 'ps7_cortexa9_0' is selected.
12:31:29 INFO  : 'con' command is executed.
12:31:29 INFO  : ----------------XSDB Script (After Launch)----------------
targets -set -nocase -filter {name =~ "ARM*#0" && jtag_cable_name =~ "Digilent Zybo 210279785412A"} -index 0
con
----------------End of Script----------------

12:31:29 INFO  : Launch script is exported to file 'C:\Users\11600039\Documents\Labo\oefening14_mutex\oefening14_mutex.sdk\.sdk\launch_scripts\xilinx_c-c++_application_(system_debugger)\system_debugger_using_debug_mutex.elf_on_local.tcl'
12:34:42 INFO  : Disconnected from the channel tcfchan#5.
12:34:43 INFO  : 'targets -set -filter {jtag_cable_name =~ "Digilent Zybo 210279785412A" && level==0} -index 1' command is executed.
12:34:44 INFO  : 'fpga -state' command is executed.
12:34:44 INFO  : Connected to target on host '127.0.0.1' and port '3121'.
12:34:44 INFO  : Jtag cable 'Digilent Zybo 210279785412A' is selected.
12:34:44 INFO  : 'jtag frequency' command is executed.
12:34:44 INFO  : Sourcing of 'C:/Users/11600039/Documents/Labo/oefening14_mutex/oefening14_mutex.sdk/design_1_wrapper_hw_platform_0/ps7_init.tcl' is done.
12:34:44 INFO  : Context for 'APU' is selected.
12:34:46 INFO  : Hardware design information is loaded from 'C:/Users/11600039/Documents/Labo/oefening14_mutex/oefening14_mutex.sdk/design_1_wrapper_hw_platform_0/system.hdf'.
12:34:46 INFO  : 'configparams force-mem-access 1' command is executed.
12:34:46 INFO  : Context for 'APU' is selected.
12:34:46 INFO  : 'stop' command is executed.
12:34:47 INFO  : 'ps7_init' command is executed.
12:34:47 INFO  : 'ps7_post_config' command is executed.
12:34:47 INFO  : Context for processor 'ps7_cortexa9_0' is selected.
12:34:47 INFO  : Processor reset is completed for 'ps7_cortexa9_0'.
12:34:47 INFO  : Context for processor 'ps7_cortexa9_0' is selected.
12:34:47 INFO  : The application 'C:/Users/11600039/Documents/Labo/oefening14_mutex/oefening14_mutex.sdk/mutex/Debug/mutex.elf' is downloaded to processor 'ps7_cortexa9_0'.
12:34:47 INFO  : 'configparams force-mem-access 0' command is executed.
12:34:47 INFO  : ----------------XSDB Script----------------
connect -url tcp:127.0.0.1:3121
source C:/Users/11600039/Documents/Labo/oefening14_mutex/oefening14_mutex.sdk/design_1_wrapper_hw_platform_0/ps7_init.tcl
targets -set -nocase -filter {name =~"APU*" && jtag_cable_name =~ "Digilent Zybo 210279785412A"} -index 0
loadhw -hw C:/Users/11600039/Documents/Labo/oefening14_mutex/oefening14_mutex.sdk/design_1_wrapper_hw_platform_0/system.hdf -mem-ranges [list {0x40000000 0xbfffffff}]
configparams force-mem-access 1
targets -set -nocase -filter {name =~"APU*" && jtag_cable_name =~ "Digilent Zybo 210279785412A"} -index 0
stop
ps7_init
ps7_post_config
targets -set -nocase -filter {name =~ "ARM*#0" && jtag_cable_name =~ "Digilent Zybo 210279785412A"} -index 0
rst -processor
targets -set -nocase -filter {name =~ "ARM*#0" && jtag_cable_name =~ "Digilent Zybo 210279785412A"} -index 0
dow C:/Users/11600039/Documents/Labo/oefening14_mutex/oefening14_mutex.sdk/mutex/Debug/mutex.elf
configparams force-mem-access 0
----------------End of Script----------------

12:34:47 INFO  : Memory regions updated for context APU
12:34:47 INFO  : Context for processor 'ps7_cortexa9_0' is selected.
12:34:47 INFO  : 'con' command is executed.
12:34:47 INFO  : ----------------XSDB Script (After Launch)----------------
targets -set -nocase -filter {name =~ "ARM*#0" && jtag_cable_name =~ "Digilent Zybo 210279785412A"} -index 0
con
----------------End of Script----------------

12:34:47 INFO  : Launch script is exported to file 'C:\Users\11600039\Documents\Labo\oefening14_mutex\oefening14_mutex.sdk\.sdk\launch_scripts\xilinx_c-c++_application_(system_debugger)\system_debugger_using_debug_mutex.elf_on_local.tcl'
13:34:51 INFO  : Disconnected from the channel tcfchan#6.
13:34:53 INFO  : 'targets -set -filter {jtag_cable_name =~ "Digilent Zybo 210279785412A" && level==0} -index 1' command is executed.
13:34:53 INFO  : 'fpga -state' command is executed.
13:34:58 INFO  : Memory regions updated for context APU
13:35:05 INFO  : Connected to target on host '127.0.0.1' and port '3121'.
13:35:05 INFO  : 'targets -set -filter {jtag_cable_name =~ "Digilent Zybo 210279785412A" && level==0} -index 1' command is executed.
13:35:07 INFO  : FPGA configured successfully with bitstream "C:/Users/11600039/Documents/Labo/oefening14_mutex/oefening14_mutex.sdk/design_1_wrapper_hw_platform_0/design_1_wrapper.bit"
13:35:32 INFO  : 'targets -set -filter {jtag_cable_name =~ "Digilent Zybo 210279785412A" && level==0} -index 1' command is executed.
13:35:32 INFO  : 'fpga -state' command is executed.
13:35:32 INFO  : Connected to target on host '127.0.0.1' and port '3121'.
13:35:32 INFO  : Jtag cable 'Digilent Zybo 210279785412A' is selected.
13:35:32 INFO  : 'jtag frequency' command is executed.
13:35:32 INFO  : Sourcing of 'C:/Users/11600039/Documents/Labo/oefening14_mutex/oefening14_mutex.sdk/design_1_wrapper_hw_platform_0/ps7_init.tcl' is done.
13:35:32 INFO  : Context for 'APU' is selected.
13:35:32 INFO  : Hardware design information is loaded from 'C:/Users/11600039/Documents/Labo/oefening14_mutex/oefening14_mutex.sdk/design_1_wrapper_hw_platform_0/system.hdf'.
13:35:32 INFO  : 'configparams force-mem-access 1' command is executed.
13:35:32 INFO  : Context for 'APU' is selected.
13:35:32 INFO  : 'stop' command is executed.
13:35:33 INFO  : 'ps7_init' command is executed.
13:35:33 INFO  : 'ps7_post_config' command is executed.
13:35:33 INFO  : Context for processor 'ps7_cortexa9_0' is selected.
13:35:33 INFO  : Processor reset is completed for 'ps7_cortexa9_0'.
13:35:33 INFO  : Context for processor 'ps7_cortexa9_0' is selected.
13:35:33 INFO  : The application 'C:/Users/11600039/Documents/Labo/oefening14_mutex/oefening14_mutex.sdk/mutex/Debug/mutex.elf' is downloaded to processor 'ps7_cortexa9_0'.
13:35:33 INFO  : 'configparams force-mem-access 0' command is executed.
13:35:33 INFO  : ----------------XSDB Script----------------
connect -url tcp:127.0.0.1:3121
source C:/Users/11600039/Documents/Labo/oefening14_mutex/oefening14_mutex.sdk/design_1_wrapper_hw_platform_0/ps7_init.tcl
targets -set -nocase -filter {name =~"APU*" && jtag_cable_name =~ "Digilent Zybo 210279785412A"} -index 0
loadhw -hw C:/Users/11600039/Documents/Labo/oefening14_mutex/oefening14_mutex.sdk/design_1_wrapper_hw_platform_0/system.hdf -mem-ranges [list {0x40000000 0xbfffffff}]
configparams force-mem-access 1
targets -set -nocase -filter {name =~"APU*" && jtag_cable_name =~ "Digilent Zybo 210279785412A"} -index 0
stop
ps7_init
ps7_post_config
targets -set -nocase -filter {name =~ "ARM*#0" && jtag_cable_name =~ "Digilent Zybo 210279785412A"} -index 0
rst -processor
targets -set -nocase -filter {name =~ "ARM*#0" && jtag_cable_name =~ "Digilent Zybo 210279785412A"} -index 0
dow C:/Users/11600039/Documents/Labo/oefening14_mutex/oefening14_mutex.sdk/mutex/Debug/mutex.elf
configparams force-mem-access 0
----------------End of Script----------------

13:35:34 INFO  : Memory regions updated for context APU
13:35:34 INFO  : Context for processor 'ps7_cortexa9_0' is selected.
13:35:34 INFO  : 'con' command is executed.
13:35:34 INFO  : ----------------XSDB Script (After Launch)----------------
targets -set -nocase -filter {name =~ "ARM*#0" && jtag_cable_name =~ "Digilent Zybo 210279785412A"} -index 0
con
----------------End of Script----------------

13:35:34 INFO  : Launch script is exported to file 'C:\Users\11600039\Documents\Labo\oefening14_mutex\oefening14_mutex.sdk\.sdk\launch_scripts\xilinx_c-c++_application_(system_debugger)\system_debugger_using_debug_mutex.elf_on_local.tcl'
13:42:01 INFO  : Disconnected from the channel tcfchan#7.
13:42:05 INFO  : 'targets -set -filter {jtag_cable_name =~ "Digilent Zybo 210279785412A" && level==0} -index 1' command is executed.
13:42:05 INFO  : 'fpga -state' command is executed.
13:42:05 INFO  : Connected to target on host '127.0.0.1' and port '3121'.
13:42:06 INFO  : Jtag cable 'Digilent Zybo 210279785412A' is selected.
13:42:06 INFO  : 'jtag frequency' command is executed.
13:42:06 INFO  : Sourcing of 'C:/Users/11600039/Documents/Labo/oefening14_mutex/oefening14_mutex.sdk/design_1_wrapper_hw_platform_0/ps7_init.tcl' is done.
13:42:06 INFO  : Context for 'APU' is selected.
13:42:09 INFO  : Hardware design information is loaded from 'C:/Users/11600039/Documents/Labo/oefening14_mutex/oefening14_mutex.sdk/design_1_wrapper_hw_platform_0/system.hdf'.
13:42:09 INFO  : 'configparams force-mem-access 1' command is executed.
13:42:09 INFO  : Context for 'APU' is selected.
13:42:09 INFO  : 'stop' command is executed.
13:42:09 INFO  : 'ps7_init' command is executed.
13:42:09 INFO  : 'ps7_post_config' command is executed.
13:42:09 INFO  : 'configparams force-mem-access 0' command is executed.
13:42:09 INFO  : ----------------XSDB Script----------------
connect -url tcp:127.0.0.1:3121
source C:/Users/11600039/Documents/Labo/oefening14_mutex/oefening14_mutex.sdk/design_1_wrapper_hw_platform_0/ps7_init.tcl
targets -set -nocase -filter {name =~"APU*" && jtag_cable_name =~ "Digilent Zybo 210279785412A"} -index 0
loadhw -hw C:/Users/11600039/Documents/Labo/oefening14_mutex/oefening14_mutex.sdk/design_1_wrapper_hw_platform_0/system.hdf -mem-ranges [list {0x40000000 0xbfffffff}]
configparams force-mem-access 1
targets -set -nocase -filter {name =~"APU*" && jtag_cable_name =~ "Digilent Zybo 210279785412A"} -index 0
stop
ps7_init
ps7_post_config
configparams force-mem-access 0
----------------End of Script----------------

13:42:09 INFO  : Memory regions updated for context APU
13:42:09 INFO  : Launch script is exported to file 'C:\Users\11600039\Documents\Labo\oefening14_mutex\oefening14_mutex.sdk\.sdk\launch_scripts\xilinx_c-c++_application_(system_debugger)\system_debugger_using_debug_semaphore.elf_on_local.tcl'
13:42:35 INFO  : Disconnected from the channel tcfchan#8.
13:43:09 INFO  : 'targets -set -filter {jtag_cable_name =~ "Digilent Zybo 210279785412A" && level==0} -index 1' command is executed.
13:43:09 INFO  : 'fpga -state' command is executed.
13:43:09 INFO  : Connected to target on host '127.0.0.1' and port '3121'.
13:43:09 INFO  : Jtag cable 'Digilent Zybo 210279785412A' is selected.
13:43:09 INFO  : 'jtag frequency' command is executed.
13:43:09 INFO  : Sourcing of 'C:/Users/11600039/Documents/Labo/oefening14_mutex/oefening14_mutex.sdk/design_1_wrapper_hw_platform_0/ps7_init.tcl' is done.
13:43:09 INFO  : Context for 'APU' is selected.
13:43:09 INFO  : Hardware design information is loaded from 'C:/Users/11600039/Documents/Labo/oefening14_mutex/oefening14_mutex.sdk/design_1_wrapper_hw_platform_0/system.hdf'.
13:43:09 INFO  : 'configparams force-mem-access 1' command is executed.
13:43:09 INFO  : Context for 'APU' is selected.
13:43:09 INFO  : 'stop' command is executed.
13:43:10 INFO  : 'ps7_init' command is executed.
13:43:10 INFO  : 'ps7_post_config' command is executed.
13:43:10 INFO  : Context for processor 'ps7_cortexa9_0' is selected.
13:43:10 INFO  : Processor reset is completed for 'ps7_cortexa9_0'.
13:43:10 INFO  : Context for processor 'ps7_cortexa9_0' is selected.
13:43:10 INFO  : The application 'C:/Users/11600039/Documents/Labo/oefening14_mutex/oefening14_mutex.sdk/semaphore/Debug/semaphore.elf' is downloaded to processor 'ps7_cortexa9_0'.
13:43:10 INFO  : 'configparams force-mem-access 0' command is executed.
13:43:10 INFO  : ----------------XSDB Script----------------
connect -url tcp:127.0.0.1:3121
source C:/Users/11600039/Documents/Labo/oefening14_mutex/oefening14_mutex.sdk/design_1_wrapper_hw_platform_0/ps7_init.tcl
targets -set -nocase -filter {name =~"APU*" && jtag_cable_name =~ "Digilent Zybo 210279785412A"} -index 0
loadhw -hw C:/Users/11600039/Documents/Labo/oefening14_mutex/oefening14_mutex.sdk/design_1_wrapper_hw_platform_0/system.hdf -mem-ranges [list {0x40000000 0xbfffffff}]
configparams force-mem-access 1
targets -set -nocase -filter {name =~"APU*" && jtag_cable_name =~ "Digilent Zybo 210279785412A"} -index 0
stop
ps7_init
ps7_post_config
targets -set -nocase -filter {name =~ "ARM*#0" && jtag_cable_name =~ "Digilent Zybo 210279785412A"} -index 0
rst -processor
targets -set -nocase -filter {name =~ "ARM*#0" && jtag_cable_name =~ "Digilent Zybo 210279785412A"} -index 0
dow C:/Users/11600039/Documents/Labo/oefening14_mutex/oefening14_mutex.sdk/semaphore/Debug/semaphore.elf
configparams force-mem-access 0
----------------End of Script----------------

13:43:10 INFO  : Memory regions updated for context APU
13:43:11 INFO  : Context for processor 'ps7_cortexa9_0' is selected.
13:43:11 INFO  : 'con' command is executed.
13:43:11 INFO  : ----------------XSDB Script (After Launch)----------------
targets -set -nocase -filter {name =~ "ARM*#0" && jtag_cable_name =~ "Digilent Zybo 210279785412A"} -index 0
con
----------------End of Script----------------

13:43:11 INFO  : Launch script is exported to file 'C:\Users\11600039\Documents\Labo\oefening14_mutex\oefening14_mutex.sdk\.sdk\launch_scripts\xilinx_c-c++_application_(system_debugger)\system_debugger_using_debug_semaphore.elf_on_local.tcl'
13:45:25 INFO  : Disconnected from the channel tcfchan#9.
13:45:27 INFO  : 'targets -set -filter {jtag_cable_name =~ "Digilent Zybo 210279785412A" && level==0} -index 1' command is executed.
13:45:27 INFO  : 'fpga -state' command is executed.
13:45:27 INFO  : Connected to target on host '127.0.0.1' and port '3121'.
13:45:27 INFO  : Jtag cable 'Digilent Zybo 210279785412A' is selected.
13:45:27 INFO  : 'jtag frequency' command is executed.
13:45:27 INFO  : Sourcing of 'C:/Users/11600039/Documents/Labo/oefening14_mutex/oefening14_mutex.sdk/design_1_wrapper_hw_platform_0/ps7_init.tcl' is done.
13:45:27 INFO  : Context for 'APU' is selected.
13:45:31 INFO  : Hardware design information is loaded from 'C:/Users/11600039/Documents/Labo/oefening14_mutex/oefening14_mutex.sdk/design_1_wrapper_hw_platform_0/system.hdf'.
13:45:31 INFO  : 'configparams force-mem-access 1' command is executed.
13:45:31 INFO  : Context for 'APU' is selected.
13:45:31 INFO  : 'stop' command is executed.
13:45:31 INFO  : 'ps7_init' command is executed.
13:45:31 INFO  : 'ps7_post_config' command is executed.
13:45:31 INFO  : Context for processor 'ps7_cortexa9_0' is selected.
13:45:31 INFO  : Processor reset is completed for 'ps7_cortexa9_0'.
13:45:31 INFO  : Context for processor 'ps7_cortexa9_0' is selected.
13:45:32 INFO  : The application 'C:/Users/11600039/Documents/Labo/oefening14_mutex/oefening14_mutex.sdk/semaphore/Debug/semaphore.elf' is downloaded to processor 'ps7_cortexa9_0'.
13:45:32 INFO  : 'configparams force-mem-access 0' command is executed.
13:45:32 INFO  : ----------------XSDB Script----------------
connect -url tcp:127.0.0.1:3121
source C:/Users/11600039/Documents/Labo/oefening14_mutex/oefening14_mutex.sdk/design_1_wrapper_hw_platform_0/ps7_init.tcl
targets -set -nocase -filter {name =~"APU*" && jtag_cable_name =~ "Digilent Zybo 210279785412A"} -index 0
loadhw -hw C:/Users/11600039/Documents/Labo/oefening14_mutex/oefening14_mutex.sdk/design_1_wrapper_hw_platform_0/system.hdf -mem-ranges [list {0x40000000 0xbfffffff}]
configparams force-mem-access 1
targets -set -nocase -filter {name =~"APU*" && jtag_cable_name =~ "Digilent Zybo 210279785412A"} -index 0
stop
ps7_init
ps7_post_config
targets -set -nocase -filter {name =~ "ARM*#0" && jtag_cable_name =~ "Digilent Zybo 210279785412A"} -index 0
rst -processor
targets -set -nocase -filter {name =~ "ARM*#0" && jtag_cable_name =~ "Digilent Zybo 210279785412A"} -index 0
dow C:/Users/11600039/Documents/Labo/oefening14_mutex/oefening14_mutex.sdk/semaphore/Debug/semaphore.elf
configparams force-mem-access 0
----------------End of Script----------------

13:45:32 INFO  : Memory regions updated for context APU
13:45:32 INFO  : Context for processor 'ps7_cortexa9_0' is selected.
13:45:32 INFO  : 'con' command is executed.
13:45:32 INFO  : ----------------XSDB Script (After Launch)----------------
targets -set -nocase -filter {name =~ "ARM*#0" && jtag_cable_name =~ "Digilent Zybo 210279785412A"} -index 0
con
----------------End of Script----------------

13:45:32 INFO  : Launch script is exported to file 'C:\Users\11600039\Documents\Labo\oefening14_mutex\oefening14_mutex.sdk\.sdk\launch_scripts\xilinx_c-c++_application_(system_debugger)\system_debugger_using_debug_semaphore.elf_on_local.tcl'
13:46:29 INFO  : Disconnected from the channel tcfchan#10.
13:46:30 INFO  : 'targets -set -filter {jtag_cable_name =~ "Digilent Zybo 210279785412A" && level==0} -index 1' command is executed.
13:46:30 INFO  : 'fpga -state' command is executed.
13:46:30 INFO  : Connected to target on host '127.0.0.1' and port '3121'.
13:46:30 INFO  : Jtag cable 'Digilent Zybo 210279785412A' is selected.
13:46:30 INFO  : 'jtag frequency' command is executed.
13:46:30 INFO  : Sourcing of 'C:/Users/11600039/Documents/Labo/oefening14_mutex/oefening14_mutex.sdk/design_1_wrapper_hw_platform_0/ps7_init.tcl' is done.
13:46:30 INFO  : Context for 'APU' is selected.
13:46:33 INFO  : Hardware design information is loaded from 'C:/Users/11600039/Documents/Labo/oefening14_mutex/oefening14_mutex.sdk/design_1_wrapper_hw_platform_0/system.hdf'.
13:46:33 INFO  : 'configparams force-mem-access 1' command is executed.
13:46:33 INFO  : Context for 'APU' is selected.
13:46:33 INFO  : 'stop' command is executed.
13:46:34 INFO  : 'ps7_init' command is executed.
13:46:34 INFO  : 'ps7_post_config' command is executed.
13:46:34 INFO  : Context for processor 'ps7_cortexa9_0' is selected.
13:46:34 INFO  : Processor reset is completed for 'ps7_cortexa9_0'.
13:46:34 INFO  : Context for processor 'ps7_cortexa9_0' is selected.
13:46:34 INFO  : The application 'C:/Users/11600039/Documents/Labo/oefening14_mutex/oefening14_mutex.sdk/semaphore/Debug/semaphore.elf' is downloaded to processor 'ps7_cortexa9_0'.
13:46:34 INFO  : 'configparams force-mem-access 0' command is executed.
13:46:34 INFO  : ----------------XSDB Script----------------
connect -url tcp:127.0.0.1:3121
source C:/Users/11600039/Documents/Labo/oefening14_mutex/oefening14_mutex.sdk/design_1_wrapper_hw_platform_0/ps7_init.tcl
targets -set -nocase -filter {name =~"APU*" && jtag_cable_name =~ "Digilent Zybo 210279785412A"} -index 0
loadhw -hw C:/Users/11600039/Documents/Labo/oefening14_mutex/oefening14_mutex.sdk/design_1_wrapper_hw_platform_0/system.hdf -mem-ranges [list {0x40000000 0xbfffffff}]
configparams force-mem-access 1
targets -set -nocase -filter {name =~"APU*" && jtag_cable_name =~ "Digilent Zybo 210279785412A"} -index 0
stop
ps7_init
ps7_post_config
targets -set -nocase -filter {name =~ "ARM*#0" && jtag_cable_name =~ "Digilent Zybo 210279785412A"} -index 0
rst -processor
targets -set -nocase -filter {name =~ "ARM*#0" && jtag_cable_name =~ "Digilent Zybo 210279785412A"} -index 0
dow C:/Users/11600039/Documents/Labo/oefening14_mutex/oefening14_mutex.sdk/semaphore/Debug/semaphore.elf
configparams force-mem-access 0
----------------End of Script----------------

13:46:35 INFO  : Memory regions updated for context APU
13:46:35 INFO  : Context for processor 'ps7_cortexa9_0' is selected.
13:46:35 INFO  : 'con' command is executed.
13:46:35 INFO  : ----------------XSDB Script (After Launch)----------------
targets -set -nocase -filter {name =~ "ARM*#0" && jtag_cable_name =~ "Digilent Zybo 210279785412A"} -index 0
con
----------------End of Script----------------

13:46:35 INFO  : Launch script is exported to file 'C:\Users\11600039\Documents\Labo\oefening14_mutex\oefening14_mutex.sdk\.sdk\launch_scripts\xilinx_c-c++_application_(system_debugger)\system_debugger_using_debug_semaphore.elf_on_local.tcl'
13:50:34 INFO  : Disconnected from the channel tcfchan#11.
13:50:35 INFO  : 'targets -set -filter {jtag_cable_name =~ "Digilent Zybo 210279785412A" && level==0} -index 1' command is executed.
13:50:35 INFO  : 'fpga -state' command is executed.
13:50:35 INFO  : Connected to target on host '127.0.0.1' and port '3121'.
13:50:36 INFO  : Jtag cable 'Digilent Zybo 210279785412A' is selected.
13:50:36 INFO  : 'jtag frequency' command is executed.
13:50:36 INFO  : Sourcing of 'C:/Users/11600039/Documents/Labo/oefening14_mutex/oefening14_mutex.sdk/design_1_wrapper_hw_platform_0/ps7_init.tcl' is done.
13:50:36 INFO  : Context for 'APU' is selected.
13:50:38 INFO  : Hardware design information is loaded from 'C:/Users/11600039/Documents/Labo/oefening14_mutex/oefening14_mutex.sdk/design_1_wrapper_hw_platform_0/system.hdf'.
13:50:38 INFO  : 'configparams force-mem-access 1' command is executed.
13:50:38 INFO  : Context for 'APU' is selected.
13:50:38 INFO  : 'stop' command is executed.
13:50:39 INFO  : 'ps7_init' command is executed.
13:50:39 INFO  : 'ps7_post_config' command is executed.
13:50:39 INFO  : Context for processor 'ps7_cortexa9_0' is selected.
13:50:39 INFO  : Processor reset is completed for 'ps7_cortexa9_0'.
13:50:39 INFO  : Context for processor 'ps7_cortexa9_0' is selected.
13:50:39 INFO  : The application 'C:/Users/11600039/Documents/Labo/oefening14_mutex/oefening14_mutex.sdk/semaphore/Debug/semaphore.elf' is downloaded to processor 'ps7_cortexa9_0'.
13:50:39 INFO  : 'configparams force-mem-access 0' command is executed.
13:50:39 INFO  : ----------------XSDB Script----------------
connect -url tcp:127.0.0.1:3121
source C:/Users/11600039/Documents/Labo/oefening14_mutex/oefening14_mutex.sdk/design_1_wrapper_hw_platform_0/ps7_init.tcl
targets -set -nocase -filter {name =~"APU*" && jtag_cable_name =~ "Digilent Zybo 210279785412A"} -index 0
loadhw -hw C:/Users/11600039/Documents/Labo/oefening14_mutex/oefening14_mutex.sdk/design_1_wrapper_hw_platform_0/system.hdf -mem-ranges [list {0x40000000 0xbfffffff}]
configparams force-mem-access 1
targets -set -nocase -filter {name =~"APU*" && jtag_cable_name =~ "Digilent Zybo 210279785412A"} -index 0
stop
ps7_init
ps7_post_config
targets -set -nocase -filter {name =~ "ARM*#0" && jtag_cable_name =~ "Digilent Zybo 210279785412A"} -index 0
rst -processor
targets -set -nocase -filter {name =~ "ARM*#0" && jtag_cable_name =~ "Digilent Zybo 210279785412A"} -index 0
dow C:/Users/11600039/Documents/Labo/oefening14_mutex/oefening14_mutex.sdk/semaphore/Debug/semaphore.elf
configparams force-mem-access 0
----------------End of Script----------------

13:50:39 INFO  : Memory regions updated for context APU
13:50:40 INFO  : Context for processor 'ps7_cortexa9_0' is selected.
13:50:40 INFO  : 'con' command is executed.
13:50:40 INFO  : ----------------XSDB Script (After Launch)----------------
targets -set -nocase -filter {name =~ "ARM*#0" && jtag_cable_name =~ "Digilent Zybo 210279785412A"} -index 0
con
----------------End of Script----------------

13:50:40 INFO  : Launch script is exported to file 'C:\Users\11600039\Documents\Labo\oefening14_mutex\oefening14_mutex.sdk\.sdk\launch_scripts\xilinx_c-c++_application_(system_debugger)\system_debugger_using_debug_semaphore.elf_on_local.tcl'
22:18:42 INFO  : Registering command handlers for SDK TCF services
22:18:44 INFO  : Launching XSCT server: xsct.bat -interactive C:\Users\11600039\Documents\Labo\oefening14_mutex\oefening14_mutex.sdk\temp_xsdb_launch_script.tcl
22:18:47 INFO  : XSCT server has started successfully.
22:18:47 INFO  : Successfully done setting XSCT server connection channel  
22:18:47 INFO  : Processing command line option -hwspec C:/Users/11600039/Documents/Labo/oefening14_mutex/oefening14_mutex.sdk/design_1_wrapper.hdf.
22:18:47 INFO  : Successfully done setting SDK workspace  
22:18:47 INFO  : Checking for hwspec changes in the project design_1_wrapper_hw_platform_0.
22:18:51 INFO  : SDK has detected change in the last modified timestamps for source hardware specification file Source:1546427498000,  Project:1546427497976
22:18:51 INFO  : The hardware specification for project 'design_1_wrapper_hw_platform_0' is different from C:/Users/11600039/Documents/Labo/oefening14_mutex/oefening14_mutex.sdk/design_1_wrapper.hdf.
22:18:51 INFO  : Copied contents of C:/Users/11600039/Documents/Labo/oefening14_mutex/oefening14_mutex.sdk/design_1_wrapper.hdf into \design_1_wrapper_hw_platform_0\system.hdf.
22:18:55 INFO  : Synchronizing projects in the workspace with the hardware platform specification changes.
22:18:59 INFO  : 
22:19:02 INFO  : 
22:19:03 INFO  : Updating hardware inferred compiler options for mutex.
22:19:03 INFO  : Updating hardware inferred compiler options for semaphore.
22:19:03 INFO  : Clearing existing target manager status.
22:33:09 INFO  : Connected to target on host '127.0.0.1' and port '3121'.
22:33:10 INFO  : 'targets -set -filter {jtag_cable_name =~ "Digilent Zybo 210279785412A" && level==0} -index 1' command is executed.
22:33:11 INFO  : FPGA configured successfully with bitstream "C:/Users/11600039/Documents/Labo/oefening14_mutex/oefening14_mutex.sdk/design_1_wrapper_hw_platform_0/design_1_wrapper.bit"
22:33:24 INFO  : 'targets -set -filter {jtag_cable_name =~ "Digilent Zybo 210279785412A" && level==0} -index 1' command is executed.
22:33:24 INFO  : 'fpga -state' command is executed.
22:33:24 INFO  : Connected to target on host '127.0.0.1' and port '3121'.
22:33:24 INFO  : Jtag cable 'Digilent Zybo 210279785412A' is selected.
22:33:24 INFO  : 'jtag frequency' command is executed.
22:33:24 INFO  : Sourcing of 'C:/Users/11600039/Documents/Labo/oefening14_mutex/oefening14_mutex.sdk/design_1_wrapper_hw_platform_0/ps7_init.tcl' is done.
22:33:24 INFO  : Context for 'APU' is selected.
22:33:24 INFO  : Hardware design information is loaded from 'C:/Users/11600039/Documents/Labo/oefening14_mutex/oefening14_mutex.sdk/design_1_wrapper_hw_platform_0/system.hdf'.
22:33:24 INFO  : 'configparams force-mem-access 1' command is executed.
22:33:24 INFO  : Context for 'APU' is selected.
22:33:24 INFO  : 'stop' command is executed.
22:33:25 INFO  : 'ps7_init' command is executed.
22:33:25 INFO  : 'ps7_post_config' command is executed.
22:33:25 INFO  : Context for processor 'ps7_cortexa9_0' is selected.
22:33:25 INFO  : Processor reset is completed for 'ps7_cortexa9_0'.
22:33:25 INFO  : Context for processor 'ps7_cortexa9_0' is selected.
22:33:26 INFO  : The application 'C:/Users/11600039/Documents/Labo/oefening14_mutex/oefening14_mutex.sdk/mutex/Debug/mutex.elf' is downloaded to processor 'ps7_cortexa9_0'.
22:33:26 INFO  : 'configparams force-mem-access 0' command is executed.
22:33:26 INFO  : ----------------XSDB Script----------------
connect -url tcp:127.0.0.1:3121
source C:/Users/11600039/Documents/Labo/oefening14_mutex/oefening14_mutex.sdk/design_1_wrapper_hw_platform_0/ps7_init.tcl
targets -set -nocase -filter {name =~"APU*" && jtag_cable_name =~ "Digilent Zybo 210279785412A"} -index 0
loadhw -hw C:/Users/11600039/Documents/Labo/oefening14_mutex/oefening14_mutex.sdk/design_1_wrapper_hw_platform_0/system.hdf -mem-ranges [list {0x40000000 0xbfffffff}]
configparams force-mem-access 1
targets -set -nocase -filter {name =~"APU*" && jtag_cable_name =~ "Digilent Zybo 210279785412A"} -index 0
stop
ps7_init
ps7_post_config
targets -set -nocase -filter {name =~ "ARM*#0" && jtag_cable_name =~ "Digilent Zybo 210279785412A"} -index 0
rst -processor
targets -set -nocase -filter {name =~ "ARM*#0" && jtag_cable_name =~ "Digilent Zybo 210279785412A"} -index 0
dow C:/Users/11600039/Documents/Labo/oefening14_mutex/oefening14_mutex.sdk/mutex/Debug/mutex.elf
configparams force-mem-access 0
----------------End of Script----------------

22:33:26 INFO  : Memory regions updated for context APU
22:33:26 INFO  : Context for processor 'ps7_cortexa9_0' is selected.
22:33:26 INFO  : 'con' command is executed.
22:33:26 INFO  : ----------------XSDB Script (After Launch)----------------
targets -set -nocase -filter {name =~ "ARM*#0" && jtag_cable_name =~ "Digilent Zybo 210279785412A"} -index 0
con
----------------End of Script----------------

22:33:26 INFO  : Launch script is exported to file 'C:\Users\11600039\Documents\Labo\oefening14_mutex\oefening14_mutex.sdk\.sdk\launch_scripts\xilinx_c-c++_application_(system_debugger)\system_debugger_using_debug_mutex.elf_on_local.tcl'
22:39:07 INFO  : Disconnected from the channel tcfchan#1.
22:39:08 INFO  : 'targets -set -filter {jtag_cable_name =~ "Digilent Zybo 210279785412A" && level==0} -index 1' command is executed.
22:39:08 INFO  : 'fpga -state' command is executed.
22:39:08 INFO  : Connected to target on host '127.0.0.1' and port '3121'.
22:39:08 INFO  : Jtag cable 'Digilent Zybo 210279785412A' is selected.
22:39:08 INFO  : 'jtag frequency' command is executed.
22:39:08 INFO  : Sourcing of 'C:/Users/11600039/Documents/Labo/oefening14_mutex/oefening14_mutex.sdk/design_1_wrapper_hw_platform_0/ps7_init.tcl' is done.
22:39:08 INFO  : Context for 'APU' is selected.
22:39:11 INFO  : Hardware design information is loaded from 'C:/Users/11600039/Documents/Labo/oefening14_mutex/oefening14_mutex.sdk/design_1_wrapper_hw_platform_0/system.hdf'.
22:39:11 INFO  : 'configparams force-mem-access 1' command is executed.
22:39:11 INFO  : Context for 'APU' is selected.
22:39:11 INFO  : 'stop' command is executed.
22:39:12 INFO  : 'ps7_init' command is executed.
22:39:12 INFO  : 'ps7_post_config' command is executed.
22:39:12 INFO  : Context for processor 'ps7_cortexa9_0' is selected.
22:39:12 INFO  : Processor reset is completed for 'ps7_cortexa9_0'.
22:39:12 INFO  : Context for processor 'ps7_cortexa9_0' is selected.
22:39:12 INFO  : The application 'C:/Users/11600039/Documents/Labo/oefening14_mutex/oefening14_mutex.sdk/semaphore/Debug/semaphore.elf' is downloaded to processor 'ps7_cortexa9_0'.
22:39:12 INFO  : 'configparams force-mem-access 0' command is executed.
22:39:12 INFO  : ----------------XSDB Script----------------
connect -url tcp:127.0.0.1:3121
source C:/Users/11600039/Documents/Labo/oefening14_mutex/oefening14_mutex.sdk/design_1_wrapper_hw_platform_0/ps7_init.tcl
targets -set -nocase -filter {name =~"APU*" && jtag_cable_name =~ "Digilent Zybo 210279785412A"} -index 0
loadhw -hw C:/Users/11600039/Documents/Labo/oefening14_mutex/oefening14_mutex.sdk/design_1_wrapper_hw_platform_0/system.hdf -mem-ranges [list {0x40000000 0xbfffffff}]
configparams force-mem-access 1
targets -set -nocase -filter {name =~"APU*" && jtag_cable_name =~ "Digilent Zybo 210279785412A"} -index 0
stop
ps7_init
ps7_post_config
targets -set -nocase -filter {name =~ "ARM*#0" && jtag_cable_name =~ "Digilent Zybo 210279785412A"} -index 0
rst -processor
targets -set -nocase -filter {name =~ "ARM*#0" && jtag_cable_name =~ "Digilent Zybo 210279785412A"} -index 0
dow C:/Users/11600039/Documents/Labo/oefening14_mutex/oefening14_mutex.sdk/semaphore/Debug/semaphore.elf
configparams force-mem-access 0
----------------End of Script----------------

22:39:12 INFO  : Memory regions updated for context APU
22:39:12 INFO  : Context for processor 'ps7_cortexa9_0' is selected.
22:39:12 INFO  : 'con' command is executed.
22:39:12 INFO  : ----------------XSDB Script (After Launch)----------------
targets -set -nocase -filter {name =~ "ARM*#0" && jtag_cable_name =~ "Digilent Zybo 210279785412A"} -index 0
con
----------------End of Script----------------

22:39:12 INFO  : Launch script is exported to file 'C:\Users\11600039\Documents\Labo\oefening14_mutex\oefening14_mutex.sdk\.sdk\launch_scripts\xilinx_c-c++_application_(system_debugger)\system_debugger_using_debug_semaphore.elf_on_local.tcl'
22:39:26 INFO  : Disconnected from the channel tcfchan#2.
22:39:27 INFO  : 'targets -set -filter {jtag_cable_name =~ "Digilent Zybo 210279785412A" && level==0} -index 1' command is executed.
22:39:27 INFO  : 'fpga -state' command is executed.
22:39:27 INFO  : Connected to target on host '127.0.0.1' and port '3121'.
22:39:27 INFO  : Jtag cable 'Digilent Zybo 210279785412A' is selected.
22:39:27 INFO  : 'jtag frequency' command is executed.
22:39:27 INFO  : Sourcing of 'C:/Users/11600039/Documents/Labo/oefening14_mutex/oefening14_mutex.sdk/design_1_wrapper_hw_platform_0/ps7_init.tcl' is done.
22:39:27 INFO  : Context for 'APU' is selected.
22:39:27 INFO  : Hardware design information is loaded from 'C:/Users/11600039/Documents/Labo/oefening14_mutex/oefening14_mutex.sdk/design_1_wrapper_hw_platform_0/system.hdf'.
22:39:27 INFO  : 'configparams force-mem-access 1' command is executed.
22:39:27 INFO  : Context for 'APU' is selected.
22:39:27 INFO  : 'stop' command is executed.
22:39:28 INFO  : 'ps7_init' command is executed.
22:39:28 INFO  : 'ps7_post_config' command is executed.
22:39:28 INFO  : Context for processor 'ps7_cortexa9_0' is selected.
22:39:28 INFO  : Processor reset is completed for 'ps7_cortexa9_0'.
22:39:28 INFO  : Context for processor 'ps7_cortexa9_0' is selected.
22:39:28 INFO  : The application 'C:/Users/11600039/Documents/Labo/oefening14_mutex/oefening14_mutex.sdk/semaphore/Debug/semaphore.elf' is downloaded to processor 'ps7_cortexa9_0'.
22:39:28 INFO  : 'configparams force-mem-access 0' command is executed.
22:39:28 INFO  : ----------------XSDB Script----------------
connect -url tcp:127.0.0.1:3121
source C:/Users/11600039/Documents/Labo/oefening14_mutex/oefening14_mutex.sdk/design_1_wrapper_hw_platform_0/ps7_init.tcl
targets -set -nocase -filter {name =~"APU*" && jtag_cable_name =~ "Digilent Zybo 210279785412A"} -index 0
loadhw -hw C:/Users/11600039/Documents/Labo/oefening14_mutex/oefening14_mutex.sdk/design_1_wrapper_hw_platform_0/system.hdf -mem-ranges [list {0x40000000 0xbfffffff}]
configparams force-mem-access 1
targets -set -nocase -filter {name =~"APU*" && jtag_cable_name =~ "Digilent Zybo 210279785412A"} -index 0
stop
ps7_init
ps7_post_config
targets -set -nocase -filter {name =~ "ARM*#0" && jtag_cable_name =~ "Digilent Zybo 210279785412A"} -index 0
rst -processor
targets -set -nocase -filter {name =~ "ARM*#0" && jtag_cable_name =~ "Digilent Zybo 210279785412A"} -index 0
dow C:/Users/11600039/Documents/Labo/oefening14_mutex/oefening14_mutex.sdk/semaphore/Debug/semaphore.elf
configparams force-mem-access 0
----------------End of Script----------------

22:39:28 INFO  : Memory regions updated for context APU
22:39:28 INFO  : Context for processor 'ps7_cortexa9_0' is selected.
22:39:28 INFO  : 'con' command is executed.
22:39:28 INFO  : ----------------XSDB Script (After Launch)----------------
targets -set -nocase -filter {name =~ "ARM*#0" && jtag_cable_name =~ "Digilent Zybo 210279785412A"} -index 0
con
----------------End of Script----------------

22:39:28 INFO  : Launch script is exported to file 'C:\Users\11600039\Documents\Labo\oefening14_mutex\oefening14_mutex.sdk\.sdk\launch_scripts\xilinx_c-c++_application_(system_debugger)\system_debugger_using_debug_semaphore.elf_on_local.tcl'
22:40:08 INFO  : Connected to target on host '127.0.0.1' and port '3121'.
22:40:08 INFO  : 'targets -set -filter {jtag_cable_name =~ "Digilent Zybo 210279785412A" && level==0} -index 1' command is executed.
22:40:10 INFO  : FPGA configured successfully with bitstream "C:/Users/11600039/Documents/Labo/oefening14_mutex/oefening14_mutex.sdk/design_1_wrapper_hw_platform_0/design_1_wrapper.bit"
22:40:18 INFO  : Disconnected from the channel tcfchan#3.
22:40:19 INFO  : 'targets -set -filter {jtag_cable_name =~ "Digilent Zybo 210279785412A" && level==0} -index 1' command is executed.
22:40:19 INFO  : 'fpga -state' command is executed.
22:40:19 INFO  : Connected to target on host '127.0.0.1' and port '3121'.
22:40:19 INFO  : Jtag cable 'Digilent Zybo 210279785412A' is selected.
22:40:19 INFO  : 'jtag frequency' command is executed.
22:40:19 INFO  : Sourcing of 'C:/Users/11600039/Documents/Labo/oefening14_mutex/oefening14_mutex.sdk/design_1_wrapper_hw_platform_0/ps7_init.tcl' is done.
22:40:19 INFO  : Context for 'APU' is selected.
22:40:19 INFO  : Hardware design information is loaded from 'C:/Users/11600039/Documents/Labo/oefening14_mutex/oefening14_mutex.sdk/design_1_wrapper_hw_platform_0/system.hdf'.
22:40:19 INFO  : 'configparams force-mem-access 1' command is executed.
22:40:19 INFO  : Context for 'APU' is selected.
22:40:19 INFO  : 'stop' command is executed.
22:40:20 INFO  : 'ps7_init' command is executed.
22:40:20 INFO  : 'ps7_post_config' command is executed.
22:40:20 INFO  : Context for processor 'ps7_cortexa9_0' is selected.
22:40:20 INFO  : Processor reset is completed for 'ps7_cortexa9_0'.
22:40:20 INFO  : Context for processor 'ps7_cortexa9_0' is selected.
22:40:20 INFO  : The application 'C:/Users/11600039/Documents/Labo/oefening14_mutex/oefening14_mutex.sdk/semaphore/Debug/semaphore.elf' is downloaded to processor 'ps7_cortexa9_0'.
22:40:20 INFO  : 'configparams force-mem-access 0' command is executed.
22:40:20 INFO  : ----------------XSDB Script----------------
connect -url tcp:127.0.0.1:3121
source C:/Users/11600039/Documents/Labo/oefening14_mutex/oefening14_mutex.sdk/design_1_wrapper_hw_platform_0/ps7_init.tcl
targets -set -nocase -filter {name =~"APU*" && jtag_cable_name =~ "Digilent Zybo 210279785412A"} -index 0
loadhw -hw C:/Users/11600039/Documents/Labo/oefening14_mutex/oefening14_mutex.sdk/design_1_wrapper_hw_platform_0/system.hdf -mem-ranges [list {0x40000000 0xbfffffff}]
configparams force-mem-access 1
targets -set -nocase -filter {name =~"APU*" && jtag_cable_name =~ "Digilent Zybo 210279785412A"} -index 0
stop
ps7_init
ps7_post_config
targets -set -nocase -filter {name =~ "ARM*#0" && jtag_cable_name =~ "Digilent Zybo 210279785412A"} -index 0
rst -processor
targets -set -nocase -filter {name =~ "ARM*#0" && jtag_cable_name =~ "Digilent Zybo 210279785412A"} -index 0
dow C:/Users/11600039/Documents/Labo/oefening14_mutex/oefening14_mutex.sdk/semaphore/Debug/semaphore.elf
configparams force-mem-access 0
----------------End of Script----------------

22:40:20 INFO  : Memory regions updated for context APU
22:40:21 INFO  : Context for processor 'ps7_cortexa9_0' is selected.
22:40:21 INFO  : 'con' command is executed.
22:40:21 INFO  : ----------------XSDB Script (After Launch)----------------
targets -set -nocase -filter {name =~ "ARM*#0" && jtag_cable_name =~ "Digilent Zybo 210279785412A"} -index 0
con
----------------End of Script----------------

22:40:21 INFO  : Launch script is exported to file 'C:\Users\11600039\Documents\Labo\oefening14_mutex\oefening14_mutex.sdk\.sdk\launch_scripts\xilinx_c-c++_application_(system_debugger)\system_debugger_using_debug_semaphore.elf_on_local.tcl'
22:40:45 INFO  : Disconnected from the channel tcfchan#4.
22:40:46 INFO  : 'targets -set -filter {jtag_cable_name =~ "Digilent Zybo 210279785412A" && level==0} -index 1' command is executed.
22:40:46 INFO  : 'fpga -state' command is executed.
22:40:46 INFO  : Connected to target on host '127.0.0.1' and port '3121'.
22:40:46 INFO  : Jtag cable 'Digilent Zybo 210279785412A' is selected.
22:40:46 INFO  : 'jtag frequency' command is executed.
22:40:46 INFO  : Sourcing of 'C:/Users/11600039/Documents/Labo/oefening14_mutex/oefening14_mutex.sdk/design_1_wrapper_hw_platform_0/ps7_init.tcl' is done.
22:40:46 INFO  : Context for 'APU' is selected.
22:40:46 INFO  : Hardware design information is loaded from 'C:/Users/11600039/Documents/Labo/oefening14_mutex/oefening14_mutex.sdk/design_1_wrapper_hw_platform_0/system.hdf'.
22:40:46 INFO  : 'configparams force-mem-access 1' command is executed.
22:40:46 INFO  : Context for 'APU' is selected.
22:40:47 INFO  : 'stop' command is executed.
22:40:47 INFO  : 'ps7_init' command is executed.
22:40:47 INFO  : 'ps7_post_config' command is executed.
22:40:47 INFO  : Context for processor 'ps7_cortexa9_0' is selected.
22:40:47 INFO  : Processor reset is completed for 'ps7_cortexa9_0'.
22:40:47 INFO  : Context for processor 'ps7_cortexa9_0' is selected.
22:40:48 INFO  : The application 'C:/Users/11600039/Documents/Labo/oefening14_mutex/oefening14_mutex.sdk/semaphore/Debug/semaphore.elf' is downloaded to processor 'ps7_cortexa9_0'.
22:40:48 INFO  : 'configparams force-mem-access 0' command is executed.
22:40:48 INFO  : ----------------XSDB Script----------------
connect -url tcp:127.0.0.1:3121
source C:/Users/11600039/Documents/Labo/oefening14_mutex/oefening14_mutex.sdk/design_1_wrapper_hw_platform_0/ps7_init.tcl
targets -set -nocase -filter {name =~"APU*" && jtag_cable_name =~ "Digilent Zybo 210279785412A"} -index 0
loadhw -hw C:/Users/11600039/Documents/Labo/oefening14_mutex/oefening14_mutex.sdk/design_1_wrapper_hw_platform_0/system.hdf -mem-ranges [list {0x40000000 0xbfffffff}]
configparams force-mem-access 1
targets -set -nocase -filter {name =~"APU*" && jtag_cable_name =~ "Digilent Zybo 210279785412A"} -index 0
stop
ps7_init
ps7_post_config
targets -set -nocase -filter {name =~ "ARM*#0" && jtag_cable_name =~ "Digilent Zybo 210279785412A"} -index 0
rst -processor
targets -set -nocase -filter {name =~ "ARM*#0" && jtag_cable_name =~ "Digilent Zybo 210279785412A"} -index 0
dow C:/Users/11600039/Documents/Labo/oefening14_mutex/oefening14_mutex.sdk/semaphore/Debug/semaphore.elf
configparams force-mem-access 0
----------------End of Script----------------

22:40:48 INFO  : Memory regions updated for context APU
22:40:48 INFO  : Context for processor 'ps7_cortexa9_0' is selected.
22:40:48 INFO  : 'con' command is executed.
22:40:48 INFO  : ----------------XSDB Script (After Launch)----------------
targets -set -nocase -filter {name =~ "ARM*#0" && jtag_cable_name =~ "Digilent Zybo 210279785412A"} -index 0
con
----------------End of Script----------------

22:40:48 INFO  : Launch script is exported to file 'C:\Users\11600039\Documents\Labo\oefening14_mutex\oefening14_mutex.sdk\.sdk\launch_scripts\xilinx_c-c++_application_(system_debugger)\system_debugger_using_debug_semaphore.elf_on_local.tcl'
22:57:08 INFO  : Disconnected from the channel tcfchan#5.
11:40:21 INFO  : Registering command handlers for SDK TCF services
11:40:22 INFO  : Launching XSCT server: xsct.bat -interactive C:\Users\11600039\Documents\Labo\oefening14_mutex\oefening14_mutex.sdk\temp_xsdb_launch_script.tcl
11:40:25 INFO  : XSCT server has started successfully.
11:40:26 INFO  : Successfully done setting XSCT server connection channel  
11:40:26 INFO  : Processing command line option -hwspec C:/Users/11600039/Documents/Labo/oefening14_mutex/oefening14_mutex.sdk/design_1_wrapper.hdf.
11:40:26 INFO  : Successfully done setting SDK workspace  
11:40:26 INFO  : Checking for hwspec changes in the project design_1_wrapper_hw_platform_0.
11:41:23 INFO  : Connected to target on host '127.0.0.1' and port '3121'.
11:41:23 INFO  : 'targets -set -filter {jtag_cable_name =~ "Digilent Zybo 210279785412A" && level==0} -index 1' command is executed.
11:41:25 INFO  : FPGA configured successfully with bitstream "C:/Users/11600039/Documents/Labo/oefening14_mutex/oefening14_mutex.sdk/design_1_wrapper_hw_platform_0/design_1_wrapper.bit"
11:41:34 INFO  : 'targets -set -filter {jtag_cable_name =~ "Digilent Zybo 210279785412A" && level==0} -index 1' command is executed.
11:41:34 INFO  : 'fpga -state' command is executed.
11:41:34 INFO  : Connected to target on host '127.0.0.1' and port '3121'.
11:41:34 INFO  : Jtag cable 'Digilent Zybo 210279785412A' is selected.
11:41:34 INFO  : 'jtag frequency' command is executed.
11:41:35 INFO  : Sourcing of 'C:/Users/11600039/Documents/Labo/oefening14_mutex/oefening14_mutex.sdk/design_1_wrapper_hw_platform_0/ps7_init.tcl' is done.
11:41:35 INFO  : Context for 'APU' is selected.
11:41:35 INFO  : Hardware design information is loaded from 'C:/Users/11600039/Documents/Labo/oefening14_mutex/oefening14_mutex.sdk/design_1_wrapper_hw_platform_0/system.hdf'.
11:41:35 INFO  : 'configparams force-mem-access 1' command is executed.
11:41:35 INFO  : Context for 'APU' is selected.
11:41:35 INFO  : 'stop' command is executed.
11:41:36 INFO  : 'ps7_init' command is executed.
11:41:36 INFO  : 'ps7_post_config' command is executed.
11:41:36 INFO  : Context for processor 'ps7_cortexa9_0' is selected.
11:41:36 INFO  : Processor reset is completed for 'ps7_cortexa9_0'.
11:41:36 INFO  : Context for processor 'ps7_cortexa9_0' is selected.
11:41:36 INFO  : The application 'C:/Users/11600039/Documents/Labo/oefening14_mutex/oefening14_mutex.sdk/mutex/Debug/mutex.elf' is downloaded to processor 'ps7_cortexa9_0'.
11:41:36 INFO  : 'configparams force-mem-access 0' command is executed.
11:41:36 INFO  : ----------------XSDB Script----------------
connect -url tcp:127.0.0.1:3121
source C:/Users/11600039/Documents/Labo/oefening14_mutex/oefening14_mutex.sdk/design_1_wrapper_hw_platform_0/ps7_init.tcl
targets -set -nocase -filter {name =~"APU*" && jtag_cable_name =~ "Digilent Zybo 210279785412A"} -index 0
loadhw -hw C:/Users/11600039/Documents/Labo/oefening14_mutex/oefening14_mutex.sdk/design_1_wrapper_hw_platform_0/system.hdf -mem-ranges [list {0x40000000 0xbfffffff}]
configparams force-mem-access 1
targets -set -nocase -filter {name =~"APU*" && jtag_cable_name =~ "Digilent Zybo 210279785412A"} -index 0
stop
ps7_init
ps7_post_config
targets -set -nocase -filter {name =~ "ARM*#0" && jtag_cable_name =~ "Digilent Zybo 210279785412A"} -index 0
rst -processor
targets -set -nocase -filter {name =~ "ARM*#0" && jtag_cable_name =~ "Digilent Zybo 210279785412A"} -index 0
dow C:/Users/11600039/Documents/Labo/oefening14_mutex/oefening14_mutex.sdk/mutex/Debug/mutex.elf
configparams force-mem-access 0
----------------End of Script----------------

11:41:37 INFO  : Memory regions updated for context APU
11:41:37 INFO  : Context for processor 'ps7_cortexa9_0' is selected.
11:41:37 INFO  : 'con' command is executed.
11:41:37 INFO  : ----------------XSDB Script (After Launch)----------------
targets -set -nocase -filter {name =~ "ARM*#0" && jtag_cable_name =~ "Digilent Zybo 210279785412A"} -index 0
con
----------------End of Script----------------

11:41:37 INFO  : Launch script is exported to file 'C:\Users\11600039\Documents\Labo\oefening14_mutex\oefening14_mutex.sdk\.sdk\launch_scripts\xilinx_c-c++_application_(system_debugger)\system_debugger_using_debug_mutex.elf_on_local.tcl'
11:42:59 INFO  : Disconnected from the channel tcfchan#1.
11:43:00 INFO  : 'targets -set -filter {jtag_cable_name =~ "Digilent Zybo 210279785412A" && level==0} -index 1' command is executed.
11:43:00 INFO  : 'fpga -state' command is executed.
11:43:00 INFO  : Connected to target on host '127.0.0.1' and port '3121'.
11:43:00 INFO  : Jtag cable 'Digilent Zybo 210279785412A' is selected.
11:43:00 INFO  : 'jtag frequency' command is executed.
11:43:00 INFO  : Sourcing of 'C:/Users/11600039/Documents/Labo/oefening14_mutex/oefening14_mutex.sdk/design_1_wrapper_hw_platform_0/ps7_init.tcl' is done.
11:43:00 INFO  : Context for 'APU' is selected.
11:43:03 INFO  : Hardware design information is loaded from 'C:/Users/11600039/Documents/Labo/oefening14_mutex/oefening14_mutex.sdk/design_1_wrapper_hw_platform_0/system.hdf'.
11:43:03 INFO  : 'configparams force-mem-access 1' command is executed.
11:43:03 INFO  : Context for 'APU' is selected.
11:43:03 INFO  : 'stop' command is executed.
11:43:04 INFO  : 'ps7_init' command is executed.
11:43:04 INFO  : 'ps7_post_config' command is executed.
11:43:04 INFO  : Context for processor 'ps7_cortexa9_0' is selected.
11:43:04 INFO  : Processor reset is completed for 'ps7_cortexa9_0'.
11:43:04 INFO  : Context for processor 'ps7_cortexa9_0' is selected.
11:43:04 INFO  : The application 'C:/Users/11600039/Documents/Labo/oefening14_mutex/oefening14_mutex.sdk/mutex/Debug/mutex.elf' is downloaded to processor 'ps7_cortexa9_0'.
11:43:04 INFO  : 'configparams force-mem-access 0' command is executed.
11:43:04 INFO  : ----------------XSDB Script----------------
connect -url tcp:127.0.0.1:3121
source C:/Users/11600039/Documents/Labo/oefening14_mutex/oefening14_mutex.sdk/design_1_wrapper_hw_platform_0/ps7_init.tcl
targets -set -nocase -filter {name =~"APU*" && jtag_cable_name =~ "Digilent Zybo 210279785412A"} -index 0
loadhw -hw C:/Users/11600039/Documents/Labo/oefening14_mutex/oefening14_mutex.sdk/design_1_wrapper_hw_platform_0/system.hdf -mem-ranges [list {0x40000000 0xbfffffff}]
configparams force-mem-access 1
targets -set -nocase -filter {name =~"APU*" && jtag_cable_name =~ "Digilent Zybo 210279785412A"} -index 0
stop
ps7_init
ps7_post_config
targets -set -nocase -filter {name =~ "ARM*#0" && jtag_cable_name =~ "Digilent Zybo 210279785412A"} -index 0
rst -processor
targets -set -nocase -filter {name =~ "ARM*#0" && jtag_cable_name =~ "Digilent Zybo 210279785412A"} -index 0
dow C:/Users/11600039/Documents/Labo/oefening14_mutex/oefening14_mutex.sdk/mutex/Debug/mutex.elf
configparams force-mem-access 0
----------------End of Script----------------

11:43:05 INFO  : Memory regions updated for context APU
11:43:05 INFO  : Context for processor 'ps7_cortexa9_0' is selected.
11:43:05 INFO  : 'con' command is executed.
11:43:05 INFO  : ----------------XSDB Script (After Launch)----------------
targets -set -nocase -filter {name =~ "ARM*#0" && jtag_cable_name =~ "Digilent Zybo 210279785412A"} -index 0
con
----------------End of Script----------------

11:43:05 INFO  : Launch script is exported to file 'C:\Users\11600039\Documents\Labo\oefening14_mutex\oefening14_mutex.sdk\.sdk\launch_scripts\xilinx_c-c++_application_(system_debugger)\system_debugger_using_debug_mutex.elf_on_local.tcl'
11:43:30 INFO  : Disconnected from the channel tcfchan#2.
11:43:31 INFO  : 'targets -set -filter {jtag_cable_name =~ "Digilent Zybo 210279785412A" && level==0} -index 1' command is executed.
11:43:31 INFO  : 'fpga -state' command is executed.
11:43:31 INFO  : Connected to target on host '127.0.0.1' and port '3121'.
11:43:32 INFO  : Jtag cable 'Digilent Zybo 210279785412A' is selected.
11:43:32 INFO  : 'jtag frequency' command is executed.
11:43:32 INFO  : Sourcing of 'C:/Users/11600039/Documents/Labo/oefening14_mutex/oefening14_mutex.sdk/design_1_wrapper_hw_platform_0/ps7_init.tcl' is done.
11:43:32 INFO  : Context for 'APU' is selected.
11:43:35 INFO  : Hardware design information is loaded from 'C:/Users/11600039/Documents/Labo/oefening14_mutex/oefening14_mutex.sdk/design_1_wrapper_hw_platform_0/system.hdf'.
11:43:35 INFO  : 'configparams force-mem-access 1' command is executed.
11:43:35 INFO  : Context for 'APU' is selected.
11:43:35 INFO  : 'stop' command is executed.
11:43:35 INFO  : 'ps7_init' command is executed.
11:43:35 INFO  : 'ps7_post_config' command is executed.
11:43:35 INFO  : Context for processor 'ps7_cortexa9_0' is selected.
11:43:35 INFO  : Processor reset is completed for 'ps7_cortexa9_0'.
11:43:36 INFO  : Context for processor 'ps7_cortexa9_0' is selected.
11:43:36 INFO  : The application 'C:/Users/11600039/Documents/Labo/oefening14_mutex/oefening14_mutex.sdk/mutex/Debug/mutex.elf' is downloaded to processor 'ps7_cortexa9_0'.
11:43:36 INFO  : 'configparams force-mem-access 0' command is executed.
11:43:36 INFO  : ----------------XSDB Script----------------
connect -url tcp:127.0.0.1:3121
source C:/Users/11600039/Documents/Labo/oefening14_mutex/oefening14_mutex.sdk/design_1_wrapper_hw_platform_0/ps7_init.tcl
targets -set -nocase -filter {name =~"APU*" && jtag_cable_name =~ "Digilent Zybo 210279785412A"} -index 0
loadhw -hw C:/Users/11600039/Documents/Labo/oefening14_mutex/oefening14_mutex.sdk/design_1_wrapper_hw_platform_0/system.hdf -mem-ranges [list {0x40000000 0xbfffffff}]
configparams force-mem-access 1
targets -set -nocase -filter {name =~"APU*" && jtag_cable_name =~ "Digilent Zybo 210279785412A"} -index 0
stop
ps7_init
ps7_post_config
targets -set -nocase -filter {name =~ "ARM*#0" && jtag_cable_name =~ "Digilent Zybo 210279785412A"} -index 0
rst -processor
targets -set -nocase -filter {name =~ "ARM*#0" && jtag_cable_name =~ "Digilent Zybo 210279785412A"} -index 0
dow C:/Users/11600039/Documents/Labo/oefening14_mutex/oefening14_mutex.sdk/mutex/Debug/mutex.elf
configparams force-mem-access 0
----------------End of Script----------------

11:43:36 INFO  : Memory regions updated for context APU
11:43:36 INFO  : Context for processor 'ps7_cortexa9_0' is selected.
11:43:36 INFO  : 'con' command is executed.
11:43:36 INFO  : ----------------XSDB Script (After Launch)----------------
targets -set -nocase -filter {name =~ "ARM*#0" && jtag_cable_name =~ "Digilent Zybo 210279785412A"} -index 0
con
----------------End of Script----------------

11:43:36 INFO  : Launch script is exported to file 'C:\Users\11600039\Documents\Labo\oefening14_mutex\oefening14_mutex.sdk\.sdk\launch_scripts\xilinx_c-c++_application_(system_debugger)\system_debugger_using_debug_mutex.elf_on_local.tcl'
12:56:32 INFO  : Disconnected from the channel tcfchan#3.
10:11:09 INFO  : Registering command handlers for SDK TCF services
10:11:10 INFO  : Launching XSCT server: xsct.bat -interactive D:\Main\Embedded_Operating_System\Oefeningen\Vivado_Projects\oefening14_mutex\oefening14_mutex.sdk\temp_xsdb_launch_script.tcl
10:11:15 INFO  : XSCT server has started successfully.
10:11:22 INFO  : Successfully done setting XSCT server connection channel  
10:11:22 INFO  : Processing command line option -hwspec D:/Main/Embedded_Operating_System/Oefeningen/Vivado_Projects/oefening14_mutex/oefening14_mutex.sdk/design_1_wrapper.hdf.
10:11:22 INFO  : Successfully done setting SDK workspace  
11:16:05 INFO  : Registering command handlers for SDK TCF services
11:16:07 INFO  : Launching XSCT server: xsct.bat -interactive D:\Main\Embedded_Operating_System\Oefeningen\Vivado_Projects\Oef9_10_Mutex_Semaphore\Oef9_10_Mutex_Semaphore.sdk\temp_xsdb_launch_script.tcl
11:16:10 INFO  : XSCT server has started successfully.
11:16:10 INFO  : Successfully done setting XSCT server connection channel  
11:16:12 INFO  : Successfully done setting SDK workspace  
11:16:12 INFO  : Processing command line option -hwspec D:/Main/Embedded_Operating_System/Oefeningen/Vivado_Projects/Oef9_10_Mutex_Semaphore/Oef9_10_Mutex_Semaphore.sdk/design_1_wrapper.hdf.
11:20:38 INFO  : Connected to target on host '127.0.0.1' and port '3121'.
11:20:40 INFO  : 'targets -set -filter {jtag_cable_name =~ "Avnet MiniZed V1 1234-oj1A" && level==0} -index 1' command is executed.
11:20:40 ERROR : bitstream is not compatible with the target
11:21:42 INFO  : Registering command handlers for SDK TCF services
11:21:43 INFO  : Launching XSCT server: xsct.bat -interactive D:\Main\Embedded_Operating_System\Oefeningen\Vivado_Projects\Oef9_10_Mutex_Semaphore\Oef9_10_Mutex_Semaphore.sdk\temp_xsdb_launch_script.tcl
11:21:46 INFO  : XSCT server has started successfully.
11:21:46 INFO  : Successfully done setting XSCT server connection channel  
11:21:48 INFO  : Successfully done setting SDK workspace  
11:21:48 INFO  : Processing command line option -hwspec D:/Main/Embedded_Operating_System/Oefeningen/Vivado_Projects/Oef9_10_Mutex_Semaphore/Oef9_10_Mutex_Semaphore.sdk/design_1_wrapper.hdf.
11:21:48 INFO  : Checking for hwspec changes in the project design_1_wrapper_hw_platform_2.
11:22:11 INFO  : Connected to target on host '127.0.0.1' and port '3121'.
11:22:12 INFO  : 'targets -set -filter {jtag_cable_name =~ "Avnet MiniZed V1 1234-oj1A" && level==0} -index 1' command is executed.
11:22:12 ERROR : bitstream is not compatible with the target
11:23:29 INFO  : Connected to target on host '127.0.0.1' and port '3121'.
11:23:29 INFO  : 'targets -set -filter {jtag_cable_name =~ "Avnet MiniZed V1 1234-oj1A" && level==0} -index 1' command is executed.
11:23:30 INFO  : FPGA configured successfully with bitstream "D:/Main/Embedded_Operating_System/Oefeningen/Vivado_Projects/Oef9_10_Mutex_Semaphore/Oef9_10_Mutex_Semaphore.sdk/design_1_wrapper_hw_platform_2/design_1_wrapper.bit"
11:23:49 INFO  : 'targets -set -filter {jtag_cable_name =~ "Avnet MiniZed V1 1234-oj1A" && level==0} -index 1' command is executed.
11:23:49 INFO  : 'fpga -state' command is executed.
11:23:49 INFO  : Connected to target on host '127.0.0.1' and port '3121'.
11:23:50 WARN  : Part name present in the hardware specification 'xc7z010clg400-1' doesn't match the one present on the target 'xc7z007s'.
11:23:56 INFO  : Jtag cable 'Avnet MiniZed V1 1234-oj1A' is selected.
11:23:56 INFO  : 'jtag frequency' command is executed.
11:23:56 INFO  : Sourcing of 'D:/Main/Embedded_Operating_System/Oefeningen/Vivado_Projects/Oef9_10_Mutex_Semaphore/Oef9_10_Mutex_Semaphore.sdk/design_1_wrapper_hw_platform_0/ps7_init.tcl' is done.
11:23:56 INFO  : Context for 'APU' is selected.
11:23:56 INFO  : Hardware design information is loaded from 'D:/Main/Embedded_Operating_System/Oefeningen/Vivado_Projects/Oef9_10_Mutex_Semaphore/Oef9_10_Mutex_Semaphore.sdk/design_1_wrapper_hw_platform_0/system.hdf'.
11:23:56 INFO  : 'configparams force-mem-access 1' command is executed.
11:23:56 INFO  : Context for 'APU' is selected.
11:23:56 INFO  : 'stop' command is executed.
11:23:56 INFO  : 'ps7_init' command is executed.
11:23:56 INFO  : 'ps7_post_config' command is executed.
11:23:56 INFO  : Context for processor 'ps7_cortexa9_0' is selected.
11:23:56 INFO  : Processor reset is completed for 'ps7_cortexa9_0'.
11:23:57 INFO  : Context for processor 'ps7_cortexa9_0' is selected.
11:23:59 ERROR : Memory write error at 0x100000. APB AP transaction error, DAP status f0000021
11:23:59 INFO  : ----------------XSDB Script----------------
connect -url tcp:127.0.0.1:3121
source D:/Main/Embedded_Operating_System/Oefeningen/Vivado_Projects/Oef9_10_Mutex_Semaphore/Oef9_10_Mutex_Semaphore.sdk/design_1_wrapper_hw_platform_0/ps7_init.tcl
targets -set -nocase -filter {name =~"APU*" && jtag_cable_name =~ "Avnet MiniZed V1 1234-oj1A"} -index 0
loadhw -hw D:/Main/Embedded_Operating_System/Oefeningen/Vivado_Projects/Oef9_10_Mutex_Semaphore/Oef9_10_Mutex_Semaphore.sdk/design_1_wrapper_hw_platform_0/system.hdf -mem-ranges [list {0x40000000 0xbfffffff}]
configparams force-mem-access 1
targets -set -nocase -filter {name =~"APU*" && jtag_cable_name =~ "Avnet MiniZed V1 1234-oj1A"} -index 0
stop
ps7_init
ps7_post_config
targets -set -nocase -filter {name =~ "ARM*#0" && jtag_cable_name =~ "Avnet MiniZed V1 1234-oj1A"} -index 0
rst -processor
targets -set -nocase -filter {name =~ "ARM*#0" && jtag_cable_name =~ "Avnet MiniZed V1 1234-oj1A"} -index 0
dow D:/Main/Embedded_Operating_System/Oefeningen/Vivado_Projects/Oef9_10_Mutex_Semaphore/Oef9_10_Mutex_Semaphore.sdk/mutex/Debug/mutex.elf
----------------End of Script----------------

11:29:00 INFO  : Refreshed build settings on project Minized_test
11:30:12 INFO  : 'targets -set -filter {jtag_cable_name =~ "Avnet MiniZed V1 1234-oj1A" && level==0} -index 1' command is executed.
11:30:12 INFO  : 'fpga -state' command is executed.
11:30:12 INFO  : Connected to target on host '127.0.0.1' and port '3121'.
11:30:12 INFO  : Jtag cable 'Avnet MiniZed V1 1234-oj1A' is selected.
11:30:12 INFO  : 'jtag frequency' command is executed.
11:30:12 INFO  : Sourcing of 'D:/Main/Embedded_Operating_System/Oefeningen/Vivado_Projects/Oef9_10_Mutex_Semaphore/Oef9_10_Mutex_Semaphore.sdk/design_1_wrapper_hw_platform_2/ps7_init.tcl' is done.
11:30:12 INFO  : Context for 'APU' is selected.
11:30:12 INFO  : Hardware design information is loaded from 'D:/Main/Embedded_Operating_System/Oefeningen/Vivado_Projects/Oef9_10_Mutex_Semaphore/Oef9_10_Mutex_Semaphore.sdk/design_1_wrapper_hw_platform_2/system.hdf'.
11:30:12 INFO  : 'configparams force-mem-access 1' command is executed.
11:30:12 INFO  : Context for 'APU' is selected.
11:30:12 INFO  : 'stop' command is executed.
11:30:12 ERROR : AP transaction error, DAP status f0000021
11:30:12 INFO  : ----------------XSDB Script----------------
connect -url tcp:127.0.0.1:3121
source D:/Main/Embedded_Operating_System/Oefeningen/Vivado_Projects/Oef9_10_Mutex_Semaphore/Oef9_10_Mutex_Semaphore.sdk/design_1_wrapper_hw_platform_2/ps7_init.tcl
targets -set -nocase -filter {name =~"APU*" && jtag_cable_name =~ "Avnet MiniZed V1 1234-oj1A"} -index 0
loadhw -hw D:/Main/Embedded_Operating_System/Oefeningen/Vivado_Projects/Oef9_10_Mutex_Semaphore/Oef9_10_Mutex_Semaphore.sdk/design_1_wrapper_hw_platform_2/system.hdf -mem-ranges [list {0x40000000 0xbfffffff}]
configparams force-mem-access 1
targets -set -nocase -filter {name =~"APU*" && jtag_cable_name =~ "Avnet MiniZed V1 1234-oj1A"} -index 0
stop
ps7_init
----------------End of Script----------------

08:45:32 INFO  : Launching XSCT server: xsct.bat -interactive D:\Main\Embedded_Operating_System\Oefeningen\Vivado_Projects\Oef9_10_Mutex_Semaphore\Oef9_10_Mutex_Semaphore.sdk\temp_xsdb_launch_script.tcl
08:45:42 INFO  : XSCT server has started successfully.
08:46:19 INFO  : Successfully done setting XSCT server connection channel  
08:46:19 INFO  : Successfully done setting SDK workspace  
08:46:50 INFO  : Registering command handlers for SDK TCF services
08:46:50 INFO  : Processing command line option -hwspec D:/Main/Embedded_Operating_System/Oefeningen/Vivado_Projects/Oef9_10_Mutex_Semaphore/Oef9_10_Mutex_Semaphore.sdk/design_1_wrapper.hdf.
08:46:53 INFO  : Checking for hwspec changes in the project design_1_wrapper_hw_platform_2.
08:50:32 INFO  : Connected to target on host '127.0.0.1' and port '3121'.
08:50:35 INFO  : 'targets -set -filter {jtag_cable_name =~ "Avnet MiniZed V1 1234-oj1A" && level==0} -index 1' command is executed.
08:50:37 INFO  : FPGA configured successfully with bitstream "D:/Main/Embedded_Operating_System/Oefeningen/Vivado_Projects/Oef9_10_Mutex_Semaphore/Oef9_10_Mutex_Semaphore.sdk/design_1_wrapper_hw_platform_2/design_1_wrapper.bit"
08:51:42 INFO  : 'targets -set -filter {jtag_cable_name =~ "Avnet MiniZed V1 1234-oj1A" && level==0} -index 1' command is executed.
08:51:42 INFO  : 'fpga -state' command is executed.
08:51:42 INFO  : Connected to target on host '127.0.0.1' and port '3121'.
08:51:43 INFO  : Jtag cable 'Avnet MiniZed V1 1234-oj1A' is selected.
08:51:43 INFO  : 'jtag frequency' command is executed.
08:51:43 INFO  : Sourcing of 'D:/Main/Embedded_Operating_System/Oefeningen/Vivado_Projects/Oef9_10_Mutex_Semaphore/Oef9_10_Mutex_Semaphore.sdk/design_1_wrapper_hw_platform_2/ps7_init.tcl' is done.
08:51:44 INFO  : Context for 'APU' is selected.
08:51:44 INFO  : Hardware design information is loaded from 'D:/Main/Embedded_Operating_System/Oefeningen/Vivado_Projects/Oef9_10_Mutex_Semaphore/Oef9_10_Mutex_Semaphore.sdk/design_1_wrapper_hw_platform_2/system.hdf'.
08:51:44 INFO  : 'configparams force-mem-access 1' command is executed.
08:51:44 INFO  : Context for 'APU' is selected.
08:51:44 INFO  : 'stop' command is executed.
08:51:45 INFO  : 'ps7_init' command is executed.
08:51:45 INFO  : 'ps7_post_config' command is executed.
08:51:45 INFO  : Context for processor 'ps7_cortexa9_0' is selected.
08:51:45 INFO  : Processor reset is completed for 'ps7_cortexa9_0'.
08:51:45 INFO  : Context for processor 'ps7_cortexa9_0' is selected.
08:51:46 INFO  : The application 'D:/Main/Embedded_Operating_System/Oefeningen/Vivado_Projects/Oef9_10_Mutex_Semaphore/Oef9_10_Mutex_Semaphore.sdk/Minized_test/Debug/Minized_test.elf' is downloaded to processor 'ps7_cortexa9_0'.
08:51:46 INFO  : 'configparams force-mem-access 0' command is executed.
08:51:46 INFO  : ----------------XSDB Script----------------
connect -url tcp:127.0.0.1:3121
source D:/Main/Embedded_Operating_System/Oefeningen/Vivado_Projects/Oef9_10_Mutex_Semaphore/Oef9_10_Mutex_Semaphore.sdk/design_1_wrapper_hw_platform_2/ps7_init.tcl
targets -set -nocase -filter {name =~"APU*" && jtag_cable_name =~ "Avnet MiniZed V1 1234-oj1A"} -index 0
loadhw -hw D:/Main/Embedded_Operating_System/Oefeningen/Vivado_Projects/Oef9_10_Mutex_Semaphore/Oef9_10_Mutex_Semaphore.sdk/design_1_wrapper_hw_platform_2/system.hdf -mem-ranges [list {0x40000000 0xbfffffff}]
configparams force-mem-access 1
targets -set -nocase -filter {name =~"APU*" && jtag_cable_name =~ "Avnet MiniZed V1 1234-oj1A"} -index 0
stop
ps7_init
ps7_post_config
targets -set -nocase -filter {name =~ "ARM*#0" && jtag_cable_name =~ "Avnet MiniZed V1 1234-oj1A"} -index 0
rst -processor
targets -set -nocase -filter {name =~ "ARM*#0" && jtag_cable_name =~ "Avnet MiniZed V1 1234-oj1A"} -index 0
dow D:/Main/Embedded_Operating_System/Oefeningen/Vivado_Projects/Oef9_10_Mutex_Semaphore/Oef9_10_Mutex_Semaphore.sdk/Minized_test/Debug/Minized_test.elf
configparams force-mem-access 0
----------------End of Script----------------

08:51:47 INFO  : Memory regions updated for context APU
08:51:47 INFO  : Context for processor 'ps7_cortexa9_0' is selected.
08:51:47 INFO  : 'con' command is executed.
08:51:47 INFO  : ----------------XSDB Script (After Launch)----------------
targets -set -nocase -filter {name =~ "ARM*#0" && jtag_cable_name =~ "Avnet MiniZed V1 1234-oj1A"} -index 0
con
----------------End of Script----------------

08:51:47 INFO  : Launch script is exported to file 'D:\Main\Embedded_Operating_System\Oefeningen\Vivado_Projects\Oef9_10_Mutex_Semaphore\Oef9_10_Mutex_Semaphore.sdk\.sdk\launch_scripts\xilinx_c-c++_application_(system_debugger)\system_debugger_using_debug_minized_test.elf_on_local.tcl'
08:55:40 INFO  : Disconnected from the channel tcfchan#1.
08:55:41 INFO  : 'targets -set -filter {jtag_cable_name =~ "Avnet MiniZed V1 1234-oj1A" && level==0} -index 1' command is executed.
08:55:41 INFO  : 'fpga -state' command is executed.
08:55:41 INFO  : Connected to target on host '127.0.0.1' and port '3121'.
08:55:42 INFO  : Jtag cable 'Avnet MiniZed V1 1234-oj1A' is selected.
08:55:42 INFO  : 'jtag frequency' command is executed.
08:55:42 INFO  : Sourcing of 'D:/Main/Embedded_Operating_System/Oefeningen/Vivado_Projects/Oef9_10_Mutex_Semaphore/Oef9_10_Mutex_Semaphore.sdk/design_1_wrapper_hw_platform_2/ps7_init.tcl' is done.
08:55:42 INFO  : Context for 'APU' is selected.
08:55:47 INFO  : Hardware design information is loaded from 'D:/Main/Embedded_Operating_System/Oefeningen/Vivado_Projects/Oef9_10_Mutex_Semaphore/Oef9_10_Mutex_Semaphore.sdk/design_1_wrapper_hw_platform_2/system.hdf'.
08:55:47 INFO  : 'configparams force-mem-access 1' command is executed.
08:55:47 INFO  : Context for 'APU' is selected.
08:55:47 INFO  : 'stop' command is executed.
08:55:48 INFO  : 'ps7_init' command is executed.
08:55:48 INFO  : 'ps7_post_config' command is executed.
08:55:48 INFO  : Context for processor 'ps7_cortexa9_0' is selected.
08:55:48 INFO  : Processor reset is completed for 'ps7_cortexa9_0'.
08:55:48 INFO  : Context for processor 'ps7_cortexa9_0' is selected.
08:55:48 INFO  : The application 'D:/Main/Embedded_Operating_System/Oefeningen/Vivado_Projects/Oef9_10_Mutex_Semaphore/Oef9_10_Mutex_Semaphore.sdk/Minized_test/Debug/Minized_test.elf' is downloaded to processor 'ps7_cortexa9_0'.
08:55:48 INFO  : 'configparams force-mem-access 0' command is executed.
08:55:48 INFO  : ----------------XSDB Script----------------
connect -url tcp:127.0.0.1:3121
source D:/Main/Embedded_Operating_System/Oefeningen/Vivado_Projects/Oef9_10_Mutex_Semaphore/Oef9_10_Mutex_Semaphore.sdk/design_1_wrapper_hw_platform_2/ps7_init.tcl
targets -set -nocase -filter {name =~"APU*" && jtag_cable_name =~ "Avnet MiniZed V1 1234-oj1A"} -index 0
loadhw -hw D:/Main/Embedded_Operating_System/Oefeningen/Vivado_Projects/Oef9_10_Mutex_Semaphore/Oef9_10_Mutex_Semaphore.sdk/design_1_wrapper_hw_platform_2/system.hdf -mem-ranges [list {0x40000000 0xbfffffff}]
configparams force-mem-access 1
targets -set -nocase -filter {name =~"APU*" && jtag_cable_name =~ "Avnet MiniZed V1 1234-oj1A"} -index 0
stop
ps7_init
ps7_post_config
targets -set -nocase -filter {name =~ "ARM*#0" && jtag_cable_name =~ "Avnet MiniZed V1 1234-oj1A"} -index 0
rst -processor
targets -set -nocase -filter {name =~ "ARM*#0" && jtag_cable_name =~ "Avnet MiniZed V1 1234-oj1A"} -index 0
dow D:/Main/Embedded_Operating_System/Oefeningen/Vivado_Projects/Oef9_10_Mutex_Semaphore/Oef9_10_Mutex_Semaphore.sdk/Minized_test/Debug/Minized_test.elf
configparams force-mem-access 0
----------------End of Script----------------

08:55:48 INFO  : Memory regions updated for context APU
08:55:49 INFO  : Context for processor 'ps7_cortexa9_0' is selected.
08:55:49 INFO  : 'con' command is executed.
08:55:49 INFO  : ----------------XSDB Script (After Launch)----------------
targets -set -nocase -filter {name =~ "ARM*#0" && jtag_cable_name =~ "Avnet MiniZed V1 1234-oj1A"} -index 0
con
----------------End of Script----------------

08:55:49 INFO  : Launch script is exported to file 'D:\Main\Embedded_Operating_System\Oefeningen\Vivado_Projects\Oef9_10_Mutex_Semaphore\Oef9_10_Mutex_Semaphore.sdk\.sdk\launch_scripts\xilinx_c-c++_application_(system_debugger)\system_debugger_using_debug_minized_test.elf_on_local.tcl'
09:00:38 INFO  : Disconnected from the channel tcfchan#2.
09:00:40 INFO  : 'targets -set -filter {jtag_cable_name =~ "Avnet MiniZed V1 1234-oj1A" && level==0} -index 1' command is executed.
09:00:40 INFO  : 'fpga -state' command is executed.
09:00:40 INFO  : Connected to target on host '127.0.0.1' and port '3121'.
09:00:40 INFO  : Jtag cable 'Avnet MiniZed V1 1234-oj1A' is selected.
09:00:40 INFO  : 'jtag frequency' command is executed.
09:00:40 INFO  : Sourcing of 'D:/Main/Embedded_Operating_System/Oefeningen/Vivado_Projects/Oef9_10_Mutex_Semaphore/Oef9_10_Mutex_Semaphore.sdk/design_1_wrapper_hw_platform_2/ps7_init.tcl' is done.
09:00:40 INFO  : Context for 'APU' is selected.
09:00:40 INFO  : Hardware design information is loaded from 'D:/Main/Embedded_Operating_System/Oefeningen/Vivado_Projects/Oef9_10_Mutex_Semaphore/Oef9_10_Mutex_Semaphore.sdk/design_1_wrapper_hw_platform_2/system.hdf'.
09:00:40 INFO  : 'configparams force-mem-access 1' command is executed.
09:00:40 INFO  : Context for 'APU' is selected.
09:00:40 INFO  : 'stop' command is executed.
09:00:42 INFO  : 'ps7_init' command is executed.
09:00:42 INFO  : 'ps7_post_config' command is executed.
09:00:42 INFO  : Context for processor 'ps7_cortexa9_0' is selected.
09:00:42 INFO  : Processor reset is completed for 'ps7_cortexa9_0'.
09:00:42 INFO  : Context for processor 'ps7_cortexa9_0' is selected.
09:00:43 INFO  : The application 'D:/Main/Embedded_Operating_System/Oefeningen/Vivado_Projects/Oef9_10_Mutex_Semaphore/Oef9_10_Mutex_Semaphore.sdk/Minized_test/Debug/Minized_test.elf' is downloaded to processor 'ps7_cortexa9_0'.
09:00:43 INFO  : 'configparams force-mem-access 0' command is executed.
09:00:43 INFO  : ----------------XSDB Script----------------
connect -url tcp:127.0.0.1:3121
source D:/Main/Embedded_Operating_System/Oefeningen/Vivado_Projects/Oef9_10_Mutex_Semaphore/Oef9_10_Mutex_Semaphore.sdk/design_1_wrapper_hw_platform_2/ps7_init.tcl
targets -set -nocase -filter {name =~"APU*" && jtag_cable_name =~ "Avnet MiniZed V1 1234-oj1A"} -index 0
loadhw -hw D:/Main/Embedded_Operating_System/Oefeningen/Vivado_Projects/Oef9_10_Mutex_Semaphore/Oef9_10_Mutex_Semaphore.sdk/design_1_wrapper_hw_platform_2/system.hdf -mem-ranges [list {0x40000000 0xbfffffff}]
configparams force-mem-access 1
targets -set -nocase -filter {name =~"APU*" && jtag_cable_name =~ "Avnet MiniZed V1 1234-oj1A"} -index 0
stop
ps7_init
ps7_post_config
targets -set -nocase -filter {name =~ "ARM*#0" && jtag_cable_name =~ "Avnet MiniZed V1 1234-oj1A"} -index 0
rst -processor
targets -set -nocase -filter {name =~ "ARM*#0" && jtag_cable_name =~ "Avnet MiniZed V1 1234-oj1A"} -index 0
dow D:/Main/Embedded_Operating_System/Oefeningen/Vivado_Projects/Oef9_10_Mutex_Semaphore/Oef9_10_Mutex_Semaphore.sdk/Minized_test/Debug/Minized_test.elf
configparams force-mem-access 0
----------------End of Script----------------

09:00:44 INFO  : Memory regions updated for context APU
09:00:44 INFO  : Context for processor 'ps7_cortexa9_0' is selected.
09:00:44 INFO  : 'con' command is executed.
09:00:44 INFO  : ----------------XSDB Script (After Launch)----------------
targets -set -nocase -filter {name =~ "ARM*#0" && jtag_cable_name =~ "Avnet MiniZed V1 1234-oj1A"} -index 0
con
----------------End of Script----------------

09:00:44 INFO  : Launch script is exported to file 'D:\Main\Embedded_Operating_System\Oefeningen\Vivado_Projects\Oef9_10_Mutex_Semaphore\Oef9_10_Mutex_Semaphore.sdk\.sdk\launch_scripts\xilinx_c-c++_application_(system_debugger)\system_debugger_using_debug_minized_test.elf_on_local.tcl'
09:01:26 INFO  : Disconnected from the channel tcfchan#3.
