#-----------------------------------------------------------
# Vivado v2019.2 (64-bit)
# SW Build 2708876 on Wed Nov  6 21:40:23 MST 2019
# IP Build 2700528 on Thu Nov  7 00:09:20 MST 2019
# Start of session at: Mon Jun  1 20:44:47 2020
# Process ID: 16676
# Current directory: C:/eFPGA/11_VHDL_SEG_AXI
# Command line: vivado.exe -gui_launcher_event rodinguilauncherevent5916 C:\eFPGA\11_VHDL_SEG_AXI\11_VHDL_SEG_AXI.xpr
# Log file: C:/eFPGA/11_VHDL_SEG_AXI/vivado.log
# Journal file: C:/eFPGA/11_VHDL_SEG_AXI\vivado.jou
#-----------------------------------------------------------
start_gui
open_project C:/eFPGA/11_VHDL_SEG_AXI/11_VHDL_SEG_AXI.xpr
Scanning sources...
Finished scanning sources
INFO: [IP_Flow 19-234] Refreshing IP repositories
INFO: [IP_Flow 19-1704] No user IP repositories specified
INFO: [IP_Flow 19-2313] Loaded Vivado IP repository 'C:/Xilinx/Vivado/2019.2/data/ip'.
create_bd_design "design_1"
Wrote  : <C:\eFPGA\11_VHDL_SEG_AXI\11_VHDL_SEG_AXI.srcs\sources_1\bd\design_1\design_1.bd> 
create_bd_design: Time (s): cpu = 00:00:08 ; elapsed = 00:00:06 . Memory (MB): peak = 1011.051 ; gain = 107.586
update_compile_order -fileset sources_1
startgroup
create_bd_cell -type ip -vlnv xilinx.com:ip:processing_system7:5.5 processing_system7_0
WARNING: [BD 41-176] The physical port 'S_AXI_GP2_rd_socket' specified in the portmap, is not found on the block! 
WARNING: [BD 41-176] The physical port 'S_AXI_GP2_wr_socket' specified in the portmap, is not found on the block! 
WARNING: [BD 41-176] The physical port 'S_AXI_GP3_rd_socket' specified in the portmap, is not found on the block! 
WARNING: [BD 41-176] The physical port 'S_AXI_GP3_wr_socket' specified in the portmap, is not found on the block! 
endgroup
apply_bd_automation -rule xilinx.com:bd_rule:processing_system7 -config {make_external "FIXED_IO, DDR" apply_board_preset "1" Master "Disable" Slave "Disable" }  [get_bd_cells processing_system7_0]
WARNING: [IP_Flow 19-474] Invalid Parameter 'Component_Name'
startgroup
set_property -dict [list CONFIG.PCW_USE_M_AXI_GP0 {1} CONFIG.PCW_QSPI_GRP_SINGLE_SS_ENABLE {1}] [get_bd_cells processing_system7_0]
WARNING: [BD 41-176] The physical port 'S_AXI_GP2_rd_socket' specified in the portmap, is not found on the block! 
WARNING: [BD 41-176] The physical port 'S_AXI_GP2_wr_socket' specified in the portmap, is not found on the block! 
WARNING: [BD 41-176] The physical port 'S_AXI_GP3_rd_socket' specified in the portmap, is not found on the block! 
WARNING: [BD 41-176] The physical port 'S_AXI_GP3_wr_socket' specified in the portmap, is not found on the block! 
endgroup
set_property location {443 -356} [get_bd_intf_ports DDR]
set_property location {441 -342} [get_bd_intf_ports FIXED_IO]
startgroup
create_bd_cell -type ip -vlnv xilinx.com:ip:axi_gpio:2.0 axi_gpio_0
endgroup
startgroup
apply_bd_automation -rule xilinx.com:bd_rule:board -config { Board_Interface {pl_led_g ( pl_led_g ) } Manual_Source {Auto}}  [get_bd_intf_pins axi_gpio_0/GPIO]
INFO: [board_rule 100-100] set_property CONFIG.USE_BOARD_FLOW true [get_bd_cells /axi_gpio_0]
INFO: [board_rule 100-100] set_property CONFIG.GPIO_BOARD_INTERFACE pl_led_g [get_bd_cells /axi_gpio_0]
INFO: [board_rule 100-100] create_bd_intf_port -mode Master -vlnv xilinx.com:interface:gpio_rtl:1.0 pl_led_g
INFO: [board_rule 100-100] connect_bd_intf_net /pl_led_g /axi_gpio_0/GPIO
apply_bd_automation -rule xilinx.com:bd_rule:axi4 -config { Clk_master {Auto} Clk_slave {Auto} Clk_xbar {Auto} Master {/processing_system7_0/M_AXI_GP0} Slave {/axi_gpio_0/S_AXI} ddr_seg {Auto} intc_ip {New AXI Interconnect} master_apm {0}}  [get_bd_intf_pins axi_gpio_0/S_AXI]
INFO: [Ipptcl 7-1463] No Compatible Board Interface found. Board Tab not created in customize GUI
Slave segment </axi_gpio_0/S_AXI/Reg> is being mapped into address space </processing_system7_0/Data> at <0x4120_0000 [ 64K ]>
endgroup
startgroup
set_property -dict [list CONFIG.C_GPIO_WIDTH {2} CONFIG.C_IS_DUAL {0} CONFIG.GPIO_BOARD_INTERFACE {Custom}] [get_bd_cells axi_gpio_0]
endgroup
delete_bd_objs [get_bd_intf_nets axi_gpio_0_GPIO] [get_bd_intf_ports pl_led_g]
startgroup
make_bd_intf_pins_external  [get_bd_intf_pins axi_gpio_0/GPIO]
endgroup
startgroup
set_property -dict [list CONFIG.C_GPIO_WIDTH {8}] [get_bd_cells axi_gpio_0]
endgroup
delete_bd_objs [get_bd_intf_nets axi_gpio_0_GPIO]
startgroup
make_bd_intf_pins_external  [get_bd_intf_pins axi_gpio_0/GPIO]
endgroup
delete_bd_objs [get_bd_intf_ports GPIO_0]
delete_bd_objs [get_bd_intf_nets axi_gpio_0_GPIO] [get_bd_intf_ports GPIO_1]
startgroup
make_bd_intf_pins_external  [get_bd_intf_pins axi_gpio_0/GPIO]
endgroup
set_property name GPIO [get_bd_intf_ports GPIO_0]
make_wrapper -files [get_files C:/eFPGA/11_VHDL_SEG_AXI/11_VHDL_SEG_AXI.srcs/sources_1/bd/design_1/design_1.bd] -top
WARNING: [BD 41-176] The physical port 'S_AXI_GP2_rd_socket' specified in the portmap, is not found on the block! 
WARNING: [BD 41-176] The physical port 'S_AXI_GP2_wr_socket' specified in the portmap, is not found on the block! 
WARNING: [BD 41-176] The physical port 'S_AXI_GP3_rd_socket' specified in the portmap, is not found on the block! 
WARNING: [BD 41-176] The physical port 'S_AXI_GP3_wr_socket' specified in the portmap, is not found on the block! 
Wrote  : <C:\eFPGA\11_VHDL_SEG_AXI\11_VHDL_SEG_AXI.srcs\sources_1\bd\design_1\design_1.bd> 
Wrote  : <C:/eFPGA/11_VHDL_SEG_AXI/11_VHDL_SEG_AXI.srcs/sources_1/bd/design_1/ui/bd_1f5defd0.ui> 
VHDL Output written to : C:/eFPGA/11_VHDL_SEG_AXI/11_VHDL_SEG_AXI.srcs/sources_1/bd/design_1/synth/design_1.vhd
VHDL Output written to : C:/eFPGA/11_VHDL_SEG_AXI/11_VHDL_SEG_AXI.srcs/sources_1/bd/design_1/sim/design_1.vhd
VHDL Output written to : C:/eFPGA/11_VHDL_SEG_AXI/11_VHDL_SEG_AXI.srcs/sources_1/bd/design_1/hdl/design_1_wrapper.vhd
make_wrapper: Time (s): cpu = 00:00:06 ; elapsed = 00:00:06 . Memory (MB): peak = 1245.176 ; gain = 132.027
add_files -norecurse C:/eFPGA/11_VHDL_SEG_AXI/11_VHDL_SEG_AXI.srcs/sources_1/bd/design_1/hdl/design_1_wrapper.vhd
launch_runs impl_1 -jobs 24
INFO: [BD 41-1662] The design 'design_1.bd' is already validated. Therefore parameter propagation will not be re-run.
Wrote  : <C:\eFPGA\11_VHDL_SEG_AXI\11_VHDL_SEG_AXI.srcs\sources_1\bd\design_1\design_1.bd> 
VHDL Output written to : C:/eFPGA/11_VHDL_SEG_AXI/11_VHDL_SEG_AXI.srcs/sources_1/bd/design_1/synth/design_1.vhd
VHDL Output written to : C:/eFPGA/11_VHDL_SEG_AXI/11_VHDL_SEG_AXI.srcs/sources_1/bd/design_1/sim/design_1.vhd
VHDL Output written to : C:/eFPGA/11_VHDL_SEG_AXI/11_VHDL_SEG_AXI.srcs/sources_1/bd/design_1/hdl/design_1_wrapper.vhd
WARNING: [IP_Flow 19-5611] Unable to find an associated reset port for the interface 'M_AXI_GP0'. A default connection has been created.
INFO: [BD 41-1029] Generation completed for the IP Integrator block processing_system7_0 .
INFO: [BD 41-1029] Generation completed for the IP Integrator block axi_gpio_0 .
WARNING: [IP_Flow 19-4994] Overwriting existing constraint file 'c:/eFPGA/11_VHDL_SEG_AXI/11_VHDL_SEG_AXI.srcs/sources_1/bd/design_1/ip/design_1_auto_pc_0/design_1_auto_pc_0_ooc.xdc'
INFO: [BD 41-1029] Generation completed for the IP Integrator block ps7_0_axi_periph/s00_couplers/auto_pc .
INFO: [BD 41-1029] Generation completed for the IP Integrator block rst_ps7_0_50M .
Exporting to file C:/eFPGA/11_VHDL_SEG_AXI/11_VHDL_SEG_AXI.srcs/sources_1/bd/design_1/hw_handoff/design_1.hwh
Generated Block Design Tcl file C:/eFPGA/11_VHDL_SEG_AXI/11_VHDL_SEG_AXI.srcs/sources_1/bd/design_1/hw_handoff/design_1_bd.tcl
Generated Hardware Definition File C:/eFPGA/11_VHDL_SEG_AXI/11_VHDL_SEG_AXI.srcs/sources_1/bd/design_1/synth/design_1.hwdef
INFO: [IP_Flow 19-5642] Done with IP cache export for multiple IPs
[Mon Jun  1 20:50:22 2020] Launched design_1_rst_ps7_0_50M_0_synth_1, design_1_axi_gpio_0_0_synth_1, design_1_auto_pc_0_synth_1, design_1_processing_system7_0_0_synth_1, synth_1...
Run output will be captured here:
design_1_rst_ps7_0_50M_0_synth_1: C:/eFPGA/11_VHDL_SEG_AXI/11_VHDL_SEG_AXI.runs/design_1_rst_ps7_0_50M_0_synth_1/runme.log
design_1_axi_gpio_0_0_synth_1: C:/eFPGA/11_VHDL_SEG_AXI/11_VHDL_SEG_AXI.runs/design_1_axi_gpio_0_0_synth_1/runme.log
design_1_auto_pc_0_synth_1: C:/eFPGA/11_VHDL_SEG_AXI/11_VHDL_SEG_AXI.runs/design_1_auto_pc_0_synth_1/runme.log
design_1_processing_system7_0_0_synth_1: C:/eFPGA/11_VHDL_SEG_AXI/11_VHDL_SEG_AXI.runs/design_1_processing_system7_0_0_synth_1/runme.log
synth_1: C:/eFPGA/11_VHDL_SEG_AXI/11_VHDL_SEG_AXI.runs/synth_1/runme.log
[Mon Jun  1 20:50:22 2020] Launched impl_1...
Run output will be captured here: C:/eFPGA/11_VHDL_SEG_AXI/11_VHDL_SEG_AXI.runs/impl_1/runme.log
launch_runs: Time (s): cpu = 00:00:22 ; elapsed = 00:00:24 . Memory (MB): peak = 1274.648 ; gain = 29.473
open_run impl_1
INFO: [Device 21-403] Loading part xc7z007sclg225-1
Netlist sorting complete. Time (s): cpu = 00:00:00 ; elapsed = 00:00:00.070 . Memory (MB): peak = 1430.461 ; gain = 0.000
INFO: [Netlist 29-17] Analyzing 18 Unisim elements for replacement
INFO: [Netlist 29-28] Unisim Transformation completed in 0 CPU seconds
INFO: [Project 1-479] Netlist was created with Vivado 2019.2
INFO: [Project 1-570] Preparing netlist for logic optimization
INFO: [Timing 38-478] Restoring timing data from binary archive.
INFO: [Timing 38-479] Binary timing data restore complete.
INFO: [Project 1-856] Restoring constraints from binary archive.
INFO: [Project 1-853] Binary constraint restore complete.
Reading XDEF placement.
Reading placer database...
Reading XDEF routing.
Read XDEF File: Time (s): cpu = 00:00:01 ; elapsed = 00:00:00.304 . Memory (MB): peak = 2093.578 ; gain = 0.000
Restored from archive | CPU: 1.000000 secs | Memory: 0.000000 MB |
Finished XDEF File Restore: Time (s): cpu = 00:00:01 ; elapsed = 00:00:00.305 . Memory (MB): peak = 2093.578 ; gain = 0.000
Netlist sorting complete. Time (s): cpu = 00:00:00 ; elapsed = 00:00:00 . Memory (MB): peak = 2093.578 ; gain = 0.000
INFO: [Project 1-111] Unisim Transformation Summary:
No Unisim elements were transformed.

open_run: Time (s): cpu = 00:00:21 ; elapsed = 00:00:16 . Memory (MB): peak = 2271.027 ; gain = 949.180
place_ports {GPIO_tri_o[0]} L15
place_ports {GPIO_tri_o[1]} M15
place_ports {GPIO_tri_o[2]} L14
place_ports {GPIO_tri_o[3]} M14
place_ports {GPIO_tri_o[4]} L13
place_ports {GPIO_tri_o[4]} K13
place_ports {GPIO_tri_o[5]} L13
place_ports {GPIO_tri_o[6]} N13
place_ports {GPIO_tri_o[7]} N14
set_property IOSTANDARD LVCMOS33 [get_ports [list {GPIO_tri_o[7]} {GPIO_tri_o[6]} {GPIO_tri_o[5]} {GPIO_tri_o[4]} {GPIO_tri_o[3]} {GPIO_tri_o[2]} {GPIO_tri_o[1]} {GPIO_tri_o[0]}]]
file mkdir C:/eFPGA/11_VHDL_SEG_AXI/11_VHDL_SEG_AXI.srcs/constrs_1/new
close [ open C:/eFPGA/11_VHDL_SEG_AXI/11_VHDL_SEG_AXI.srcs/constrs_1/new/XDC.xdc w ]
add_files -fileset constrs_1 C:/eFPGA/11_VHDL_SEG_AXI/11_VHDL_SEG_AXI.srcs/constrs_1/new/XDC.xdc
set_property target_constrs_file C:/eFPGA/11_VHDL_SEG_AXI/11_VHDL_SEG_AXI.srcs/constrs_1/new/XDC.xdc [current_fileset -constrset]
save_constraints -force
reset_run synth_1
launch_runs impl_1 -to_step write_bitstream -jobs 24
[Mon Jun  1 20:54:22 2020] Launched synth_1...
Run output will be captured here: C:/eFPGA/11_VHDL_SEG_AXI/11_VHDL_SEG_AXI.runs/synth_1/runme.log
[Mon Jun  1 20:54:22 2020] Launched impl_1...
Run output will be captured here: C:/eFPGA/11_VHDL_SEG_AXI/11_VHDL_SEG_AXI.runs/impl_1/runme.log
write_hw_platform -fixed -force  -include_bit -file C:/eFPGA/11_VHDL_SEG_AXI/design_1_wrapper.xsa
INFO: [Vivado 12-4895] Creating Hardware Platform: C:/eFPGA/11_VHDL_SEG_AXI/design_1_wrapper.xsa ...
INFO: [Hsi 55-2053] elapsed time for repository (C:/Xilinx/Vivado/2019.2/data\embeddedsw) loading 0 seconds
INFO: [Vivado 12-4896] Successfully created Hardware Platform: C:/eFPGA/11_VHDL_SEG_AXI/design_1_wrapper.xsa
write_hw_platform: Time (s): cpu = 00:00:09 ; elapsed = 00:00:08 . Memory (MB): peak = 2409.102 ; gain = 8.566
exit
INFO: [Common 17-206] Exiting Vivado at Mon Jun  1 21:21:00 2020...
