16:49:15 INFO  : Launching XSCT server: xsct.bat -n  -interactive C:\Users\KasperPC\Desktop\EOS_Examen\EX13\temp_xsdb_launch_script.tcl
16:49:15 INFO  : Registering command handlers for Vitis TCF services
16:49:15 INFO  : Platform repository initialization has completed.
16:49:16 INFO  : XSCT server has started successfully.
16:49:17 INFO  : Successfully done setting XSCT server connection channel  
16:49:17 INFO  : Successfully done query RDI_DATADIR 
16:49:17 INFO  : Successfully done setting workspace for the tool. 
16:49:17 INFO  : plnx-install-location is set to ''
17:49:08 INFO  : Result from executing command 'getProjects': EX13_1
17:49:08 INFO  : Result from executing command 'getPlatforms': 
17:49:13 INFO  : Successfully done sdx_reload_mss "C:/Users/KasperPC/Desktop/EOS_Examen/EX13/EX13_1/zynq_fsbl/zynq_fsbl_bsp/system.mss"
17:49:19 INFO  : (SwPlaform) Successfully done setParamInSpec 
17:49:19 INFO  : (SwPlaform) Successfully done setParamInSpec 
17:49:20 INFO  : (SwPlatform) Successfully done update_mss 
17:49:21 INFO  : Successfully done sdx_reload_mss "C:/Users/KasperPC/Desktop/EOS_Examen/EX13/EX13_1/zynq_fsbl/zynq_fsbl_bsp/system.mss"
17:49:27 ERROR : (XSDB Server)rm: kan lstat `*.o' niet uitvoeren: Invalid argument

17:49:27 ERROR : (XSDB Server)make: *** [Makefile:42: clean] Error 1

17:49:29 INFO  : Successfully done sdx_reload_mss "C:/Users/KasperPC/Desktop/EOS_Examen/EX13/EX13_1/ps7_cortexa9_0/freertos10_xilinx_domain/bsp/system.mss"
17:49:33 INFO  : (SwPlaform) Successfully done setParamInSpec 
17:49:33 INFO  : (SwPlaform) Successfully done setParamInSpec 
17:49:34 INFO  : (SwPlatform) Successfully done update_mss 
17:49:35 INFO  : Successfully done sdx_reload_mss "C:/Users/KasperPC/Desktop/EOS_Examen/EX13/EX13_1/ps7_cortexa9_0/freertos10_xilinx_domain/bsp/system.mss"
17:50:10 INFO  : Result from executing command 'getProjects': EX13_1
17:50:10 INFO  : Result from executing command 'getPlatforms': EX13_1|C:/Users/KasperPC/Desktop/EOS_Examen/EX13/EX13_1/export/EX13_1/EX13_1.xpfm
17:51:13 INFO  : Checking for BSP changes to sync application flags for project 'EX13_1_app'...
17:51:20 INFO  : Connected to target on host '127.0.0.1' and port '3121'.
17:51:21 INFO  : Jtag cable 'Avnet MiniZed V1 1234-oj1A' is selected.
17:51:21 INFO  : 'jtag frequency' command is executed.
17:51:22 INFO  : Context for 'APU' is selected.
17:51:22 INFO  : System reset is completed.
17:51:25 INFO  : 'after 3000' command is executed.
17:51:25 INFO  : 'targets -set -filter {jtag_cable_name =~ "Avnet MiniZed V1 1234-oj1A" && level==0 && jtag_device_ctx=="jsn-MiniZed V1-1234-oj1A-13723093-0"}' command is executed.
17:51:26 INFO  : FPGA configured successfully with bitstream "C:/Users/KasperPC/Desktop/EOS_Examen/EX13/EX13_1_app/_ide/bitstream/design_1_wrapper.bit"
17:51:27 INFO  : Context for 'APU' is selected.
17:51:27 INFO  : Hardware design and registers information is loaded from 'C:/Users/KasperPC/Desktop/EOS_Examen/EX13/EX13_1/export/EX13_1/hw/design_1_wrapper.xsa'.
17:51:27 INFO  : 'configparams force-mem-access 1' command is executed.
17:51:27 INFO  : Context for 'APU' is selected.
17:51:27 INFO  : Sourcing of 'C:/Users/KasperPC/Desktop/EOS_Examen/EX13/EX13_1_app/_ide/psinit/ps7_init.tcl' is done.
17:51:27 INFO  : 'ps7_init' command is executed.
17:51:27 INFO  : 'ps7_post_config' command is executed.
17:51:27 INFO  : Context for processor 'ps7_cortexa9_0' is selected.
17:51:28 INFO  : The application 'C:/Users/KasperPC/Desktop/EOS_Examen/EX13/EX13_1_app/Debug/EX13_1_app.elf' is downloaded to processor 'ps7_cortexa9_0'.
17:51:28 INFO  : 'configparams force-mem-access 0' command is executed.
17:51:28 INFO  : ----------------XSDB Script----------------
connect -url tcp:127.0.0.1:3121
targets -set -nocase -filter {name =~"APU*"}
rst -system
after 3000
targets -set -filter {jtag_cable_name =~ "Avnet MiniZed V1 1234-oj1A" && level==0 && jtag_device_ctx=="jsn-MiniZed V1-1234-oj1A-13723093-0"}
fpga -file C:/Users/KasperPC/Desktop/EOS_Examen/EX13/EX13_1_app/_ide/bitstream/design_1_wrapper.bit
targets -set -nocase -filter {name =~"APU*"}
loadhw -hw C:/Users/KasperPC/Desktop/EOS_Examen/EX13/EX13_1/export/EX13_1/hw/design_1_wrapper.xsa -mem-ranges [list {0x40000000 0xbfffffff}] -regs
configparams force-mem-access 1
targets -set -nocase -filter {name =~"APU*"}
source C:/Users/KasperPC/Desktop/EOS_Examen/EX13/EX13_1_app/_ide/psinit/ps7_init.tcl
ps7_init
ps7_post_config
targets -set -nocase -filter {name =~ "*A9*#0"}
dow C:/Users/KasperPC/Desktop/EOS_Examen/EX13/EX13_1_app/Debug/EX13_1_app.elf
configparams force-mem-access 0
----------------End of Script----------------

17:51:28 INFO  : Context for processor 'ps7_cortexa9_0' is selected.
17:51:28 INFO  : 'con' command is executed.
17:51:28 INFO  : ----------------XSDB Script (After Launch)----------------
targets -set -nocase -filter {name =~ "*A9*#0"}
con
----------------End of Script----------------

17:51:28 INFO  : Launch script is exported to file 'C:\Users\KasperPC\Desktop\EOS_Examen\EX13\.sdk\launch_scripts\single_application_debug\debugger_ex13_1_app-default.tcl'
17:53:07 INFO  : Result from executing command 'getProjects': EX13_1;design_1_wrapper
17:53:07 INFO  : Result from executing command 'getPlatforms': EX13_1|C:/Users/KasperPC/Desktop/EOS_Examen/EX13/EX13_1/export/EX13_1/EX13_1.xpfm
17:53:08 INFO  : Platform 'design_1_wrapper' is added to custom repositories.
17:53:16 INFO  : Platform 'design_1_wrapper' is added to custom repositories.
17:53:29 ERROR : An unexpected exception occurred in the module 'reading platform'
17:55:13 INFO  : Checking for BSP changes to sync application flags for project 'EX13_1_app'...
17:55:16 INFO  : Disconnected from the channel tcfchan#3.
17:55:17 INFO  : Connected to target on host '127.0.0.1' and port '3121'.
17:55:17 INFO  : Jtag cable 'Avnet MiniZed V1 1234-oj1A' is selected.
17:55:17 INFO  : 'jtag frequency' command is executed.
17:55:17 INFO  : Context for 'APU' is selected.
17:55:17 INFO  : System reset is completed.
17:55:20 INFO  : 'after 3000' command is executed.
17:55:20 INFO  : 'targets -set -filter {jtag_cable_name =~ "Avnet MiniZed V1 1234-oj1A" && level==0 && jtag_device_ctx=="jsn-MiniZed V1-1234-oj1A-13723093-0"}' command is executed.
17:55:22 INFO  : FPGA configured successfully with bitstream "C:/Users/KasperPC/Desktop/EOS_Examen/EX13/EX13_1_app/_ide/bitstream/design_1_wrapper.bit"
17:55:22 INFO  : Context for 'APU' is selected.
17:55:22 INFO  : Hardware design and registers information is loaded from 'C:/Users/KasperPC/Desktop/EOS_Examen/EX13/EX13_1/export/EX13_1/hw/design_1_wrapper.xsa'.
17:55:22 INFO  : 'configparams force-mem-access 1' command is executed.
17:55:22 INFO  : Context for 'APU' is selected.
17:55:22 INFO  : Sourcing of 'C:/Users/KasperPC/Desktop/EOS_Examen/EX13/EX13_1_app/_ide/psinit/ps7_init.tcl' is done.
17:55:22 INFO  : 'ps7_init' command is executed.
17:55:22 INFO  : 'ps7_post_config' command is executed.
17:55:22 INFO  : Context for processor 'ps7_cortexa9_0' is selected.
17:55:22 INFO  : The application 'C:/Users/KasperPC/Desktop/EOS_Examen/EX13/EX13_1_app/Debug/EX13_1_app.elf' is downloaded to processor 'ps7_cortexa9_0'.
17:55:22 INFO  : 'configparams force-mem-access 0' command is executed.
17:55:22 INFO  : ----------------XSDB Script----------------
connect -url tcp:127.0.0.1:3121
targets -set -nocase -filter {name =~"APU*"}
rst -system
after 3000
targets -set -filter {jtag_cable_name =~ "Avnet MiniZed V1 1234-oj1A" && level==0 && jtag_device_ctx=="jsn-MiniZed V1-1234-oj1A-13723093-0"}
fpga -file C:/Users/KasperPC/Desktop/EOS_Examen/EX13/EX13_1_app/_ide/bitstream/design_1_wrapper.bit
targets -set -nocase -filter {name =~"APU*"}
loadhw -hw C:/Users/KasperPC/Desktop/EOS_Examen/EX13/EX13_1/export/EX13_1/hw/design_1_wrapper.xsa -mem-ranges [list {0x40000000 0xbfffffff}] -regs
configparams force-mem-access 1
targets -set -nocase -filter {name =~"APU*"}
source C:/Users/KasperPC/Desktop/EOS_Examen/EX13/EX13_1_app/_ide/psinit/ps7_init.tcl
ps7_init
ps7_post_config
targets -set -nocase -filter {name =~ "*A9*#0"}
dow C:/Users/KasperPC/Desktop/EOS_Examen/EX13/EX13_1_app/Debug/EX13_1_app.elf
configparams force-mem-access 0
----------------End of Script----------------

17:55:22 INFO  : Context for processor 'ps7_cortexa9_0' is selected.
17:55:22 INFO  : 'con' command is executed.
17:55:22 INFO  : ----------------XSDB Script (After Launch)----------------
targets -set -nocase -filter {name =~ "*A9*#0"}
con
----------------End of Script----------------

17:55:22 INFO  : Launch script is exported to file 'C:\Users\KasperPC\Desktop\EOS_Examen\EX13\.sdk\launch_scripts\single_application_debug\debugger_ex13_1_app-default.tcl'
17:57:21 INFO  : Checking for BSP changes to sync application flags for project 'EX13_3_app'...
17:57:25 INFO  : Disconnected from the channel tcfchan#4.
17:57:26 INFO  : Connected to target on host '127.0.0.1' and port '3121'.
17:57:26 INFO  : Jtag cable 'Avnet MiniZed V1 1234-oj1A' is selected.
17:57:26 INFO  : 'jtag frequency' command is executed.
17:57:26 INFO  : Context for 'APU' is selected.
17:57:26 INFO  : System reset is completed.
17:57:29 INFO  : 'after 3000' command is executed.
17:57:29 INFO  : 'targets -set -filter {jtag_cable_name =~ "Avnet MiniZed V1 1234-oj1A" && level==0 && jtag_device_ctx=="jsn-MiniZed V1-1234-oj1A-13723093-0"}' command is executed.
17:57:31 INFO  : FPGA configured successfully with bitstream "C:/Users/KasperPC/Desktop/EOS_Examen/EX13/EX13_3_app/_ide/bitstream/design_1_wrapper.bit"
17:57:31 INFO  : Context for 'APU' is selected.
17:57:31 INFO  : Hardware design and registers information is loaded from 'C:/Users/KasperPC/Desktop/EOS_Examen/EX13/EX13_1/export/EX13_1/hw/design_1_wrapper.xsa'.
17:57:31 INFO  : 'configparams force-mem-access 1' command is executed.
17:57:31 INFO  : Context for 'APU' is selected.
17:57:31 INFO  : Sourcing of 'C:/Users/KasperPC/Desktop/EOS_Examen/EX13/EX13_3_app/_ide/psinit/ps7_init.tcl' is done.
17:57:31 INFO  : 'ps7_init' command is executed.
17:57:31 INFO  : 'ps7_post_config' command is executed.
17:57:31 INFO  : Context for processor 'ps7_cortexa9_0' is selected.
17:57:31 INFO  : The application 'C:/Users/KasperPC/Desktop/EOS_Examen/EX13/EX13_3_app/Debug/EX13_3_app.elf' is downloaded to processor 'ps7_cortexa9_0'.
17:57:31 INFO  : 'configparams force-mem-access 0' command is executed.
17:57:31 INFO  : ----------------XSDB Script----------------
connect -url tcp:127.0.0.1:3121
targets -set -nocase -filter {name =~"APU*"}
rst -system
after 3000
targets -set -filter {jtag_cable_name =~ "Avnet MiniZed V1 1234-oj1A" && level==0 && jtag_device_ctx=="jsn-MiniZed V1-1234-oj1A-13723093-0"}
fpga -file C:/Users/KasperPC/Desktop/EOS_Examen/EX13/EX13_3_app/_ide/bitstream/design_1_wrapper.bit
targets -set -nocase -filter {name =~"APU*"}
loadhw -hw C:/Users/KasperPC/Desktop/EOS_Examen/EX13/EX13_1/export/EX13_1/hw/design_1_wrapper.xsa -mem-ranges [list {0x40000000 0xbfffffff}] -regs
configparams force-mem-access 1
targets -set -nocase -filter {name =~"APU*"}
source C:/Users/KasperPC/Desktop/EOS_Examen/EX13/EX13_3_app/_ide/psinit/ps7_init.tcl
ps7_init
ps7_post_config
targets -set -nocase -filter {name =~ "*A9*#0"}
dow C:/Users/KasperPC/Desktop/EOS_Examen/EX13/EX13_3_app/Debug/EX13_3_app.elf
configparams force-mem-access 0
----------------End of Script----------------

17:57:31 INFO  : Context for processor 'ps7_cortexa9_0' is selected.
17:57:31 INFO  : 'con' command is executed.
17:57:31 INFO  : ----------------XSDB Script (After Launch)----------------
targets -set -nocase -filter {name =~ "*A9*#0"}
con
----------------End of Script----------------

17:57:31 INFO  : Launch script is exported to file 'C:\Users\KasperPC\Desktop\EOS_Examen\EX13\.sdk\launch_scripts\single_application_debug\debugger_ex13_3_app-default.tcl'
18:07:53 INFO  : Disconnected from the channel tcfchan#5.
18:13:24 INFO  : Launching XSCT server: xsct.bat -n  -interactive C:\Users\KasperPC\Desktop\EOS_Examen\EX13\temp_xsdb_launch_script.tcl
18:13:25 INFO  : XSCT server has started successfully.
18:13:25 INFO  : Successfully done setting XSCT server connection channel  
18:13:25 INFO  : plnx-install-location is set to ''
18:13:25 INFO  : Successfully done setting workspace for the tool. 
18:13:26 INFO  : Platform repository initialization has completed.
18:13:26 INFO  : Successfully done query RDI_DATADIR 
18:13:26 INFO  : Registering command handlers for Vitis TCF services
18:29:48 INFO  : Connected to target on host '127.0.0.1' and port '3121'.
18:29:49 INFO  : Jtag cable 'Avnet MiniZed V1 1234-oj1A' is selected.
18:29:49 INFO  : 'jtag frequency' command is executed.
18:29:49 INFO  : Context for 'APU' is selected.
18:29:49 INFO  : System reset is completed.
18:29:52 INFO  : 'after 3000' command is executed.
18:29:52 INFO  : 'targets -set -filter {jtag_cable_name =~ "Avnet MiniZed V1 1234-oj1A" && level==0 && jtag_device_ctx=="jsn-MiniZed V1-1234-oj1A-13723093-0"}' command is executed.
18:29:53 INFO  : FPGA configured successfully with bitstream "C:/Users/KasperPC/Desktop/EOS_Examen/EX13/EX13_1_app/_ide/bitstream/design_1_wrapper.bit"
18:29:53 INFO  : Context for 'APU' is selected.
18:29:53 INFO  : Hardware design and registers information is loaded from 'C:/Users/KasperPC/Desktop/EOS_Examen/EX13/EX13_1/export/EX13_1/hw/design_1_wrapper.xsa'.
18:29:53 INFO  : 'configparams force-mem-access 1' command is executed.
18:29:53 INFO  : Context for 'APU' is selected.
18:29:53 INFO  : Sourcing of 'C:/Users/KasperPC/Desktop/EOS_Examen/EX13/EX13_1_app/_ide/psinit/ps7_init.tcl' is done.
18:29:53 INFO  : 'ps7_init' command is executed.
18:29:53 INFO  : 'ps7_post_config' command is executed.
18:29:53 INFO  : Context for processor 'ps7_cortexa9_0' is selected.
18:29:53 INFO  : The application 'C:/Users/KasperPC/Desktop/EOS_Examen/EX13/EX13_1_app/Debug/EX13_1_app.elf' is downloaded to processor 'ps7_cortexa9_0'.
18:29:54 INFO  : 'configparams force-mem-access 0' command is executed.
18:29:54 INFO  : ----------------XSDB Script----------------
connect -url tcp:127.0.0.1:3121
targets -set -nocase -filter {name =~"APU*"}
rst -system
after 3000
targets -set -filter {jtag_cable_name =~ "Avnet MiniZed V1 1234-oj1A" && level==0 && jtag_device_ctx=="jsn-MiniZed V1-1234-oj1A-13723093-0"}
fpga -file C:/Users/KasperPC/Desktop/EOS_Examen/EX13/EX13_1_app/_ide/bitstream/design_1_wrapper.bit
targets -set -nocase -filter {name =~"APU*"}
loadhw -hw C:/Users/KasperPC/Desktop/EOS_Examen/EX13/EX13_1/export/EX13_1/hw/design_1_wrapper.xsa -mem-ranges [list {0x40000000 0xbfffffff}] -regs
configparams force-mem-access 1
targets -set -nocase -filter {name =~"APU*"}
source C:/Users/KasperPC/Desktop/EOS_Examen/EX13/EX13_1_app/_ide/psinit/ps7_init.tcl
ps7_init
ps7_post_config
targets -set -nocase -filter {name =~ "*A9*#0"}
dow C:/Users/KasperPC/Desktop/EOS_Examen/EX13/EX13_1_app/Debug/EX13_1_app.elf
configparams force-mem-access 0
----------------End of Script----------------

18:29:54 INFO  : Context for processor 'ps7_cortexa9_0' is selected.
18:29:54 INFO  : 'con' command is executed.
18:29:54 INFO  : ----------------XSDB Script (After Launch)----------------
targets -set -nocase -filter {name =~ "*A9*#0"}
con
----------------End of Script----------------

18:29:54 INFO  : Launch script is exported to file 'C:\Users\KasperPC\Desktop\EOS_Examen\EX13\.sdk\launch_scripts\single_application_debug\debugger_ex13_1_app-default.tcl'
19:03:26 INFO  : Disconnected from the channel tcfchan#1.
11:09:41 INFO  : Launching XSCT server: xsct.bat -n  -interactive C:\Users\KasperPC\Desktop\EOS_Examen\EX13\temp_xsdb_launch_script.tcl
11:09:43 INFO  : Platform repository initialization has completed.
11:09:43 INFO  : Registering command handlers for Vitis TCF services
11:09:44 INFO  : XSCT server has started successfully.
11:09:44 INFO  : plnx-install-location is set to ''
11:09:44 INFO  : Successfully done setting XSCT server connection channel  
11:09:46 INFO  : Successfully done setting workspace for the tool. 
11:09:46 INFO  : Successfully done query RDI_DATADIR 
13:50:50 INFO  : Launching XSCT server: xsct.bat -n  -interactive C:\Users\KasperPC\Desktop\EOS_Examen\EX13\temp_xsdb_launch_script.tcl
13:50:52 INFO  : Platform repository initialization has completed.
13:50:52 INFO  : XSCT server has started successfully.
13:50:52 INFO  : Successfully done setting XSCT server connection channel  
13:50:52 INFO  : Registering command handlers for Vitis TCF services
13:50:54 INFO  : plnx-install-location is set to ''
13:50:54 INFO  : Successfully done setting workspace for the tool. 
13:50:54 INFO  : Successfully done query RDI_DATADIR 
