TRACE::2021-01-25.10:52:49::SCWBifWriter::Found the complete platform C:/Users/KasperPC/Desktop/EOS_Examen/EX10/EX10/export/EX10/EX10.xpfm
TRACE::2021-01-25.10:52:49::SCWBifWriter::hardware databse : design_1_wrapper_3
TRACE::2021-01-25.10:52:49::SCWBifWriter::bitstream found in the design
TRACE::2021-01-25.10:52:49::SCWBifWriter::Found a baremetal domain, proc: ps7_cortexa9_0
TRACE::2021-01-25.10:52:49::SCWBifWriter::proc type : 
TRACE::2021-01-25.10:52:49::SCWBifWriter::proc[0] : ps7_cortexa9_0
TRACE::2021-01-25.10:52:49::SCWBifWriter::Device type is : zynq
TRACE::2021-01-25.10:52:49::SCWBifWriter::Writing BIF to file : C:/Users/KasperPC/Desktop/EOS_Examen/EX10/EX10_app_system/Debug/system.bif
TRACE::2021-01-25.10:52:49::SCWBifWriter::Writing the Zynq Baremetal bif 
TRACE::2021-01-25.10:53:06::SCWBifWriter::Found the complete platform C:/Users/KasperPC/Desktop/EOS_Examen/EX10/EX10/export/EX10/EX10.xpfm
TRACE::2021-01-25.10:53:06::SCWBifWriter::hardware databse : design_1_wrapper_3
TRACE::2021-01-25.10:53:06::SCWBifWriter::bitstream found in the design
TRACE::2021-01-25.10:53:06::SCWBifWriter::Found a baremetal domain, proc: ps7_cortexa9_0
TRACE::2021-01-25.10:53:06::SCWBifWriter::proc type : 
TRACE::2021-01-25.10:53:06::SCWBifWriter::proc[0] : ps7_cortexa9_0
TRACE::2021-01-25.10:53:06::SCWBifWriter::Device type is : zynq
TRACE::2021-01-25.10:53:06::SCWBifWriter::Writing BIF to file : C:/Users/KasperPC/Desktop/EOS_Examen/EX10/EX10_app_system/Debug/system.bif
TRACE::2021-01-25.10:53:06::SCWBifWriter::Writing the Zynq Baremetal bif 
TRACE::2021-01-25.10:53:13::SCWBifWriter::Found the complete platform C:/Users/KasperPC/Desktop/EOS_Examen/EX10/EX10/export/EX10/EX10.xpfm
TRACE::2021-01-25.10:53:13::SCWBifWriter::hardware databse : design_1_wrapper_3
TRACE::2021-01-25.10:53:13::SCWBifWriter::bitstream found in the design
TRACE::2021-01-25.10:53:13::SCWBifWriter::Found a baremetal domain, proc: ps7_cortexa9_0
TRACE::2021-01-25.10:53:13::SCWBifWriter::proc type : 
TRACE::2021-01-25.10:53:13::SCWBifWriter::proc[0] : ps7_cortexa9_0
TRACE::2021-01-25.10:53:13::SCWBifWriter::Device type is : zynq
TRACE::2021-01-25.10:53:13::SCWBifWriter::Writing BIF to file : C:/Users/KasperPC/Desktop/EOS_Examen/EX10/EX10_app_system/Debug/system.bif
TRACE::2021-01-25.10:53:13::SCWBifWriter::Writing the Zynq Baremetal bif 
