14:44:46 INFO  : Launching XSCT server: xsct.bat -n  -interactive C:\Users\KasperPC\Desktop\EOS_Examen\EX4\temp_xsdb_launch_script.tcl
14:44:46 INFO  : Registering command handlers for Vitis TCF services
14:44:46 INFO  : Platform repository initialization has completed.
14:44:48 INFO  : XSCT server has started successfully.
14:44:48 INFO  : Successfully done setting XSCT server connection channel  
14:44:48 INFO  : plnx-install-location is set to ''
14:44:48 INFO  : Successfully done setting workspace for the tool. 
14:44:48 INFO  : Successfully done query RDI_DATADIR 
15:17:01 INFO  : Launching XSCT server: xsct.bat -n  -interactive C:\Users\KasperPC\Desktop\EOS_Examen\EX4\temp_xsdb_launch_script.tcl
15:17:01 INFO  : Platform repository initialization has completed.
15:17:01 INFO  : Registering command handlers for Vitis TCF services
15:17:02 INFO  : XSCT server has started successfully.
15:17:02 INFO  : Successfully done setting XSCT server connection channel  
15:17:02 INFO  : plnx-install-location is set to ''
15:17:02 INFO  : Successfully done setting workspace for the tool. 
15:17:02 INFO  : Successfully done query RDI_DATADIR 
15:18:44 INFO  : Result from executing command 'getProjects': EX4
15:18:44 INFO  : Result from executing command 'getPlatforms': 
15:19:22 INFO  : Successfully done sdx_reload_mss "C:/Users/KasperPC/Desktop/EOS_Examen/EX4/EX4/zynq_fsbl/zynq_fsbl_bsp/system.mss"
15:19:26 INFO  : (SwPlaform) Successfully done setParamInSpec 
15:19:27 INFO  : (SwPlaform) Successfully done setParamInSpec 
15:19:28 INFO  : (SwPlatform) Successfully done update_mss 
15:19:29 INFO  : Successfully done sdx_reload_mss "C:/Users/KasperPC/Desktop/EOS_Examen/EX4/EX4/zynq_fsbl/zynq_fsbl_bsp/system.mss"
15:19:36 ERROR : (XSDB Server)rm: kan lstat `*.o' niet uitvoeren: Invalid argument

15:19:36 ERROR : (XSDB Server)make: *** [Makefile:42: clean] Error 1

15:19:38 INFO  : Successfully done sdx_reload_mss "C:/Users/KasperPC/Desktop/EOS_Examen/EX4/EX4/ps7_cortexa9_0/standalone_domain/bsp/system.mss"
15:19:46 INFO  : (SwPlaform) Successfully done setParamInSpec 
15:19:49 INFO  : (SwPlaform) Successfully done setParamInSpec 
15:19:49 INFO  : (SwPlaform) Successfully done setParamInSpec 
15:19:50 INFO  : (SwPlatform) Successfully done update_mss 
15:19:51 INFO  : Successfully done sdx_reload_mss "C:/Users/KasperPC/Desktop/EOS_Examen/EX4/EX4/ps7_cortexa9_0/standalone_domain/bsp/system.mss"
15:20:24 INFO  : Result from executing command 'getProjects': EX4
15:20:24 INFO  : Result from executing command 'getPlatforms': EX4|C:/Users/KasperPC/Desktop/EOS_Examen/EX4/EX4/export/EX4/EX4.xpfm
15:22:23 INFO  : Checking for BSP changes to sync application flags for project 'EX4_app'...
15:22:42 INFO  : Connected to target on host '127.0.0.1' and port '3121'.
15:22:43 INFO  : Jtag cable 'Avnet MiniZed V1 1234-oj1A' is selected.
15:22:43 INFO  : 'jtag frequency' command is executed.
15:22:44 INFO  : Context for 'APU' is selected.
15:22:44 INFO  : System reset is completed.
15:22:47 INFO  : 'after 3000' command is executed.
15:22:47 INFO  : 'targets -set -filter {jtag_cable_name =~ "Avnet MiniZed V1 1234-oj1A" && level==0 && jtag_device_ctx=="jsn-MiniZed V1-1234-oj1A-13723093-0"}' command is executed.
15:22:49 INFO  : FPGA configured successfully with bitstream "C:/Users/KasperPC/Desktop/EOS_Examen/EX4/EX4_app/_ide/bitstream/design_1_wrapper.bit"
15:22:49 INFO  : Context for 'APU' is selected.
15:22:49 INFO  : Hardware design and registers information is loaded from 'C:/Users/KasperPC/Desktop/EOS_Examen/EX4/EX4/export/EX4/hw/design_1_wrapper.xsa'.
15:22:49 INFO  : 'configparams force-mem-access 1' command is executed.
15:22:49 INFO  : Context for 'APU' is selected.
15:22:49 INFO  : Sourcing of 'C:/Users/KasperPC/Desktop/EOS_Examen/EX4/EX4_app/_ide/psinit/ps7_init.tcl' is done.
15:22:49 INFO  : 'ps7_init' command is executed.
15:22:49 INFO  : 'ps7_post_config' command is executed.
15:22:49 INFO  : Context for processor 'ps7_cortexa9_0' is selected.
15:22:50 INFO  : The application 'C:/Users/KasperPC/Desktop/EOS_Examen/EX4/EX4_app/Debug/EX4_app.elf' is downloaded to processor 'ps7_cortexa9_0'.
15:22:50 INFO  : 'configparams force-mem-access 0' command is executed.
15:22:50 INFO  : ----------------XSDB Script----------------
connect -url tcp:127.0.0.1:3121
targets -set -nocase -filter {name =~"APU*"}
rst -system
after 3000
targets -set -filter {jtag_cable_name =~ "Avnet MiniZed V1 1234-oj1A" && level==0 && jtag_device_ctx=="jsn-MiniZed V1-1234-oj1A-13723093-0"}
fpga -file C:/Users/KasperPC/Desktop/EOS_Examen/EX4/EX4_app/_ide/bitstream/design_1_wrapper.bit
targets -set -nocase -filter {name =~"APU*"}
loadhw -hw C:/Users/KasperPC/Desktop/EOS_Examen/EX4/EX4/export/EX4/hw/design_1_wrapper.xsa -mem-ranges [list {0x40000000 0xbfffffff}] -regs
configparams force-mem-access 1
targets -set -nocase -filter {name =~"APU*"}
source C:/Users/KasperPC/Desktop/EOS_Examen/EX4/EX4_app/_ide/psinit/ps7_init.tcl
ps7_init
ps7_post_config
targets -set -nocase -filter {name =~ "*A9*#0"}
dow C:/Users/KasperPC/Desktop/EOS_Examen/EX4/EX4_app/Debug/EX4_app.elf
configparams force-mem-access 0
----------------End of Script----------------

15:22:50 INFO  : Context for processor 'ps7_cortexa9_0' is selected.
15:22:50 INFO  : 'con' command is executed.
15:22:50 INFO  : ----------------XSDB Script (After Launch)----------------
targets -set -nocase -filter {name =~ "*A9*#0"}
con
----------------End of Script----------------

15:22:50 INFO  : Launch script is exported to file 'C:\Users\KasperPC\Desktop\EOS_Examen\EX4\.sdk\launch_scripts\single_application_debug\debugger_ex4_app-default.tcl'
15:23:21 INFO  : Disconnected from the channel tcfchan#4.
15:23:22 INFO  : Connected to target on host '127.0.0.1' and port '3121'.
15:23:22 INFO  : Jtag cable 'Avnet MiniZed V1 1234-oj1A' is selected.
15:23:22 INFO  : 'jtag frequency' command is executed.
15:23:22 INFO  : Context for 'APU' is selected.
15:23:22 INFO  : System reset is completed.
15:23:25 INFO  : 'after 3000' command is executed.
15:23:25 INFO  : 'targets -set -filter {jtag_cable_name =~ "Avnet MiniZed V1 1234-oj1A" && level==0 && jtag_device_ctx=="jsn-MiniZed V1-1234-oj1A-13723093-0"}' command is executed.
15:23:26 INFO  : FPGA configured successfully with bitstream "C:/Users/KasperPC/Desktop/EOS_Examen/EX4/EX4_app/_ide/bitstream/design_1_wrapper.bit"
15:23:26 INFO  : Context for 'APU' is selected.
15:23:26 INFO  : Hardware design and registers information is loaded from 'C:/Users/KasperPC/Desktop/EOS_Examen/EX4/EX4/export/EX4/hw/design_1_wrapper.xsa'.
15:23:26 INFO  : 'configparams force-mem-access 1' command is executed.
15:23:26 INFO  : Context for 'APU' is selected.
15:23:26 INFO  : Sourcing of 'C:/Users/KasperPC/Desktop/EOS_Examen/EX4/EX4_app/_ide/psinit/ps7_init.tcl' is done.
15:23:27 INFO  : 'ps7_init' command is executed.
15:23:27 INFO  : 'ps7_post_config' command is executed.
15:23:27 INFO  : Context for processor 'ps7_cortexa9_0' is selected.
15:23:27 INFO  : The application 'C:/Users/KasperPC/Desktop/EOS_Examen/EX4/EX4_app/Debug/EX4_app.elf' is downloaded to processor 'ps7_cortexa9_0'.
15:23:27 INFO  : 'configparams force-mem-access 0' command is executed.
15:23:27 INFO  : ----------------XSDB Script----------------
connect -url tcp:127.0.0.1:3121
targets -set -nocase -filter {name =~"APU*"}
rst -system
after 3000
targets -set -filter {jtag_cable_name =~ "Avnet MiniZed V1 1234-oj1A" && level==0 && jtag_device_ctx=="jsn-MiniZed V1-1234-oj1A-13723093-0"}
fpga -file C:/Users/KasperPC/Desktop/EOS_Examen/EX4/EX4_app/_ide/bitstream/design_1_wrapper.bit
targets -set -nocase -filter {name =~"APU*"}
loadhw -hw C:/Users/KasperPC/Desktop/EOS_Examen/EX4/EX4/export/EX4/hw/design_1_wrapper.xsa -mem-ranges [list {0x40000000 0xbfffffff}] -regs
configparams force-mem-access 1
targets -set -nocase -filter {name =~"APU*"}
source C:/Users/KasperPC/Desktop/EOS_Examen/EX4/EX4_app/_ide/psinit/ps7_init.tcl
ps7_init
ps7_post_config
targets -set -nocase -filter {name =~ "*A9*#0"}
dow C:/Users/KasperPC/Desktop/EOS_Examen/EX4/EX4_app/Debug/EX4_app.elf
configparams force-mem-access 0
----------------End of Script----------------

15:23:27 INFO  : Context for processor 'ps7_cortexa9_0' is selected.
15:23:27 INFO  : 'con' command is executed.
15:23:27 INFO  : ----------------XSDB Script (After Launch)----------------
targets -set -nocase -filter {name =~ "*A9*#0"}
con
----------------End of Script----------------

15:23:27 INFO  : Launch script is exported to file 'C:\Users\KasperPC\Desktop\EOS_Examen\EX4\.sdk\launch_scripts\single_application_debug\debugger_ex4_app-default.tcl'
15:29:05 INFO  : Checking for BSP changes to sync application flags for project 'EX4_app'...
15:29:18 INFO  : Checking for BSP changes to sync application flags for project 'EX4_app'...
15:29:24 INFO  : Disconnected from the channel tcfchan#5.
15:29:25 INFO  : Connected to target on host '127.0.0.1' and port '3121'.
15:29:25 INFO  : Jtag cable 'Avnet MiniZed V1 1234-oj1A' is selected.
15:29:25 INFO  : 'jtag frequency' command is executed.
15:29:25 INFO  : Context for 'APU' is selected.
15:29:25 INFO  : System reset is completed.
15:29:28 INFO  : 'after 3000' command is executed.
15:29:28 INFO  : 'targets -set -filter {jtag_cable_name =~ "Avnet MiniZed V1 1234-oj1A" && level==0 && jtag_device_ctx=="jsn-MiniZed V1-1234-oj1A-13723093-0"}' command is executed.
15:29:29 INFO  : FPGA configured successfully with bitstream "C:/Users/KasperPC/Desktop/EOS_Examen/EX4/EX4_app/_ide/bitstream/design_1_wrapper.bit"
15:29:29 INFO  : Context for 'APU' is selected.
15:29:29 INFO  : Hardware design and registers information is loaded from 'C:/Users/KasperPC/Desktop/EOS_Examen/EX4/EX4/export/EX4/hw/design_1_wrapper.xsa'.
15:29:30 INFO  : 'configparams force-mem-access 1' command is executed.
15:29:30 INFO  : Context for 'APU' is selected.
15:29:30 INFO  : Sourcing of 'C:/Users/KasperPC/Desktop/EOS_Examen/EX4/EX4_app/_ide/psinit/ps7_init.tcl' is done.
15:29:30 INFO  : 'ps7_init' command is executed.
15:29:30 INFO  : 'ps7_post_config' command is executed.
15:29:30 INFO  : Context for processor 'ps7_cortexa9_0' is selected.
15:29:30 INFO  : The application 'C:/Users/KasperPC/Desktop/EOS_Examen/EX4/EX4_app/Debug/EX4_app.elf' is downloaded to processor 'ps7_cortexa9_0'.
15:29:30 INFO  : 'configparams force-mem-access 0' command is executed.
15:29:30 INFO  : ----------------XSDB Script----------------
connect -url tcp:127.0.0.1:3121
targets -set -nocase -filter {name =~"APU*"}
rst -system
after 3000
targets -set -filter {jtag_cable_name =~ "Avnet MiniZed V1 1234-oj1A" && level==0 && jtag_device_ctx=="jsn-MiniZed V1-1234-oj1A-13723093-0"}
fpga -file C:/Users/KasperPC/Desktop/EOS_Examen/EX4/EX4_app/_ide/bitstream/design_1_wrapper.bit
targets -set -nocase -filter {name =~"APU*"}
loadhw -hw C:/Users/KasperPC/Desktop/EOS_Examen/EX4/EX4/export/EX4/hw/design_1_wrapper.xsa -mem-ranges [list {0x40000000 0xbfffffff}] -regs
configparams force-mem-access 1
targets -set -nocase -filter {name =~"APU*"}
source C:/Users/KasperPC/Desktop/EOS_Examen/EX4/EX4_app/_ide/psinit/ps7_init.tcl
ps7_init
ps7_post_config
targets -set -nocase -filter {name =~ "*A9*#0"}
dow C:/Users/KasperPC/Desktop/EOS_Examen/EX4/EX4_app/Debug/EX4_app.elf
configparams force-mem-access 0
----------------End of Script----------------

15:29:30 INFO  : Context for processor 'ps7_cortexa9_0' is selected.
15:29:30 INFO  : 'con' command is executed.
15:29:30 INFO  : ----------------XSDB Script (After Launch)----------------
targets -set -nocase -filter {name =~ "*A9*#0"}
con
----------------End of Script----------------

15:29:30 INFO  : Launch script is exported to file 'C:\Users\KasperPC\Desktop\EOS_Examen\EX4\.sdk\launch_scripts\single_application_debug\debugger_ex4_app-default.tcl'
15:36:11 INFO  : Checking for BSP changes to sync application flags for project 'EX4_app'...
15:36:18 INFO  : Disconnected from the channel tcfchan#7.
15:36:19 INFO  : Connected to target on host '127.0.0.1' and port '3121'.
15:36:19 INFO  : Jtag cable 'Avnet MiniZed V1 1234-oj1A' is selected.
15:36:19 INFO  : 'jtag frequency' command is executed.
15:36:19 INFO  : Context for 'APU' is selected.
15:36:19 INFO  : System reset is completed.
15:36:22 INFO  : 'after 3000' command is executed.
15:36:23 INFO  : 'targets -set -filter {jtag_cable_name =~ "Avnet MiniZed V1 1234-oj1A" && level==0 && jtag_device_ctx=="jsn-MiniZed V1-1234-oj1A-13723093-0"}' command is executed.
15:36:24 INFO  : FPGA configured successfully with bitstream "C:/Users/KasperPC/Desktop/EOS_Examen/EX4/EX4_app/_ide/bitstream/design_1_wrapper.bit"
15:36:24 INFO  : Context for 'APU' is selected.
15:36:24 INFO  : Hardware design and registers information is loaded from 'C:/Users/KasperPC/Desktop/EOS_Examen/EX4/EX4/export/EX4/hw/design_1_wrapper.xsa'.
15:36:24 INFO  : 'configparams force-mem-access 1' command is executed.
15:36:24 INFO  : Context for 'APU' is selected.
15:36:24 INFO  : Sourcing of 'C:/Users/KasperPC/Desktop/EOS_Examen/EX4/EX4_app/_ide/psinit/ps7_init.tcl' is done.
15:36:24 INFO  : 'ps7_init' command is executed.
15:36:24 INFO  : 'ps7_post_config' command is executed.
15:36:24 INFO  : Context for processor 'ps7_cortexa9_0' is selected.
15:36:24 INFO  : The application 'C:/Users/KasperPC/Desktop/EOS_Examen/EX4/EX4_app/Debug/EX4_app.elf' is downloaded to processor 'ps7_cortexa9_0'.
15:36:24 INFO  : 'configparams force-mem-access 0' command is executed.
15:36:24 INFO  : ----------------XSDB Script----------------
connect -url tcp:127.0.0.1:3121
targets -set -nocase -filter {name =~"APU*"}
rst -system
after 3000
targets -set -filter {jtag_cable_name =~ "Avnet MiniZed V1 1234-oj1A" && level==0 && jtag_device_ctx=="jsn-MiniZed V1-1234-oj1A-13723093-0"}
fpga -file C:/Users/KasperPC/Desktop/EOS_Examen/EX4/EX4_app/_ide/bitstream/design_1_wrapper.bit
targets -set -nocase -filter {name =~"APU*"}
loadhw -hw C:/Users/KasperPC/Desktop/EOS_Examen/EX4/EX4/export/EX4/hw/design_1_wrapper.xsa -mem-ranges [list {0x40000000 0xbfffffff}] -regs
configparams force-mem-access 1
targets -set -nocase -filter {name =~"APU*"}
source C:/Users/KasperPC/Desktop/EOS_Examen/EX4/EX4_app/_ide/psinit/ps7_init.tcl
ps7_init
ps7_post_config
targets -set -nocase -filter {name =~ "*A9*#0"}
dow C:/Users/KasperPC/Desktop/EOS_Examen/EX4/EX4_app/Debug/EX4_app.elf
configparams force-mem-access 0
----------------End of Script----------------

15:36:25 INFO  : Context for processor 'ps7_cortexa9_0' is selected.
15:36:25 INFO  : 'con' command is executed.
15:36:25 INFO  : ----------------XSDB Script (After Launch)----------------
targets -set -nocase -filter {name =~ "*A9*#0"}
con
----------------End of Script----------------

15:36:25 INFO  : Launch script is exported to file 'C:\Users\KasperPC\Desktop\EOS_Examen\EX4\.sdk\launch_scripts\single_application_debug\debugger_ex4_app-default.tcl'
15:37:06 INFO  : Disconnected from the channel tcfchan#9.
