11:00:22 INFO  : Registering command handlers for SDK TCF services
11:00:24 INFO  : Launching XSCT server: xsct.bat -interactive C:\Users\Gebruiker\Desktop\Oef_FPGA\Oef_17\Oef_17.sdk\temp_xsdb_launch_script.tcl
11:00:37 INFO  : XSCT server has started successfully.
11:00:40 INFO  : Successfully done setting XSCT server connection channel  
11:00:40 INFO  : Successfully done setting SDK workspace  
11:00:40 INFO  : Processing command line option -hwspec C:/Users/Gebruiker/Desktop/Oef_FPGA/Oef_17/Oef_17.sdk/design_1_wrapper.hdf.
11:02:58 INFO  : Refreshed build settings on project Oef_17
10:58:12 INFO  : Registering command handlers for SDK TCF services
10:58:12 INFO  : Launching XSCT server: xsct.bat -interactive C:\Users\Gebruiker\Desktop\Oef_FPGA\Oef_17\Oef_17.sdk\temp_xsdb_launch_script.tcl
10:58:16 INFO  : XSCT server has started successfully.
10:58:16 INFO  : Processing command line option -hwspec C:/Users/Gebruiker/Desktop/Oef_FPGA/Oef_17/Oef_17.sdk/design_1_wrapper.hdf.
10:58:16 INFO  : Successfully done setting XSCT server connection channel  
10:58:16 INFO  : Successfully done setting SDK workspace  
10:58:16 INFO  : Checking for hwspec changes in the project design_1_wrapper_hw_platform_0.
11:27:23 INFO  : Connected to target on host '127.0.0.1' and port '3121'.
11:27:25 INFO  : 'targets -set -filter {jtag_cable_name =~ "Avnet MiniZed V1 1234-oj1A" && level==0} -index 1' command is executed.
11:27:26 INFO  : FPGA configured successfully with bitstream "C:/Users/Gebruiker/Desktop/Oef_FPGA/Oef_17/Oef_17.sdk/design_1_wrapper_hw_platform_0/design_1_wrapper.bit"
11:28:06 INFO  : 'targets -set -filter {jtag_cable_name =~ "Avnet MiniZed V1 1234-oj1A" && level==0} -index 1' command is executed.
11:28:06 INFO  : 'fpga -state' command is executed.
11:28:06 INFO  : Connected to target on host '127.0.0.1' and port '3121'.
11:28:06 INFO  : Jtag cable 'Avnet MiniZed V1 1234-oj1A' is selected.
11:28:06 INFO  : 'jtag frequency' command is executed.
11:28:06 INFO  : Sourcing of 'C:/Users/Gebruiker/Desktop/Oef_FPGA/Oef_17/Oef_17.sdk/design_1_wrapper_hw_platform_0/ps7_init.tcl' is done.
11:28:06 INFO  : Context for 'APU' is selected.
11:28:06 INFO  : Hardware design information is loaded from 'C:/Users/Gebruiker/Desktop/Oef_FPGA/Oef_17/Oef_17.sdk/design_1_wrapper_hw_platform_0/system.hdf'.
11:28:06 INFO  : 'configparams force-mem-access 1' command is executed.
11:28:06 INFO  : Context for 'APU' is selected.
11:28:06 INFO  : 'stop' command is executed.
11:28:07 INFO  : 'ps7_init' command is executed.
11:28:07 INFO  : 'ps7_post_config' command is executed.
11:28:07 INFO  : Context for processor 'ps7_cortexa9_0' is selected.
11:28:07 INFO  : Processor reset is completed for 'ps7_cortexa9_0'.
11:28:07 INFO  : Context for processor 'ps7_cortexa9_0' is selected.
11:28:07 INFO  : The application 'C:/Users/Gebruiker/Desktop/Oef_FPGA/Oef_17/Oef_17.sdk/Oef_17/Debug/Oef_17.elf' is downloaded to processor 'ps7_cortexa9_0'.
11:28:07 INFO  : 'configparams force-mem-access 0' command is executed.
11:28:07 INFO  : ----------------XSDB Script----------------
connect -url tcp:127.0.0.1:3121
source C:/Users/Gebruiker/Desktop/Oef_FPGA/Oef_17/Oef_17.sdk/design_1_wrapper_hw_platform_0/ps7_init.tcl
targets -set -nocase -filter {name =~"APU*" && jtag_cable_name =~ "Avnet MiniZed V1 1234-oj1A"} -index 0
loadhw -hw C:/Users/Gebruiker/Desktop/Oef_FPGA/Oef_17/Oef_17.sdk/design_1_wrapper_hw_platform_0/system.hdf -mem-ranges [list {0x40000000 0xbfffffff}]
configparams force-mem-access 1
targets -set -nocase -filter {name =~"APU*" && jtag_cable_name =~ "Avnet MiniZed V1 1234-oj1A"} -index 0
stop
ps7_init
ps7_post_config
targets -set -nocase -filter {name =~ "ARM*#0" && jtag_cable_name =~ "Avnet MiniZed V1 1234-oj1A"} -index 0
rst -processor
targets -set -nocase -filter {name =~ "ARM*#0" && jtag_cable_name =~ "Avnet MiniZed V1 1234-oj1A"} -index 0
dow C:/Users/Gebruiker/Desktop/Oef_FPGA/Oef_17/Oef_17.sdk/Oef_17/Debug/Oef_17.elf
configparams force-mem-access 0
----------------End of Script----------------

11:28:08 INFO  : Memory regions updated for context APU
11:28:08 INFO  : Context for processor 'ps7_cortexa9_0' is selected.
11:28:08 INFO  : 'con' command is executed.
11:28:08 INFO  : ----------------XSDB Script (After Launch)----------------
targets -set -nocase -filter {name =~ "ARM*#0" && jtag_cable_name =~ "Avnet MiniZed V1 1234-oj1A"} -index 0
con
----------------End of Script----------------

11:28:08 INFO  : Launch script is exported to file 'C:\Users\Gebruiker\Desktop\Oef_FPGA\Oef_17\Oef_17.sdk\.sdk\launch_scripts\xilinx_c-c++_application_(system_debugger)\system_debugger_using_debug_oef_17.elf_on_local.tcl'
11:29:44 INFO  : Disconnected from the channel tcfchan#1.
