Copyright 1986-2019 Xilinx, Inc. All Rights Reserved.
------------------------------------------------------------------------------------
| Tool Version : Vivado v.2019.2 (win64) Build 2708876 Wed Nov  6 21:40:23 MST 2019
| Date         : Wed Jun  3 12:02:25 2020
| Host         : DESKTOP-AIIUJ62 running 64-bit major release  (build 9200)
| Command      : upgrade_ip
| Device       : xc7z007sclg225-1
------------------------------------------------------------------------------------

Upgrade Log for IP 'design_1_ROTARY_ENCODER_0_0'

1. Summary
----------

SUCCESS in the upgrade of design_1_ROTARY_ENCODER_0_0 (xilinx.com:user:ROTARY_ENCODER:1.0) from (Rev. 5) to (Rev. 6)






Copyright 1986-2019 Xilinx, Inc. All Rights Reserved.
------------------------------------------------------------------------------------
| Tool Version : Vivado v.2019.2 (win64) Build 2708876 Wed Nov  6 21:40:23 MST 2019
| Date         : Wed Jun  3 11:58:18 2020
| Host         : DESKTOP-AIIUJ62 running 64-bit major release  (build 9200)
| Command      : upgrade_ip
| Device       : xc7z007sclg225-1
------------------------------------------------------------------------------------

Upgrade Log for IP 'design_1_ROTARY_ENCODER_0_0'

1. Summary
----------

SUCCESS in the upgrade of design_1_ROTARY_ENCODER_0_0 (xilinx.com:user:ROTARY_ENCODER:1.0) from (Rev. 4) to (Rev. 5)

