17:27:09 INFO  : Launching XSCT server: xsct.bat -n  -interactive C:\Users\KasperPC\Desktop\EOS_Examen\EX9\temp_xsdb_launch_script.tcl
17:27:09 INFO  : Registering command handlers for Vitis TCF services
17:27:09 INFO  : Platform repository initialization has completed.
17:27:10 INFO  : XSCT server has started successfully.
17:27:10 INFO  : Successfully done setting XSCT server connection channel  
17:27:10 INFO  : Successfully done query RDI_DATADIR 
17:27:10 INFO  : Successfully done setting workspace for the tool. 
17:27:10 INFO  : plnx-install-location is set to ''
17:27:54 INFO  : Result from executing command 'getProjects': EX9
17:27:54 INFO  : Result from executing command 'getPlatforms': 
17:28:29 INFO  : Successfully done sdx_reload_mss "C:/Users/KasperPC/Desktop/EOS_Examen/EX9/EX9/zynq_fsbl/zynq_fsbl_bsp/system.mss"
17:28:35 INFO  : (SwPlaform) Successfully done setParamInSpec 
17:28:35 INFO  : (SwPlaform) Successfully done setParamInSpec 
17:28:37 INFO  : (SwPlaform) Successfully done setParamInSpec 
17:28:37 INFO  : (SwPlaform) Successfully done setParamInSpec 
17:28:38 INFO  : (SwPlatform) Successfully done update_mss 
17:28:39 INFO  : Successfully done sdx_reload_mss "C:/Users/KasperPC/Desktop/EOS_Examen/EX9/EX9/zynq_fsbl/zynq_fsbl_bsp/system.mss"
17:28:46 ERROR : (XSDB Server)rm: kan lstat `*.o' niet uitvoeren: Invalid argument

17:28:46 ERROR : (XSDB Server)make: *** [Makefile:42: clean] Error 1

17:29:00 INFO  : Successfully done sdx_reload_mss "C:/Users/KasperPC/Desktop/EOS_Examen/EX9/EX9/ps7_cortexa9_0/freertos10_xilinx_domain/bsp/system.mss"
17:29:05 INFO  : (SwPlaform) Successfully done setParamInSpec 
17:29:05 INFO  : (SwPlaform) Successfully done setParamInSpec 
17:29:07 INFO  : (SwPlatform) Successfully done update_mss 
17:29:07 INFO  : Successfully done sdx_reload_mss "C:/Users/KasperPC/Desktop/EOS_Examen/EX9/EX9/ps7_cortexa9_0/freertos10_xilinx_domain/bsp/system.mss"
10:29:56 INFO  : Launching XSCT server: xsct.bat -n  -interactive C:\Users\KasperPC\Desktop\EOS_Examen\EX9\temp_xsdb_launch_script.tcl
10:29:58 INFO  : Registering command handlers for Vitis TCF services
10:29:58 INFO  : Platform repository initialization has completed.
10:29:59 INFO  : XSCT server has started successfully.
10:29:59 INFO  : plnx-install-location is set to ''
10:30:01 INFO  : Successfully done setting XSCT server connection channel  
10:30:01 INFO  : Successfully done query RDI_DATADIR 
10:30:01 INFO  : Successfully done setting workspace for the tool. 
10:30:45 INFO  : Result from executing command 'getProjects': EX9
10:30:45 INFO  : Result from executing command 'getPlatforms': EX9|C:/Users/KasperPC/Desktop/EOS_Examen/EX9/EX9/export/EX9/EX9.xpfm
10:33:46 INFO  : Checking for BSP changes to sync application flags for project 'EX9_app'...
10:35:42 INFO  : Result from executing command 'getProjects': EX9
10:35:42 INFO  : Result from executing command 'getPlatforms': EX9|C:/Users/KasperPC/Desktop/EOS_Examen/EX9/EX9/export/EX9/EX9.xpfm
10:35:42 INFO  : Checking for BSP changes to sync application flags for project 'EX9_app'...
10:35:54 INFO  : Connected to target on host '127.0.0.1' and port '3121'.
10:35:55 INFO  : Jtag cable 'Avnet MiniZed V1 1234-oj1A' is selected.
10:35:55 INFO  : 'jtag frequency' command is executed.
10:35:55 INFO  : Context for 'APU' is selected.
10:35:56 INFO  : System reset is completed.
10:35:59 INFO  : 'after 3000' command is executed.
10:35:59 INFO  : Connected to target on host '127.0.0.1' and port '3121'.
10:35:59 INFO  : 'targets -set -filter {jtag_cable_name =~ "Avnet MiniZed V1 1234-oj1A" && level==0 && jtag_device_ctx=="jsn-MiniZed V1-1234-oj1A-13723093-0"}' command is executed.
10:36:00 INFO  : FPGA configured successfully with bitstream "C:/Users/KasperPC/Desktop/EOS_Examen/EX9/EX9_app/_ide/bitstream/design_1_wrapper.bit"
10:36:01 INFO  : Context for 'APU' is selected.
10:36:01 INFO  : Hardware design and registers information is loaded from 'C:/Users/KasperPC/Desktop/EOS_Examen/EX9/EX9/export/EX9/hw/design_1_wrapper.xsa'.
10:36:01 INFO  : 'configparams force-mem-access 1' command is executed.
10:36:01 INFO  : Jtag cable 'Avnet MiniZed V1 1234-oj1A' is selected.
10:36:01 INFO  : Context for 'APU' is selected.
10:36:01 INFO  : 'jtag frequency' command is executed.
10:36:01 INFO  : Sourcing of 'C:/Users/KasperPC/Desktop/EOS_Examen/EX9/EX9_app/_ide/psinit/ps7_init.tcl' is done.
10:36:01 INFO  : Context for 'APU' is selected.
10:36:01 INFO  : 'ps7_init' command is executed.
10:36:01 INFO  : System reset is completed.
10:36:01 INFO  : 'ps7_post_config' command is executed.
10:36:04 INFO  : 'after 3000' command is executed.
10:36:05 INFO  : Context for processor 'ps7_cortexa9_0' is selected.
10:36:05 ERROR : Memory write error at 0x100000. Cannot access DDR: the controller is held in reset
10:36:05 INFO  : ----------------XSDB Script----------------
connect -url tcp:127.0.0.1:3121
targets -set -nocase -filter {name =~"APU*"}
rst -system
after 3000
targets -set -filter {jtag_cable_name =~ "Avnet MiniZed V1 1234-oj1A" && level==0 && jtag_device_ctx=="jsn-MiniZed V1-1234-oj1A-13723093-0"}
fpga -file C:/Users/KasperPC/Desktop/EOS_Examen/EX9/EX9_app/_ide/bitstream/design_1_wrapper.bit
targets -set -nocase -filter {name =~"APU*"}
loadhw -hw C:/Users/KasperPC/Desktop/EOS_Examen/EX9/EX9/export/EX9/hw/design_1_wrapper.xsa -mem-ranges [list {0x40000000 0xbfffffff}] -regs
configparams force-mem-access 1
targets -set -nocase -filter {name =~"APU*"}
source C:/Users/KasperPC/Desktop/EOS_Examen/EX9/EX9_app/_ide/psinit/ps7_init.tcl
ps7_init
ps7_post_config
targets -set -nocase -filter {name =~ "*A9*#0"}
dow C:/Users/KasperPC/Desktop/EOS_Examen/EX9/EX9_app/Debug/EX9_app.elf
----------------End of Script----------------

10:36:05 ERROR : Memory write error at 0x100000. Cannot access DDR: the controller is held in reset
10:36:05 INFO  : 'targets -set -filter {jtag_cable_name =~ "Avnet MiniZed V1 1234-oj1A" && level==0 && jtag_device_ctx=="jsn-MiniZed V1-1234-oj1A-13723093-0"}' command is executed.
10:36:06 INFO  : FPGA configured successfully with bitstream "C:/Users/KasperPC/Desktop/EOS_Examen/EX9/EX9_app/_ide/bitstream/design_1_wrapper.bit"
10:36:16 INFO  : Context for 'APU' is selected.
10:36:16 INFO  : Hardware design and registers information is loaded from 'C:/Users/KasperPC/Desktop/EOS_Examen/EX9/EX9/export/EX9/hw/design_1_wrapper.xsa'.
10:36:16 INFO  : 'configparams force-mem-access 1' command is executed.
10:36:16 INFO  : Context for 'APU' is selected.
10:36:16 INFO  : Sourcing of 'C:/Users/KasperPC/Desktop/EOS_Examen/EX9/EX9_app/_ide/psinit/ps7_init.tcl' is done.
10:36:16 INFO  : 'ps7_init' command is executed.
10:36:17 INFO  : 'ps7_post_config' command is executed.
10:36:17 INFO  : Context for processor 'ps7_cortexa9_0' is selected.
10:36:17 INFO  : The application 'C:/Users/KasperPC/Desktop/EOS_Examen/EX9/EX9_app/Debug/EX9_app.elf' is downloaded to processor 'ps7_cortexa9_0'.
10:36:17 INFO  : 'configparams force-mem-access 0' command is executed.
10:36:17 INFO  : ----------------XSDB Script----------------
connect -url tcp:127.0.0.1:3121
targets -set -nocase -filter {name =~"APU*"}
rst -system
after 3000
targets -set -filter {jtag_cable_name =~ "Avnet MiniZed V1 1234-oj1A" && level==0 && jtag_device_ctx=="jsn-MiniZed V1-1234-oj1A-13723093-0"}
fpga -file C:/Users/KasperPC/Desktop/EOS_Examen/EX9/EX9_app/_ide/bitstream/design_1_wrapper.bit
targets -set -nocase -filter {name =~"APU*"}
loadhw -hw C:/Users/KasperPC/Desktop/EOS_Examen/EX9/EX9/export/EX9/hw/design_1_wrapper.xsa -mem-ranges [list {0x40000000 0xbfffffff}] -regs
configparams force-mem-access 1
targets -set -nocase -filter {name =~"APU*"}
source C:/Users/KasperPC/Desktop/EOS_Examen/EX9/EX9_app/_ide/psinit/ps7_init.tcl
ps7_init
ps7_post_config
targets -set -nocase -filter {name =~ "*A9*#0"}
dow C:/Users/KasperPC/Desktop/EOS_Examen/EX9/EX9_app/Debug/EX9_app.elf
configparams force-mem-access 0
----------------End of Script----------------

10:36:17 INFO  : Context for processor 'ps7_cortexa9_0' is selected.
10:36:17 INFO  : 'con' command is executed.
10:36:17 INFO  : ----------------XSDB Script (After Launch)----------------
targets -set -nocase -filter {name =~ "*A9*#0"}
con
----------------End of Script----------------

10:36:17 INFO  : Launch script is exported to file 'C:\Users\KasperPC\Desktop\EOS_Examen\EX9\.sdk\launch_scripts\single_application_debug\debugger_ex9_app-default.tcl'
10:36:20 INFO  : Disconnected from the channel tcfchan#6.
10:36:21 INFO  : Connected to target on host '127.0.0.1' and port '3121'.
10:36:21 INFO  : Jtag cable 'Avnet MiniZed V1 1234-oj1A' is selected.
10:36:21 INFO  : 'jtag frequency' command is executed.
10:36:21 INFO  : Context for 'APU' is selected.
10:36:21 INFO  : System reset is completed.
10:36:24 INFO  : 'after 3000' command is executed.
10:36:25 INFO  : 'targets -set -filter {jtag_cable_name =~ "Avnet MiniZed V1 1234-oj1A" && level==0 && jtag_device_ctx=="jsn-MiniZed V1-1234-oj1A-13723093-0"}' command is executed.
10:36:26 INFO  : FPGA configured successfully with bitstream "C:/Users/KasperPC/Desktop/EOS_Examen/EX9/EX9_app/_ide/bitstream/design_1_wrapper.bit"
10:36:26 INFO  : Context for 'APU' is selected.
10:36:26 INFO  : Hardware design and registers information is loaded from 'C:/Users/KasperPC/Desktop/EOS_Examen/EX9/EX9/export/EX9/hw/design_1_wrapper.xsa'.
10:36:26 INFO  : 'configparams force-mem-access 1' command is executed.
10:36:26 INFO  : Context for 'APU' is selected.
10:36:26 INFO  : Sourcing of 'C:/Users/KasperPC/Desktop/EOS_Examen/EX9/EX9_app/_ide/psinit/ps7_init.tcl' is done.
10:36:26 INFO  : 'ps7_init' command is executed.
10:36:26 INFO  : 'ps7_post_config' command is executed.
10:36:26 INFO  : Context for processor 'ps7_cortexa9_0' is selected.
10:36:26 INFO  : The application 'C:/Users/KasperPC/Desktop/EOS_Examen/EX9/EX9_app/Debug/EX9_app.elf' is downloaded to processor 'ps7_cortexa9_0'.
10:36:26 INFO  : 'configparams force-mem-access 0' command is executed.
10:36:26 INFO  : ----------------XSDB Script----------------
connect -url tcp:127.0.0.1:3121
targets -set -nocase -filter {name =~"APU*"}
rst -system
after 3000
targets -set -filter {jtag_cable_name =~ "Avnet MiniZed V1 1234-oj1A" && level==0 && jtag_device_ctx=="jsn-MiniZed V1-1234-oj1A-13723093-0"}
fpga -file C:/Users/KasperPC/Desktop/EOS_Examen/EX9/EX9_app/_ide/bitstream/design_1_wrapper.bit
targets -set -nocase -filter {name =~"APU*"}
loadhw -hw C:/Users/KasperPC/Desktop/EOS_Examen/EX9/EX9/export/EX9/hw/design_1_wrapper.xsa -mem-ranges [list {0x40000000 0xbfffffff}] -regs
configparams force-mem-access 1
targets -set -nocase -filter {name =~"APU*"}
source C:/Users/KasperPC/Desktop/EOS_Examen/EX9/EX9_app/_ide/psinit/ps7_init.tcl
ps7_init
ps7_post_config
targets -set -nocase -filter {name =~ "*A9*#0"}
dow C:/Users/KasperPC/Desktop/EOS_Examen/EX9/EX9_app/Debug/EX9_app.elf
configparams force-mem-access 0
----------------End of Script----------------

10:36:26 INFO  : Context for processor 'ps7_cortexa9_0' is selected.
10:36:27 INFO  : 'con' command is executed.
10:36:27 INFO  : ----------------XSDB Script (After Launch)----------------
targets -set -nocase -filter {name =~ "*A9*#0"}
con
----------------End of Script----------------

10:36:27 INFO  : Launch script is exported to file 'C:\Users\KasperPC\Desktop\EOS_Examen\EX9\.sdk\launch_scripts\single_application_debug\debugger_ex9_app-default.tcl'
10:38:12 INFO  : Checking for BSP changes to sync application flags for project 'EX9_app'...
10:38:19 INFO  : Disconnected from the channel tcfchan#7.
10:38:20 INFO  : Connected to target on host '127.0.0.1' and port '3121'.
10:38:20 INFO  : Jtag cable 'Avnet MiniZed V1 1234-oj1A' is selected.
10:38:20 INFO  : 'jtag frequency' command is executed.
10:38:20 INFO  : Context for 'APU' is selected.
10:38:20 INFO  : System reset is completed.
10:38:23 INFO  : 'after 3000' command is executed.
10:38:23 INFO  : 'targets -set -filter {jtag_cable_name =~ "Avnet MiniZed V1 1234-oj1A" && level==0 && jtag_device_ctx=="jsn-MiniZed V1-1234-oj1A-13723093-0"}' command is executed.
10:38:24 INFO  : FPGA configured successfully with bitstream "C:/Users/KasperPC/Desktop/EOS_Examen/EX9/EX9_app/_ide/bitstream/design_1_wrapper.bit"
10:38:24 INFO  : Context for 'APU' is selected.
10:38:24 INFO  : Hardware design and registers information is loaded from 'C:/Users/KasperPC/Desktop/EOS_Examen/EX9/EX9/export/EX9/hw/design_1_wrapper.xsa'.
10:38:24 INFO  : 'configparams force-mem-access 1' command is executed.
10:38:24 INFO  : Context for 'APU' is selected.
10:38:24 INFO  : Sourcing of 'C:/Users/KasperPC/Desktop/EOS_Examen/EX9/EX9_app/_ide/psinit/ps7_init.tcl' is done.
10:38:25 INFO  : 'ps7_init' command is executed.
10:38:25 INFO  : 'ps7_post_config' command is executed.
10:38:25 INFO  : Context for processor 'ps7_cortexa9_0' is selected.
10:38:25 INFO  : The application 'C:/Users/KasperPC/Desktop/EOS_Examen/EX9/EX9_app/Debug/EX9_app.elf' is downloaded to processor 'ps7_cortexa9_0'.
10:38:25 INFO  : 'configparams force-mem-access 0' command is executed.
10:38:25 INFO  : ----------------XSDB Script----------------
connect -url tcp:127.0.0.1:3121
targets -set -nocase -filter {name =~"APU*"}
rst -system
after 3000
targets -set -filter {jtag_cable_name =~ "Avnet MiniZed V1 1234-oj1A" && level==0 && jtag_device_ctx=="jsn-MiniZed V1-1234-oj1A-13723093-0"}
fpga -file C:/Users/KasperPC/Desktop/EOS_Examen/EX9/EX9_app/_ide/bitstream/design_1_wrapper.bit
targets -set -nocase -filter {name =~"APU*"}
loadhw -hw C:/Users/KasperPC/Desktop/EOS_Examen/EX9/EX9/export/EX9/hw/design_1_wrapper.xsa -mem-ranges [list {0x40000000 0xbfffffff}] -regs
configparams force-mem-access 1
targets -set -nocase -filter {name =~"APU*"}
source C:/Users/KasperPC/Desktop/EOS_Examen/EX9/EX9_app/_ide/psinit/ps7_init.tcl
ps7_init
ps7_post_config
targets -set -nocase -filter {name =~ "*A9*#0"}
dow C:/Users/KasperPC/Desktop/EOS_Examen/EX9/EX9_app/Debug/EX9_app.elf
configparams force-mem-access 0
----------------End of Script----------------

10:38:25 INFO  : Context for processor 'ps7_cortexa9_0' is selected.
10:38:25 INFO  : 'con' command is executed.
10:38:25 INFO  : ----------------XSDB Script (After Launch)----------------
targets -set -nocase -filter {name =~ "*A9*#0"}
con
----------------End of Script----------------

10:38:25 INFO  : Launch script is exported to file 'C:\Users\KasperPC\Desktop\EOS_Examen\EX9\.sdk\launch_scripts\single_application_debug\debugger_ex9_app-default.tcl'
10:42:36 INFO  : Checking for BSP changes to sync application flags for project 'EX9_app'...
10:42:42 INFO  : Disconnected from the channel tcfchan#9.
10:42:43 INFO  : Connected to target on host '127.0.0.1' and port '3121'.
10:42:43 INFO  : Jtag cable 'Avnet MiniZed V1 1234-oj1A' is selected.
10:42:43 INFO  : 'jtag frequency' command is executed.
10:42:43 INFO  : Context for 'APU' is selected.
10:42:43 INFO  : System reset is completed.
10:42:46 INFO  : 'after 3000' command is executed.
10:42:47 INFO  : 'targets -set -filter {jtag_cable_name =~ "Avnet MiniZed V1 1234-oj1A" && level==0 && jtag_device_ctx=="jsn-MiniZed V1-1234-oj1A-13723093-0"}' command is executed.
10:42:48 INFO  : FPGA configured successfully with bitstream "C:/Users/KasperPC/Desktop/EOS_Examen/EX9/EX9_app/_ide/bitstream/design_1_wrapper.bit"
10:42:48 INFO  : Context for 'APU' is selected.
10:42:48 INFO  : Hardware design and registers information is loaded from 'C:/Users/KasperPC/Desktop/EOS_Examen/EX9/EX9/export/EX9/hw/design_1_wrapper.xsa'.
10:42:48 INFO  : 'configparams force-mem-access 1' command is executed.
10:42:48 INFO  : Context for 'APU' is selected.
10:42:48 INFO  : Sourcing of 'C:/Users/KasperPC/Desktop/EOS_Examen/EX9/EX9_app/_ide/psinit/ps7_init.tcl' is done.
10:42:48 INFO  : 'ps7_init' command is executed.
10:42:48 INFO  : 'ps7_post_config' command is executed.
10:42:48 INFO  : Context for processor 'ps7_cortexa9_0' is selected.
10:42:48 INFO  : The application 'C:/Users/KasperPC/Desktop/EOS_Examen/EX9/EX9_app/Debug/EX9_app.elf' is downloaded to processor 'ps7_cortexa9_0'.
10:42:48 INFO  : 'configparams force-mem-access 0' command is executed.
10:42:48 INFO  : ----------------XSDB Script----------------
connect -url tcp:127.0.0.1:3121
targets -set -nocase -filter {name =~"APU*"}
rst -system
after 3000
targets -set -filter {jtag_cable_name =~ "Avnet MiniZed V1 1234-oj1A" && level==0 && jtag_device_ctx=="jsn-MiniZed V1-1234-oj1A-13723093-0"}
fpga -file C:/Users/KasperPC/Desktop/EOS_Examen/EX9/EX9_app/_ide/bitstream/design_1_wrapper.bit
targets -set -nocase -filter {name =~"APU*"}
loadhw -hw C:/Users/KasperPC/Desktop/EOS_Examen/EX9/EX9/export/EX9/hw/design_1_wrapper.xsa -mem-ranges [list {0x40000000 0xbfffffff}] -regs
configparams force-mem-access 1
targets -set -nocase -filter {name =~"APU*"}
source C:/Users/KasperPC/Desktop/EOS_Examen/EX9/EX9_app/_ide/psinit/ps7_init.tcl
ps7_init
ps7_post_config
targets -set -nocase -filter {name =~ "*A9*#0"}
dow C:/Users/KasperPC/Desktop/EOS_Examen/EX9/EX9_app/Debug/EX9_app.elf
configparams force-mem-access 0
----------------End of Script----------------

10:42:48 INFO  : Context for processor 'ps7_cortexa9_0' is selected.
10:42:48 INFO  : 'con' command is executed.
10:42:48 INFO  : ----------------XSDB Script (After Launch)----------------
targets -set -nocase -filter {name =~ "*A9*#0"}
con
----------------End of Script----------------

10:42:48 INFO  : Launch script is exported to file 'C:\Users\KasperPC\Desktop\EOS_Examen\EX9\.sdk\launch_scripts\single_application_debug\debugger_ex9_app-default.tcl'
10:43:23 INFO  : Checking for BSP changes to sync application flags for project 'EX9_app'...
10:43:28 INFO  : Disconnected from the channel tcfchan#11.
10:43:29 INFO  : Connected to target on host '127.0.0.1' and port '3121'.
10:43:29 INFO  : Jtag cable 'Avnet MiniZed V1 1234-oj1A' is selected.
10:43:29 INFO  : 'jtag frequency' command is executed.
10:43:29 INFO  : Context for 'APU' is selected.
10:43:29 INFO  : System reset is completed.
10:43:32 INFO  : 'after 3000' command is executed.
10:43:33 INFO  : 'targets -set -filter {jtag_cable_name =~ "Avnet MiniZed V1 1234-oj1A" && level==0 && jtag_device_ctx=="jsn-MiniZed V1-1234-oj1A-13723093-0"}' command is executed.
10:43:34 INFO  : FPGA configured successfully with bitstream "C:/Users/KasperPC/Desktop/EOS_Examen/EX9/EX9_app/_ide/bitstream/design_1_wrapper.bit"
10:43:34 INFO  : Context for 'APU' is selected.
10:43:34 INFO  : Hardware design and registers information is loaded from 'C:/Users/KasperPC/Desktop/EOS_Examen/EX9/EX9/export/EX9/hw/design_1_wrapper.xsa'.
10:43:34 INFO  : 'configparams force-mem-access 1' command is executed.
10:43:34 INFO  : Context for 'APU' is selected.
10:43:34 INFO  : Sourcing of 'C:/Users/KasperPC/Desktop/EOS_Examen/EX9/EX9_app/_ide/psinit/ps7_init.tcl' is done.
10:43:34 INFO  : 'ps7_init' command is executed.
10:43:34 INFO  : 'ps7_post_config' command is executed.
10:43:34 INFO  : Context for processor 'ps7_cortexa9_0' is selected.
10:43:34 INFO  : The application 'C:/Users/KasperPC/Desktop/EOS_Examen/EX9/EX9_app/Debug/EX9_app.elf' is downloaded to processor 'ps7_cortexa9_0'.
10:43:34 INFO  : 'configparams force-mem-access 0' command is executed.
10:43:34 INFO  : ----------------XSDB Script----------------
connect -url tcp:127.0.0.1:3121
targets -set -nocase -filter {name =~"APU*"}
rst -system
after 3000
targets -set -filter {jtag_cable_name =~ "Avnet MiniZed V1 1234-oj1A" && level==0 && jtag_device_ctx=="jsn-MiniZed V1-1234-oj1A-13723093-0"}
fpga -file C:/Users/KasperPC/Desktop/EOS_Examen/EX9/EX9_app/_ide/bitstream/design_1_wrapper.bit
targets -set -nocase -filter {name =~"APU*"}
loadhw -hw C:/Users/KasperPC/Desktop/EOS_Examen/EX9/EX9/export/EX9/hw/design_1_wrapper.xsa -mem-ranges [list {0x40000000 0xbfffffff}] -regs
configparams force-mem-access 1
targets -set -nocase -filter {name =~"APU*"}
source C:/Users/KasperPC/Desktop/EOS_Examen/EX9/EX9_app/_ide/psinit/ps7_init.tcl
ps7_init
ps7_post_config
targets -set -nocase -filter {name =~ "*A9*#0"}
dow C:/Users/KasperPC/Desktop/EOS_Examen/EX9/EX9_app/Debug/EX9_app.elf
configparams force-mem-access 0
----------------End of Script----------------

10:43:34 INFO  : Context for processor 'ps7_cortexa9_0' is selected.
10:43:35 INFO  : 'con' command is executed.
10:43:35 INFO  : ----------------XSDB Script (After Launch)----------------
targets -set -nocase -filter {name =~ "*A9*#0"}
con
----------------End of Script----------------

10:43:35 INFO  : Launch script is exported to file 'C:\Users\KasperPC\Desktop\EOS_Examen\EX9\.sdk\launch_scripts\single_application_debug\debugger_ex9_app-default.tcl'
10:43:46 INFO  : Checking for BSP changes to sync application flags for project 'EX9_app'...
10:43:52 INFO  : Disconnected from the channel tcfchan#13.
10:43:53 INFO  : Connected to target on host '127.0.0.1' and port '3121'.
10:43:53 INFO  : Jtag cable 'Avnet MiniZed V1 1234-oj1A' is selected.
10:43:53 INFO  : 'jtag frequency' command is executed.
10:43:53 INFO  : Context for 'APU' is selected.
10:43:53 INFO  : System reset is completed.
10:43:56 INFO  : 'after 3000' command is executed.
10:43:56 INFO  : 'targets -set -filter {jtag_cable_name =~ "Avnet MiniZed V1 1234-oj1A" && level==0 && jtag_device_ctx=="jsn-MiniZed V1-1234-oj1A-13723093-0"}' command is executed.
10:43:57 INFO  : FPGA configured successfully with bitstream "C:/Users/KasperPC/Desktop/EOS_Examen/EX9/EX9_app/_ide/bitstream/design_1_wrapper.bit"
10:43:57 INFO  : Context for 'APU' is selected.
10:43:57 INFO  : Hardware design and registers information is loaded from 'C:/Users/KasperPC/Desktop/EOS_Examen/EX9/EX9/export/EX9/hw/design_1_wrapper.xsa'.
10:43:57 INFO  : 'configparams force-mem-access 1' command is executed.
10:43:57 INFO  : Context for 'APU' is selected.
10:43:57 INFO  : Sourcing of 'C:/Users/KasperPC/Desktop/EOS_Examen/EX9/EX9_app/_ide/psinit/ps7_init.tcl' is done.
10:43:58 INFO  : 'ps7_init' command is executed.
10:43:58 INFO  : 'ps7_post_config' command is executed.
10:43:58 INFO  : Context for processor 'ps7_cortexa9_0' is selected.
10:43:58 INFO  : The application 'C:/Users/KasperPC/Desktop/EOS_Examen/EX9/EX9_app/Debug/EX9_app.elf' is downloaded to processor 'ps7_cortexa9_0'.
10:43:58 INFO  : 'configparams force-mem-access 0' command is executed.
10:43:58 INFO  : ----------------XSDB Script----------------
connect -url tcp:127.0.0.1:3121
targets -set -nocase -filter {name =~"APU*"}
rst -system
after 3000
targets -set -filter {jtag_cable_name =~ "Avnet MiniZed V1 1234-oj1A" && level==0 && jtag_device_ctx=="jsn-MiniZed V1-1234-oj1A-13723093-0"}
fpga -file C:/Users/KasperPC/Desktop/EOS_Examen/EX9/EX9_app/_ide/bitstream/design_1_wrapper.bit
targets -set -nocase -filter {name =~"APU*"}
loadhw -hw C:/Users/KasperPC/Desktop/EOS_Examen/EX9/EX9/export/EX9/hw/design_1_wrapper.xsa -mem-ranges [list {0x40000000 0xbfffffff}] -regs
configparams force-mem-access 1
targets -set -nocase -filter {name =~"APU*"}
source C:/Users/KasperPC/Desktop/EOS_Examen/EX9/EX9_app/_ide/psinit/ps7_init.tcl
ps7_init
ps7_post_config
targets -set -nocase -filter {name =~ "*A9*#0"}
dow C:/Users/KasperPC/Desktop/EOS_Examen/EX9/EX9_app/Debug/EX9_app.elf
configparams force-mem-access 0
----------------End of Script----------------

10:43:58 INFO  : Context for processor 'ps7_cortexa9_0' is selected.
10:43:58 INFO  : 'con' command is executed.
10:43:58 INFO  : ----------------XSDB Script (After Launch)----------------
targets -set -nocase -filter {name =~ "*A9*#0"}
con
----------------End of Script----------------

10:43:58 INFO  : Launch script is exported to file 'C:\Users\KasperPC\Desktop\EOS_Examen\EX9\.sdk\launch_scripts\single_application_debug\debugger_ex9_app-default.tcl'
10:48:07 INFO  : Disconnected from the channel tcfchan#15.
