TRACE::2021-01-24.14:30:57::SCWBifWriter::Found the complete platform C:/Users/KasperPC/Desktop/EOS_Examen/EX3/EX3.hw/UART_app/export/UART_app/UART_app.xpfm
TRACE::2021-01-24.14:30:57::SCWBifWriter::hardware databse : design_1_wrapper_3
TRACE::2021-01-24.14:30:57::SCWBifWriter::bitstream found in the design
TRACE::2021-01-24.14:30:57::SCWBifWriter::Found a baremetal domain, proc: ps7_cortexa9_0
TRACE::2021-01-24.14:30:57::SCWBifWriter::proc type : 
TRACE::2021-01-24.14:30:57::SCWBifWriter::proc[0] : ps7_cortexa9_0
TRACE::2021-01-24.14:30:57::SCWBifWriter::Device type is : zynq
TRACE::2021-01-24.14:30:57::SCWBifWriter::Writing BIF to file : C:/Users/KasperPC/Desktop/EOS_Examen/EX3/EX3.hw/UART__app_system/Debug/system.bif
TRACE::2021-01-24.14:30:57::SCWBifWriter::Writing the Zynq Baremetal bif 
TRACE::2021-01-24.14:31:15::SCWBifWriter::Found the complete platform C:/Users/KasperPC/Desktop/EOS_Examen/EX3/EX3.hw/UART_app/export/UART_app/UART_app.xpfm
TRACE::2021-01-24.14:31:15::SCWBifWriter::hardware databse : design_1_wrapper_3
TRACE::2021-01-24.14:31:15::SCWBifWriter::bitstream found in the design
TRACE::2021-01-24.14:31:15::SCWBifWriter::Found a baremetal domain, proc: ps7_cortexa9_0
TRACE::2021-01-24.14:31:15::SCWBifWriter::proc type : 
TRACE::2021-01-24.14:31:15::SCWBifWriter::proc[0] : ps7_cortexa9_0
TRACE::2021-01-24.14:31:15::SCWBifWriter::Device type is : zynq
TRACE::2021-01-24.14:31:15::SCWBifWriter::Writing BIF to file : C:/Users/KasperPC/Desktop/EOS_Examen/EX3/EX3.hw/UART__app_system/Debug/system.bif
TRACE::2021-01-24.14:31:15::SCWBifWriter::Writing the Zynq Baremetal bif 
TRACE::2021-01-24.14:31:30::SCWBifWriter::Found the complete platform C:/Users/KasperPC/Desktop/EOS_Examen/EX3/EX3.hw/UART_app/export/UART_app/UART_app.xpfm
TRACE::2021-01-24.14:31:30::SCWBifWriter::hardware databse : design_1_wrapper_3
TRACE::2021-01-24.14:31:30::SCWBifWriter::bitstream found in the design
TRACE::2021-01-24.14:31:30::SCWBifWriter::Found a baremetal domain, proc: ps7_cortexa9_0
TRACE::2021-01-24.14:31:30::SCWBifWriter::proc type : 
TRACE::2021-01-24.14:31:30::SCWBifWriter::proc[0] : ps7_cortexa9_0
TRACE::2021-01-24.14:31:30::SCWBifWriter::Device type is : zynq
TRACE::2021-01-24.14:31:30::SCWBifWriter::Writing BIF to file : C:/Users/KasperPC/Desktop/EOS_Examen/EX3/EX3.hw/UART__app_system/Debug/system.bif
TRACE::2021-01-24.14:31:30::SCWBifWriter::Writing the Zynq Baremetal bif 
