14:17:12 INFO  : Launching XSCT server: xsct.bat -n  -interactive C:\eFPGA\5_PRINT_STRING_PS\temp_xsdb_launch_script.tcl
14:17:14 INFO  : XSCT server has started successfully.
14:17:15 INFO  : Registering command handlers for Vitis TCF services
14:17:16 INFO  : plnx-install-location is set to ''
14:17:16 INFO  : Successfully done setting XSCT server connection channel  
14:17:16 INFO  : Successfully done query RDI_DATADIR 
14:17:16 INFO  : Successfully done setting workspace for the tool. 
14:19:35 INFO  : Successfully done sdx_reload_mss "C:/eFPGA/5_PRINT_STRING_PS/5_PRINT_STRING_PS/zynq_fsbl/zynq_fsbl_bsp/system.mss"
14:19:35 INFO  : Successfully done sdx_reload_mss "C:/eFPGA/5_PRINT_STRING_PS/5_PRINT_STRING_PS/ps7_cortexa9_0/standalone_domain/bsp/system.mss"
14:19:43 INFO  : (SwPlaform) Successfully done setParamInSpec 
14:19:47 INFO  : (SwPlaform) Successfully done setParamInSpec 
14:19:49 INFO  : (SwPlaform) Successfully done setParamInSpec 
14:19:50 INFO  : (SwPlatform) Successfully done update_mss 
14:19:51 INFO  : Successfully done sdx_reload_mss "C:/eFPGA/5_PRINT_STRING_PS/5_PRINT_STRING_PS/ps7_cortexa9_0/standalone_domain/bsp/system.mss"
14:22:18 INFO  : Checking for BSP changes to sync application flags for project '5_PRINT_STRING_PS_APP'...
14:22:36 INFO  : Connected to target on host '127.0.0.1' and port '3121'.
14:22:37 INFO  : Jtag cable 'Avnet MiniZed V1 1234-oj1A' is selected.
14:22:37 INFO  : 'jtag frequency' command is executed.
14:22:37 INFO  : Context for 'APU' is selected.
14:22:37 INFO  : System reset is completed.
14:22:40 INFO  : 'after 3000' command is executed.
14:22:40 INFO  : 'targets -set -filter {jtag_cable_name =~ "Avnet MiniZed V1 1234-oj1A" && level==0} -index 1' command is executed.
14:22:41 INFO  : FPGA configured successfully with bitstream "C:/eFPGA/5_PRINT_STRING_PS/5_PRINT_STRING_PS_APP/_ide/bitstream/design_1_wrapper.bit"
14:22:41 INFO  : Context for 'APU' is selected.
14:22:41 INFO  : Hardware design information is loaded from 'C:/eFPGA/5_PRINT_STRING_PS/5_PRINT_STRING_PS/export/5_PRINT_STRING_PS/hw/design_1_wrapper.xsa'.
14:22:41 INFO  : 'configparams force-mem-access 1' command is executed.
14:22:41 INFO  : Context for 'APU' is selected.
14:22:41 INFO  : Sourcing of 'C:/eFPGA/5_PRINT_STRING_PS/5_PRINT_STRING_PS_APP/_ide/psinit/ps7_init.tcl' is done.
14:22:41 INFO  : 'ps7_init' command is executed.
14:22:41 INFO  : 'ps7_post_config' command is executed.
14:22:41 INFO  : Context for processor 'ps7_cortexa9_0' is selected.
14:22:41 INFO  : The application 'C:/eFPGA/5_PRINT_STRING_PS/5_PRINT_STRING_PS_APP/Debug/5_PRINT_STRING_PS_APP.elf' is downloaded to processor 'ps7_cortexa9_0'.
14:22:41 INFO  : 'configparams force-mem-access 0' command is executed.
14:22:41 INFO  : ----------------XSDB Script----------------
connect -url tcp:127.0.0.1:3121
targets -set -nocase -filter {name =~"APU*"}
rst -system
after 3000
targets -set -filter {jtag_cable_name =~ "Avnet MiniZed V1 1234-oj1A" && level==0} -index 1
fpga -file C:/eFPGA/5_PRINT_STRING_PS/5_PRINT_STRING_PS_APP/_ide/bitstream/design_1_wrapper.bit
targets -set -nocase -filter {name =~"APU*"}
loadhw -hw C:/eFPGA/5_PRINT_STRING_PS/5_PRINT_STRING_PS/export/5_PRINT_STRING_PS/hw/design_1_wrapper.xsa -mem-ranges [list {0x40000000 0xbfffffff}]
configparams force-mem-access 1
targets -set -nocase -filter {name =~"APU*"}
source C:/eFPGA/5_PRINT_STRING_PS/5_PRINT_STRING_PS_APP/_ide/psinit/ps7_init.tcl
ps7_init
ps7_post_config
targets -set -nocase -filter {name =~ "*A9*#0"}
dow C:/eFPGA/5_PRINT_STRING_PS/5_PRINT_STRING_PS_APP/Debug/5_PRINT_STRING_PS_APP.elf
configparams force-mem-access 0
----------------End of Script----------------

14:22:42 INFO  : Memory regions updated for context APU
14:22:42 INFO  : Context for processor 'ps7_cortexa9_0' is selected.
14:22:42 INFO  : 'con' command is executed.
14:22:42 INFO  : ----------------XSDB Script (After Launch)----------------
targets -set -nocase -filter {name =~ "*A9*#0"}
con
----------------End of Script----------------

14:22:42 INFO  : Launch script is exported to file 'C:\eFPGA\5_PRINT_STRING_PS\.sdk\launch_scripts\single_application_debug\debugger_5_print_string_ps_app-default.tcl'
14:24:47 INFO  : Disconnected from the channel tcfchan#4.
14:24:49 INFO  : Connected to target on host '127.0.0.1' and port '3121'.
14:24:49 INFO  : Jtag cable 'Avnet MiniZed V1 1234-oj1A' is selected.
14:24:49 INFO  : 'jtag frequency' command is executed.
14:24:49 INFO  : Context for 'APU' is selected.
14:24:49 INFO  : System reset is completed.
14:24:52 INFO  : 'after 3000' command is executed.
14:24:52 INFO  : 'targets -set -filter {jtag_cable_name =~ "Avnet MiniZed V1 1234-oj1A" && level==0} -index 1' command is executed.
14:24:53 INFO  : FPGA configured successfully with bitstream "C:/eFPGA/5_PRINT_STRING_PS/5_PRINT_STRING_PS_APP/_ide/bitstream/design_1_wrapper.bit"
14:24:53 INFO  : Context for 'APU' is selected.
14:24:53 INFO  : Hardware design information is loaded from 'C:/eFPGA/5_PRINT_STRING_PS/5_PRINT_STRING_PS/export/5_PRINT_STRING_PS/hw/design_1_wrapper.xsa'.
14:24:53 INFO  : 'configparams force-mem-access 1' command is executed.
14:24:53 INFO  : Context for 'APU' is selected.
14:24:53 INFO  : Sourcing of 'C:/eFPGA/5_PRINT_STRING_PS/5_PRINT_STRING_PS_APP/_ide/psinit/ps7_init.tcl' is done.
14:24:53 INFO  : 'ps7_init' command is executed.
14:24:53 INFO  : 'ps7_post_config' command is executed.
14:24:53 INFO  : Context for processor 'ps7_cortexa9_0' is selected.
14:24:54 INFO  : The application 'C:/eFPGA/5_PRINT_STRING_PS/5_PRINT_STRING_PS_APP/Debug/5_PRINT_STRING_PS_APP.elf' is downloaded to processor 'ps7_cortexa9_0'.
14:24:54 INFO  : 'configparams force-mem-access 0' command is executed.
14:24:54 INFO  : ----------------XSDB Script----------------
connect -url tcp:127.0.0.1:3121
targets -set -nocase -filter {name =~"APU*"}
rst -system
after 3000
targets -set -filter {jtag_cable_name =~ "Avnet MiniZed V1 1234-oj1A" && level==0} -index 1
fpga -file C:/eFPGA/5_PRINT_STRING_PS/5_PRINT_STRING_PS_APP/_ide/bitstream/design_1_wrapper.bit
targets -set -nocase -filter {name =~"APU*"}
loadhw -hw C:/eFPGA/5_PRINT_STRING_PS/5_PRINT_STRING_PS/export/5_PRINT_STRING_PS/hw/design_1_wrapper.xsa -mem-ranges [list {0x40000000 0xbfffffff}]
configparams force-mem-access 1
targets -set -nocase -filter {name =~"APU*"}
source C:/eFPGA/5_PRINT_STRING_PS/5_PRINT_STRING_PS_APP/_ide/psinit/ps7_init.tcl
ps7_init
ps7_post_config
targets -set -nocase -filter {name =~ "*A9*#0"}
dow C:/eFPGA/5_PRINT_STRING_PS/5_PRINT_STRING_PS_APP/Debug/5_PRINT_STRING_PS_APP.elf
configparams force-mem-access 0
----------------End of Script----------------

14:24:54 INFO  : Memory regions updated for context APU
14:24:54 INFO  : Context for processor 'ps7_cortexa9_0' is selected.
14:24:54 INFO  : 'con' command is executed.
14:24:54 INFO  : ----------------XSDB Script (After Launch)----------------
targets -set -nocase -filter {name =~ "*A9*#0"}
con
----------------End of Script----------------

14:24:54 INFO  : Launch script is exported to file 'C:\eFPGA\5_PRINT_STRING_PS\.sdk\launch_scripts\single_application_debug\debugger_5_print_string_ps_app-default.tcl'
14:24:57 INFO  : Disconnected from the channel tcfchan#5.
14:24:58 INFO  : Connected to target on host '127.0.0.1' and port '3121'.
14:24:59 INFO  : Jtag cable 'Avnet MiniZed V1 1234-oj1A' is selected.
14:24:59 INFO  : 'jtag frequency' command is executed.
14:24:59 INFO  : Context for 'APU' is selected.
14:24:59 INFO  : System reset is completed.
14:25:02 INFO  : 'after 3000' command is executed.
14:25:02 INFO  : 'targets -set -filter {jtag_cable_name =~ "Avnet MiniZed V1 1234-oj1A" && level==0} -index 1' command is executed.
14:25:03 INFO  : FPGA configured successfully with bitstream "C:/eFPGA/5_PRINT_STRING_PS/5_PRINT_STRING_PS_APP/_ide/bitstream/design_1_wrapper.bit"
14:25:03 INFO  : Context for 'APU' is selected.
14:25:03 INFO  : Hardware design information is loaded from 'C:/eFPGA/5_PRINT_STRING_PS/5_PRINT_STRING_PS/export/5_PRINT_STRING_PS/hw/design_1_wrapper.xsa'.
14:25:03 INFO  : 'configparams force-mem-access 1' command is executed.
14:25:03 INFO  : Context for 'APU' is selected.
14:25:03 INFO  : Sourcing of 'C:/eFPGA/5_PRINT_STRING_PS/5_PRINT_STRING_PS_APP/_ide/psinit/ps7_init.tcl' is done.
14:25:03 INFO  : 'ps7_init' command is executed.
14:25:03 INFO  : 'ps7_post_config' command is executed.
14:25:03 INFO  : Context for processor 'ps7_cortexa9_0' is selected.
14:25:03 INFO  : The application 'C:/eFPGA/5_PRINT_STRING_PS/5_PRINT_STRING_PS_APP/Debug/5_PRINT_STRING_PS_APP.elf' is downloaded to processor 'ps7_cortexa9_0'.
14:25:03 INFO  : 'configparams force-mem-access 0' command is executed.
14:25:03 INFO  : ----------------XSDB Script----------------
connect -url tcp:127.0.0.1:3121
targets -set -nocase -filter {name =~"APU*"}
rst -system
after 3000
targets -set -filter {jtag_cable_name =~ "Avnet MiniZed V1 1234-oj1A" && level==0} -index 1
fpga -file C:/eFPGA/5_PRINT_STRING_PS/5_PRINT_STRING_PS_APP/_ide/bitstream/design_1_wrapper.bit
targets -set -nocase -filter {name =~"APU*"}
loadhw -hw C:/eFPGA/5_PRINT_STRING_PS/5_PRINT_STRING_PS/export/5_PRINT_STRING_PS/hw/design_1_wrapper.xsa -mem-ranges [list {0x40000000 0xbfffffff}]
configparams force-mem-access 1
targets -set -nocase -filter {name =~"APU*"}
source C:/eFPGA/5_PRINT_STRING_PS/5_PRINT_STRING_PS_APP/_ide/psinit/ps7_init.tcl
ps7_init
ps7_post_config
targets -set -nocase -filter {name =~ "*A9*#0"}
dow C:/eFPGA/5_PRINT_STRING_PS/5_PRINT_STRING_PS_APP/Debug/5_PRINT_STRING_PS_APP.elf
configparams force-mem-access 0
----------------End of Script----------------

14:25:03 INFO  : Memory regions updated for context APU
14:25:03 INFO  : Context for processor 'ps7_cortexa9_0' is selected.
14:25:03 INFO  : 'con' command is executed.
14:25:03 INFO  : ----------------XSDB Script (After Launch)----------------
targets -set -nocase -filter {name =~ "*A9*#0"}
con
----------------End of Script----------------

14:25:03 INFO  : Launch script is exported to file 'C:\eFPGA\5_PRINT_STRING_PS\.sdk\launch_scripts\single_application_debug\debugger_5_print_string_ps_app-default_(1).tcl'
14:25:41 INFO  : Checking for BSP changes to sync application flags for project '5_PRINT_STRING_PS_APP'...
14:32:08 INFO  : Checking for BSP changes to sync application flags for project '5_PRINT_STRING_PS_APP'...
14:32:24 INFO  : Disconnected from the channel tcfchan#6.
14:32:25 INFO  : Connected to target on host '127.0.0.1' and port '3121'.
14:32:25 INFO  : Jtag cable 'Avnet MiniZed V1 1234-oj1A' is selected.
14:32:25 INFO  : 'jtag frequency' command is executed.
14:32:25 INFO  : Context for 'APU' is selected.
14:32:25 INFO  : System reset is completed.
14:32:28 INFO  : 'after 3000' command is executed.
14:32:28 INFO  : 'targets -set -filter {jtag_cable_name =~ "Avnet MiniZed V1 1234-oj1A" && level==0} -index 1' command is executed.
14:32:30 INFO  : FPGA configured successfully with bitstream "C:/eFPGA/5_PRINT_STRING_PS/5_PRINT_STRING_PS_APP/_ide/bitstream/design_1_wrapper.bit"
14:32:30 INFO  : Context for 'APU' is selected.
14:32:30 INFO  : Hardware design information is loaded from 'C:/eFPGA/5_PRINT_STRING_PS/5_PRINT_STRING_PS/export/5_PRINT_STRING_PS/hw/design_1_wrapper.xsa'.
14:32:30 INFO  : 'configparams force-mem-access 1' command is executed.
14:32:30 INFO  : Context for 'APU' is selected.
14:32:30 INFO  : Sourcing of 'C:/eFPGA/5_PRINT_STRING_PS/5_PRINT_STRING_PS_APP/_ide/psinit/ps7_init.tcl' is done.
14:32:30 INFO  : 'ps7_init' command is executed.
14:32:30 INFO  : 'ps7_post_config' command is executed.
14:32:30 INFO  : Context for processor 'ps7_cortexa9_0' is selected.
14:32:30 INFO  : The application 'C:/eFPGA/5_PRINT_STRING_PS/5_PRINT_STRING_PS_APP/Debug/5_PRINT_STRING_PS_APP.elf' is downloaded to processor 'ps7_cortexa9_0'.
14:32:30 INFO  : 'configparams force-mem-access 0' command is executed.
14:32:30 INFO  : ----------------XSDB Script----------------
connect -url tcp:127.0.0.1:3121
targets -set -nocase -filter {name =~"APU*"}
rst -system
after 3000
targets -set -filter {jtag_cable_name =~ "Avnet MiniZed V1 1234-oj1A" && level==0} -index 1
fpga -file C:/eFPGA/5_PRINT_STRING_PS/5_PRINT_STRING_PS_APP/_ide/bitstream/design_1_wrapper.bit
targets -set -nocase -filter {name =~"APU*"}
loadhw -hw C:/eFPGA/5_PRINT_STRING_PS/5_PRINT_STRING_PS/export/5_PRINT_STRING_PS/hw/design_1_wrapper.xsa -mem-ranges [list {0x40000000 0xbfffffff}]
configparams force-mem-access 1
targets -set -nocase -filter {name =~"APU*"}
source C:/eFPGA/5_PRINT_STRING_PS/5_PRINT_STRING_PS_APP/_ide/psinit/ps7_init.tcl
ps7_init
ps7_post_config
targets -set -nocase -filter {name =~ "*A9*#0"}
dow C:/eFPGA/5_PRINT_STRING_PS/5_PRINT_STRING_PS_APP/Debug/5_PRINT_STRING_PS_APP.elf
configparams force-mem-access 0
----------------End of Script----------------

14:32:30 INFO  : Memory regions updated for context APU
14:32:30 INFO  : Context for processor 'ps7_cortexa9_0' is selected.
14:32:30 INFO  : 'con' command is executed.
14:32:30 INFO  : ----------------XSDB Script (After Launch)----------------
targets -set -nocase -filter {name =~ "*A9*#0"}
con
----------------End of Script----------------

14:32:30 INFO  : Launch script is exported to file 'C:\eFPGA\5_PRINT_STRING_PS\.sdk\launch_scripts\single_application_debug\debugger_5_print_string_ps_app-default_(1).tcl'
14:33:12 INFO  : Disconnected from the channel tcfchan#9.
