#-----------------------------------------------------------
# Vivado v2019.2 (64-bit)
# SW Build 2708876 on Wed Nov  6 21:40:23 MST 2019
# IP Build 2700528 on Thu Nov  7 00:09:20 MST 2019
# Start of session at: Mon Jun  1 10:16:07 2020
# Process ID: 13352
# Current directory: C:/eFPGA/3_State_Machine
# Command line: vivado.exe -gui_launcher_event rodinguilauncherevent4964 C:\eFPGA\3_State_Machine\3_State_Machine.xpr
# Log file: C:/eFPGA/3_State_Machine/vivado.log
# Journal file: C:/eFPGA/3_State_Machine\vivado.jou
#-----------------------------------------------------------
start_gui
open_project C:/eFPGA/3_State_Machine/3_State_Machine.xpr
Scanning sources...
Finished scanning sources
INFO: [IP_Flow 19-234] Refreshing IP repositories
INFO: [IP_Flow 19-1704] No user IP repositories specified
INFO: [IP_Flow 19-2313] Loaded Vivado IP repository 'C:/Xilinx/Vivado/2019.2/data/ip'.
file mkdir C:/eFPGA/3_State_Machine/3_State_Machine.srcs/sources_1/new
close [ open C:/eFPGA/3_State_Machine/3_State_Machine.srcs/sources_1/new/main.vhd w ]
add_files C:/eFPGA/3_State_Machine/3_State_Machine.srcs/sources_1/new/main.vhd
update_compile_order -fileset sources_1
exit
INFO: [Common 17-206] Exiting Vivado at Mon Jun  1 10:28:06 2020...
