TRACE::2021-01-25.12:32:13::SCWBifWriter::Found the complete platform C:/Users/KasperPC/Desktop/EOS_Examen/EX8/EX8_1_PL/EX_8_1_PL/export/EX_8_1_PL/EX_8_1_PL.xpfm
TRACE::2021-01-25.12:32:14::SCWBifWriter::hardware databse : design_1_wrapper_3
TRACE::2021-01-25.12:32:14::SCWBifWriter::bitstream found in the design
TRACE::2021-01-25.12:32:14::SCWBifWriter::Found a baremetal domain, proc: ps7_cortexa9_0
TRACE::2021-01-25.12:32:14::SCWBifWriter::proc type : 
TRACE::2021-01-25.12:32:14::SCWBifWriter::proc[0] : ps7_cortexa9_0
TRACE::2021-01-25.12:32:14::SCWBifWriter::Device type is : zynq
TRACE::2021-01-25.12:32:14::SCWBifWriter::Writing BIF to file : C:/Users/KasperPC/Desktop/EOS_Examen/EX8/EX8_1_PL/EX_8_1_PS_app_system/Debug/system.bif
TRACE::2021-01-25.12:32:14::SCWBifWriter::Writing the Zynq Baremetal bif 
TRACE::2021-01-25.12:32:36::SCWBifWriter::Found the complete platform C:/Users/KasperPC/Desktop/EOS_Examen/EX8/EX8_1_PL/EX_8_1_PL/export/EX_8_1_PL/EX_8_1_PL.xpfm
TRACE::2021-01-25.12:32:37::SCWBifWriter::hardware databse : design_1_wrapper_3
TRACE::2021-01-25.12:32:37::SCWBifWriter::bitstream found in the design
TRACE::2021-01-25.12:32:37::SCWBifWriter::Found a baremetal domain, proc: ps7_cortexa9_0
TRACE::2021-01-25.12:32:37::SCWBifWriter::proc type : 
TRACE::2021-01-25.12:32:37::SCWBifWriter::proc[0] : ps7_cortexa9_0
TRACE::2021-01-25.12:32:37::SCWBifWriter::Device type is : zynq
TRACE::2021-01-25.12:32:37::SCWBifWriter::Writing BIF to file : C:/Users/KasperPC/Desktop/EOS_Examen/EX8/EX8_1_PL/EX_8_1_PS_app_system/Debug/system.bif
TRACE::2021-01-25.12:32:37::SCWBifWriter::Writing the Zynq Baremetal bif 
TRACE::2021-01-25.12:32:46::SCWBifWriter::Found the complete platform C:/Users/KasperPC/Desktop/EOS_Examen/EX8/EX8_1_PL/EX_8_1_PL/export/EX_8_1_PL/EX_8_1_PL.xpfm
TRACE::2021-01-25.12:32:46::SCWBifWriter::hardware databse : design_1_wrapper_3
TRACE::2021-01-25.12:32:46::SCWBifWriter::bitstream found in the design
TRACE::2021-01-25.12:32:46::SCWBifWriter::Found a baremetal domain, proc: ps7_cortexa9_0
TRACE::2021-01-25.12:32:46::SCWBifWriter::proc type : 
TRACE::2021-01-25.12:32:46::SCWBifWriter::proc[0] : ps7_cortexa9_0
TRACE::2021-01-25.12:32:46::SCWBifWriter::Device type is : zynq
TRACE::2021-01-25.12:32:46::SCWBifWriter::Writing BIF to file : C:/Users/KasperPC/Desktop/EOS_Examen/EX8/EX8_1_PL/EX_8_1_PS_app_system/Debug/system.bif
TRACE::2021-01-25.12:32:46::SCWBifWriter::Writing the Zynq Baremetal bif 
TRACE::2021-01-25.12:33:34::SCWBifWriter::Found the complete platform C:/Users/KasperPC/Desktop/EOS_Examen/EX8/EX8_1_PL/EX_8_1_PL/export/EX_8_1_PL/EX_8_1_PL.xpfm
TRACE::2021-01-25.12:33:34::SCWBifWriter::hardware databse : design_1_wrapper_3
TRACE::2021-01-25.12:33:34::SCWBifWriter::bitstream found in the design
TRACE::2021-01-25.12:33:34::SCWBifWriter::Found a baremetal domain, proc: ps7_cortexa9_0
TRACE::2021-01-25.12:33:34::SCWBifWriter::proc type : 
TRACE::2021-01-25.12:33:34::SCWBifWriter::proc[0] : ps7_cortexa9_0
TRACE::2021-01-25.12:33:34::SCWBifWriter::Device type is : zynq
TRACE::2021-01-25.12:33:34::SCWBifWriter::Writing BIF to file : C:/Users/KasperPC/Desktop/EOS_Examen/EX8/EX8_1_PL/EX_8_1_PS_app_system/Debug/system.bif
TRACE::2021-01-25.12:33:34::SCWBifWriter::Writing the Zynq Baremetal bif 
TRACE::2021-01-25.12:34:05::SCWBifWriter::Found the complete platform C:/Users/KasperPC/Desktop/EOS_Examen/EX8/EX8_1_PL/EX_8_1_PL/export/EX_8_1_PL/EX_8_1_PL.xpfm
TRACE::2021-01-25.12:34:05::SCWBifWriter::hardware databse : design_1_wrapper_3
TRACE::2021-01-25.12:34:05::SCWBifWriter::bitstream found in the design
TRACE::2021-01-25.12:34:05::SCWBifWriter::Found a baremetal domain, proc: ps7_cortexa9_0
TRACE::2021-01-25.12:34:05::SCWBifWriter::proc type : 
TRACE::2021-01-25.12:34:05::SCWBifWriter::proc[0] : ps7_cortexa9_0
TRACE::2021-01-25.12:34:05::SCWBifWriter::Device type is : zynq
TRACE::2021-01-25.12:34:05::SCWBifWriter::Writing BIF to file : C:/Users/KasperPC/Desktop/EOS_Examen/EX8/EX8_1_PL/EX_8_1_PS_app_system/Debug/system.bif
TRACE::2021-01-25.12:34:05::SCWBifWriter::Writing the Zynq Baremetal bif 
TRACE::2021-01-25.12:39:18::SCWBifWriter::Found the complete platform C:/Users/KasperPC/Desktop/EOS_Examen/EX8/EX8_1_PL/EX_8_1_PL/export/EX_8_1_PL/EX_8_1_PL.xpfm
TRACE::2021-01-25.12:39:18::SCWBifWriter::hardware databse : design_1_wrapper_3
TRACE::2021-01-25.12:39:18::SCWBifWriter::bitstream found in the design
TRACE::2021-01-25.12:39:18::SCWBifWriter::Found a baremetal domain, proc: ps7_cortexa9_0
TRACE::2021-01-25.12:39:18::SCWBifWriter::proc type : 
TRACE::2021-01-25.12:39:18::SCWBifWriter::proc[0] : ps7_cortexa9_0
TRACE::2021-01-25.12:39:18::SCWBifWriter::Device type is : zynq
TRACE::2021-01-25.12:39:18::SCWBifWriter::Writing BIF to file : C:/Users/KasperPC/Desktop/EOS_Examen/EX8/EX8_1_PL/EX_8_1_PS_app_system/Debug/system.bif
TRACE::2021-01-25.12:39:18::SCWBifWriter::Writing the Zynq Baremetal bif 
TRACE::2021-01-25.12:40:07::SCWBifWriter::Found the complete platform C:/Users/KasperPC/Desktop/EOS_Examen/EX8/EX8_1_PL/EX_8_1_PL/export/EX_8_1_PL/EX_8_1_PL.xpfm
TRACE::2021-01-25.12:40:07::SCWBifWriter::hardware databse : design_1_wrapper_3
TRACE::2021-01-25.12:40:07::SCWBifWriter::bitstream found in the design
TRACE::2021-01-25.12:40:07::SCWBifWriter::Found a baremetal domain, proc: ps7_cortexa9_0
TRACE::2021-01-25.12:40:07::SCWBifWriter::proc type : 
TRACE::2021-01-25.12:40:07::SCWBifWriter::proc[0] : ps7_cortexa9_0
TRACE::2021-01-25.12:40:07::SCWBifWriter::Device type is : zynq
TRACE::2021-01-25.12:40:07::SCWBifWriter::Writing BIF to file : C:/Users/KasperPC/Desktop/EOS_Examen/EX8/EX8_1_PL/EX_8_1_PS_app_system/Debug/system.bif
TRACE::2021-01-25.12:40:07::SCWBifWriter::Writing the Zynq Baremetal bif 
TRACE::2021-01-25.12:41:03::SCWBifWriter::Found the complete platform C:/Users/KasperPC/Desktop/EOS_Examen/EX8/EX8_1_PL/EX_8_1_PL/export/EX_8_1_PL/EX_8_1_PL.xpfm
TRACE::2021-01-25.12:41:03::SCWBifWriter::hardware databse : design_1_wrapper_3
TRACE::2021-01-25.12:41:03::SCWBifWriter::bitstream found in the design
TRACE::2021-01-25.12:41:03::SCWBifWriter::Found a baremetal domain, proc: ps7_cortexa9_0
TRACE::2021-01-25.12:41:03::SCWBifWriter::proc type : 
TRACE::2021-01-25.12:41:03::SCWBifWriter::proc[0] : ps7_cortexa9_0
TRACE::2021-01-25.12:41:03::SCWBifWriter::Device type is : zynq
TRACE::2021-01-25.12:41:03::SCWBifWriter::Writing BIF to file : C:/Users/KasperPC/Desktop/EOS_Examen/EX8/EX8_1_PL/EX_8_1_PS_app_system/Debug/system.bif
TRACE::2021-01-25.12:41:03::SCWBifWriter::Writing the Zynq Baremetal bif 
TRACE::2021-01-25.12:41:31::SCWBifWriter::Found the complete platform C:/Users/KasperPC/Desktop/EOS_Examen/EX8/EX8_1_PL/EX_8_1_PL/export/EX_8_1_PL/EX_8_1_PL.xpfm
TRACE::2021-01-25.12:41:31::SCWBifWriter::hardware databse : design_1_wrapper_3
TRACE::2021-01-25.12:41:31::SCWBifWriter::bitstream found in the design
TRACE::2021-01-25.12:41:31::SCWBifWriter::Found a baremetal domain, proc: ps7_cortexa9_0
TRACE::2021-01-25.12:41:31::SCWBifWriter::proc type : 
TRACE::2021-01-25.12:41:31::SCWBifWriter::proc[0] : ps7_cortexa9_0
TRACE::2021-01-25.12:41:31::SCWBifWriter::Device type is : zynq
TRACE::2021-01-25.12:41:31::SCWBifWriter::Writing BIF to file : C:/Users/KasperPC/Desktop/EOS_Examen/EX8/EX8_1_PL/EX_8_1_PS_app_system/Debug/system.bif
TRACE::2021-01-25.12:41:31::SCWBifWriter::Writing the Zynq Baremetal bif 
TRACE::2021-01-25.12:41:49::SCWBifWriter::Found the complete platform C:/Users/KasperPC/Desktop/EOS_Examen/EX8/EX8_1_PL/EX_8_1_PL/export/EX_8_1_PL/EX_8_1_PL.xpfm
TRACE::2021-01-25.12:41:49::SCWBifWriter::hardware databse : design_1_wrapper_3
TRACE::2021-01-25.12:41:49::SCWBifWriter::bitstream found in the design
TRACE::2021-01-25.12:41:49::SCWBifWriter::Found a baremetal domain, proc: ps7_cortexa9_0
TRACE::2021-01-25.12:41:49::SCWBifWriter::proc type : 
TRACE::2021-01-25.12:41:49::SCWBifWriter::proc[0] : ps7_cortexa9_0
TRACE::2021-01-25.12:41:49::SCWBifWriter::Device type is : zynq
TRACE::2021-01-25.12:41:49::SCWBifWriter::Writing BIF to file : C:/Users/KasperPC/Desktop/EOS_Examen/EX8/EX8_1_PL/EX_8_1_PS_app_system/Debug/system.bif
TRACE::2021-01-25.12:41:49::SCWBifWriter::Writing the Zynq Baremetal bif 
TRACE::2021-01-25.12:42:31::SCWBifWriter::Found the complete platform C:/Users/KasperPC/Desktop/EOS_Examen/EX8/EX8_1_PL/EX_8_1_PL/export/EX_8_1_PL/EX_8_1_PL.xpfm
TRACE::2021-01-25.12:42:31::SCWBifWriter::hardware databse : design_1_wrapper_3
TRACE::2021-01-25.12:42:31::SCWBifWriter::bitstream found in the design
TRACE::2021-01-25.12:42:31::SCWBifWriter::Found a baremetal domain, proc: ps7_cortexa9_0
TRACE::2021-01-25.12:42:31::SCWBifWriter::proc type : 
TRACE::2021-01-25.12:42:31::SCWBifWriter::proc[0] : ps7_cortexa9_0
TRACE::2021-01-25.12:42:31::SCWBifWriter::Device type is : zynq
TRACE::2021-01-25.12:42:31::SCWBifWriter::Writing BIF to file : C:/Users/KasperPC/Desktop/EOS_Examen/EX8/EX8_1_PL/EX_8_1_PS_app_system/Debug/system.bif
TRACE::2021-01-25.12:42:31::SCWBifWriter::Writing the Zynq Baremetal bif 
TRACE::2021-01-25.12:44:26::SCWBifWriter::Found the complete platform C:/Users/KasperPC/Desktop/EOS_Examen/EX8/EX8_1_PL/EX_8_1_PL/export/EX_8_1_PL/EX_8_1_PL.xpfm
TRACE::2021-01-25.12:44:26::SCWBifWriter::hardware databse : design_1_wrapper_3
TRACE::2021-01-25.12:44:26::SCWBifWriter::bitstream found in the design
TRACE::2021-01-25.12:44:26::SCWBifWriter::Found a baremetal domain, proc: ps7_cortexa9_0
TRACE::2021-01-25.12:44:26::SCWBifWriter::proc type : 
TRACE::2021-01-25.12:44:26::SCWBifWriter::proc[0] : ps7_cortexa9_0
TRACE::2021-01-25.12:44:26::SCWBifWriter::Device type is : zynq
TRACE::2021-01-25.12:44:26::SCWBifWriter::Writing BIF to file : C:/Users/KasperPC/Desktop/EOS_Examen/EX8/EX8_1_PL/EX_8_1_PS_app_system/Debug/system.bif
TRACE::2021-01-25.12:44:26::SCWBifWriter::Writing the Zynq Baremetal bif 
TRACE::2021-01-25.12:44:36::SCWBifWriter::Found the complete platform C:/Users/KasperPC/Desktop/EOS_Examen/EX8/EX8_1_PL/EX_8_1_PL/export/EX_8_1_PL/EX_8_1_PL.xpfm
TRACE::2021-01-25.12:44:36::SCWBifWriter::hardware databse : design_1_wrapper_3
TRACE::2021-01-25.12:44:36::SCWBifWriter::bitstream found in the design
TRACE::2021-01-25.12:44:36::SCWBifWriter::Found a baremetal domain, proc: ps7_cortexa9_0
TRACE::2021-01-25.12:44:36::SCWBifWriter::proc type : 
TRACE::2021-01-25.12:44:36::SCWBifWriter::proc[0] : ps7_cortexa9_0
TRACE::2021-01-25.12:44:36::SCWBifWriter::Device type is : zynq
TRACE::2021-01-25.12:44:36::SCWBifWriter::Writing BIF to file : C:/Users/KasperPC/Desktop/EOS_Examen/EX8/EX8_1_PL/EX_8_1_PS_app_system/Debug/system.bif
TRACE::2021-01-25.12:44:36::SCWBifWriter::Writing the Zynq Baremetal bif 
TRACE::2021-01-25.12:45:32::SCWBifWriter::Found the complete platform C:/Users/KasperPC/Desktop/EOS_Examen/EX8/EX8_1_PL/EX_8_1_PL/export/EX_8_1_PL/EX_8_1_PL.xpfm
TRACE::2021-01-25.12:45:32::SCWBifWriter::hardware databse : design_1_wrapper_3
TRACE::2021-01-25.12:45:32::SCWBifWriter::bitstream found in the design
TRACE::2021-01-25.12:45:32::SCWBifWriter::Found a baremetal domain, proc: ps7_cortexa9_0
TRACE::2021-01-25.12:45:32::SCWBifWriter::proc type : 
TRACE::2021-01-25.12:45:32::SCWBifWriter::proc[0] : ps7_cortexa9_0
TRACE::2021-01-25.12:45:32::SCWBifWriter::Device type is : zynq
TRACE::2021-01-25.12:45:32::SCWBifWriter::Writing BIF to file : C:/Users/KasperPC/Desktop/EOS_Examen/EX8/EX8_1_PL/EX_8_1_PS_app_system/Debug/system.bif
TRACE::2021-01-25.12:45:32::SCWBifWriter::Writing the Zynq Baremetal bif 
TRACE::2021-01-25.12:46:12::SCWBifWriter::Found the complete platform C:/Users/KasperPC/Desktop/EOS_Examen/EX8/EX8_1_PL/EX_8_1_PL/export/EX_8_1_PL/EX_8_1_PL.xpfm
TRACE::2021-01-25.12:46:12::SCWBifWriter::hardware databse : design_1_wrapper_3
TRACE::2021-01-25.12:46:12::SCWBifWriter::bitstream found in the design
TRACE::2021-01-25.12:46:12::SCWBifWriter::Found a baremetal domain, proc: ps7_cortexa9_0
TRACE::2021-01-25.12:46:12::SCWBifWriter::proc type : 
TRACE::2021-01-25.12:46:12::SCWBifWriter::proc[0] : ps7_cortexa9_0
TRACE::2021-01-25.12:46:12::SCWBifWriter::Device type is : zynq
TRACE::2021-01-25.12:46:12::SCWBifWriter::Writing BIF to file : C:/Users/KasperPC/Desktop/EOS_Examen/EX8/EX8_1_PL/EX_8_1_PS_app_system/Debug/system.bif
TRACE::2021-01-25.12:46:12::SCWBifWriter::Writing the Zynq Baremetal bif 
TRACE::2021-01-25.12:53:42::SCWBifWriter::Found the complete platform C:/Users/KasperPC/Desktop/EOS_Examen/EX8/EX8_1_PL/EX_8_1_PL/export/EX_8_1_PL/EX_8_1_PL.xpfm
TRACE::2021-01-25.12:53:42::SCWBifWriter::hardware databse : design_1_wrapper_3
TRACE::2021-01-25.12:53:42::SCWBifWriter::bitstream found in the design
TRACE::2021-01-25.12:53:42::SCWBifWriter::Found a baremetal domain, proc: ps7_cortexa9_0
TRACE::2021-01-25.12:53:42::SCWBifWriter::proc type : 
TRACE::2021-01-25.12:53:42::SCWBifWriter::proc[0] : ps7_cortexa9_0
TRACE::2021-01-25.12:53:42::SCWBifWriter::Device type is : zynq
TRACE::2021-01-25.12:53:42::SCWBifWriter::Writing BIF to file : C:/Users/KasperPC/Desktop/EOS_Examen/EX8/EX8_1_PL/EX_8_1_PS_app_system/Debug/system.bif
TRACE::2021-01-25.12:53:42::SCWBifWriter::Writing the Zynq Baremetal bif 
TRACE::2021-01-25.12:54:10::SCWBifWriter::Found the complete platform C:/Users/KasperPC/Desktop/EOS_Examen/EX8/EX8_1_PL/EX_8_1_PL/export/EX_8_1_PL/EX_8_1_PL.xpfm
TRACE::2021-01-25.12:54:10::SCWBifWriter::hardware databse : design_1_wrapper_3
TRACE::2021-01-25.12:54:10::SCWBifWriter::bitstream found in the design
TRACE::2021-01-25.12:54:10::SCWBifWriter::Found a baremetal domain, proc: ps7_cortexa9_0
TRACE::2021-01-25.12:54:10::SCWBifWriter::proc type : 
TRACE::2021-01-25.12:54:10::SCWBifWriter::proc[0] : ps7_cortexa9_0
TRACE::2021-01-25.12:54:10::SCWBifWriter::Device type is : zynq
TRACE::2021-01-25.12:54:10::SCWBifWriter::Writing BIF to file : C:/Users/KasperPC/Desktop/EOS_Examen/EX8/EX8_1_PL/EX_8_1_PS_app_system/Debug/system.bif
TRACE::2021-01-25.12:54:10::SCWBifWriter::Writing the Zynq Baremetal bif 
