#-----------------------------------------------------------
# Vivado v2019.1 (64-bit)
# SW Build 2552052 on Fri May 24 14:49:42 MDT 2019
# IP Build 2548770 on Fri May 24 18:01:18 MDT 2019
# Start of session at: Tue Nov 12 15:45:53 2019
# Process ID: 90168
# Current directory: C:/EmbeddedOperatingSystems/Oefeningen/IP_REPO/SevenSegment
# Command line: vivado.exe -gui_launcher_event rodinguilauncherevent88732 C:\EmbeddedOperatingSystems\Oefeningen\IP_REPO\SevenSegment\edit_SevenSegmentDriver_v1_0.xpr
# Log file: C:/EmbeddedOperatingSystems/Oefeningen/IP_REPO/SevenSegment/vivado.log
# Journal file: C:/EmbeddedOperatingSystems/Oefeningen/IP_REPO/SevenSegment\vivado.jou
#-----------------------------------------------------------
start_gui
open_project C:/EmbeddedOperatingSystems/Oefeningen/IP_REPO/SevenSegment/edit_SevenSegmentDriver_v1_0.xpr
INFO: [Project 1-313] Project file moved from 'c:/embeddedoperatingsystems/oefeningen/ip_repo/sevensegment/ip_repo' since last save.
CRITICAL WARNING: [Project 1-311] Could not find the file 'C:/../EmbeddedOperatingSystems/Oefeningen/IP_REPO/SevenSegment/ip_repo/SevenSegmentDriver_1.0/hdl/SevenSegmentDriver_v1_0_S00_AXI.vhd', nor could it be found using path 'c:/EmbeddedOperatingSystems/Oefeningen/IP_REPO/SevenSegment/ip_repo/SevenSegmentDriver_1.0/hdl/SevenSegmentDriver_v1_0_S00_AXI.vhd'.
CRITICAL WARNING: [Project 1-311] Could not find the file 'C:/../EmbeddedOperatingSystems/Oefeningen/IP_REPO/SevenSegment/ip_repo/SevenSegmentDriver_1.0/src/segment.vhd', nor could it be found using path 'c:/EmbeddedOperatingSystems/Oefeningen/IP_REPO/SevenSegment/ip_repo/SevenSegmentDriver_1.0/src/segment.vhd'.
CRITICAL WARNING: [Project 1-311] Could not find the file 'C:/../EmbeddedOperatingSystems/Oefeningen/IP_REPO/SevenSegment/ip_repo/SevenSegmentDriver_1.0/hdl/SevenSegmentDriver_v1_0.vhd', nor could it be found using path 'c:/EmbeddedOperatingSystems/Oefeningen/IP_REPO/SevenSegment/ip_repo/SevenSegmentDriver_1.0/hdl/SevenSegmentDriver_v1_0.vhd'.
CRITICAL WARNING: [Project 1-311] Could not find the file 'C:/../EmbeddedOperatingSystems/Oefeningen/IP_REPO/SevenSegment/ip_repo/SevenSegmentDriver_1.0/component.xml', nor could it be found using path 'c:/EmbeddedOperatingSystems/Oefeningen/IP_REPO/SevenSegment/ip_repo/SevenSegmentDriver_1.0/component.xml'.
Scanning sources...
Finished scanning sources
WARNING: [filemgmt 56-2] IP Repository Path: Could not find the directory 'C:/../EmbeddedOperatingSystems/Oefeningen/IP_REPO/SevenSegment/ip_repo/SevenSegmentDriver_1.0', nor could it be found using path 'c:/EmbeddedOperatingSystems/Oefeningen/IP_REPO/SevenSegment/ip_repo/SevenSegmentDriver_1.0'.
WARNING: [filemgmt 56-2] IP Repository Path: Could not find the directory 'C:/../EmbeddedOperatingSystems/Oefeningen/IP_REPO/SevenSegment/SEG7_1.0', nor could it be found using path 'c:/EmbeddedOperatingSystems/Oefeningen/IP_REPO/SevenSegment/SEG7_1.0'.
WARNING: [filemgmt 56-2] IP Repository Path: Could not find the directory 'C:/../EmbeddedOperatingSystems/Oefeningen/IP_REPO/SevenSegment/ip_repo/SEG7_1.0', nor could it be found using path 'c:/EmbeddedOperatingSystems/Oefeningen/IP_REPO/SevenSegment/ip_repo/SEG7_1.0'.
INFO: [IP_Flow 19-234] Refreshing IP repositories
WARNING: [IP_Flow 19-2248] Failed to load user IP repository 'c:EmbeddedOperatingSystems/Oefeningen/IP_REPO/SevenSegment/ip_repo/SevenSegmentDriver_1.0'; Can't find the specified path.
If this directory should no longer be in your list of user repositories, go to the IP Settings dialog and remove it.
WARNING: [IP_Flow 19-2248] Failed to load user IP repository 'c:EmbeddedOperatingSystems/Oefeningen/IP_REPO/SevenSegment/SEG7_1.0'; Can't find the specified path.
If this directory should no longer be in your list of user repositories, go to the IP Settings dialog and remove it.
WARNING: [IP_Flow 19-2248] Failed to load user IP repository 'c:EmbeddedOperatingSystems/Oefeningen/IP_REPO/SevenSegment/ip_repo/SEG7_1.0'; Can't find the specified path.
If this directory should no longer be in your list of user repositories, go to the IP Settings dialog and remove it.
INFO: [IP_Flow 19-2313] Loaded Vivado IP repository 'C:/Xilinx/Vivado/2019.1/data/ip'.
open_project: Time (s): cpu = 00:00:17 ; elapsed = 00:00:08 . Memory (MB): peak = 693.215 ; gain = 50.602
update_compile_order -fileset sources_1
set_property source_mgmt_mode DisplayOnly [current_project]
import_files -norecurse {C:/EmbeddedOperatingSystems/Oefeningen/IP_REPO/SevenSegment/sevenseg/sevenseg.srcs/sources_1/new/segment.vhd C:/EmbeddedOperatingSystems/Oefeningen/IP_REPO/SevenSegment/SevenSegmentDriver_1.0/hdl/SevenSegmentDriver_v1_0_S00_AXI.vhd C:/EmbeddedOperatingSystems/Oefeningen/IP_REPO/SevenSegment/SevenSegmentDriver_1.0/hdl/SevenSegmentDriver_v1_0.vhd}
export_ip_user_files -of_objects  [get_files C:/../EmbeddedOperatingSystems/Oefeningen/IP_REPO/SevenSegment/ip_repo/SevenSegmentDriver_1.0/hdl/SevenSegmentDriver_v1_0.vhd] -no_script -reset -force -quiet
remove_files  C:/../EmbeddedOperatingSystems/Oefeningen/IP_REPO/SevenSegment/ip_repo/SevenSegmentDriver_1.0/hdl/SevenSegmentDriver_v1_0.vhd
export_ip_user_files -of_objects  [get_files C:/../EmbeddedOperatingSystems/Oefeningen/IP_REPO/SevenSegment/ip_repo/SevenSegmentDriver_1.0/hdl/SevenSegmentDriver_v1_0_S00_AXI.vhd] -no_script -reset -force -quiet
remove_files  C:/../EmbeddedOperatingSystems/Oefeningen/IP_REPO/SevenSegment/ip_repo/SevenSegmentDriver_1.0/hdl/SevenSegmentDriver_v1_0_S00_AXI.vhd
export_ip_user_files -of_objects  [get_files C:/../EmbeddedOperatingSystems/Oefeningen/IP_REPO/SevenSegment/ip_repo/SevenSegmentDriver_1.0/src/segment.vhd] -no_script -reset -force -quiet
remove_files  C:/../EmbeddedOperatingSystems/Oefeningen/IP_REPO/SevenSegment/ip_repo/SevenSegmentDriver_1.0/src/segment.vhd
exit
INFO: [Common 17-206] Exiting Vivado at Tue Nov 12 15:51:16 2019...
