
*** Running vivado
    with args -log design_1_ROTARY_ENCODER_0_0.vds -m64 -product Vivado -mode batch -messageDb vivado.pb -notrace -source design_1_ROTARY_ENCODER_0_0.tcl


****** Vivado v2019.2 (64-bit)
  **** SW Build 2708876 on Wed Nov  6 21:40:23 MST 2019
  **** IP Build 2700528 on Thu Nov  7 00:09:20 MST 2019
    ** Copyright 1986-2019 Xilinx, Inc. All Rights Reserved.

source design_1_ROTARY_ENCODER_0_0.tcl -notrace
INFO: [IP_Flow 19-234] Refreshing IP repositories
INFO: [IP_Flow 19-1700] Loaded user IP repository 'c:/eFPGA'.
WARNING: [IP_Flow 19-3656] If you move the project, the path for repository 'c:/eFPGA' may become invalid. A better location for the repository would be in a path adjacent to the project. (Current project location is 'c:/eFPGA/21_ROT_CUSTOM_IP/21_ROT_CUSTOM_IP.runs/design_1_ROTARY_ENCODER_0_0_synth_1'.)
INFO: [IP_Flow 19-2313] Loaded Vivado IP repository 'C:/Xilinx/Vivado/2019.2/data/ip'.
WARNING: [IP_Flow 19-1663] Duplicate IP found for 'xilinx.com:module_ref:vhdlnoclk:1.0'. The one found in IP location 'c:/eFPGA/2_Simple_VHDL/2_Simple_VHDL.srcs/sources_1/bd/mref/vhdlnoclk' will take precedence over the same IP in locations: 
   c:/eFPGA/3_State_Machine/3_State_Machine.srcs/sources_1/bd/mref/vhdlnoclk
   c:/eFPGA/9_VHDL_7_SEG/9_VHDL_7_SEG.srcs/sources_1/bd/mref/vhdlnoclk
Command: synth_design -top design_1_ROTARY_ENCODER_0_0 -part xc7z007sclg225-1 -mode out_of_context
Starting synth_design
Attempting to get a license for feature 'Synthesis' and/or device 'xc7z007s'
INFO: [Common 17-349] Got license for feature 'Synthesis' and/or device 'xc7z007s'
INFO: [Device 21-403] Loading part xc7z007sclg225-1
INFO: Launching helper process for spawning children vivado processes
INFO: Helper process launched with PID 17372 
---------------------------------------------------------------------------------
Starting RTL Elaboration : Time (s): cpu = 00:00:03 ; elapsed = 00:00:03 . Memory (MB): peak = 922.430 ; gain = 234.797
---------------------------------------------------------------------------------
INFO: [Synth 8-638] synthesizing module 'design_1_ROTARY_ENCODER_0_0' [c:/eFPGA/21_ROT_CUSTOM_IP/21_ROT_CUSTOM_IP.srcs/sources_1/bd/design_1/ip/design_1_ROTARY_ENCODER_0_0/synth/design_1_ROTARY_ENCODER_0_0.vhd:85]
	Parameter C_S00_AXI_DATA_WIDTH bound to: 32 - type: integer 
	Parameter C_S00_AXI_ADDR_WIDTH bound to: 4 - type: integer 
INFO: [Synth 8-3491] module 'ROTARY_ENCODER_v1_0' declared at 'c:/eFPGA/21_ROT_CUSTOM_IP/21_ROT_CUSTOM_IP.srcs/sources_1/bd/design_1/ipshared/feac/hdl/ROTARY_ENCODER_v1_0.vhd:5' bound to instance 'U0' of component 'ROTARY_ENCODER_v1_0' [c:/eFPGA/21_ROT_CUSTOM_IP/21_ROT_CUSTOM_IP.srcs/sources_1/bd/design_1/ip/design_1_ROTARY_ENCODER_0_0/synth/design_1_ROTARY_ENCODER_0_0.vhd:154]
INFO: [Synth 8-638] synthesizing module 'ROTARY_ENCODER_v1_0' [c:/eFPGA/21_ROT_CUSTOM_IP/21_ROT_CUSTOM_IP.srcs/sources_1/bd/design_1/ipshared/feac/hdl/ROTARY_ENCODER_v1_0.vhd:51]
	Parameter C_S00_AXI_DATA_WIDTH bound to: 32 - type: integer 
	Parameter C_S00_AXI_ADDR_WIDTH bound to: 4 - type: integer 
	Parameter C_S_AXI_DATA_WIDTH bound to: 32 - type: integer 
	Parameter C_S_AXI_ADDR_WIDTH bound to: 4 - type: integer 
INFO: [Synth 8-3491] module 'ROTARY_ENCODER_v1_0_S00_AXI' declared at 'c:/eFPGA/21_ROT_CUSTOM_IP/21_ROT_CUSTOM_IP.srcs/sources_1/bd/design_1/ipshared/feac/hdl/ROTARY_ENCODER_v1_0_S00_AXI.vhd:5' bound to instance 'ROTARY_ENCODER_v1_0_S00_AXI_inst' of component 'ROTARY_ENCODER_v1_0_S00_AXI' [c:/eFPGA/21_ROT_CUSTOM_IP/21_ROT_CUSTOM_IP.srcs/sources_1/bd/design_1/ipshared/feac/hdl/ROTARY_ENCODER_v1_0.vhd:91]
INFO: [Synth 8-638] synthesizing module 'ROTARY_ENCODER_v1_0_S00_AXI' [c:/eFPGA/21_ROT_CUSTOM_IP/21_ROT_CUSTOM_IP.srcs/sources_1/bd/design_1/ipshared/feac/hdl/ROTARY_ENCODER_v1_0_S00_AXI.vhd:88]
	Parameter C_S_AXI_DATA_WIDTH bound to: 32 - type: integer 
	Parameter C_S_AXI_ADDR_WIDTH bound to: 4 - type: integer 
INFO: [Synth 8-226] default block is never used [c:/eFPGA/21_ROT_CUSTOM_IP/21_ROT_CUSTOM_IP.srcs/sources_1/bd/design_1/ipshared/feac/hdl/ROTARY_ENCODER_v1_0_S00_AXI.vhd:237]
INFO: [Synth 8-226] default block is never used [c:/eFPGA/21_ROT_CUSTOM_IP/21_ROT_CUSTOM_IP.srcs/sources_1/bd/design_1/ipshared/feac/hdl/ROTARY_ENCODER_v1_0_S00_AXI.vhd:367]
WARNING: [Synth 8-614] signal 'ROT_VAL_i' is read in the process but is not in the sensitivity list [c:/eFPGA/21_ROT_CUSTOM_IP/21_ROT_CUSTOM_IP.srcs/sources_1/bd/design_1/ipshared/feac/hdl/ROTARY_ENCODER_v1_0_S00_AXI.vhd:362]
INFO: [Synth 8-3491] module 'ROTARY_ENCODER' declared at 'c:/eFPGA/21_ROT_CUSTOM_IP/21_ROT_CUSTOM_IP.srcs/sources_1/bd/design_1/ipshared/feac/src/ROTARY_ENCODER.vhd:5' bound to instance 'Core1' of component 'ROTARY_ENCODER' [c:/eFPGA/21_ROT_CUSTOM_IP/21_ROT_CUSTOM_IP.srcs/sources_1/bd/design_1/ipshared/feac/hdl/ROTARY_ENCODER_v1_0_S00_AXI.vhd:403]
INFO: [Synth 8-638] synthesizing module 'ROTARY_ENCODER' [c:/eFPGA/21_ROT_CUSTOM_IP/21_ROT_CUSTOM_IP.srcs/sources_1/bd/design_1/ipshared/feac/src/ROTARY_ENCODER.vhd:13]
INFO: [Synth 8-256] done synthesizing module 'ROTARY_ENCODER' (1#1) [c:/eFPGA/21_ROT_CUSTOM_IP/21_ROT_CUSTOM_IP.srcs/sources_1/bd/design_1/ipshared/feac/src/ROTARY_ENCODER.vhd:13]
WARNING: [Synth 8-6014] Unused sequential element slv_reg2_reg was removed.  [c:/eFPGA/21_ROT_CUSTOM_IP/21_ROT_CUSTOM_IP.srcs/sources_1/bd/design_1/ipshared/feac/hdl/ROTARY_ENCODER_v1_0_S00_AXI.vhd:232]
WARNING: [Synth 8-6014] Unused sequential element loc_addr_reg was removed.  [c:/eFPGA/21_ROT_CUSTOM_IP/21_ROT_CUSTOM_IP.srcs/sources_1/bd/design_1/ipshared/feac/hdl/ROTARY_ENCODER_v1_0_S00_AXI.vhd:235]
INFO: [Synth 8-256] done synthesizing module 'ROTARY_ENCODER_v1_0_S00_AXI' (2#1) [c:/eFPGA/21_ROT_CUSTOM_IP/21_ROT_CUSTOM_IP.srcs/sources_1/bd/design_1/ipshared/feac/hdl/ROTARY_ENCODER_v1_0_S00_AXI.vhd:88]
INFO: [Synth 8-256] done synthesizing module 'ROTARY_ENCODER_v1_0' (3#1) [c:/eFPGA/21_ROT_CUSTOM_IP/21_ROT_CUSTOM_IP.srcs/sources_1/bd/design_1/ipshared/feac/hdl/ROTARY_ENCODER_v1_0.vhd:51]
INFO: [Synth 8-256] done synthesizing module 'design_1_ROTARY_ENCODER_0_0' (4#1) [c:/eFPGA/21_ROT_CUSTOM_IP/21_ROT_CUSTOM_IP.srcs/sources_1/bd/design_1/ip/design_1_ROTARY_ENCODER_0_0/synth/design_1_ROTARY_ENCODER_0_0.vhd:85]
WARNING: [Synth 8-3331] design ROTARY_ENCODER_v1_0_S00_AXI has unconnected port S_AXI_AWPROT[2]
WARNING: [Synth 8-3331] design ROTARY_ENCODER_v1_0_S00_AXI has unconnected port S_AXI_AWPROT[1]
WARNING: [Synth 8-3331] design ROTARY_ENCODER_v1_0_S00_AXI has unconnected port S_AXI_AWPROT[0]
WARNING: [Synth 8-3331] design ROTARY_ENCODER_v1_0_S00_AXI has unconnected port S_AXI_ARPROT[2]
WARNING: [Synth 8-3331] design ROTARY_ENCODER_v1_0_S00_AXI has unconnected port S_AXI_ARPROT[1]
WARNING: [Synth 8-3331] design ROTARY_ENCODER_v1_0_S00_AXI has unconnected port S_AXI_ARPROT[0]
---------------------------------------------------------------------------------
Finished RTL Elaboration : Time (s): cpu = 00:00:04 ; elapsed = 00:00:04 . Memory (MB): peak = 998.676 ; gain = 311.043
---------------------------------------------------------------------------------

Report Check Netlist: 
+------+------------------+-------+---------+-------+------------------+
|      |Item              |Errors |Warnings |Status |Description       |
+------+------------------+-------+---------+-------+------------------+
|1     |multi_driven_nets |      0|        0|Passed |Multi driven nets |
+------+------------------+-------+---------+-------+------------------+
---------------------------------------------------------------------------------
Start Handling Custom Attributes
---------------------------------------------------------------------------------
---------------------------------------------------------------------------------
Finished Handling Custom Attributes : Time (s): cpu = 00:00:04 ; elapsed = 00:00:05 . Memory (MB): peak = 998.676 ; gain = 311.043
---------------------------------------------------------------------------------
---------------------------------------------------------------------------------
Finished RTL Optimization Phase 1 : Time (s): cpu = 00:00:04 ; elapsed = 00:00:05 . Memory (MB): peak = 998.676 ; gain = 311.043
---------------------------------------------------------------------------------
Netlist sorting complete. Time (s): cpu = 00:00:00 ; elapsed = 00:00:00.007 . Memory (MB): peak = 998.676 ; gain = 0.000
INFO: [Project 1-570] Preparing netlist for logic optimization

Processing XDC Constraints
Initializing timing engine
Completed Processing XDC Constraints

Netlist sorting complete. Time (s): cpu = 00:00:00 ; elapsed = 00:00:00.001 . Memory (MB): peak = 1104.641 ; gain = 0.000
INFO: [Project 1-111] Unisim Transformation Summary:
No Unisim elements were transformed.

WARNING: [Constraints 18-5210] No constraints selected for write.
Resolution: This message can indicate that there are no constraints for the design, or it can indicate that the used_in flags are set such that the constraints are ignored. This later case is used when running synth_design to not write synthesis constraints to the resulting checkpoint. Instead, project constraints are read when the synthesized design is opened.
Constraint Validation Runtime : Time (s): cpu = 00:00:01 ; elapsed = 00:00:00.058 . Memory (MB): peak = 1105.633 ; gain = 0.992
---------------------------------------------------------------------------------
Finished Constraint Validation : Time (s): cpu = 00:00:09 ; elapsed = 00:00:10 . Memory (MB): peak = 1105.633 ; gain = 418.000
---------------------------------------------------------------------------------
---------------------------------------------------------------------------------
Start Loading Part and Timing Information
---------------------------------------------------------------------------------
Loading part: xc7z007sclg225-1
---------------------------------------------------------------------------------
Finished Loading Part and Timing Information : Time (s): cpu = 00:00:09 ; elapsed = 00:00:10 . Memory (MB): peak = 1105.633 ; gain = 418.000
---------------------------------------------------------------------------------
---------------------------------------------------------------------------------
Start Applying 'set_property' XDC Constraints
---------------------------------------------------------------------------------
---------------------------------------------------------------------------------
Finished applying 'set_property' XDC Constraints : Time (s): cpu = 00:00:09 ; elapsed = 00:00:10 . Memory (MB): peak = 1105.633 ; gain = 418.000
---------------------------------------------------------------------------------
---------------------------------------------------------------------------------
Finished RTL Optimization Phase 2 : Time (s): cpu = 00:00:09 ; elapsed = 00:00:10 . Memory (MB): peak = 1105.633 ; gain = 418.000
---------------------------------------------------------------------------------

Report RTL Partitions: 
+-+--------------+------------+----------+
| |RTL Partition |Replication |Instances |
+-+--------------+------------+----------+
+-+--------------+------------+----------+
---------------------------------------------------------------------------------
Start RTL Component Statistics 
---------------------------------------------------------------------------------
Detailed RTL Component Info : 
+---Registers : 
	               32 Bit    Registers := 4     
	                4 Bit    Registers := 2     
	                2 Bit    Registers := 2     
	                1 Bit    Registers := 6     
+---Muxes : 
	   2 Input     32 Bit        Muxes := 3     
	   4 Input     32 Bit        Muxes := 4     
	   2 Input      1 Bit        Muxes := 5     
---------------------------------------------------------------------------------
Finished RTL Component Statistics 
---------------------------------------------------------------------------------
---------------------------------------------------------------------------------
Start RTL Hierarchical Component Statistics 
---------------------------------------------------------------------------------
Hierarchical RTL Component report 
Module ROTARY_ENCODER_v1_0_S00_AXI 
Detailed RTL Component Info : 
+---Registers : 
	               32 Bit    Registers := 4     
	                4 Bit    Registers := 2     
	                2 Bit    Registers := 2     
	                1 Bit    Registers := 6     
+---Muxes : 
	   2 Input     32 Bit        Muxes := 3     
	   4 Input     32 Bit        Muxes := 4     
	   2 Input      1 Bit        Muxes := 5     
---------------------------------------------------------------------------------
Finished RTL Hierarchical Component Statistics
---------------------------------------------------------------------------------
---------------------------------------------------------------------------------
Start Part Resource Summary
---------------------------------------------------------------------------------
Part Resources:
DSPs: 66 (col length:40)
BRAMs: 100 (col length: RAMB18 40 RAMB36 20)
---------------------------------------------------------------------------------
Finished Part Resource Summary
---------------------------------------------------------------------------------
---------------------------------------------------------------------------------
Start Cross Boundary and Area Optimization
---------------------------------------------------------------------------------
Warning: Parallel synthesis criteria is not met 
WARNING: [Synth 8-3331] design design_1_ROTARY_ENCODER_0_0 has unconnected port s00_axi_awprot[2]
WARNING: [Synth 8-3331] design design_1_ROTARY_ENCODER_0_0 has unconnected port s00_axi_awprot[1]
WARNING: [Synth 8-3331] design design_1_ROTARY_ENCODER_0_0 has unconnected port s00_axi_awprot[0]
WARNING: [Synth 8-3331] design design_1_ROTARY_ENCODER_0_0 has unconnected port s00_axi_arprot[2]
WARNING: [Synth 8-3331] design design_1_ROTARY_ENCODER_0_0 has unconnected port s00_axi_arprot[1]
WARNING: [Synth 8-3331] design design_1_ROTARY_ENCODER_0_0 has unconnected port s00_axi_arprot[0]
INFO: [Synth 8-3886] merging instance 'U0/ROTARY_ENCODER_v1_0_S00_AXI_inst/axi_rresp_reg[0]' (FDRE) to 'U0/ROTARY_ENCODER_v1_0_S00_AXI_inst/axi_rresp_reg[1]'
INFO: [Synth 8-3333] propagating constant 0 across sequential element (\U0/ROTARY_ENCODER_v1_0_S00_AXI_inst/axi_rresp_reg[1] )
INFO: [Synth 8-3886] merging instance 'U0/ROTARY_ENCODER_v1_0_S00_AXI_inst/axi_bresp_reg[0]' (FDRE) to 'U0/ROTARY_ENCODER_v1_0_S00_AXI_inst/axi_bresp_reg[1]'
INFO: [Synth 8-3333] propagating constant 0 across sequential element (\U0/ROTARY_ENCODER_v1_0_S00_AXI_inst/axi_bresp_reg[1] )
---------------------------------------------------------------------------------
Finished Cross Boundary and Area Optimization : Time (s): cpu = 00:00:10 ; elapsed = 00:00:11 . Memory (MB): peak = 1105.633 ; gain = 418.000
---------------------------------------------------------------------------------

Report RTL Partitions: 
+-+--------------+------------+----------+
| |RTL Partition |Replication |Instances |
+-+--------------+------------+----------+
+-+--------------+------------+----------+
---------------------------------------------------------------------------------
Start Applying XDC Timing Constraints
---------------------------------------------------------------------------------
---------------------------------------------------------------------------------
Finished Applying XDC Timing Constraints : Time (s): cpu = 00:00:17 ; elapsed = 00:00:18 . Memory (MB): peak = 1105.633 ; gain = 418.000
---------------------------------------------------------------------------------
---------------------------------------------------------------------------------
Start Timing Optimization
---------------------------------------------------------------------------------
---------------------------------------------------------------------------------
Finished Timing Optimization : Time (s): cpu = 00:00:17 ; elapsed = 00:00:18 . Memory (MB): peak = 1105.633 ; gain = 418.000
---------------------------------------------------------------------------------

Report RTL Partitions: 
+-+--------------+------------+----------+
| |RTL Partition |Replication |Instances |
+-+--------------+------------+----------+
+-+--------------+------------+----------+
---------------------------------------------------------------------------------
Start Technology Mapping
---------------------------------------------------------------------------------
---------------------------------------------------------------------------------
Finished Technology Mapping : Time (s): cpu = 00:00:17 ; elapsed = 00:00:18 . Memory (MB): peak = 1105.633 ; gain = 418.000
---------------------------------------------------------------------------------

Report RTL Partitions: 
+-+--------------+------------+----------+
| |RTL Partition |Replication |Instances |
+-+--------------+------------+----------+
+-+--------------+------------+----------+
---------------------------------------------------------------------------------
Start IO Insertion
---------------------------------------------------------------------------------
---------------------------------------------------------------------------------
Start Flattening Before IO Insertion
---------------------------------------------------------------------------------
---------------------------------------------------------------------------------
Finished Flattening Before IO Insertion
---------------------------------------------------------------------------------
---------------------------------------------------------------------------------
Start Final Netlist Cleanup
---------------------------------------------------------------------------------
---------------------------------------------------------------------------------
Finished Final Netlist Cleanup
---------------------------------------------------------------------------------
---------------------------------------------------------------------------------
Finished IO Insertion : Time (s): cpu = 00:00:20 ; elapsed = 00:00:20 . Memory (MB): peak = 1105.633 ; gain = 418.000
---------------------------------------------------------------------------------
---------------------------------------------------------------------------------
Start Renaming Generated Instances
---------------------------------------------------------------------------------
---------------------------------------------------------------------------------
Finished Renaming Generated Instances : Time (s): cpu = 00:00:20 ; elapsed = 00:00:20 . Memory (MB): peak = 1105.633 ; gain = 418.000
---------------------------------------------------------------------------------

Report RTL Partitions: 
+-+--------------+------------+----------+
| |RTL Partition |Replication |Instances |
+-+--------------+------------+----------+
+-+--------------+------------+----------+

Report Check Netlist: 
+------+------------------+-------+---------+-------+------------------+
|      |Item              |Errors |Warnings |Status |Description       |
+------+------------------+-------+---------+-------+------------------+
|1     |multi_driven_nets |      0|        0|Passed |Multi driven nets |
+------+------------------+-------+---------+-------+------------------+
---------------------------------------------------------------------------------
Start Rebuilding User Hierarchy
---------------------------------------------------------------------------------
---------------------------------------------------------------------------------
Finished Rebuilding User Hierarchy : Time (s): cpu = 00:00:20 ; elapsed = 00:00:20 . Memory (MB): peak = 1105.633 ; gain = 418.000
---------------------------------------------------------------------------------
---------------------------------------------------------------------------------
Start Renaming Generated Ports
---------------------------------------------------------------------------------
---------------------------------------------------------------------------------
Finished Renaming Generated Ports : Time (s): cpu = 00:00:20 ; elapsed = 00:00:20 . Memory (MB): peak = 1105.633 ; gain = 418.000
---------------------------------------------------------------------------------
---------------------------------------------------------------------------------
Start Handling Custom Attributes
---------------------------------------------------------------------------------
---------------------------------------------------------------------------------
Finished Handling Custom Attributes : Time (s): cpu = 00:00:20 ; elapsed = 00:00:20 . Memory (MB): peak = 1105.633 ; gain = 418.000
---------------------------------------------------------------------------------
---------------------------------------------------------------------------------
Start Renaming Generated Nets
---------------------------------------------------------------------------------
---------------------------------------------------------------------------------
Finished Renaming Generated Nets : Time (s): cpu = 00:00:20 ; elapsed = 00:00:20 . Memory (MB): peak = 1105.633 ; gain = 418.000
---------------------------------------------------------------------------------
---------------------------------------------------------------------------------
Start Writing Synthesis Report
---------------------------------------------------------------------------------

Report BlackBoxes: 
+-+--------------+----------+
| |BlackBox name |Instances |
+-+--------------+----------+
+-+--------------+----------+

Report Cell Usage: 
+------+-----+------+
|      |Cell |Count |
+------+-----+------+
|1     |LUT1 |     1|
|2     |LUT2 |     1|
|3     |LUT3 |     1|
|4     |LUT4 |    18|
|5     |LUT5 |    30|
|6     |LUT6 |     6|
|7     |FDRE |   135|
|8     |FDSE |     3|
+------+-----+------+

Report Instance Areas: 
+------+-------------------------------------+----------------------------+------+
|      |Instance                             |Module                      |Cells |
+------+-------------------------------------+----------------------------+------+
|1     |top                                  |                            |   195|
|2     |  U0                                 |ROTARY_ENCODER_v1_0         |   195|
|3     |    ROTARY_ENCODER_v1_0_S00_AXI_inst |ROTARY_ENCODER_v1_0_S00_AXI |   195|
+------+-------------------------------------+----------------------------+------+
---------------------------------------------------------------------------------
Finished Writing Synthesis Report : Time (s): cpu = 00:00:20 ; elapsed = 00:00:20 . Memory (MB): peak = 1105.633 ; gain = 418.000
---------------------------------------------------------------------------------
Synthesis finished with 0 errors, 0 critical warnings and 6 warnings.
Synthesis Optimization Runtime : Time (s): cpu = 00:00:14 ; elapsed = 00:00:19 . Memory (MB): peak = 1105.633 ; gain = 311.043
Synthesis Optimization Complete : Time (s): cpu = 00:00:20 ; elapsed = 00:00:21 . Memory (MB): peak = 1105.633 ; gain = 418.000
INFO: [Project 1-571] Translating synthesized netlist
Netlist sorting complete. Time (s): cpu = 00:00:00 ; elapsed = 00:00:00.005 . Memory (MB): peak = 1105.633 ; gain = 0.000
INFO: [Project 1-570] Preparing netlist for logic optimization
INFO: [Opt 31-138] Pushed 0 inverter(s) to 0 load pin(s).
Netlist sorting complete. Time (s): cpu = 00:00:00 ; elapsed = 00:00:00 . Memory (MB): peak = 1113.191 ; gain = 0.000
INFO: [Project 1-111] Unisim Transformation Summary:
No Unisim elements were transformed.

INFO: [Common 17-83] Releasing license: Synthesis
29 Infos, 18 Warnings, 0 Critical Warnings and 0 Errors encountered.
synth_design completed successfully
synth_design: Time (s): cpu = 00:00:25 ; elapsed = 00:00:26 . Memory (MB): peak = 1113.191 ; gain = 700.281
Netlist sorting complete. Time (s): cpu = 00:00:00 ; elapsed = 00:00:00 . Memory (MB): peak = 1113.191 ; gain = 0.000
WARNING: [Constraints 18-5210] No constraints selected for write.
Resolution: This message can indicate that there are no constraints for the design, or it can indicate that the used_in flags are set such that the constraints are ignored. This later case is used when running synth_design to not write synthesis constraints to the resulting checkpoint. Instead, project constraints are read when the synthesized design is opened.
INFO: [Common 17-1381] The checkpoint 'C:/eFPGA/21_ROT_CUSTOM_IP/21_ROT_CUSTOM_IP.runs/design_1_ROTARY_ENCODER_0_0_synth_1/design_1_ROTARY_ENCODER_0_0.dcp' has been generated.
WARNING: [Common 17-576] 'use_project_ipc' is deprecated. This option is deprecated and no longer used.
INFO: [Coretcl 2-1648] Added synthesis output to IP cache for IP design_1_ROTARY_ENCODER_0_0, cache-ID = 6808ce57dbe49fc7
INFO: [Coretcl 2-1174] Renamed 2 cell refs.
Netlist sorting complete. Time (s): cpu = 00:00:00 ; elapsed = 00:00:00 . Memory (MB): peak = 1113.191 ; gain = 0.000
WARNING: [Constraints 18-5210] No constraints selected for write.
Resolution: This message can indicate that there are no constraints for the design, or it can indicate that the used_in flags are set such that the constraints are ignored. This later case is used when running synth_design to not write synthesis constraints to the resulting checkpoint. Instead, project constraints are read when the synthesized design is opened.
INFO: [Common 17-1381] The checkpoint 'C:/eFPGA/21_ROT_CUSTOM_IP/21_ROT_CUSTOM_IP.runs/design_1_ROTARY_ENCODER_0_0_synth_1/design_1_ROTARY_ENCODER_0_0.dcp' has been generated.
INFO: [runtcl-4] Executing : report_utilization -file design_1_ROTARY_ENCODER_0_0_utilization_synth.rpt -pb design_1_ROTARY_ENCODER_0_0_utilization_synth.pb
INFO: [Common 17-206] Exiting Vivado at Wed Jun  3 12:03:14 2020...
