TRACE::2021-01-25.13:28:11::SCWBifWriter::Found the complete platform C:/Users/KasperPC/Desktop/EOS_Examen/EX8/EX8_1_PS/EX_8_1_PS/export/EX_8_1_PS/EX_8_1_PS.xpfm
TRACE::2021-01-25.13:28:12::SCWBifWriter::hardware databse : design_1_wrapper_6
TRACE::2021-01-25.13:28:12::SCWBifWriter::bitstream found in the design
TRACE::2021-01-25.13:28:12::SCWBifWriter::Found a baremetal domain, proc: ps7_cortexa9_0
TRACE::2021-01-25.13:28:12::SCWBifWriter::proc type : 
TRACE::2021-01-25.13:28:12::SCWBifWriter::proc[0] : ps7_cortexa9_0
TRACE::2021-01-25.13:28:12::SCWBifWriter::Device type is : zynq
TRACE::2021-01-25.13:28:12::SCWBifWriter::Writing BIF to file : C:/Users/KasperPC/Desktop/EOS_Examen/EX8/EX8_1_PS/EX_8_1_PS_app_system/Debug/system.bif
TRACE::2021-01-25.13:28:12::SCWBifWriter::Writing the Zynq Baremetal bif 
TRACE::2021-01-25.13:31:41::SCWBifWriter::Found the complete platform C:/Users/KasperPC/Desktop/EOS_Examen/EX8/EX8_1_PS/EX_8_1_PS/export/EX_8_1_PS/EX_8_1_PS.xpfm
TRACE::2021-01-25.13:31:41::SCWBifWriter::hardware databse : design_1_wrapper_6
TRACE::2021-01-25.13:31:41::SCWBifWriter::bitstream found in the design
TRACE::2021-01-25.13:31:41::SCWBifWriter::Found a baremetal domain, proc: ps7_cortexa9_0
TRACE::2021-01-25.13:31:41::SCWBifWriter::proc type : 
TRACE::2021-01-25.13:31:41::SCWBifWriter::proc[0] : ps7_cortexa9_0
TRACE::2021-01-25.13:31:41::SCWBifWriter::Device type is : zynq
TRACE::2021-01-25.13:31:41::SCWBifWriter::Writing BIF to file : C:/Users/KasperPC/Desktop/EOS_Examen/EX8/EX8_1_PS/EX_8_1_PS_app_system/Debug/system.bif
TRACE::2021-01-25.13:31:41::SCWBifWriter::Writing the Zynq Baremetal bif 
TRACE::2021-01-25.13:31:56::SCWBifWriter::Found the complete platform C:/Users/KasperPC/Desktop/EOS_Examen/EX8/EX8_1_PS/EX_8_1_PS/export/EX_8_1_PS/EX_8_1_PS.xpfm
TRACE::2021-01-25.13:31:56::SCWBifWriter::hardware databse : design_1_wrapper_6
TRACE::2021-01-25.13:31:56::SCWBifWriter::bitstream found in the design
TRACE::2021-01-25.13:31:56::SCWBifWriter::Found a baremetal domain, proc: ps7_cortexa9_0
TRACE::2021-01-25.13:31:56::SCWBifWriter::proc type : 
TRACE::2021-01-25.13:31:56::SCWBifWriter::proc[0] : ps7_cortexa9_0
TRACE::2021-01-25.13:31:56::SCWBifWriter::Device type is : zynq
TRACE::2021-01-25.13:31:56::SCWBifWriter::Writing BIF to file : C:/Users/KasperPC/Desktop/EOS_Examen/EX8/EX8_1_PS/EX_8_1_PS_app_system/Debug/system.bif
TRACE::2021-01-25.13:31:56::SCWBifWriter::Writing the Zynq Baremetal bif 
TRACE::2021-01-25.13:32:54::SCWBifWriter::Found the complete platform C:/Users/KasperPC/Desktop/EOS_Examen/EX8/EX8_1_PS/EX_8_1_PS/export/EX_8_1_PS/EX_8_1_PS.xpfm
TRACE::2021-01-25.13:32:54::SCWBifWriter::hardware databse : design_1_wrapper_6
TRACE::2021-01-25.13:32:54::SCWBifWriter::bitstream found in the design
TRACE::2021-01-25.13:32:54::SCWBifWriter::Found a baremetal domain, proc: ps7_cortexa9_0
TRACE::2021-01-25.13:32:54::SCWBifWriter::proc type : 
TRACE::2021-01-25.13:32:54::SCWBifWriter::proc[0] : ps7_cortexa9_0
TRACE::2021-01-25.13:32:54::SCWBifWriter::Device type is : zynq
TRACE::2021-01-25.13:32:54::SCWBifWriter::Writing BIF to file : C:/Users/KasperPC/Desktop/EOS_Examen/EX8/EX8_1_PS/EX_8_1_PS_app_system/Debug/system.bif
TRACE::2021-01-25.13:32:54::SCWBifWriter::Writing the Zynq Baremetal bif 
TRACE::2021-01-25.13:34:48::SCWBifWriter::Found the complete platform C:/Users/KasperPC/Desktop/EOS_Examen/EX8/EX8_1_PS/EX_8_1_PS/export/EX_8_1_PS/EX_8_1_PS.xpfm
TRACE::2021-01-25.13:34:48::SCWBifWriter::hardware databse : design_1_wrapper_6
TRACE::2021-01-25.13:34:48::SCWBifWriter::bitstream found in the design
TRACE::2021-01-25.13:34:48::SCWBifWriter::Found a baremetal domain, proc: ps7_cortexa9_0
TRACE::2021-01-25.13:34:48::SCWBifWriter::proc type : 
TRACE::2021-01-25.13:34:48::SCWBifWriter::proc[0] : ps7_cortexa9_0
TRACE::2021-01-25.13:34:48::SCWBifWriter::Device type is : zynq
TRACE::2021-01-25.13:34:48::SCWBifWriter::Writing BIF to file : C:/Users/KasperPC/Desktop/EOS_Examen/EX8/EX8_1_PS/EX_8_1_PS_app_system/Debug/system.bif
TRACE::2021-01-25.13:34:48::SCWBifWriter::Writing the Zynq Baremetal bif 
TRACE::2021-01-25.13:34:55::SCWBifWriter::Found the complete platform C:/Users/KasperPC/Desktop/EOS_Examen/EX8/EX8_1_PS/EX_8_1_PS/export/EX_8_1_PS/EX_8_1_PS.xpfm
TRACE::2021-01-25.13:34:55::SCWBifWriter::hardware databse : design_1_wrapper_6
TRACE::2021-01-25.13:34:55::SCWBifWriter::bitstream found in the design
TRACE::2021-01-25.13:34:55::SCWBifWriter::Found a baremetal domain, proc: ps7_cortexa9_0
TRACE::2021-01-25.13:34:55::SCWBifWriter::proc type : 
TRACE::2021-01-25.13:34:55::SCWBifWriter::proc[0] : ps7_cortexa9_0
TRACE::2021-01-25.13:34:55::SCWBifWriter::Device type is : zynq
TRACE::2021-01-25.13:34:55::SCWBifWriter::Writing BIF to file : C:/Users/KasperPC/Desktop/EOS_Examen/EX8/EX8_1_PS/EX_8_1_PS_app_system/Debug/system.bif
TRACE::2021-01-25.13:34:55::SCWBifWriter::Writing the Zynq Baremetal bif 
TRACE::2021-01-25.13:35:02::SCWBifWriter::Found the complete platform C:/Users/KasperPC/Desktop/EOS_Examen/EX8/EX8_1_PS/EX_8_1_PS/export/EX_8_1_PS/EX_8_1_PS.xpfm
TRACE::2021-01-25.13:35:02::SCWBifWriter::hardware databse : design_1_wrapper_6
TRACE::2021-01-25.13:35:02::SCWBifWriter::bitstream found in the design
TRACE::2021-01-25.13:35:02::SCWBifWriter::Found a baremetal domain, proc: ps7_cortexa9_0
TRACE::2021-01-25.13:35:02::SCWBifWriter::proc type : 
TRACE::2021-01-25.13:35:02::SCWBifWriter::proc[0] : ps7_cortexa9_0
TRACE::2021-01-25.13:35:02::SCWBifWriter::Device type is : zynq
TRACE::2021-01-25.13:35:02::SCWBifWriter::Writing BIF to file : C:/Users/KasperPC/Desktop/EOS_Examen/EX8/EX8_1_PS/EX_8_1_PS_app_system/Debug/system.bif
TRACE::2021-01-25.13:35:02::SCWBifWriter::Writing the Zynq Baremetal bif 
TRACE::2021-01-25.13:35:44::SCWBifWriter::Found the complete platform C:/Users/KasperPC/Desktop/EOS_Examen/EX8/EX8_1_PS/EX_8_1_PS/export/EX_8_1_PS/EX_8_1_PS.xpfm
TRACE::2021-01-25.13:35:44::SCWBifWriter::hardware databse : design_1_wrapper_6
TRACE::2021-01-25.13:35:44::SCWBifWriter::bitstream found in the design
TRACE::2021-01-25.13:35:44::SCWBifWriter::Found a baremetal domain, proc: ps7_cortexa9_0
TRACE::2021-01-25.13:35:44::SCWBifWriter::proc type : 
TRACE::2021-01-25.13:35:44::SCWBifWriter::proc[0] : ps7_cortexa9_0
TRACE::2021-01-25.13:35:44::SCWBifWriter::Device type is : zynq
TRACE::2021-01-25.13:35:44::SCWBifWriter::Writing BIF to file : C:/Users/KasperPC/Desktop/EOS_Examen/EX8/EX8_1_PS/EX_8_1_PS_app_system/Debug/system.bif
TRACE::2021-01-25.13:35:44::SCWBifWriter::Writing the Zynq Baremetal bif 
TRACE::2021-01-25.13:37:24::SCWBifWriter::Found the complete platform C:/Users/KasperPC/Desktop/EOS_Examen/EX8/EX8_1_PS/EX_8_1_PS/export/EX_8_1_PS/EX_8_1_PS.xpfm
TRACE::2021-01-25.13:37:24::SCWBifWriter::hardware databse : design_1_wrapper_6
TRACE::2021-01-25.13:37:24::SCWBifWriter::bitstream found in the design
TRACE::2021-01-25.13:37:24::SCWBifWriter::Found a baremetal domain, proc: ps7_cortexa9_0
TRACE::2021-01-25.13:37:24::SCWBifWriter::proc type : 
TRACE::2021-01-25.13:37:24::SCWBifWriter::proc[0] : ps7_cortexa9_0
TRACE::2021-01-25.13:37:24::SCWBifWriter::Device type is : zynq
TRACE::2021-01-25.13:37:24::SCWBifWriter::Writing BIF to file : C:/Users/KasperPC/Desktop/EOS_Examen/EX8/EX8_1_PS/EX_8_1_PS_app_system/Debug/system.bif
TRACE::2021-01-25.13:37:24::SCWBifWriter::Writing the Zynq Baremetal bif 
TRACE::2021-01-25.13:37:55::SCWBifWriter::Found the complete platform C:/Users/KasperPC/Desktop/EOS_Examen/EX8/EX8_1_PS/EX_8_1_PS/export/EX_8_1_PS/EX_8_1_PS.xpfm
TRACE::2021-01-25.13:37:55::SCWBifWriter::hardware databse : design_1_wrapper_6
TRACE::2021-01-25.13:37:55::SCWBifWriter::bitstream found in the design
TRACE::2021-01-25.13:37:55::SCWBifWriter::Found a baremetal domain, proc: ps7_cortexa9_0
TRACE::2021-01-25.13:37:55::SCWBifWriter::proc type : 
TRACE::2021-01-25.13:37:55::SCWBifWriter::proc[0] : ps7_cortexa9_0
TRACE::2021-01-25.13:37:55::SCWBifWriter::Device type is : zynq
TRACE::2021-01-25.13:37:55::SCWBifWriter::Writing BIF to file : C:/Users/KasperPC/Desktop/EOS_Examen/EX8/EX8_1_PS/EX_8_1_PS_app_system/Debug/system.bif
TRACE::2021-01-25.13:37:55::SCWBifWriter::Writing the Zynq Baremetal bif 
TRACE::2021-01-25.13:40:51::SCWBifWriter::Found the complete platform C:/Users/KasperPC/Desktop/EOS_Examen/EX8/EX8_1_PS/EX_8_1_PS/export/EX_8_1_PS/EX_8_1_PS.xpfm
TRACE::2021-01-25.13:40:51::SCWBifWriter::hardware databse : design_1_wrapper_6
TRACE::2021-01-25.13:40:51::SCWBifWriter::bitstream found in the design
TRACE::2021-01-25.13:40:51::SCWBifWriter::Found a baremetal domain, proc: ps7_cortexa9_0
TRACE::2021-01-25.13:40:51::SCWBifWriter::proc type : 
TRACE::2021-01-25.13:40:51::SCWBifWriter::proc[0] : ps7_cortexa9_0
TRACE::2021-01-25.13:40:51::SCWBifWriter::Device type is : zynq
TRACE::2021-01-25.13:40:51::SCWBifWriter::Writing BIF to file : C:/Users/KasperPC/Desktop/EOS_Examen/EX8/EX8_1_PS/EX_8_1_PS_app_system/Debug/system.bif
TRACE::2021-01-25.13:40:51::SCWBifWriter::Writing the Zynq Baremetal bif 
TRACE::2021-01-25.13:41:55::SCWBifWriter::Found the complete platform C:/Users/KasperPC/Desktop/EOS_Examen/EX8/EX8_1_PS/EX_8_1_PS/export/EX_8_1_PS/EX_8_1_PS.xpfm
TRACE::2021-01-25.13:41:56::SCWBifWriter::hardware databse : design_1_wrapper_6
TRACE::2021-01-25.13:41:56::SCWBifWriter::bitstream found in the design
TRACE::2021-01-25.13:41:56::SCWBifWriter::Found a baremetal domain, proc: ps7_cortexa9_0
TRACE::2021-01-25.13:41:56::SCWBifWriter::proc type : 
TRACE::2021-01-25.13:41:56::SCWBifWriter::proc[0] : ps7_cortexa9_0
TRACE::2021-01-25.13:41:56::SCWBifWriter::Device type is : zynq
TRACE::2021-01-25.13:41:56::SCWBifWriter::Writing BIF to file : C:/Users/KasperPC/Desktop/EOS_Examen/EX8/EX8_1_PS/EX_8_1_PS_app_system/Debug/system.bif
TRACE::2021-01-25.13:41:56::SCWBifWriter::Writing the Zynq Baremetal bif 
TRACE::2021-01-25.13:45:44::SCWBifWriter::Found the complete platform C:/Users/KasperPC/Desktop/EOS_Examen/EX8/EX8_1_PS/EX_8_1_PS/export/EX_8_1_PS/EX_8_1_PS.xpfm
TRACE::2021-01-25.13:45:44::SCWBifWriter::hardware databse : design_1_wrapper_6
TRACE::2021-01-25.13:45:44::SCWBifWriter::bitstream found in the design
TRACE::2021-01-25.13:45:44::SCWBifWriter::Found a baremetal domain, proc: ps7_cortexa9_0
TRACE::2021-01-25.13:45:44::SCWBifWriter::proc type : 
TRACE::2021-01-25.13:45:44::SCWBifWriter::proc[0] : ps7_cortexa9_0
TRACE::2021-01-25.13:45:44::SCWBifWriter::Device type is : zynq
TRACE::2021-01-25.13:45:44::SCWBifWriter::Writing BIF to file : C:/Users/KasperPC/Desktop/EOS_Examen/EX8/EX8_1_PS/EX_8_1_PS_app_system/Debug/system.bif
TRACE::2021-01-25.13:45:44::SCWBifWriter::Writing the Zynq Baremetal bif 
TRACE::2021-01-25.13:45:55::SCWBifWriter::Found the complete platform C:/Users/KasperPC/Desktop/EOS_Examen/EX8/EX8_1_PS/EX_8_1_PS/export/EX_8_1_PS/EX_8_1_PS.xpfm
TRACE::2021-01-25.13:45:55::SCWBifWriter::hardware databse : design_1_wrapper_6
TRACE::2021-01-25.13:45:55::SCWBifWriter::bitstream found in the design
TRACE::2021-01-25.13:45:55::SCWBifWriter::Found a baremetal domain, proc: ps7_cortexa9_0
TRACE::2021-01-25.13:45:55::SCWBifWriter::proc type : 
TRACE::2021-01-25.13:45:55::SCWBifWriter::proc[0] : ps7_cortexa9_0
TRACE::2021-01-25.13:45:55::SCWBifWriter::Device type is : zynq
TRACE::2021-01-25.13:45:55::SCWBifWriter::Writing BIF to file : C:/Users/KasperPC/Desktop/EOS_Examen/EX8/EX8_1_PS/EX_8_1_PS_app_system/Debug/system.bif
TRACE::2021-01-25.13:45:55::SCWBifWriter::Writing the Zynq Baremetal bif 
TRACE::2021-01-25.13:46:07::SCWBifWriter::Found the complete platform C:/Users/KasperPC/Desktop/EOS_Examen/EX8/EX8_1_PS/EX_8_1_PS/export/EX_8_1_PS/EX_8_1_PS.xpfm
TRACE::2021-01-25.13:46:07::SCWBifWriter::hardware databse : design_1_wrapper_6
TRACE::2021-01-25.13:46:07::SCWBifWriter::bitstream found in the design
TRACE::2021-01-25.13:46:07::SCWBifWriter::Found a baremetal domain, proc: ps7_cortexa9_0
TRACE::2021-01-25.13:46:07::SCWBifWriter::proc type : 
TRACE::2021-01-25.13:46:07::SCWBifWriter::proc[0] : ps7_cortexa9_0
TRACE::2021-01-25.13:46:07::SCWBifWriter::Device type is : zynq
TRACE::2021-01-25.13:46:07::SCWBifWriter::Writing BIF to file : C:/Users/KasperPC/Desktop/EOS_Examen/EX8/EX8_1_PS/EX_8_1_PS_app_system/Debug/system.bif
TRACE::2021-01-25.13:46:07::SCWBifWriter::Writing the Zynq Baremetal bif 
TRACE::2021-01-25.13:46:17::SCWBifWriter::Found the complete platform C:/Users/KasperPC/Desktop/EOS_Examen/EX8/EX8_1_PS/EX_8_1_PS/export/EX_8_1_PS/EX_8_1_PS.xpfm
TRACE::2021-01-25.13:46:17::SCWBifWriter::hardware databse : design_1_wrapper_6
TRACE::2021-01-25.13:46:17::SCWBifWriter::bitstream found in the design
TRACE::2021-01-25.13:46:17::SCWBifWriter::Found a baremetal domain, proc: ps7_cortexa9_0
TRACE::2021-01-25.13:46:17::SCWBifWriter::proc type : 
TRACE::2021-01-25.13:46:17::SCWBifWriter::proc[0] : ps7_cortexa9_0
TRACE::2021-01-25.13:46:17::SCWBifWriter::Device type is : zynq
TRACE::2021-01-25.13:46:17::SCWBifWriter::Writing BIF to file : C:/Users/KasperPC/Desktop/EOS_Examen/EX8/EX8_1_PS/EX_8_1_PS_app_system/Debug/system.bif
TRACE::2021-01-25.13:46:17::SCWBifWriter::Writing the Zynq Baremetal bif 
TRACE::2021-01-25.13:46:22::SCWBifWriter::Found the complete platform C:/Users/KasperPC/Desktop/EOS_Examen/EX8/EX8_1_PS/EX_8_1_PS/export/EX_8_1_PS/EX_8_1_PS.xpfm
TRACE::2021-01-25.13:46:22::SCWBifWriter::hardware databse : design_1_wrapper_6
TRACE::2021-01-25.13:46:22::SCWBifWriter::bitstream found in the design
TRACE::2021-01-25.13:46:22::SCWBifWriter::Found a baremetal domain, proc: ps7_cortexa9_0
TRACE::2021-01-25.13:46:22::SCWBifWriter::proc type : 
TRACE::2021-01-25.13:46:22::SCWBifWriter::proc[0] : ps7_cortexa9_0
TRACE::2021-01-25.13:46:22::SCWBifWriter::Device type is : zynq
TRACE::2021-01-25.13:46:22::SCWBifWriter::Writing BIF to file : C:/Users/KasperPC/Desktop/EOS_Examen/EX8/EX8_1_PS/EX_8_1_PS_app_system/Debug/system.bif
TRACE::2021-01-25.13:46:22::SCWBifWriter::Writing the Zynq Baremetal bif 
TRACE::2021-01-25.13:49:04::SCWBifWriter::Found the complete platform C:/Users/KasperPC/Desktop/EOS_Examen/EX8/EX8_1_PS/EX_8_1_PS/export/EX_8_1_PS/EX_8_1_PS.xpfm
TRACE::2021-01-25.13:49:04::SCWBifWriter::hardware databse : design_1_wrapper_6
TRACE::2021-01-25.13:49:04::SCWBifWriter::bitstream found in the design
TRACE::2021-01-25.13:49:04::SCWBifWriter::Found a baremetal domain, proc: ps7_cortexa9_0
TRACE::2021-01-25.13:49:04::SCWBifWriter::proc type : 
TRACE::2021-01-25.13:49:04::SCWBifWriter::proc[0] : ps7_cortexa9_0
TRACE::2021-01-25.13:49:04::SCWBifWriter::Device type is : zynq
TRACE::2021-01-25.13:49:04::SCWBifWriter::Writing BIF to file : C:/Users/KasperPC/Desktop/EOS_Examen/EX8/EX8_1_PS/EX_8_1_PS_app_system/Debug/system.bif
TRACE::2021-01-25.13:49:04::SCWBifWriter::Writing the Zynq Baremetal bif 
TRACE::2021-01-25.13:49:32::SCWBifWriter::Found the complete platform C:/Users/KasperPC/Desktop/EOS_Examen/EX8/EX8_1_PS/EX_8_1_PS/export/EX_8_1_PS/EX_8_1_PS.xpfm
TRACE::2021-01-25.13:49:32::SCWBifWriter::hardware databse : design_1_wrapper_6
TRACE::2021-01-25.13:49:32::SCWBifWriter::bitstream found in the design
TRACE::2021-01-25.13:49:32::SCWBifWriter::Found a baremetal domain, proc: ps7_cortexa9_0
TRACE::2021-01-25.13:49:32::SCWBifWriter::proc type : 
TRACE::2021-01-25.13:49:32::SCWBifWriter::proc[0] : ps7_cortexa9_0
TRACE::2021-01-25.13:49:32::SCWBifWriter::Device type is : zynq
TRACE::2021-01-25.13:49:32::SCWBifWriter::Writing BIF to file : C:/Users/KasperPC/Desktop/EOS_Examen/EX8/EX8_1_PS/EX_8_1_PS_app_system/Debug/system.bif
TRACE::2021-01-25.13:49:32::SCWBifWriter::Writing the Zynq Baremetal bif 
TRACE::2021-01-25.13:53:50::SCWBifWriter::Found the complete platform C:/Users/KasperPC/Desktop/EOS_Examen/EX8/EX8_1_PS/EX_8_1_PS/export/EX_8_1_PS/EX_8_1_PS.xpfm
TRACE::2021-01-25.13:53:50::SCWBifWriter::hardware databse : design_1_wrapper_6
TRACE::2021-01-25.13:53:50::SCWBifWriter::bitstream found in the design
TRACE::2021-01-25.13:53:50::SCWBifWriter::Found a baremetal domain, proc: ps7_cortexa9_0
TRACE::2021-01-25.13:53:50::SCWBifWriter::proc type : 
TRACE::2021-01-25.13:53:50::SCWBifWriter::proc[0] : ps7_cortexa9_0
TRACE::2021-01-25.13:53:50::SCWBifWriter::Device type is : zynq
TRACE::2021-01-25.13:53:50::SCWBifWriter::Writing BIF to file : C:/Users/KasperPC/Desktop/EOS_Examen/EX8/EX8_1_PS/EX_8_1_PS_app_system/Debug/system.bif
TRACE::2021-01-25.13:53:50::SCWBifWriter::Writing the Zynq Baremetal bif 
TRACE::2021-01-25.13:57:06::SCWBifWriter::Found the complete platform C:/Users/KasperPC/Desktop/EOS_Examen/EX8/EX8_1_PS/EX_8_1_PS/export/EX_8_1_PS/EX_8_1_PS.xpfm
TRACE::2021-01-25.13:57:07::SCWBifWriter::hardware databse : design_1_wrapper_6
TRACE::2021-01-25.13:57:07::SCWBifWriter::bitstream found in the design
TRACE::2021-01-25.13:57:07::SCWBifWriter::Found a baremetal domain, proc: ps7_cortexa9_0
TRACE::2021-01-25.13:57:07::SCWBifWriter::proc type : 
TRACE::2021-01-25.13:57:07::SCWBifWriter::proc[0] : ps7_cortexa9_0
TRACE::2021-01-25.13:57:07::SCWBifWriter::Device type is : zynq
TRACE::2021-01-25.13:57:07::SCWBifWriter::Writing BIF to file : C:/Users/KasperPC/Desktop/EOS_Examen/EX8/EX8_1_PS/EX_8_1_PS_app_system/Debug/system.bif
TRACE::2021-01-25.13:57:07::SCWBifWriter::Writing the Zynq Baremetal bif 
TRACE::2021-01-25.13:57:36::SCWBifWriter::Found the complete platform C:/Users/KasperPC/Desktop/EOS_Examen/EX8/EX8_1_PS/EX_8_1_PS/export/EX_8_1_PS/EX_8_1_PS.xpfm
TRACE::2021-01-25.13:57:36::SCWBifWriter::hardware databse : design_1_wrapper_6
TRACE::2021-01-25.13:57:36::SCWBifWriter::bitstream found in the design
TRACE::2021-01-25.13:57:36::SCWBifWriter::Found a baremetal domain, proc: ps7_cortexa9_0
TRACE::2021-01-25.13:57:36::SCWBifWriter::proc type : 
TRACE::2021-01-25.13:57:36::SCWBifWriter::proc[0] : ps7_cortexa9_0
TRACE::2021-01-25.13:57:36::SCWBifWriter::Device type is : zynq
TRACE::2021-01-25.13:57:36::SCWBifWriter::Writing BIF to file : C:/Users/KasperPC/Desktop/EOS_Examen/EX8/EX8_1_PS/EX_8_1_PS_app_system/Debug/system.bif
TRACE::2021-01-25.13:57:36::SCWBifWriter::Writing the Zynq Baremetal bif 
TRACE::2021-01-25.13:58:29::SCWBifWriter::Found the complete platform C:/Users/KasperPC/Desktop/EOS_Examen/EX8/EX8_1_PS/EX_8_1_PS/export/EX_8_1_PS/EX_8_1_PS.xpfm
TRACE::2021-01-25.13:58:30::SCWBifWriter::hardware databse : design_1_wrapper_6
TRACE::2021-01-25.13:58:30::SCWBifWriter::bitstream found in the design
TRACE::2021-01-25.13:58:30::SCWBifWriter::Found a baremetal domain, proc: ps7_cortexa9_0
TRACE::2021-01-25.13:58:30::SCWBifWriter::proc type : 
TRACE::2021-01-25.13:58:30::SCWBifWriter::proc[0] : ps7_cortexa9_0
TRACE::2021-01-25.13:58:30::SCWBifWriter::Device type is : zynq
TRACE::2021-01-25.13:58:30::SCWBifWriter::Writing BIF to file : C:/Users/KasperPC/Desktop/EOS_Examen/EX8/EX8_1_PS/EX_8_1_PS_app_system/Debug/system.bif
TRACE::2021-01-25.13:58:30::SCWBifWriter::Writing the Zynq Baremetal bif 
TRACE::2021-01-25.13:58:54::SCWBifWriter::Found the complete platform C:/Users/KasperPC/Desktop/EOS_Examen/EX8/EX8_1_PS/EX_8_1_PS/export/EX_8_1_PS/EX_8_1_PS.xpfm
TRACE::2021-01-25.13:58:54::SCWBifWriter::hardware databse : design_1_wrapper_6
TRACE::2021-01-25.13:58:54::SCWBifWriter::bitstream found in the design
TRACE::2021-01-25.13:58:54::SCWBifWriter::Found a baremetal domain, proc: ps7_cortexa9_0
TRACE::2021-01-25.13:58:54::SCWBifWriter::proc type : 
TRACE::2021-01-25.13:58:54::SCWBifWriter::proc[0] : ps7_cortexa9_0
TRACE::2021-01-25.13:58:54::SCWBifWriter::Device type is : zynq
TRACE::2021-01-25.13:58:54::SCWBifWriter::Writing BIF to file : C:/Users/KasperPC/Desktop/EOS_Examen/EX8/EX8_1_PS/EX_8_1_PS_app_system/Debug/system.bif
TRACE::2021-01-25.13:58:54::SCWBifWriter::Writing the Zynq Baremetal bif 
TRACE::2021-01-25.14:02:15::SCWBifWriter::Found the complete platform C:/Users/KasperPC/Desktop/EOS_Examen/EX8/EX8_1_PS/EX_8_1_PS/export/EX_8_1_PS/EX_8_1_PS.xpfm
TRACE::2021-01-25.14:02:15::SCWBifWriter::hardware databse : design_1_wrapper_6
TRACE::2021-01-25.14:02:15::SCWBifWriter::bitstream found in the design
TRACE::2021-01-25.14:02:15::SCWBifWriter::Found a baremetal domain, proc: ps7_cortexa9_0
TRACE::2021-01-25.14:02:15::SCWBifWriter::proc type : 
TRACE::2021-01-25.14:02:15::SCWBifWriter::proc[0] : ps7_cortexa9_0
TRACE::2021-01-25.14:02:15::SCWBifWriter::Device type is : zynq
TRACE::2021-01-25.14:02:15::SCWBifWriter::Writing BIF to file : C:/Users/KasperPC/Desktop/EOS_Examen/EX8/EX8_1_PS/EX_8_1_PS_app_system/Debug/system.bif
TRACE::2021-01-25.14:02:15::SCWBifWriter::Writing the Zynq Baremetal bif 
TRACE::2021-01-25.14:02:30::SCWBifWriter::Found the complete platform C:/Users/KasperPC/Desktop/EOS_Examen/EX8/EX8_1_PS/EX_8_1_PS/export/EX_8_1_PS/EX_8_1_PS.xpfm
TRACE::2021-01-25.14:02:30::SCWBifWriter::hardware databse : design_1_wrapper_6
TRACE::2021-01-25.14:02:30::SCWBifWriter::bitstream found in the design
TRACE::2021-01-25.14:02:30::SCWBifWriter::Found a baremetal domain, proc: ps7_cortexa9_0
TRACE::2021-01-25.14:02:30::SCWBifWriter::proc type : 
TRACE::2021-01-25.14:02:30::SCWBifWriter::proc[0] : ps7_cortexa9_0
TRACE::2021-01-25.14:02:30::SCWBifWriter::Device type is : zynq
TRACE::2021-01-25.14:02:30::SCWBifWriter::Writing BIF to file : C:/Users/KasperPC/Desktop/EOS_Examen/EX8/EX8_1_PS/EX_8_1_PS_app_system/Debug/system.bif
TRACE::2021-01-25.14:02:30::SCWBifWriter::Writing the Zynq Baremetal bif 
TRACE::2021-01-25.14:02:45::SCWBifWriter::Found the complete platform C:/Users/KasperPC/Desktop/EOS_Examen/EX8/EX8_1_PS/EX_8_1_PS/export/EX_8_1_PS/EX_8_1_PS.xpfm
TRACE::2021-01-25.14:02:45::SCWBifWriter::hardware databse : design_1_wrapper_6
TRACE::2021-01-25.14:02:45::SCWBifWriter::bitstream found in the design
TRACE::2021-01-25.14:02:45::SCWBifWriter::Found a baremetal domain, proc: ps7_cortexa9_0
TRACE::2021-01-25.14:02:45::SCWBifWriter::proc type : 
TRACE::2021-01-25.14:02:45::SCWBifWriter::proc[0] : ps7_cortexa9_0
TRACE::2021-01-25.14:02:45::SCWBifWriter::Device type is : zynq
TRACE::2021-01-25.14:02:45::SCWBifWriter::Writing BIF to file : C:/Users/KasperPC/Desktop/EOS_Examen/EX8/EX8_1_PS/EX_8_1_PS_app_system/Debug/system.bif
TRACE::2021-01-25.14:02:45::SCWBifWriter::Writing the Zynq Baremetal bif 
TRACE::2021-01-25.14:03:38::SCWBifWriter::Found the complete platform C:/Users/KasperPC/Desktop/EOS_Examen/EX8/EX8_1_PS/EX_8_1_PS/export/EX_8_1_PS/EX_8_1_PS.xpfm
TRACE::2021-01-25.14:03:38::SCWBifWriter::hardware databse : design_1_wrapper_6
TRACE::2021-01-25.14:03:38::SCWBifWriter::bitstream found in the design
TRACE::2021-01-25.14:03:38::SCWBifWriter::Found a baremetal domain, proc: ps7_cortexa9_0
TRACE::2021-01-25.14:03:38::SCWBifWriter::proc type : 
TRACE::2021-01-25.14:03:38::SCWBifWriter::proc[0] : ps7_cortexa9_0
TRACE::2021-01-25.14:03:38::SCWBifWriter::Device type is : zynq
TRACE::2021-01-25.14:03:38::SCWBifWriter::Writing BIF to file : C:/Users/KasperPC/Desktop/EOS_Examen/EX8/EX8_1_PS/EX_8_1_PS_app_system/Debug/system.bif
TRACE::2021-01-25.14:03:38::SCWBifWriter::Writing the Zynq Baremetal bif 
TRACE::2021-01-25.14:04:02::SCWBifWriter::Found the complete platform C:/Users/KasperPC/Desktop/EOS_Examen/EX8/EX8_1_PS/EX_8_1_PS/export/EX_8_1_PS/EX_8_1_PS.xpfm
TRACE::2021-01-25.14:04:02::SCWBifWriter::hardware databse : design_1_wrapper_6
TRACE::2021-01-25.14:04:02::SCWBifWriter::bitstream found in the design
TRACE::2021-01-25.14:04:02::SCWBifWriter::Found a baremetal domain, proc: ps7_cortexa9_0
TRACE::2021-01-25.14:04:02::SCWBifWriter::proc type : 
TRACE::2021-01-25.14:04:02::SCWBifWriter::proc[0] : ps7_cortexa9_0
TRACE::2021-01-25.14:04:02::SCWBifWriter::Device type is : zynq
TRACE::2021-01-25.14:04:02::SCWBifWriter::Writing BIF to file : C:/Users/KasperPC/Desktop/EOS_Examen/EX8/EX8_1_PS/EX_8_1_PS_app_system/Debug/system.bif
TRACE::2021-01-25.14:04:02::SCWBifWriter::Writing the Zynq Baremetal bif 
TRACE::2021-01-25.14:05:29::SCWBifWriter::Found the complete platform C:/Users/KasperPC/Desktop/EOS_Examen/EX8/EX8_1_PS/EX_8_1_PS/export/EX_8_1_PS/EX_8_1_PS.xpfm
TRACE::2021-01-25.14:05:29::SCWBifWriter::hardware databse : design_1_wrapper_6
TRACE::2021-01-25.14:05:29::SCWBifWriter::bitstream found in the design
TRACE::2021-01-25.14:05:29::SCWBifWriter::Found a baremetal domain, proc: ps7_cortexa9_0
TRACE::2021-01-25.14:05:29::SCWBifWriter::proc type : 
TRACE::2021-01-25.14:05:29::SCWBifWriter::proc[0] : ps7_cortexa9_0
TRACE::2021-01-25.14:05:29::SCWBifWriter::Device type is : zynq
TRACE::2021-01-25.14:05:29::SCWBifWriter::Writing BIF to file : C:/Users/KasperPC/Desktop/EOS_Examen/EX8/EX8_1_PS/EX_8_1_PS_app_system/Debug/system.bif
TRACE::2021-01-25.14:05:29::SCWBifWriter::Writing the Zynq Baremetal bif 
TRACE::2021-01-25.14:06:14::SCWBifWriter::Found the complete platform C:/Users/KasperPC/Desktop/EOS_Examen/EX8/EX8_1_PS/EX_8_1_PS/export/EX_8_1_PS/EX_8_1_PS.xpfm
TRACE::2021-01-25.14:06:14::SCWBifWriter::hardware databse : design_1_wrapper_6
TRACE::2021-01-25.14:06:14::SCWBifWriter::bitstream found in the design
TRACE::2021-01-25.14:06:14::SCWBifWriter::Found a baremetal domain, proc: ps7_cortexa9_0
TRACE::2021-01-25.14:06:14::SCWBifWriter::proc type : 
TRACE::2021-01-25.14:06:14::SCWBifWriter::proc[0] : ps7_cortexa9_0
TRACE::2021-01-25.14:06:14::SCWBifWriter::Device type is : zynq
TRACE::2021-01-25.14:06:14::SCWBifWriter::Writing BIF to file : C:/Users/KasperPC/Desktop/EOS_Examen/EX8/EX8_1_PS/EX_8_1_PS_app_system/Debug/system.bif
TRACE::2021-01-25.14:06:14::SCWBifWriter::Writing the Zynq Baremetal bif 
TRACE::2021-01-25.14:06:28::SCWBifWriter::Found the complete platform C:/Users/KasperPC/Desktop/EOS_Examen/EX8/EX8_1_PS/EX_8_1_PS/export/EX_8_1_PS/EX_8_1_PS.xpfm
TRACE::2021-01-25.14:06:28::SCWBifWriter::hardware databse : design_1_wrapper_6
TRACE::2021-01-25.14:06:28::SCWBifWriter::bitstream found in the design
TRACE::2021-01-25.14:06:28::SCWBifWriter::Found a baremetal domain, proc: ps7_cortexa9_0
TRACE::2021-01-25.14:06:28::SCWBifWriter::proc type : 
TRACE::2021-01-25.14:06:28::SCWBifWriter::proc[0] : ps7_cortexa9_0
TRACE::2021-01-25.14:06:28::SCWBifWriter::Device type is : zynq
TRACE::2021-01-25.14:06:28::SCWBifWriter::Writing BIF to file : C:/Users/KasperPC/Desktop/EOS_Examen/EX8/EX8_1_PS/EX_8_1_PS_app_system/Debug/system.bif
TRACE::2021-01-25.14:06:28::SCWBifWriter::Writing the Zynq Baremetal bif 
TRACE::2021-01-25.14:06:35::SCWBifWriter::Found the complete platform C:/Users/KasperPC/Desktop/EOS_Examen/EX8/EX8_1_PS/EX_8_1_PS/export/EX_8_1_PS/EX_8_1_PS.xpfm
TRACE::2021-01-25.14:06:35::SCWBifWriter::hardware databse : design_1_wrapper_6
TRACE::2021-01-25.14:06:35::SCWBifWriter::bitstream found in the design
TRACE::2021-01-25.14:06:35::SCWBifWriter::Found a baremetal domain, proc: ps7_cortexa9_0
TRACE::2021-01-25.14:06:35::SCWBifWriter::proc type : 
TRACE::2021-01-25.14:06:35::SCWBifWriter::proc[0] : ps7_cortexa9_0
TRACE::2021-01-25.14:06:35::SCWBifWriter::Device type is : zynq
TRACE::2021-01-25.14:06:35::SCWBifWriter::Writing BIF to file : C:/Users/KasperPC/Desktop/EOS_Examen/EX8/EX8_1_PS/EX_8_1_PS_app_system/Debug/system.bif
TRACE::2021-01-25.14:06:35::SCWBifWriter::Writing the Zynq Baremetal bif 
TRACE::2021-01-25.14:07:47::SCWBifWriter::Found the complete platform C:/Users/KasperPC/Desktop/EOS_Examen/EX8/EX8_1_PS/EX_8_1_PS/export/EX_8_1_PS/EX_8_1_PS.xpfm
TRACE::2021-01-25.14:07:47::SCWBifWriter::hardware databse : design_1_wrapper_6
TRACE::2021-01-25.14:07:47::SCWBifWriter::bitstream found in the design
TRACE::2021-01-25.14:07:47::SCWBifWriter::Found a baremetal domain, proc: ps7_cortexa9_0
TRACE::2021-01-25.14:07:47::SCWBifWriter::proc type : 
TRACE::2021-01-25.14:07:47::SCWBifWriter::proc[0] : ps7_cortexa9_0
TRACE::2021-01-25.14:07:47::SCWBifWriter::Device type is : zynq
TRACE::2021-01-25.14:07:47::SCWBifWriter::Writing BIF to file : C:/Users/KasperPC/Desktop/EOS_Examen/EX8/EX8_1_PS/EX_8_1_PS_app_system/Debug/system.bif
TRACE::2021-01-25.14:07:47::SCWBifWriter::Writing the Zynq Baremetal bif 
TRACE::2021-01-25.14:09:04::SCWBifWriter::Found the complete platform C:/Users/KasperPC/Desktop/EOS_Examen/EX8/EX8_1_PS/EX_8_1_PS/export/EX_8_1_PS/EX_8_1_PS.xpfm
TRACE::2021-01-25.14:09:04::SCWBifWriter::hardware databse : design_1_wrapper_6
TRACE::2021-01-25.14:09:04::SCWBifWriter::bitstream found in the design
TRACE::2021-01-25.14:09:04::SCWBifWriter::Found a baremetal domain, proc: ps7_cortexa9_0
TRACE::2021-01-25.14:09:04::SCWBifWriter::proc type : 
TRACE::2021-01-25.14:09:04::SCWBifWriter::proc[0] : ps7_cortexa9_0
TRACE::2021-01-25.14:09:04::SCWBifWriter::Device type is : zynq
TRACE::2021-01-25.14:09:04::SCWBifWriter::Writing BIF to file : C:/Users/KasperPC/Desktop/EOS_Examen/EX8/EX8_1_PS/EX_8_1_PS_app_system/Debug/system.bif
TRACE::2021-01-25.14:09:04::SCWBifWriter::Writing the Zynq Baremetal bif 
TRACE::2021-01-25.14:09:29::SCWBifWriter::Found the complete platform C:/Users/KasperPC/Desktop/EOS_Examen/EX8/EX8_1_PS/EX_8_1_PS/export/EX_8_1_PS/EX_8_1_PS.xpfm
TRACE::2021-01-25.14:09:29::SCWBifWriter::hardware databse : design_1_wrapper_6
TRACE::2021-01-25.14:09:29::SCWBifWriter::bitstream found in the design
TRACE::2021-01-25.14:09:29::SCWBifWriter::Found a baremetal domain, proc: ps7_cortexa9_0
TRACE::2021-01-25.14:09:29::SCWBifWriter::proc type : 
TRACE::2021-01-25.14:09:29::SCWBifWriter::proc[0] : ps7_cortexa9_0
TRACE::2021-01-25.14:09:29::SCWBifWriter::Device type is : zynq
TRACE::2021-01-25.14:09:29::SCWBifWriter::Writing BIF to file : C:/Users/KasperPC/Desktop/EOS_Examen/EX8/EX8_1_PS/EX_8_1_PS_app_system/Debug/system.bif
TRACE::2021-01-25.14:09:29::SCWBifWriter::Writing the Zynq Baremetal bif 
TRACE::2021-01-25.14:10:11::SCWBifWriter::Found the complete platform C:/Users/KasperPC/Desktop/EOS_Examen/EX8/EX8_1_PS/EX_8_1_PS/export/EX_8_1_PS/EX_8_1_PS.xpfm
TRACE::2021-01-25.14:10:11::SCWBifWriter::hardware databse : design_1_wrapper_6
TRACE::2021-01-25.14:10:11::SCWBifWriter::bitstream found in the design
TRACE::2021-01-25.14:10:11::SCWBifWriter::Found a baremetal domain, proc: ps7_cortexa9_0
TRACE::2021-01-25.14:10:11::SCWBifWriter::proc type : 
TRACE::2021-01-25.14:10:11::SCWBifWriter::proc[0] : ps7_cortexa9_0
TRACE::2021-01-25.14:10:11::SCWBifWriter::Device type is : zynq
TRACE::2021-01-25.14:10:11::SCWBifWriter::Writing BIF to file : C:/Users/KasperPC/Desktop/EOS_Examen/EX8/EX8_1_PS/EX_8_1_PS_app_system/Debug/system.bif
TRACE::2021-01-25.14:10:11::SCWBifWriter::Writing the Zynq Baremetal bif 
TRACE::2021-01-25.14:11:52::SCWBifWriter::Found the complete platform C:/Users/KasperPC/Desktop/EOS_Examen/EX8/EX8_1_PS/EX_8_1_PS/export/EX_8_1_PS/EX_8_1_PS.xpfm
TRACE::2021-01-25.14:11:52::SCWBifWriter::hardware databse : design_1_wrapper_6
TRACE::2021-01-25.14:11:52::SCWBifWriter::bitstream found in the design
TRACE::2021-01-25.14:11:52::SCWBifWriter::Found a baremetal domain, proc: ps7_cortexa9_0
TRACE::2021-01-25.14:11:52::SCWBifWriter::proc type : 
TRACE::2021-01-25.14:11:52::SCWBifWriter::proc[0] : ps7_cortexa9_0
TRACE::2021-01-25.14:11:52::SCWBifWriter::Device type is : zynq
TRACE::2021-01-25.14:11:52::SCWBifWriter::Writing BIF to file : C:/Users/KasperPC/Desktop/EOS_Examen/EX8/EX8_1_PS/EX_8_1_PS_app_system/Debug/system.bif
TRACE::2021-01-25.14:11:52::SCWBifWriter::Writing the Zynq Baremetal bif 
TRACE::2021-01-25.14:13:27::SCWBifWriter::Found the complete platform C:/Users/KasperPC/Desktop/EOS_Examen/EX8/EX8_1_PS/EX_8_1_PS/export/EX_8_1_PS/EX_8_1_PS.xpfm
TRACE::2021-01-25.14:13:27::SCWBifWriter::hardware databse : design_1_wrapper_6
TRACE::2021-01-25.14:13:27::SCWBifWriter::bitstream found in the design
TRACE::2021-01-25.14:13:27::SCWBifWriter::Found a baremetal domain, proc: ps7_cortexa9_0
TRACE::2021-01-25.14:13:27::SCWBifWriter::proc type : 
TRACE::2021-01-25.14:13:27::SCWBifWriter::proc[0] : ps7_cortexa9_0
TRACE::2021-01-25.14:13:27::SCWBifWriter::Device type is : zynq
TRACE::2021-01-25.14:13:27::SCWBifWriter::Writing BIF to file : C:/Users/KasperPC/Desktop/EOS_Examen/EX8/EX8_1_PS/EX_8_1_PS_app_system/Debug/system.bif
TRACE::2021-01-25.14:13:27::SCWBifWriter::Writing the Zynq Baremetal bif 
TRACE::2021-01-25.14:14:42::SCWBifWriter::Found the complete platform C:/Users/KasperPC/Desktop/EOS_Examen/EX8/EX8_1_PS/EX_8_1_PS/export/EX_8_1_PS/EX_8_1_PS.xpfm
TRACE::2021-01-25.14:14:42::SCWBifWriter::hardware databse : design_1_wrapper_6
TRACE::2021-01-25.14:14:42::SCWBifWriter::bitstream found in the design
TRACE::2021-01-25.14:14:42::SCWBifWriter::Found a baremetal domain, proc: ps7_cortexa9_0
TRACE::2021-01-25.14:14:42::SCWBifWriter::proc type : 
TRACE::2021-01-25.14:14:42::SCWBifWriter::proc[0] : ps7_cortexa9_0
TRACE::2021-01-25.14:14:42::SCWBifWriter::Device type is : zynq
TRACE::2021-01-25.14:14:42::SCWBifWriter::Writing BIF to file : C:/Users/KasperPC/Desktop/EOS_Examen/EX8/EX8_1_PS/EX_8_1_PS_app_system/Debug/system.bif
TRACE::2021-01-25.14:14:42::SCWBifWriter::Writing the Zynq Baremetal bif 
TRACE::2021-01-25.14:15:48::SCWBifWriter::Found the complete platform C:/Users/KasperPC/Desktop/EOS_Examen/EX8/EX8_1_PS/EX_8_1_PS/export/EX_8_1_PS/EX_8_1_PS.xpfm
TRACE::2021-01-25.14:15:48::SCWBifWriter::hardware databse : design_1_wrapper_6
TRACE::2021-01-25.14:15:48::SCWBifWriter::bitstream found in the design
TRACE::2021-01-25.14:15:48::SCWBifWriter::Found a baremetal domain, proc: ps7_cortexa9_0
TRACE::2021-01-25.14:15:48::SCWBifWriter::proc type : 
TRACE::2021-01-25.14:15:48::SCWBifWriter::proc[0] : ps7_cortexa9_0
TRACE::2021-01-25.14:15:48::SCWBifWriter::Device type is : zynq
TRACE::2021-01-25.14:15:48::SCWBifWriter::Writing BIF to file : C:/Users/KasperPC/Desktop/EOS_Examen/EX8/EX8_1_PS/EX_8_1_PS_app_system/Debug/system.bif
TRACE::2021-01-25.14:15:48::SCWBifWriter::Writing the Zynq Baremetal bif 
TRACE::2021-01-25.14:16:02::SCWBifWriter::Found the complete platform C:/Users/KasperPC/Desktop/EOS_Examen/EX8/EX8_1_PS/EX_8_1_PS/export/EX_8_1_PS/EX_8_1_PS.xpfm
TRACE::2021-01-25.14:16:02::SCWBifWriter::hardware databse : design_1_wrapper_6
TRACE::2021-01-25.14:16:02::SCWBifWriter::bitstream found in the design
TRACE::2021-01-25.14:16:02::SCWBifWriter::Found a baremetal domain, proc: ps7_cortexa9_0
TRACE::2021-01-25.14:16:02::SCWBifWriter::proc type : 
TRACE::2021-01-25.14:16:02::SCWBifWriter::proc[0] : ps7_cortexa9_0
TRACE::2021-01-25.14:16:02::SCWBifWriter::Device type is : zynq
TRACE::2021-01-25.14:16:02::SCWBifWriter::Writing BIF to file : C:/Users/KasperPC/Desktop/EOS_Examen/EX8/EX8_1_PS/EX_8_1_PS_app_system/Debug/system.bif
TRACE::2021-01-25.14:16:02::SCWBifWriter::Writing the Zynq Baremetal bif 
TRACE::2021-01-25.14:16:29::SCWBifWriter::Found the complete platform C:/Users/KasperPC/Desktop/EOS_Examen/EX8/EX8_1_PS/EX_8_1_PS/export/EX_8_1_PS/EX_8_1_PS.xpfm
TRACE::2021-01-25.14:16:29::SCWBifWriter::hardware databse : design_1_wrapper_6
TRACE::2021-01-25.14:16:29::SCWBifWriter::bitstream found in the design
TRACE::2021-01-25.14:16:29::SCWBifWriter::Found a baremetal domain, proc: ps7_cortexa9_0
TRACE::2021-01-25.14:16:29::SCWBifWriter::proc type : 
TRACE::2021-01-25.14:16:29::SCWBifWriter::proc[0] : ps7_cortexa9_0
TRACE::2021-01-25.14:16:29::SCWBifWriter::Device type is : zynq
TRACE::2021-01-25.14:16:29::SCWBifWriter::Writing BIF to file : C:/Users/KasperPC/Desktop/EOS_Examen/EX8/EX8_1_PS/EX_8_1_PS_app_system/Debug/system.bif
TRACE::2021-01-25.14:16:29::SCWBifWriter::Writing the Zynq Baremetal bif 
TRACE::2021-01-25.14:16:42::SCWBifWriter::Found the complete platform C:/Users/KasperPC/Desktop/EOS_Examen/EX8/EX8_1_PS/EX_8_1_PS/export/EX_8_1_PS/EX_8_1_PS.xpfm
TRACE::2021-01-25.14:16:43::SCWBifWriter::hardware databse : design_1_wrapper_6
TRACE::2021-01-25.14:16:43::SCWBifWriter::bitstream found in the design
TRACE::2021-01-25.14:16:43::SCWBifWriter::Found a baremetal domain, proc: ps7_cortexa9_0
TRACE::2021-01-25.14:16:43::SCWBifWriter::proc type : 
TRACE::2021-01-25.14:16:43::SCWBifWriter::proc[0] : ps7_cortexa9_0
TRACE::2021-01-25.14:16:43::SCWBifWriter::Device type is : zynq
TRACE::2021-01-25.14:16:43::SCWBifWriter::Writing BIF to file : C:/Users/KasperPC/Desktop/EOS_Examen/EX8/EX8_1_PS/EX_8_1_PS_app_system/Debug/system.bif
TRACE::2021-01-25.14:16:43::SCWBifWriter::Writing the Zynq Baremetal bif 
TRACE::2021-01-25.14:17:19::SCWBifWriter::Found the complete platform C:/Users/KasperPC/Desktop/EOS_Examen/EX8/EX8_1_PS/EX_8_1_PS/export/EX_8_1_PS/EX_8_1_PS.xpfm
TRACE::2021-01-25.14:17:19::SCWBifWriter::hardware databse : design_1_wrapper_6
TRACE::2021-01-25.14:17:19::SCWBifWriter::bitstream found in the design
TRACE::2021-01-25.14:17:19::SCWBifWriter::Found a baremetal domain, proc: ps7_cortexa9_0
TRACE::2021-01-25.14:17:19::SCWBifWriter::proc type : 
TRACE::2021-01-25.14:17:19::SCWBifWriter::proc[0] : ps7_cortexa9_0
TRACE::2021-01-25.14:17:19::SCWBifWriter::Device type is : zynq
TRACE::2021-01-25.14:17:19::SCWBifWriter::Writing BIF to file : C:/Users/KasperPC/Desktop/EOS_Examen/EX8/EX8_1_PS/EX_8_1_PS_app_system/Debug/system.bif
TRACE::2021-01-25.14:17:19::SCWBifWriter::Writing the Zynq Baremetal bif 
TRACE::2021-01-25.14:18:19::SCWBifWriter::Found the complete platform C:/Users/KasperPC/Desktop/EOS_Examen/EX8/EX8_1_PS/EX_8_1_PS/export/EX_8_1_PS/EX_8_1_PS.xpfm
TRACE::2021-01-25.14:18:19::SCWBifWriter::hardware databse : design_1_wrapper_6
TRACE::2021-01-25.14:18:19::SCWBifWriter::bitstream found in the design
TRACE::2021-01-25.14:18:19::SCWBifWriter::Found a baremetal domain, proc: ps7_cortexa9_0
TRACE::2021-01-25.14:18:19::SCWBifWriter::proc type : 
TRACE::2021-01-25.14:18:19::SCWBifWriter::proc[0] : ps7_cortexa9_0
TRACE::2021-01-25.14:18:19::SCWBifWriter::Device type is : zynq
TRACE::2021-01-25.14:18:19::SCWBifWriter::Writing BIF to file : C:/Users/KasperPC/Desktop/EOS_Examen/EX8/EX8_1_PS/EX_8_1_PS_app_system/Debug/system.bif
TRACE::2021-01-25.14:18:19::SCWBifWriter::Writing the Zynq Baremetal bif 
TRACE::2021-01-25.14:21:04::SCWBifWriter::Found the complete platform C:/Users/KasperPC/Desktop/EOS_Examen/EX8/EX8_1_PS/EX_8_1_PS/export/EX_8_1_PS/EX_8_1_PS.xpfm
TRACE::2021-01-25.14:21:04::SCWBifWriter::hardware databse : design_1_wrapper_6
TRACE::2021-01-25.14:21:04::SCWBifWriter::bitstream found in the design
TRACE::2021-01-25.14:21:04::SCWBifWriter::Found a baremetal domain, proc: ps7_cortexa9_0
TRACE::2021-01-25.14:21:04::SCWBifWriter::proc type : 
TRACE::2021-01-25.14:21:04::SCWBifWriter::proc[0] : ps7_cortexa9_0
TRACE::2021-01-25.14:21:04::SCWBifWriter::Device type is : zynq
TRACE::2021-01-25.14:21:04::SCWBifWriter::Writing BIF to file : C:/Users/KasperPC/Desktop/EOS_Examen/EX8/EX8_1_PS/EX_8_1_PS_app_system/Debug/system.bif
TRACE::2021-01-25.14:21:04::SCWBifWriter::Writing the Zynq Baremetal bif 
TRACE::2021-01-25.14:21:13::SCWBifWriter::Found the complete platform C:/Users/KasperPC/Desktop/EOS_Examen/EX8/EX8_1_PS/EX_8_1_PS/export/EX_8_1_PS/EX_8_1_PS.xpfm
TRACE::2021-01-25.14:21:14::SCWBifWriter::hardware databse : design_1_wrapper_6
TRACE::2021-01-25.14:21:14::SCWBifWriter::bitstream found in the design
TRACE::2021-01-25.14:21:14::SCWBifWriter::Found a baremetal domain, proc: ps7_cortexa9_0
TRACE::2021-01-25.14:21:14::SCWBifWriter::proc type : 
TRACE::2021-01-25.14:21:14::SCWBifWriter::proc[0] : ps7_cortexa9_0
TRACE::2021-01-25.14:21:14::SCWBifWriter::Device type is : zynq
TRACE::2021-01-25.14:21:14::SCWBifWriter::Writing BIF to file : C:/Users/KasperPC/Desktop/EOS_Examen/EX8/EX8_1_PS/EX_8_1_PS_app_system/Debug/system.bif
TRACE::2021-01-25.14:21:14::SCWBifWriter::Writing the Zynq Baremetal bif 
TRACE::2021-01-25.14:21:23::SCWBifWriter::Found the complete platform C:/Users/KasperPC/Desktop/EOS_Examen/EX8/EX8_1_PS/EX_8_1_PS/export/EX_8_1_PS/EX_8_1_PS.xpfm
TRACE::2021-01-25.14:21:23::SCWBifWriter::hardware databse : design_1_wrapper_6
TRACE::2021-01-25.14:21:23::SCWBifWriter::bitstream found in the design
TRACE::2021-01-25.14:21:23::SCWBifWriter::Found a baremetal domain, proc: ps7_cortexa9_0
TRACE::2021-01-25.14:21:23::SCWBifWriter::proc type : 
TRACE::2021-01-25.14:21:23::SCWBifWriter::proc[0] : ps7_cortexa9_0
TRACE::2021-01-25.14:21:23::SCWBifWriter::Device type is : zynq
TRACE::2021-01-25.14:21:23::SCWBifWriter::Writing BIF to file : C:/Users/KasperPC/Desktop/EOS_Examen/EX8/EX8_1_PS/EX_8_1_PS_app_system/Debug/system.bif
TRACE::2021-01-25.14:21:23::SCWBifWriter::Writing the Zynq Baremetal bif 
TRACE::2021-01-25.14:23:48::SCWBifWriter::Found the complete platform C:/Users/KasperPC/Desktop/EOS_Examen/EX8/EX8_1_PS/EX_8_1_PS/export/EX_8_1_PS/EX_8_1_PS.xpfm
TRACE::2021-01-25.14:23:49::SCWBifWriter::hardware databse : design_1_wrapper_6
TRACE::2021-01-25.14:23:49::SCWBifWriter::bitstream found in the design
TRACE::2021-01-25.14:23:49::SCWBifWriter::Found a baremetal domain, proc: ps7_cortexa9_0
TRACE::2021-01-25.14:23:49::SCWBifWriter::proc type : 
TRACE::2021-01-25.14:23:49::SCWBifWriter::proc[0] : ps7_cortexa9_0
TRACE::2021-01-25.14:23:49::SCWBifWriter::Device type is : zynq
TRACE::2021-01-25.14:23:49::SCWBifWriter::Writing BIF to file : C:/Users/KasperPC/Desktop/EOS_Examen/EX8/EX8_1_PS/EX_8_1_PS_app_system/Debug/system.bif
TRACE::2021-01-25.14:23:49::SCWBifWriter::Writing the Zynq Baremetal bif 
TRACE::2021-01-25.14:24:05::SCWBifWriter::Found the complete platform C:/Users/KasperPC/Desktop/EOS_Examen/EX8/EX8_1_PS/EX_8_1_PS/export/EX_8_1_PS/EX_8_1_PS.xpfm
TRACE::2021-01-25.14:24:05::SCWBifWriter::hardware databse : design_1_wrapper_6
TRACE::2021-01-25.14:24:05::SCWBifWriter::bitstream found in the design
TRACE::2021-01-25.14:24:05::SCWBifWriter::Found a baremetal domain, proc: ps7_cortexa9_0
TRACE::2021-01-25.14:24:05::SCWBifWriter::proc type : 
TRACE::2021-01-25.14:24:05::SCWBifWriter::proc[0] : ps7_cortexa9_0
TRACE::2021-01-25.14:24:05::SCWBifWriter::Device type is : zynq
TRACE::2021-01-25.14:24:05::SCWBifWriter::Writing BIF to file : C:/Users/KasperPC/Desktop/EOS_Examen/EX8/EX8_1_PS/EX_8_1_PS_app_system/Debug/system.bif
TRACE::2021-01-25.14:24:05::SCWBifWriter::Writing the Zynq Baremetal bif 
TRACE::2021-01-25.14:25:08::SCWBifWriter::Found the complete platform C:/Users/KasperPC/Desktop/EOS_Examen/EX8/EX8_1_PS/EX_8_1_PS/export/EX_8_1_PS/EX_8_1_PS.xpfm
TRACE::2021-01-25.14:25:08::SCWBifWriter::hardware databse : design_1_wrapper_6
TRACE::2021-01-25.14:25:08::SCWBifWriter::bitstream found in the design
TRACE::2021-01-25.14:25:08::SCWBifWriter::Found a baremetal domain, proc: ps7_cortexa9_0
TRACE::2021-01-25.14:25:08::SCWBifWriter::proc type : 
TRACE::2021-01-25.14:25:08::SCWBifWriter::proc[0] : ps7_cortexa9_0
TRACE::2021-01-25.14:25:08::SCWBifWriter::Device type is : zynq
TRACE::2021-01-25.14:25:08::SCWBifWriter::Writing BIF to file : C:/Users/KasperPC/Desktop/EOS_Examen/EX8/EX8_1_PS/EX_8_1_PS_app_system/Debug/system.bif
TRACE::2021-01-25.14:25:08::SCWBifWriter::Writing the Zynq Baremetal bif 
