TRACE::2021-01-24.15:51:23::SCWBifWriter::Found the complete platform C:/Users/KasperPC/Desktop/EOS_Examen/EX6/EX6/export/EX6/EX6.xpfm
TRACE::2021-01-24.15:51:23::SCWBifWriter::hardware databse : design_1_wrapper_3
TRACE::2021-01-24.15:51:23::SCWBifWriter::bitstream found in the design
TRACE::2021-01-24.15:51:23::SCWBifWriter::Found a baremetal domain, proc: ps7_cortexa9_0
TRACE::2021-01-24.15:51:23::SCWBifWriter::proc type : 
TRACE::2021-01-24.15:51:23::SCWBifWriter::proc[0] : ps7_cortexa9_0
TRACE::2021-01-24.15:51:23::SCWBifWriter::Device type is : zynq
TRACE::2021-01-24.15:51:23::SCWBifWriter::Writing BIF to file : C:/Users/KasperPC/Desktop/EOS_Examen/EX6/EX6_app_system/Debug/system.bif
TRACE::2021-01-24.15:51:23::SCWBifWriter::Writing the Zynq Baremetal bif 
TRACE::2021-01-24.15:52:42::SCWBifWriter::Found the complete platform C:/Users/KasperPC/Desktop/EOS_Examen/EX6/EX6/export/EX6/EX6.xpfm
TRACE::2021-01-24.15:52:43::SCWBifWriter::hardware databse : design_1_wrapper_3
TRACE::2021-01-24.15:52:43::SCWBifWriter::bitstream found in the design
TRACE::2021-01-24.15:52:43::SCWBifWriter::Found a baremetal domain, proc: ps7_cortexa9_0
TRACE::2021-01-24.15:52:43::SCWBifWriter::proc type : 
TRACE::2021-01-24.15:52:43::SCWBifWriter::proc[0] : ps7_cortexa9_0
TRACE::2021-01-24.15:52:43::SCWBifWriter::Device type is : zynq
TRACE::2021-01-24.15:52:43::SCWBifWriter::Writing BIF to file : C:/Users/KasperPC/Desktop/EOS_Examen/EX6/EX6_app_system/Debug/system.bif
TRACE::2021-01-24.15:52:43::SCWBifWriter::Writing the Zynq Baremetal bif 
TRACE::2021-01-24.16:31:14::SCWBifWriter::Found the complete platform C:/Users/KasperPC/Desktop/EOS_Examen/EX6/EX6/export/EX6/EX6.xpfm
TRACE::2021-01-24.16:31:14::SCWBifWriter::hardware databse : design_1_wrapper_0
TRACE::2021-01-24.16:31:14::SCWBifWriter::bitstream found in the design
TRACE::2021-01-24.16:31:14::SCWBifWriter::Found a baremetal domain, proc: ps7_cortexa9_0
TRACE::2021-01-24.16:31:14::SCWBifWriter::proc type : 
TRACE::2021-01-24.16:31:14::SCWBifWriter::proc[0] : ps7_cortexa9_0
TRACE::2021-01-24.16:31:14::SCWBifWriter::Device type is : zynq
TRACE::2021-01-24.16:31:14::SCWBifWriter::Writing BIF to file : C:/Users/KasperPC/Desktop/EOS_Examen/EX6/EX6_app_system/Debug/system.bif
TRACE::2021-01-24.16:31:14::SCWBifWriter::Writing the Zynq Baremetal bif 
TRACE::2021-01-24.16:31:22::SCWBifWriter::Found the complete platform C:/Users/KasperPC/Desktop/EOS_Examen/EX6/EX6/export/EX6/EX6.xpfm
TRACE::2021-01-24.16:31:22::SCWBifWriter::hardware databse : design_1_wrapper_0
TRACE::2021-01-24.16:31:23::SCWBifWriter::bitstream found in the design
TRACE::2021-01-24.16:31:23::SCWBifWriter::Found a baremetal domain, proc: ps7_cortexa9_0
TRACE::2021-01-24.16:31:23::SCWBifWriter::proc type : 
TRACE::2021-01-24.16:31:23::SCWBifWriter::proc[0] : ps7_cortexa9_0
TRACE::2021-01-24.16:31:23::SCWBifWriter::Device type is : zynq
TRACE::2021-01-24.16:31:23::SCWBifWriter::Writing BIF to file : C:/Users/KasperPC/Desktop/EOS_Examen/EX6/EX6_app_system/Debug/system.bif
TRACE::2021-01-24.16:31:23::SCWBifWriter::Writing the Zynq Baremetal bif 
