TRACE::2021-01-25.10:33:48::SCWBifWriter::Found the complete platform C:/Users/KasperPC/Desktop/EOS_Examen/EX9/EX9/export/EX9/EX9.xpfm
TRACE::2021-01-25.10:33:48::SCWBifWriter::hardware databse : design_1_wrapper_1
TRACE::2021-01-25.10:33:48::SCWBifWriter::bitstream found in the design
TRACE::2021-01-25.10:33:48::SCWBifWriter::Found a baremetal domain, proc: ps7_cortexa9_0
TRACE::2021-01-25.10:33:48::SCWBifWriter::proc type : 
TRACE::2021-01-25.10:33:48::SCWBifWriter::proc[0] : ps7_cortexa9_0
TRACE::2021-01-25.10:33:48::SCWBifWriter::Device type is : zynq
TRACE::2021-01-25.10:33:48::SCWBifWriter::Writing BIF to file : C:/Users/KasperPC/Desktop/EOS_Examen/EX9/EX9_app_system/Debug/system.bif
TRACE::2021-01-25.10:33:48::SCWBifWriter::Writing the Zynq Baremetal bif 
TRACE::2021-01-25.10:35:44::SCWBifWriter::Found the complete platform C:/Users/KasperPC/Desktop/EOS_Examen/EX9/EX9/export/EX9/EX9.xpfm
TRACE::2021-01-25.10:35:44::SCWBifWriter::hardware databse : design_1_wrapper_1
TRACE::2021-01-25.10:35:44::SCWBifWriter::bitstream found in the design
TRACE::2021-01-25.10:35:44::SCWBifWriter::Found a baremetal domain, proc: ps7_cortexa9_0
TRACE::2021-01-25.10:35:44::SCWBifWriter::proc type : 
TRACE::2021-01-25.10:35:44::SCWBifWriter::proc[0] : ps7_cortexa9_0
TRACE::2021-01-25.10:35:44::SCWBifWriter::Device type is : zynq
TRACE::2021-01-25.10:35:44::SCWBifWriter::Writing BIF to file : C:/Users/KasperPC/Desktop/EOS_Examen/EX9/EX9_app_system/Debug/system.bif
TRACE::2021-01-25.10:35:44::SCWBifWriter::Writing the Zynq Baremetal bif 
TRACE::2021-01-25.10:38:14::SCWBifWriter::Found the complete platform C:/Users/KasperPC/Desktop/EOS_Examen/EX9/EX9/export/EX9/EX9.xpfm
TRACE::2021-01-25.10:38:14::SCWBifWriter::hardware databse : design_1_wrapper_1
TRACE::2021-01-25.10:38:14::SCWBifWriter::bitstream found in the design
TRACE::2021-01-25.10:38:14::SCWBifWriter::Found a baremetal domain, proc: ps7_cortexa9_0
TRACE::2021-01-25.10:38:14::SCWBifWriter::proc type : 
TRACE::2021-01-25.10:38:14::SCWBifWriter::proc[0] : ps7_cortexa9_0
TRACE::2021-01-25.10:38:14::SCWBifWriter::Device type is : zynq
TRACE::2021-01-25.10:38:14::SCWBifWriter::Writing BIF to file : C:/Users/KasperPC/Desktop/EOS_Examen/EX9/EX9_app_system/Debug/system.bif
TRACE::2021-01-25.10:38:14::SCWBifWriter::Writing the Zynq Baremetal bif 
TRACE::2021-01-25.10:42:38::SCWBifWriter::Found the complete platform C:/Users/KasperPC/Desktop/EOS_Examen/EX9/EX9/export/EX9/EX9.xpfm
TRACE::2021-01-25.10:42:38::SCWBifWriter::hardware databse : design_1_wrapper_1
TRACE::2021-01-25.10:42:38::SCWBifWriter::bitstream found in the design
TRACE::2021-01-25.10:42:38::SCWBifWriter::Found a baremetal domain, proc: ps7_cortexa9_0
TRACE::2021-01-25.10:42:38::SCWBifWriter::proc type : 
TRACE::2021-01-25.10:42:38::SCWBifWriter::proc[0] : ps7_cortexa9_0
TRACE::2021-01-25.10:42:38::SCWBifWriter::Device type is : zynq
TRACE::2021-01-25.10:42:38::SCWBifWriter::Writing BIF to file : C:/Users/KasperPC/Desktop/EOS_Examen/EX9/EX9_app_system/Debug/system.bif
TRACE::2021-01-25.10:42:38::SCWBifWriter::Writing the Zynq Baremetal bif 
TRACE::2021-01-25.10:43:25::SCWBifWriter::Found the complete platform C:/Users/KasperPC/Desktop/EOS_Examen/EX9/EX9/export/EX9/EX9.xpfm
TRACE::2021-01-25.10:43:25::SCWBifWriter::hardware databse : design_1_wrapper_1
TRACE::2021-01-25.10:43:25::SCWBifWriter::bitstream found in the design
TRACE::2021-01-25.10:43:25::SCWBifWriter::Found a baremetal domain, proc: ps7_cortexa9_0
TRACE::2021-01-25.10:43:25::SCWBifWriter::proc type : 
TRACE::2021-01-25.10:43:25::SCWBifWriter::proc[0] : ps7_cortexa9_0
TRACE::2021-01-25.10:43:25::SCWBifWriter::Device type is : zynq
TRACE::2021-01-25.10:43:25::SCWBifWriter::Writing BIF to file : C:/Users/KasperPC/Desktop/EOS_Examen/EX9/EX9_app_system/Debug/system.bif
TRACE::2021-01-25.10:43:25::SCWBifWriter::Writing the Zynq Baremetal bif 
TRACE::2021-01-25.10:43:48::SCWBifWriter::Found the complete platform C:/Users/KasperPC/Desktop/EOS_Examen/EX9/EX9/export/EX9/EX9.xpfm
TRACE::2021-01-25.10:43:48::SCWBifWriter::hardware databse : design_1_wrapper_1
TRACE::2021-01-25.10:43:48::SCWBifWriter::bitstream found in the design
TRACE::2021-01-25.10:43:48::SCWBifWriter::Found a baremetal domain, proc: ps7_cortexa9_0
TRACE::2021-01-25.10:43:48::SCWBifWriter::proc type : 
TRACE::2021-01-25.10:43:48::SCWBifWriter::proc[0] : ps7_cortexa9_0
TRACE::2021-01-25.10:43:48::SCWBifWriter::Device type is : zynq
TRACE::2021-01-25.10:43:48::SCWBifWriter::Writing BIF to file : C:/Users/KasperPC/Desktop/EOS_Examen/EX9/EX9_app_system/Debug/system.bif
TRACE::2021-01-25.10:43:48::SCWBifWriter::Writing the Zynq Baremetal bif 
